Content-Type: text/plain; charset="utf-8"
MIME-Version: 1.0
Content-Transfer-Encoding: 8bit
Subject: 
 =?utf-8?q?=F0=9F=9A=A8_FAMILY_EMERGENCY=3A_Possible_Bus_Accident_-_Bus_33?=
From: AMTS Emergency <noreply.amts.emergency@gmail.com>
To: testuser26@example.com
Date: Thu, 08 Jan 2026 08:07:40 -0000
Message-ID: <176785966083.17712.17934426847494462244@Samarth-Elite>

EMERGENCY NOTIFICATION - AMTS

🚨 FAMILY EMERGENCY ALERT 🚨

An accident involving your family member has occurred.

📍 Location: Live GPS Location - Bus 33 Route (https://www.google.com/maps?q=23.0225,72.5714)
🚌 Bus Number: 33
🛣️ Route: Gokul Park ↔ Lal Darwaja
⏰ Time: 08/01/2026 at 01:37 PM

Please contact emergency services or the AMTS control room immediately:
- Emergency Services: 108
- AMTS Control Room: +91-79-2658-0000
- Police: 100
- Fire: 101

Location on Google Maps: https://www.google.com/maps?q=23.0225,72.5714

AMTS Emergency Response Team is on-site providing assistance.

Immediate Action Required,
AMTS Emergency Response Team
-------------------------------------------------------------------------------
Content-Type: text/plain; charset="utf-8"
MIME-Version: 1.0
Content-Transfer-Encoding: 8bit
Subject: 
 =?utf-8?q?=F0=9F=9A=A8_FAMILY_EMERGENCY=3A_Possible_Bus_Accident_-_Bus_33?=
From: AMTS Emergency <noreply.amts.emergency@gmail.com>
To: testuser17@example.com
Date: Thu, 08 Jan 2026 08:07:40 -0000
Message-ID: <176785966083.17712.14240130751666182699@Samarth-Elite>

EMERGENCY NOTIFICATION - AMTS

🚨 FAMILY EMERGENCY ALERT 🚨

An accident involving your family member has occurred.

📍 Location: Live GPS Location - Bus 33 Route (https://www.google.com/maps?q=23.0225,72.5714)
🚌 Bus Number: 33
🛣️ Route: Gokul Park ↔ Lal Darwaja
⏰ Time: 08/01/2026 at 01:37 PM

Please contact emergency services or the AMTS control room immediately:
- Emergency Services: 108
- AMTS Control Room: +91-79-2658-0000
- Police: 100
- Fire: 101

Location on Google Maps: https://www.google.com/maps?q=23.0225,72.5714

AMTS Emergency Response Team is on-site providing assistance.

Immediate Action Required,
AMTS Emergency Response Team
-------------------------------------------------------------------------------
Content-Type: text/plain; charset="utf-8"
MIME-Version: 1.0
Content-Transfer-Encoding: 8bit
Subject: 
 =?utf-8?q?=F0=9F=9A=A8_FAMILY_EMERGENCY=3A_Possible_Bus_Accident_-_Bus_33?=
From: AMTS Emergency <noreply.amts.emergency@gmail.com>
To: testuser19@example.com
Date: Thu, 08 Jan 2026 08:07:40 -0000
Message-ID: <176785966084.17712.10351896872051921688@Samarth-Elite>

EMERGENCY NOTIFICATION - AMTS

🚨 FAMILY EMERGENCY ALERT 🚨

An accident involving your family member has occurred.

📍 Location: Live GPS Location - Bus 33 Route (https://www.google.com/maps?q=23.0225,72.5714)
🚌 Bus Number: 33
🛣️ Route: Gokul Park ↔ Lal Darwaja
⏰ Time: 08/01/2026 at 01:37 PM

Please contact emergency services or the AMTS control room immediately:
- Emergency Services: 108
- AMTS Control Room: +91-79-2658-0000
- Police: 100
- Fire: 101

Location on Google Maps: https://www.google.com/maps?q=23.0225,72.5714

AMTS Emergency Response Team is on-site providing assistance.

Immediate Action Required,
AMTS Emergency Response Team
-------------------------------------------------------------------------------
Content-Type: text/plain; charset="utf-8"
MIME-Version: 1.0
Content-Transfer-Encoding: 8bit
Subject: 
 =?utf-8?q?=F0=9F=9A=A8_FAMILY_EMERGENCY=3A_Possible_Bus_Accident_-_Bus_33?=
From: AMTS Emergency <noreply.amts.emergency@gmail.com>
To: testuser31@example.com
Date: Thu, 08 Jan 2026 08:07:40 -0000
Message-ID: <176785966084.17712.14465616615154505238@Samarth-Elite>

EMERGENCY NOTIFICATION - AMTS

🚨 FAMILY EMERGENCY ALERT 🚨

An accident involving your family member has occurred.

📍 Location: Live GPS Location - Bus 33 Route (https://www.google.com/maps?q=23.0225,72.5714)
🚌 Bus Number: 33
🛣️ Route: Gokul Park ↔ Lal Darwaja
⏰ Time: 08/01/2026 at 01:37 PM

Please contact emergency services or the AMTS control room immediately:
- Emergency Services: 108
- AMTS Control Room: +91-79-2658-0000
- Police: 100
- Fire: 101

Location on Google Maps: https://www.google.com/maps?q=23.0225,72.5714

AMTS Emergency Response Team is on-site providing assistance.

Immediate Action Required,
AMTS Emergency Response Team
-------------------------------------------------------------------------------
Content-Type: text/plain; charset="utf-8"
MIME-Version: 1.0
Content-Transfer-Encoding: 8bit
Subject: 
 =?utf-8?q?=F0=9F=9A=A8_FAMILY_EMERGENCY=3A_Possible_Bus_Accident_-_Bus_33?=
From: AMTS Emergency <noreply.amts.emergency@gmail.com>
To: dharmitpatel98@gmail.com
Date: Thu, 08 Jan 2026 08:07:40 -0000
Message-ID: <176785966085.17712.1679328731789660112@Samarth-Elite>

EMERGENCY NOTIFICATION - AMTS

🚨 FAMILY EMERGENCY ALERT 🚨

An accident involving your family member has occurred.

📍 Location: Live GPS Location - Bus 33 Route (https://www.google.com/maps?q=23.0225,72.5714)
🚌 Bus Number: 33
🛣️ Route: Gokul Park ↔ Lal Darwaja
⏰ Time: 08/01/2026 at 01:37 PM

Please contact emergency services or the AMTS control room immediately:
- Emergency Services: 108
- AMTS Control Room: +91-79-2658-0000
- Police: 100
- Fire: 101

Location on Google Maps: https://www.google.com/maps?q=23.0225,72.5714

AMTS Emergency Response Team is on-site providing assistance.

Immediate Action Required,
AMTS Emergency Response Team
-------------------------------------------------------------------------------
Content-Type: text/plain; charset="utf-8"
MIME-Version: 1.0
Content-Transfer-Encoding: 8bit
Subject: 
 =?utf-8?q?=F0=9F=9A=A8_FAMILY_EMERGENCY=3A_Possible_Bus_Accident_-_Bus_33?=
From: AMTS Emergency <noreply.amts.emergency@gmail.com>
To: testuser14@example.com
Date: Thu, 08 Jan 2026 08:07:40 -0000
Message-ID: <176785966086.17712.13545617218841297946@Samarth-Elite>

EMERGENCY NOTIFICATION - AMTS

🚨 FAMILY EMERGENCY ALERT 🚨

An accident involving your family member has occurred.

📍 Location: Live GPS Location - Bus 33 Route (https://www.google.com/maps?q=23.0225,72.5714)
🚌 Bus Number: 33
🛣️ Route: Gokul Park ↔ Lal Darwaja
⏰ Time: 08/01/2026 at 01:37 PM

Please contact emergency services or the AMTS control room immediately:
- Emergency Services: 108
- AMTS Control Room: +91-79-2658-0000
- Police: 100
- Fire: 101

Location on Google Maps: https://www.google.com/maps?q=23.0225,72.5714

AMTS Emergency Response Team is on-site providing assistance.

Immediate Action Required,
AMTS Emergency Response Team
-------------------------------------------------------------------------------
Content-Type: text/plain; charset="utf-8"
MIME-Version: 1.0
Content-Transfer-Encoding: 8bit
Subject: 
 =?utf-8?q?=F0=9F=9A=A8_FAMILY_EMERGENCY=3A_Possible_Bus_Accident_-_Bus_33?=
From: AMTS Emergency <noreply.amts.emergency@gmail.com>
To: testuser25@example.com
Date: Thu, 08 Jan 2026 08:07:40 -0000
Message-ID: <176785966086.17712.7219930336450951512@Samarth-Elite>

EMERGENCY NOTIFICATION - AMTS

🚨 FAMILY EMERGENCY ALERT 🚨

An accident involving your family member has occurred.

📍 Location: Live GPS Location - Bus 33 Route (https://www.google.com/maps?q=23.0225,72.5714)
🚌 Bus Number: 33
🛣️ Route: Gokul Park ↔ Lal Darwaja
⏰ Time: 08/01/2026 at 01:37 PM

Please contact emergency services or the AMTS control room immediately:
- Emergency Services: 108
- AMTS Control Room: +91-79-2658-0000
- Police: 100
- Fire: 101

Location on Google Maps: https://www.google.com/maps?q=23.0225,72.5714

AMTS Emergency Response Team is on-site providing assistance.

Immediate Action Required,
AMTS Emergency Response Team
-------------------------------------------------------------------------------
Content-Type: text/plain; charset="utf-8"
MIME-Version: 1.0
Content-Transfer-Encoding: 8bit
Subject: 
 =?utf-8?q?=F0=9F=9A=A8_FAMILY_EMERGENCY=3A_Possible_Bus_Accident_-_Bus_33?=
From: AMTS Emergency <noreply.amts.emergency@gmail.com>
To: john.doe@example.com
Date: Thu, 08 Jan 2026 08:07:40 -0000
Message-ID: <176785966087.17712.16838767697400574407@Samarth-Elite>

EMERGENCY NOTIFICATION - AMTS

🚨 FAMILY EMERGENCY ALERT 🚨

An accident involving your family member has occurred.

📍 Location: Live GPS Location - Bus 33 Route (https://www.google.com/maps?q=23.0225,72.5714)
🚌 Bus Number: 33
🛣️ Route: Gokul Park ↔ Lal Darwaja
⏰ Time: 08/01/2026 at 01:37 PM

Please contact emergency services or the AMTS control room immediately:
- Emergency Services: 108
- AMTS Control Room: +91-79-2658-0000
- Police: 100
- Fire: 101

Location on Google Maps: https://www.google.com/maps?q=23.0225,72.5714

AMTS Emergency Response Team is on-site providing assistance.

Immediate Action Required,
AMTS Emergency Response Team
-------------------------------------------------------------------------------
Content-Type: text/plain; charset="utf-8"
MIME-Version: 1.0
Content-Transfer-Encoding: 8bit
Subject: 
 =?utf-8?q?=F0=9F=9A=A8_FAMILY_EMERGENCY=3A_Possible_Bus_Accident_-_Bus_33?=
From: AMTS Emergency <noreply.amts.emergency@gmail.com>
To: testuser27@example.com
Date: Thu, 08 Jan 2026 08:07:40 -0000
Message-ID: <176785966088.17712.17115687597384341380@Samarth-Elite>

EMERGENCY NOTIFICATION - AMTS

🚨 FAMILY EMERGENCY ALERT 🚨

An accident involving your family member has occurred.

📍 Location: Live GPS Location - Bus 33 Route (https://www.google.com/maps?q=23.0225,72.5714)
🚌 Bus Number: 33
🛣️ Route: Gokul Park ↔ Lal Darwaja
⏰ Time: 08/01/2026 at 01:37 PM

Please contact emergency services or the AMTS control room immediately:
- Emergency Services: 108
- AMTS Control Room: +91-79-2658-0000
- Police: 100
- Fire: 101

Location on Google Maps: https://www.google.com/maps?q=23.0225,72.5714

AMTS Emergency Response Team is on-site providing assistance.

Immediate Action Required,
AMTS Emergency Response Team
-------------------------------------------------------------------------------
Content-Type: text/plain; charset="utf-8"
MIME-Version: 1.0
Content-Transfer-Encoding: 8bit
Subject: 
 =?utf-8?q?=F0=9F=9A=A8_FAMILY_EMERGENCY=3A_Possible_Bus_Accident_-_Bus_33?=
From: AMTS Emergency <noreply.amts.emergency@gmail.com>
To: samarthpatel808@gmail.com
Date: Thu, 08 Jan 2026 08:07:40 -0000
Message-ID: <176785966089.17712.1277642148089224440@Samarth-Elite>

EMERGENCY NOTIFICATION - AMTS

🚨 FAMILY EMERGENCY ALERT 🚨

An accident involving your family member has occurred.

📍 Location: Live GPS Location - Bus 33 Route (https://www.google.com/maps?q=23.0225,72.5714)
🚌 Bus Number: 33
🛣️ Route: Gokul Park ↔ Lal Darwaja
⏰ Time: 08/01/2026 at 01:37 PM

Please contact emergency services or the AMTS control room immediately:
- Emergency Services: 108
- AMTS Control Room: +91-79-2658-0000
- Police: 100
- Fire: 101

Location on Google Maps: https://www.google.com/maps?q=23.0225,72.5714

AMTS Emergency Response Team is on-site providing assistance.

Immediate Action Required,
AMTS Emergency Response Team
-------------------------------------------------------------------------------
Content-Type: text/plain; charset="utf-8"
MIME-Version: 1.0
Content-Transfer-Encoding: 8bit
Subject: 
 =?utf-8?q?=F0=9F=9A=A8_FAMILY_EMERGENCY=3A_Possible_Bus_Accident_-_Bus_33?=
From: AMTS Emergency <noreply.amts.emergency@gmail.com>
To: testuser11@example.com
Date: Thu, 08 Jan 2026 08:07:40 -0000
Message-ID: <176785966089.17712.5920326425982582531@Samarth-Elite>

EMERGENCY NOTIFICATION - AMTS

🚨 FAMILY EMERGENCY ALERT 🚨

An accident involving your family member has occurred.

📍 Location: Live GPS Location - Bus 33 Route (https://www.google.com/maps?q=23.0225,72.5714)
🚌 Bus Number: 33
🛣️ Route: Gokul Park ↔ Lal Darwaja
⏰ Time: 08/01/2026 at 01:37 PM

Please contact emergency services or the AMTS control room immediately:
- Emergency Services: 108
- AMTS Control Room: +91-79-2658-0000
- Police: 100
- Fire: 101

Location on Google Maps: https://www.google.com/maps?q=23.0225,72.5714

AMTS Emergency Response Team is on-site providing assistance.

Immediate Action Required,
AMTS Emergency Response Team
-------------------------------------------------------------------------------
Content-Type: text/plain; charset="utf-8"
MIME-Version: 1.0
Content-Transfer-Encoding: 8bit
Subject: 
 =?utf-8?q?=F0=9F=9A=A8_FAMILY_EMERGENCY=3A_Possible_Bus_Accident_-_Bus_33?=
From: AMTS Emergency <noreply.amts.emergency@gmail.com>
To: testuser24@example.com
Date: Thu, 08 Jan 2026 08:07:40 -0000
Message-ID: <176785966090.17712.11032060177350281430@Samarth-Elite>

EMERGENCY NOTIFICATION - AMTS

🚨 FAMILY EMERGENCY ALERT 🚨

An accident involving your family member has occurred.

📍 Location: Live GPS Location - Bus 33 Route (https://www.google.com/maps?q=23.0225,72.5714)
🚌 Bus Number: 33
🛣️ Route: Gokul Park ↔ Lal Darwaja
⏰ Time: 08/01/2026 at 01:37 PM

Please contact emergency services or the AMTS control room immediately:
- Emergency Services: 108
- AMTS Control Room: +91-79-2658-0000
- Police: 100
- Fire: 101

Location on Google Maps: https://www.google.com/maps?q=23.0225,72.5714

AMTS Emergency Response Team is on-site providing assistance.

Immediate Action Required,
AMTS Emergency Response Team
-------------------------------------------------------------------------------
Content-Type: text/plain; charset="utf-8"
MIME-Version: 1.0
Content-Transfer-Encoding: 8bit
Subject: 
 =?utf-8?q?=F0=9F=9A=A8_FAMILY_EMERGENCY=3A_Possible_Bus_Accident_-_Bus_33?=
From: AMTS Emergency <noreply.amts.emergency@gmail.com>
To: test@example.com
Date: Thu, 08 Jan 2026 08:07:40 -0000
Message-ID: <176785966091.17712.2918768621166134396@Samarth-Elite>

EMERGENCY NOTIFICATION - AMTS

🚨 FAMILY EMERGENCY ALERT 🚨

An accident involving your family member has occurred.

📍 Location: Live GPS Location - Bus 33 Route (https://www.google.com/maps?q=23.0225,72.5714)
🚌 Bus Number: 33
🛣️ Route: Gokul Park ↔ Lal Darwaja
⏰ Time: 08/01/2026 at 01:37 PM

Please contact emergency services or the AMTS control room immediately:
- Emergency Services: 108
- AMTS Control Room: +91-79-2658-0000
- Police: 100
- Fire: 101

Location on Google Maps: https://www.google.com/maps?q=23.0225,72.5714

AMTS Emergency Response Team is on-site providing assistance.

Immediate Action Required,
AMTS Emergency Response Team
-------------------------------------------------------------------------------
Content-Type: text/plain; charset="utf-8"
MIME-Version: 1.0
Content-Transfer-Encoding: 8bit
Subject: 
 =?utf-8?q?=F0=9F=9A=A8_FAMILY_EMERGENCY=3A_Possible_Bus_Accident_-_Bus_33?=
From: AMTS Emergency <noreply.amts.emergency@gmail.com>
To: testuser30@example.com
Date: Thu, 08 Jan 2026 08:07:40 -0000
Message-ID: <176785966091.17712.9243429159150593643@Samarth-Elite>

EMERGENCY NOTIFICATION - AMTS

🚨 FAMILY EMERGENCY ALERT 🚨

An accident involving your family member has occurred.

📍 Location: Live GPS Location - Bus 33 Route (https://www.google.com/maps?q=23.0225,72.5714)
🚌 Bus Number: 33
🛣️ Route: Gokul Park ↔ Lal Darwaja
⏰ Time: 08/01/2026 at 01:37 PM

Please contact emergency services or the AMTS control room immediately:
- Emergency Services: 108
- AMTS Control Room: +91-79-2658-0000
- Police: 100
- Fire: 101

Location on Google Maps: https://www.google.com/maps?q=23.0225,72.5714

AMTS Emergency Response Team is on-site providing assistance.

Immediate Action Required,
AMTS Emergency Response Team
-------------------------------------------------------------------------------
Content-Type: text/plain; charset="utf-8"
MIME-Version: 1.0
Content-Transfer-Encoding: 8bit
Subject: 
 =?utf-8?q?=F0=9F=9A=A8_FAMILY_EMERGENCY=3A_Possible_Bus_Accident_-_Bus_33?=
From: AMTS Emergency <noreply.amts.emergency@gmail.com>
To: testuser16@example.com
Date: Thu, 08 Jan 2026 08:07:40 -0000
Message-ID: <176785966092.17712.1994956195082864849@Samarth-Elite>

EMERGENCY NOTIFICATION - AMTS

🚨 FAMILY EMERGENCY ALERT 🚨

An accident involving your family member has occurred.

📍 Location: Live GPS Location - Bus 33 Route (https://www.google.com/maps?q=23.0225,72.5714)
🚌 Bus Number: 33
🛣️ Route: Gokul Park ↔ Lal Darwaja
⏰ Time: 08/01/2026 at 01:37 PM

Please contact emergency services or the AMTS control room immediately:
- Emergency Services: 108
- AMTS Control Room: +91-79-2658-0000
- Police: 100
- Fire: 101

Location on Google Maps: https://www.google.com/maps?q=23.0225,72.5714

AMTS Emergency Response Team is on-site providing assistance.

Immediate Action Required,
AMTS Emergency Response Team
-------------------------------------------------------------------------------
Content-Type: text/plain; charset="utf-8"
MIME-Version: 1.0
Content-Transfer-Encoding: 8bit
Subject: 
 =?utf-8?q?=F0=9F=9A=A8_FAMILY_EMERGENCY=3A_Possible_Bus_Accident_-_Bus_33?=
From: AMTS Emergency <noreply.amts.emergency@gmail.com>
To: testuser20@example.com
Date: Thu, 08 Jan 2026 08:07:40 -0000
Message-ID: <176785966093.17712.8697528597547429292@Samarth-Elite>

EMERGENCY NOTIFICATION - AMTS

🚨 FAMILY EMERGENCY ALERT 🚨

An accident involving your family member has occurred.

📍 Location: Live GPS Location - Bus 33 Route (https://www.google.com/maps?q=23.0225,72.5714)
🚌 Bus Number: 33
🛣️ Route: Gokul Park ↔ Lal Darwaja
⏰ Time: 08/01/2026 at 01:37 PM

Please contact emergency services or the AMTS control room immediately:
- Emergency Services: 108
- AMTS Control Room: +91-79-2658-0000
- Police: 100
- Fire: 101

Location on Google Maps: https://www.google.com/maps?q=23.0225,72.5714

AMTS Emergency Response Team is on-site providing assistance.

Immediate Action Required,
AMTS Emergency Response Team
-------------------------------------------------------------------------------
Content-Type: text/plain; charset="utf-8"
MIME-Version: 1.0
Content-Transfer-Encoding: 8bit
Subject: 
 =?utf-8?q?=F0=9F=9A=A8_BUS_ACCIDENT_REPORT_-_Bus_33_-_Immediate_Response_Req?=
 =?utf-8?q?uired?=
From: AMTS Emergency <noreply.amts.emergency@gmail.com>
To: vaibhavmevada796@gmail.com
Date: Thu, 08 Jan 2026 08:07:40 -0000
Message-ID: <176785966093.17712.10324670291997510035@Samarth-Elite>

EMERGENCY INCIDENT REPORT - AMTS

🚨 BUS ACCIDENT DETECTED 🚨

INCIDENT DETAILS:
- Bus Number: 33
- Route: Gokul Park ↔ Lal Darwaja
- Location: Live GPS Location - Bus 33 Route (https://www.google.com/maps?q=23.0225,72.5714)
- GPS Coordinates: 23.0225, 72.5714
- Time: 08/01/2026 at 01:37 PM

AFFECTED PASSENGERS: 0 confirmed bookings
EMERGENCY NOTIFICATIONS SENT: 40 family alerts

IMMEDIATE ACTIONS REQUIRED:
1. Dispatch emergency response team
2. Coordinate with local emergency services
3. Set up family assistance center
4. Prepare medical support
5. Notify media relations team

Google Maps Location: https://www.google.com/maps?q=23.0225,72.5714

This is an automated emergency alert from AMTS Safety System.
Please respond immediately.

AMTS Emergency Response System
-------------------------------------------------------------------------------
Content-Type: text/plain; charset="utf-8"
MIME-Version: 1.0
Content-Transfer-Encoding: 8bit
Subject: 
 =?utf-8?q?=F0=9F=9A=A8_BUS_ACCIDENT_REPORT_-_Bus_33_-_Immediate_Response_Req?=
 =?utf-8?q?uired?=
From: AMTS Emergency <noreply.amts.emergency@gmail.com>
To: emergency@amts.gov.in
Date: Thu, 08 Jan 2026 08:07:40 -0000
Message-ID: <176785966094.17712.9234301827168586407@Samarth-Elite>

EMERGENCY INCIDENT REPORT - AMTS

🚨 BUS ACCIDENT DETECTED 🚨

INCIDENT DETAILS:
- Bus Number: 33
- Route: Gokul Park ↔ Lal Darwaja
- Location: Live GPS Location - Bus 33 Route (https://www.google.com/maps?q=23.0225,72.5714)
- GPS Coordinates: 23.0225, 72.5714
- Time: 08/01/2026 at 01:37 PM

AFFECTED PASSENGERS: 0 confirmed bookings
EMERGENCY NOTIFICATIONS SENT: 40 family alerts

IMMEDIATE ACTIONS REQUIRED:
1. Dispatch emergency response team
2. Coordinate with local emergency services
3. Set up family assistance center
4. Prepare medical support
5. Notify media relations team

Google Maps Location: https://www.google.com/maps?q=23.0225,72.5714

This is an automated emergency alert from AMTS Safety System.
Please respond immediately.

AMTS Emergency Response System
-------------------------------------------------------------------------------
Content-Type: text/plain; charset="utf-8"
MIME-Version: 1.0
Content-Transfer-Encoding: 8bit
Subject: 
 =?utf-8?q?=F0=9F=9A=A8_BUS_ACCIDENT_REPORT_-_Bus_33_-_Immediate_Response_Req?=
 =?utf-8?q?uired?=
From: AMTS Emergency <noreply.amts.emergency@gmail.com>
To: control.room@amts.gov.in
Date: Thu, 08 Jan 2026 08:07:40 -0000
Message-ID: <176785966094.17712.580889362846885340@Samarth-Elite>

EMERGENCY INCIDENT REPORT - AMTS

🚨 BUS ACCIDENT DETECTED 🚨

INCIDENT DETAILS:
- Bus Number: 33
- Route: Gokul Park ↔ Lal Darwaja
- Location: Live GPS Location - Bus 33 Route (https://www.google.com/maps?q=23.0225,72.5714)
- GPS Coordinates: 23.0225, 72.5714
- Time: 08/01/2026 at 01:37 PM

AFFECTED PASSENGERS: 0 confirmed bookings
EMERGENCY NOTIFICATIONS SENT: 40 family alerts

IMMEDIATE ACTIONS REQUIRED:
1. Dispatch emergency response team
2. Coordinate with local emergency services
3. Set up family assistance center
4. Prepare medical support
5. Notify media relations team

Google Maps Location: https://www.google.com/maps?q=23.0225,72.5714

This is an automated emergency alert from AMTS Safety System.
Please respond immediately.

AMTS Emergency Response System
-------------------------------------------------------------------------------
Content-Type: text/plain; charset="utf-8"
MIME-Version: 1.0
Content-Transfer-Encoding: 8bit
Subject: 
 =?utf-8?q?=F0=9F=9A=A8_BUS_ACCIDENT_REPORT_-_Bus_33_-_Immediate_Response_Req?=
 =?utf-8?q?uired?=
From: AMTS Emergency <noreply.amts.emergency@gmail.com>
To: safety@amts.gov.in
Date: Thu, 08 Jan 2026 08:07:40 -0000
Message-ID: <176785966095.17712.1069160379654733981@Samarth-Elite>

EMERGENCY INCIDENT REPORT - AMTS

🚨 BUS ACCIDENT DETECTED 🚨

INCIDENT DETAILS:
- Bus Number: 33
- Route: Gokul Park ↔ Lal Darwaja
- Location: Live GPS Location - Bus 33 Route (https://www.google.com/maps?q=23.0225,72.5714)
- GPS Coordinates: 23.0225, 72.5714
- Time: 08/01/2026 at 01:37 PM

AFFECTED PASSENGERS: 0 confirmed bookings
EMERGENCY NOTIFICATIONS SENT: 40 family alerts

IMMEDIATE ACTIONS REQUIRED:
1. Dispatch emergency response team
2. Coordinate with local emergency services
3. Set up family assistance center
4. Prepare medical support
5. Notify media relations team

Google Maps Location: https://www.google.com/maps?q=23.0225,72.5714

This is an automated emergency alert from AMTS Safety System.
Please respond immediately.

AMTS Emergency Response System
-------------------------------------------------------------------------------
Content-Type: text/plain; charset="utf-8"
MIME-Version: 1.0
Content-Transfer-Encoding: 8bit
Subject: 
 =?utf-8?q?=F0=9F=9A=A8_BUS_ACCIDENT_REPORT_-_Bus_33_-_Immediate_Response_Req?=
 =?utf-8?q?uired?=
From: AMTS Emergency <noreply.amts.emergency@gmail.com>
To: admin@amts.gov.in
Date: Thu, 08 Jan 2026 08:07:40 -0000
Message-ID: <176785966096.17712.8798696018574901903@Samarth-Elite>

EMERGENCY INCIDENT REPORT - AMTS

🚨 BUS ACCIDENT DETECTED 🚨

INCIDENT DETAILS:
- Bus Number: 33
- Route: Gokul Park ↔ Lal Darwaja
- Location: Live GPS Location - Bus 33 Route (https://www.google.com/maps?q=23.0225,72.5714)
- GPS Coordinates: 23.0225, 72.5714
- Time: 08/01/2026 at 01:37 PM

AFFECTED PASSENGERS: 0 confirmed bookings
EMERGENCY NOTIFICATIONS SENT: 40 family alerts

IMMEDIATE ACTIONS REQUIRED:
1. Dispatch emergency response team
2. Coordinate with local emergency services
3. Set up family assistance center
4. Prepare medical support
5. Notify media relations team

Google Maps Location: https://www.google.com/maps?q=23.0225,72.5714

This is an automated emergency alert from AMTS Safety System.
Please respond immediately.

AMTS Emergency Response System
-------------------------------------------------------------------------------
