Content-Type: text/plain; charset="utf-8"
MIME-Version: 1.0
Content-Transfer-Encoding: 8bit
Subject: =?utf-8?q?=F0=9F=9A=A8_URGENT=3A_Bus_Accident_Alert_-_Bus_45?=
From: AMTS Emergency <noreply.amts.emergency@gmail.com>
To: jane.smith@example.com
Date: Wed, 07 Jan 2026 16:40:41 -0000
Message-ID: <176780404114.12920.8020379185349090265@LAPTOP-7FNM8Q6O>

EMERGENCY NOTIFICATION - AMTS

🚨 ACCIDENT ALERT 🚨

An accident involving Bus 45 has been reported.

📍 Location: Test Email File Generation (https://www.google.com/maps?q=23.0225,72.5714)
🚌 Bus Number: 45
🛣️ Route: Route 45
⏰ Time: 07/01/2026 at 10:10 PM

If you or your family member was traveling on this bus, please:
1. Contact emergency services: 108
2. Call AMTS Control Room: +91-79-2658-0000
3. Visit the accident location if safe to do so

AMTS is coordinating with emergency services for immediate assistance.

Stay safe,
AMTS Emergency Response Team
-------------------------------------------------------------------------------
Content-Type: text/plain; charset="utf-8"
MIME-Version: 1.0
Content-Transfer-Encoding: 8bit
Subject: =?utf-8?q?=F0=9F=9A=A8_URGENT=3A_Bus_Accident_Alert_-_Bus_45?=
From: AMTS Emergency <noreply.amts.emergency@gmail.com>
To: vaibhavmevada796@gmail.com
Date: Wed, 07 Jan 2026 16:40:41 -0000
Message-ID: <176780404114.12920.10490688444074163951@LAPTOP-7FNM8Q6O>

EMERGENCY NOTIFICATION - AMTS

🚨 ACCIDENT ALERT 🚨

An accident involving Bus 45 has been reported.

📍 Location: Test Email File Generation (https://www.google.com/maps?q=23.0225,72.5714)
🚌 Bus Number: 45
🛣️ Route: Route 45
⏰ Time: 07/01/2026 at 10:10 PM

If you or your family member was traveling on this bus, please:
1. Contact emergency services: 108
2. Call AMTS Control Room: +91-79-2658-0000
3. Visit the accident location if safe to do so

AMTS is coordinating with emergency services for immediate assistance.

Stay safe,
AMTS Emergency Response Team
-------------------------------------------------------------------------------
Content-Type: text/plain; charset="utf-8"
MIME-Version: 1.0
Content-Transfer-Encoding: 8bit
Subject: 
 =?utf-8?q?=F0=9F=9A=A8_FAMILY_EMERGENCY=3A_Possible_Bus_Accident_-_Bus_45?=
From: AMTS Emergency <noreply.amts.emergency@gmail.com>
To: testuser16@example.com
Date: Wed, 07 Jan 2026 16:40:41 -0000
Message-ID: <176780404114.12920.16714782524930528227@LAPTOP-7FNM8Q6O>

EMERGENCY NOTIFICATION - AMTS

🚨 FAMILY EMERGENCY ALERT 🚨

An accident involving your family member has occurred.

📍 Location: Test Email File Generation (https://www.google.com/maps?q=23.0225,72.5714)
🚌 Bus Number: 45
🛣️ Route: Route 45
⏰ Time: 07/01/2026 at 10:10 PM

Please contact emergency services or the AMTS control room immediately:
- Emergency Services: 108
- AMTS Control Room: +91-79-2658-0000
- Police: 100
- Fire: 101

Location on Google Maps: https://www.google.com/maps?q=23.0225,72.5714

AMTS Emergency Response Team is on-site providing assistance.

Immediate Action Required,
AMTS Emergency Response Team
-------------------------------------------------------------------------------
Content-Type: text/plain; charset="utf-8"
MIME-Version: 1.0
Content-Transfer-Encoding: 8bit
Subject: 
 =?utf-8?q?=F0=9F=9A=A8_FAMILY_EMERGENCY=3A_Possible_Bus_Accident_-_Bus_45?=
From: AMTS Emergency <noreply.amts.emergency@gmail.com>
To: testuser15@example.com
Date: Wed, 07 Jan 2026 16:40:41 -0000
Message-ID: <176780404114.12920.11351569471577392241@LAPTOP-7FNM8Q6O>

EMERGENCY NOTIFICATION - AMTS

🚨 FAMILY EMERGENCY ALERT 🚨

An accident involving your family member has occurred.

📍 Location: Test Email File Generation (https://www.google.com/maps?q=23.0225,72.5714)
🚌 Bus Number: 45
🛣️ Route: Route 45
⏰ Time: 07/01/2026 at 10:10 PM

Please contact emergency services or the AMTS control room immediately:
- Emergency Services: 108
- AMTS Control Room: +91-79-2658-0000
- Police: 100
- Fire: 101

Location on Google Maps: https://www.google.com/maps?q=23.0225,72.5714

AMTS Emergency Response Team is on-site providing assistance.

Immediate Action Required,
AMTS Emergency Response Team
-------------------------------------------------------------------------------
Content-Type: text/plain; charset="utf-8"
MIME-Version: 1.0
Content-Transfer-Encoding: 8bit
Subject: 
 =?utf-8?q?=F0=9F=9A=A8_FAMILY_EMERGENCY=3A_Possible_Bus_Accident_-_Bus_45?=
From: AMTS Emergency <noreply.amts.emergency@gmail.com>
To: testuser3@example.com
Date: Wed, 07 Jan 2026 16:40:41 -0000
Message-ID: <176780404115.12920.14924852472932514613@LAPTOP-7FNM8Q6O>

EMERGENCY NOTIFICATION - AMTS

🚨 FAMILY EMERGENCY ALERT 🚨

An accident involving your family member has occurred.

📍 Location: Test Email File Generation (https://www.google.com/maps?q=23.0225,72.5714)
🚌 Bus Number: 45
🛣️ Route: Route 45
⏰ Time: 07/01/2026 at 10:10 PM

Please contact emergency services or the AMTS control room immediately:
- Emergency Services: 108
- AMTS Control Room: +91-79-2658-0000
- Police: 100
- Fire: 101

Location on Google Maps: https://www.google.com/maps?q=23.0225,72.5714

AMTS Emergency Response Team is on-site providing assistance.

Immediate Action Required,
AMTS Emergency Response Team
-------------------------------------------------------------------------------
Content-Type: text/plain; charset="utf-8"
MIME-Version: 1.0
Content-Transfer-Encoding: 8bit
Subject: 
 =?utf-8?q?=F0=9F=9A=A8_FAMILY_EMERGENCY=3A_Possible_Bus_Accident_-_Bus_45?=
From: AMTS Emergency <noreply.amts.emergency@gmail.com>
To: testuser23@example.com
Date: Wed, 07 Jan 2026 16:40:41 -0000
Message-ID: <176780404115.12920.9757626842420118172@LAPTOP-7FNM8Q6O>

EMERGENCY NOTIFICATION - AMTS

🚨 FAMILY EMERGENCY ALERT 🚨

An accident involving your family member has occurred.

📍 Location: Test Email File Generation (https://www.google.com/maps?q=23.0225,72.5714)
🚌 Bus Number: 45
🛣️ Route: Route 45
⏰ Time: 07/01/2026 at 10:10 PM

Please contact emergency services or the AMTS control room immediately:
- Emergency Services: 108
- AMTS Control Room: +91-79-2658-0000
- Police: 100
- Fire: 101

Location on Google Maps: https://www.google.com/maps?q=23.0225,72.5714

AMTS Emergency Response Team is on-site providing assistance.

Immediate Action Required,
AMTS Emergency Response Team
-------------------------------------------------------------------------------
Content-Type: text/plain; charset="utf-8"
MIME-Version: 1.0
Content-Transfer-Encoding: 8bit
Subject: 
 =?utf-8?q?=F0=9F=9A=A8_FAMILY_EMERGENCY=3A_Possible_Bus_Accident_-_Bus_45?=
From: AMTS Emergency <noreply.amts.emergency@gmail.com>
To: vaibhavmevada796@gmail.com
Date: Wed, 07 Jan 2026 16:40:41 -0000
Message-ID: <176780404115.12920.2633696275335182338@LAPTOP-7FNM8Q6O>

EMERGENCY NOTIFICATION - AMTS

🚨 FAMILY EMERGENCY ALERT 🚨

An accident involving your family member has occurred.

📍 Location: Test Email File Generation (https://www.google.com/maps?q=23.0225,72.5714)
🚌 Bus Number: 45
🛣️ Route: Route 45
⏰ Time: 07/01/2026 at 10:10 PM

Please contact emergency services or the AMTS control room immediately:
- Emergency Services: 108
- AMTS Control Room: +91-79-2658-0000
- Police: 100
- Fire: 101

Location on Google Maps: https://www.google.com/maps?q=23.0225,72.5714

AMTS Emergency Response Team is on-site providing assistance.

Immediate Action Required,
AMTS Emergency Response Team
-------------------------------------------------------------------------------
Content-Type: text/plain; charset="utf-8"
MIME-Version: 1.0
Content-Transfer-Encoding: 8bit
Subject: 
 =?utf-8?q?=F0=9F=9A=A8_FAMILY_EMERGENCY=3A_Possible_Bus_Accident_-_Bus_45?=
From: AMTS Emergency <noreply.amts.emergency@gmail.com>
To: testuser21@example.com
Date: Wed, 07 Jan 2026 16:40:41 -0000
Message-ID: <176780404115.12920.16122649562906287946@LAPTOP-7FNM8Q6O>

EMERGENCY NOTIFICATION - AMTS

🚨 FAMILY EMERGENCY ALERT 🚨

An accident involving your family member has occurred.

📍 Location: Test Email File Generation (https://www.google.com/maps?q=23.0225,72.5714)
🚌 Bus Number: 45
🛣️ Route: Route 45
⏰ Time: 07/01/2026 at 10:10 PM

Please contact emergency services or the AMTS control room immediately:
- Emergency Services: 108
- AMTS Control Room: +91-79-2658-0000
- Police: 100
- Fire: 101

Location on Google Maps: https://www.google.com/maps?q=23.0225,72.5714

AMTS Emergency Response Team is on-site providing assistance.

Immediate Action Required,
AMTS Emergency Response Team
-------------------------------------------------------------------------------
Content-Type: text/plain; charset="utf-8"
MIME-Version: 1.0
Content-Transfer-Encoding: 8bit
Subject: 
 =?utf-8?q?=F0=9F=9A=A8_FAMILY_EMERGENCY=3A_Possible_Bus_Accident_-_Bus_45?=
From: AMTS Emergency <noreply.amts.emergency@gmail.com>
To: testuser17@example.com
Date: Wed, 07 Jan 2026 16:40:41 -0000
Message-ID: <176780404115.12920.1290792865167533827@LAPTOP-7FNM8Q6O>

EMERGENCY NOTIFICATION - AMTS

🚨 FAMILY EMERGENCY ALERT 🚨

An accident involving your family member has occurred.

📍 Location: Test Email File Generation (https://www.google.com/maps?q=23.0225,72.5714)
🚌 Bus Number: 45
🛣️ Route: Route 45
⏰ Time: 07/01/2026 at 10:10 PM

Please contact emergency services or the AMTS control room immediately:
- Emergency Services: 108
- AMTS Control Room: +91-79-2658-0000
- Police: 100
- Fire: 101

Location on Google Maps: https://www.google.com/maps?q=23.0225,72.5714

AMTS Emergency Response Team is on-site providing assistance.

Immediate Action Required,
AMTS Emergency Response Team
-------------------------------------------------------------------------------
Content-Type: text/plain; charset="utf-8"
MIME-Version: 1.0
Content-Transfer-Encoding: 8bit
Subject: 
 =?utf-8?q?=F0=9F=9A=A8_FAMILY_EMERGENCY=3A_Possible_Bus_Accident_-_Bus_45?=
From: AMTS Emergency <noreply.amts.emergency@gmail.com>
To: test@example.com
Date: Wed, 07 Jan 2026 16:40:41 -0000
Message-ID: <176780404115.12920.16616338501786468820@LAPTOP-7FNM8Q6O>

EMERGENCY NOTIFICATION - AMTS

🚨 FAMILY EMERGENCY ALERT 🚨

An accident involving your family member has occurred.

📍 Location: Test Email File Generation (https://www.google.com/maps?q=23.0225,72.5714)
🚌 Bus Number: 45
🛣️ Route: Route 45
⏰ Time: 07/01/2026 at 10:10 PM

Please contact emergency services or the AMTS control room immediately:
- Emergency Services: 108
- AMTS Control Room: +91-79-2658-0000
- Police: 100
- Fire: 101

Location on Google Maps: https://www.google.com/maps?q=23.0225,72.5714

AMTS Emergency Response Team is on-site providing assistance.

Immediate Action Required,
AMTS Emergency Response Team
-------------------------------------------------------------------------------
Content-Type: text/plain; charset="utf-8"
MIME-Version: 1.0
Content-Transfer-Encoding: 8bit
Subject: 
 =?utf-8?q?=F0=9F=9A=A8_FAMILY_EMERGENCY=3A_Possible_Bus_Accident_-_Bus_45?=
From: AMTS Emergency <noreply.amts.emergency@gmail.com>
To: manthan07@gmail.com
Date: Wed, 07 Jan 2026 16:40:41 -0000
Message-ID: <176780404116.12920.10488715379088274477@LAPTOP-7FNM8Q6O>

EMERGENCY NOTIFICATION - AMTS

🚨 FAMILY EMERGENCY ALERT 🚨

An accident involving your family member has occurred.

📍 Location: Test Email File Generation (https://www.google.com/maps?q=23.0225,72.5714)
🚌 Bus Number: 45
🛣️ Route: Route 45
⏰ Time: 07/01/2026 at 10:10 PM

Please contact emergency services or the AMTS control room immediately:
- Emergency Services: 108
- AMTS Control Room: +91-79-2658-0000
- Police: 100
- Fire: 101

Location on Google Maps: https://www.google.com/maps?q=23.0225,72.5714

AMTS Emergency Response Team is on-site providing assistance.

Immediate Action Required,
AMTS Emergency Response Team
-------------------------------------------------------------------------------
Content-Type: text/plain; charset="utf-8"
MIME-Version: 1.0
Content-Transfer-Encoding: 8bit
Subject: 
 =?utf-8?q?=F0=9F=9A=A8_FAMILY_EMERGENCY=3A_Possible_Bus_Accident_-_Bus_45?=
From: AMTS Emergency <noreply.amts.emergency@gmail.com>
To: samarthpatel310106@gmail.com
Date: Wed, 07 Jan 2026 16:40:41 -0000
Message-ID: <176780404116.12920.12095760271346460083@LAPTOP-7FNM8Q6O>

EMERGENCY NOTIFICATION - AMTS

🚨 FAMILY EMERGENCY ALERT 🚨

An accident involving your family member has occurred.

📍 Location: Test Email File Generation (https://www.google.com/maps?q=23.0225,72.5714)
🚌 Bus Number: 45
🛣️ Route: Route 45
⏰ Time: 07/01/2026 at 10:10 PM

Please contact emergency services or the AMTS control room immediately:
- Emergency Services: 108
- AMTS Control Room: +91-79-2658-0000
- Police: 100
- Fire: 101

Location on Google Maps: https://www.google.com/maps?q=23.0225,72.5714

AMTS Emergency Response Team is on-site providing assistance.

Immediate Action Required,
AMTS Emergency Response Team
-------------------------------------------------------------------------------
Content-Type: text/plain; charset="utf-8"
MIME-Version: 1.0
Content-Transfer-Encoding: 8bit
Subject: 
 =?utf-8?q?=F0=9F=9A=A8_FAMILY_EMERGENCY=3A_Possible_Bus_Accident_-_Bus_45?=
From: AMTS Emergency <noreply.amts.emergency@gmail.com>
To: testuser31@example.com
Date: Wed, 07 Jan 2026 16:40:41 -0000
Message-ID: <176780404116.12920.8321739073892449521@LAPTOP-7FNM8Q6O>

EMERGENCY NOTIFICATION - AMTS

🚨 FAMILY EMERGENCY ALERT 🚨

An accident involving your family member has occurred.

📍 Location: Test Email File Generation (https://www.google.com/maps?q=23.0225,72.5714)
🚌 Bus Number: 45
🛣️ Route: Route 45
⏰ Time: 07/01/2026 at 10:10 PM

Please contact emergency services or the AMTS control room immediately:
- Emergency Services: 108
- AMTS Control Room: +91-79-2658-0000
- Police: 100
- Fire: 101

Location on Google Maps: https://www.google.com/maps?q=23.0225,72.5714

AMTS Emergency Response Team is on-site providing assistance.

Immediate Action Required,
AMTS Emergency Response Team
-------------------------------------------------------------------------------
Content-Type: text/plain; charset="utf-8"
MIME-Version: 1.0
Content-Transfer-Encoding: 8bit
Subject: 
 =?utf-8?q?=F0=9F=9A=A8_FAMILY_EMERGENCY=3A_Possible_Bus_Accident_-_Bus_45?=
From: AMTS Emergency <noreply.amts.emergency@gmail.com>
To: john.doe@example.com
Date: Wed, 07 Jan 2026 16:40:41 -0000
Message-ID: <176780404116.12920.15801122361142406745@LAPTOP-7FNM8Q6O>

EMERGENCY NOTIFICATION - AMTS

🚨 FAMILY EMERGENCY ALERT 🚨

An accident involving your family member has occurred.

📍 Location: Test Email File Generation (https://www.google.com/maps?q=23.0225,72.5714)
🚌 Bus Number: 45
🛣️ Route: Route 45
⏰ Time: 07/01/2026 at 10:10 PM

Please contact emergency services or the AMTS control room immediately:
- Emergency Services: 108
- AMTS Control Room: +91-79-2658-0000
- Police: 100
- Fire: 101

Location on Google Maps: https://www.google.com/maps?q=23.0225,72.5714

AMTS Emergency Response Team is on-site providing assistance.

Immediate Action Required,
AMTS Emergency Response Team
-------------------------------------------------------------------------------
Content-Type: text/plain; charset="utf-8"
MIME-Version: 1.0
Content-Transfer-Encoding: 8bit
Subject: 
 =?utf-8?q?=F0=9F=9A=A8_FAMILY_EMERGENCY=3A_Possible_Bus_Accident_-_Bus_45?=
From: AMTS Emergency <noreply.amts.emergency@gmail.com>
To: demo@example.com
Date: Wed, 07 Jan 2026 16:40:41 -0000
Message-ID: <176780404116.12920.7206670259106700572@LAPTOP-7FNM8Q6O>

EMERGENCY NOTIFICATION - AMTS

🚨 FAMILY EMERGENCY ALERT 🚨

An accident involving your family member has occurred.

📍 Location: Test Email File Generation (https://www.google.com/maps?q=23.0225,72.5714)
🚌 Bus Number: 45
🛣️ Route: Route 45
⏰ Time: 07/01/2026 at 10:10 PM

Please contact emergency services or the AMTS control room immediately:
- Emergency Services: 108
- AMTS Control Room: +91-79-2658-0000
- Police: 100
- Fire: 101

Location on Google Maps: https://www.google.com/maps?q=23.0225,72.5714

AMTS Emergency Response Team is on-site providing assistance.

Immediate Action Required,
AMTS Emergency Response Team
-------------------------------------------------------------------------------
Content-Type: text/plain; charset="utf-8"
MIME-Version: 1.0
Content-Transfer-Encoding: 8bit
Subject: 
 =?utf-8?q?=F0=9F=9A=A8_FAMILY_EMERGENCY=3A_Possible_Bus_Accident_-_Bus_45?=
From: AMTS Emergency <noreply.amts.emergency@gmail.com>
To: samarthpatel808@gmail.com
Date: Wed, 07 Jan 2026 16:40:41 -0000
Message-ID: <176780404116.12920.11206688797909984679@LAPTOP-7FNM8Q6O>

EMERGENCY NOTIFICATION - AMTS

🚨 FAMILY EMERGENCY ALERT 🚨

An accident involving your family member has occurred.

📍 Location: Test Email File Generation (https://www.google.com/maps?q=23.0225,72.5714)
🚌 Bus Number: 45
🛣️ Route: Route 45
⏰ Time: 07/01/2026 at 10:10 PM

Please contact emergency services or the AMTS control room immediately:
- Emergency Services: 108
- AMTS Control Room: +91-79-2658-0000
- Police: 100
- Fire: 101

Location on Google Maps: https://www.google.com/maps?q=23.0225,72.5714

AMTS Emergency Response Team is on-site providing assistance.

Immediate Action Required,
AMTS Emergency Response Team
-------------------------------------------------------------------------------
Content-Type: text/plain; charset="utf-8"
MIME-Version: 1.0
Content-Transfer-Encoding: 8bit
Subject: 
 =?utf-8?q?=F0=9F=9A=A8_FAMILY_EMERGENCY=3A_Possible_Bus_Accident_-_Bus_45?=
From: AMTS Emergency <noreply.amts.emergency@gmail.com>
To: testuser19@example.com
Date: Wed, 07 Jan 2026 16:40:41 -0000
Message-ID: <176780404117.12920.1769397326080074530@LAPTOP-7FNM8Q6O>

EMERGENCY NOTIFICATION - AMTS

🚨 FAMILY EMERGENCY ALERT 🚨

An accident involving your family member has occurred.

📍 Location: Test Email File Generation (https://www.google.com/maps?q=23.0225,72.5714)
🚌 Bus Number: 45
🛣️ Route: Route 45
⏰ Time: 07/01/2026 at 10:10 PM

Please contact emergency services or the AMTS control room immediately:
- Emergency Services: 108
- AMTS Control Room: +91-79-2658-0000
- Police: 100
- Fire: 101

Location on Google Maps: https://www.google.com/maps?q=23.0225,72.5714

AMTS Emergency Response Team is on-site providing assistance.

Immediate Action Required,
AMTS Emergency Response Team
-------------------------------------------------------------------------------
Content-Type: text/plain; charset="utf-8"
MIME-Version: 1.0
Content-Transfer-Encoding: 8bit
Subject: 
 =?utf-8?q?=F0=9F=9A=A8_FAMILY_EMERGENCY=3A_Possible_Bus_Accident_-_Bus_45?=
From: AMTS Emergency <noreply.amts.emergency@gmail.com>
To: testuser13@example.com
Date: Wed, 07 Jan 2026 16:40:41 -0000
Message-ID: <176780404117.12920.15076572368240441034@LAPTOP-7FNM8Q6O>

EMERGENCY NOTIFICATION - AMTS

🚨 FAMILY EMERGENCY ALERT 🚨

An accident involving your family member has occurred.

📍 Location: Test Email File Generation (https://www.google.com/maps?q=23.0225,72.5714)
🚌 Bus Number: 45
🛣️ Route: Route 45
⏰ Time: 07/01/2026 at 10:10 PM

Please contact emergency services or the AMTS control room immediately:
- Emergency Services: 108
- AMTS Control Room: +91-79-2658-0000
- Police: 100
- Fire: 101

Location on Google Maps: https://www.google.com/maps?q=23.0225,72.5714

AMTS Emergency Response Team is on-site providing assistance.

Immediate Action Required,
AMTS Emergency Response Team
-------------------------------------------------------------------------------
Content-Type: text/plain; charset="utf-8"
MIME-Version: 1.0
Content-Transfer-Encoding: 8bit
Subject: 
 =?utf-8?q?=F0=9F=9A=A8_FAMILY_EMERGENCY=3A_Possible_Bus_Accident_-_Bus_45?=
From: AMTS Emergency <noreply.amts.emergency@gmail.com>
To: testuser2@example.com
Date: Wed, 07 Jan 2026 16:40:41 -0000
Message-ID: <176780404117.12920.10752734816100682041@LAPTOP-7FNM8Q6O>

EMERGENCY NOTIFICATION - AMTS

🚨 FAMILY EMERGENCY ALERT 🚨

An accident involving your family member has occurred.

📍 Location: Test Email File Generation (https://www.google.com/maps?q=23.0225,72.5714)
🚌 Bus Number: 45
🛣️ Route: Route 45
⏰ Time: 07/01/2026 at 10:10 PM

Please contact emergency services or the AMTS control room immediately:
- Emergency Services: 108
- AMTS Control Room: +91-79-2658-0000
- Police: 100
- Fire: 101

Location on Google Maps: https://www.google.com/maps?q=23.0225,72.5714

AMTS Emergency Response Team is on-site providing assistance.

Immediate Action Required,
AMTS Emergency Response Team
-------------------------------------------------------------------------------
Content-Type: text/plain; charset="utf-8"
MIME-Version: 1.0
Content-Transfer-Encoding: 8bit
Subject: 
 =?utf-8?q?=F0=9F=9A=A8_FAMILY_EMERGENCY=3A_Possible_Bus_Accident_-_Bus_45?=
From: AMTS Emergency <noreply.amts.emergency@gmail.com>
To: pap58942@gmail.com
Date: Wed, 07 Jan 2026 16:40:41 -0000
Message-ID: <176780404117.12920.9851297883690074858@LAPTOP-7FNM8Q6O>

EMERGENCY NOTIFICATION - AMTS

🚨 FAMILY EMERGENCY ALERT 🚨

An accident involving your family member has occurred.

📍 Location: Test Email File Generation (https://www.google.com/maps?q=23.0225,72.5714)
🚌 Bus Number: 45
🛣️ Route: Route 45
⏰ Time: 07/01/2026 at 10:10 PM

Please contact emergency services or the AMTS control room immediately:
- Emergency Services: 108
- AMTS Control Room: +91-79-2658-0000
- Police: 100
- Fire: 101

Location on Google Maps: https://www.google.com/maps?q=23.0225,72.5714

AMTS Emergency Response Team is on-site providing assistance.

Immediate Action Required,
AMTS Emergency Response Team
-------------------------------------------------------------------------------
Content-Type: text/plain; charset="utf-8"
MIME-Version: 1.0
Content-Transfer-Encoding: 8bit
Subject: 
 =?utf-8?q?=F0=9F=9A=A8_FAMILY_EMERGENCY=3A_Possible_Bus_Accident_-_Bus_45?=
From: AMTS Emergency <noreply.amts.emergency@gmail.com>
To: testuser32@example.com
Date: Wed, 07 Jan 2026 16:40:41 -0000
Message-ID: <176780404117.12920.13928049247014477963@LAPTOP-7FNM8Q6O>

EMERGENCY NOTIFICATION - AMTS

🚨 FAMILY EMERGENCY ALERT 🚨

An accident involving your family member has occurred.

📍 Location: Test Email File Generation (https://www.google.com/maps?q=23.0225,72.5714)
🚌 Bus Number: 45
🛣️ Route: Route 45
⏰ Time: 07/01/2026 at 10:10 PM

Please contact emergency services or the AMTS control room immediately:
- Emergency Services: 108
- AMTS Control Room: +91-79-2658-0000
- Police: 100
- Fire: 101

Location on Google Maps: https://www.google.com/maps?q=23.0225,72.5714

AMTS Emergency Response Team is on-site providing assistance.

Immediate Action Required,
AMTS Emergency Response Team
-------------------------------------------------------------------------------
Content-Type: text/plain; charset="utf-8"
MIME-Version: 1.0
Content-Transfer-Encoding: 8bit
Subject: 
 =?utf-8?q?=F0=9F=9A=A8_FAMILY_EMERGENCY=3A_Possible_Bus_Accident_-_Bus_45?=
From: AMTS Emergency <noreply.amts.emergency@gmail.com>
To: testuser4@example.com
Date: Wed, 07 Jan 2026 16:40:41 -0000
Message-ID: <176780404117.12920.11571117365885831922@LAPTOP-7FNM8Q6O>

EMERGENCY NOTIFICATION - AMTS

🚨 FAMILY EMERGENCY ALERT 🚨

An accident involving your family member has occurred.

📍 Location: Test Email File Generation (https://www.google.com/maps?q=23.0225,72.5714)
🚌 Bus Number: 45
🛣️ Route: Route 45
⏰ Time: 07/01/2026 at 10:10 PM

Please contact emergency services or the AMTS control room immediately:
- Emergency Services: 108
- AMTS Control Room: +91-79-2658-0000
- Police: 100
- Fire: 101

Location on Google Maps: https://www.google.com/maps?q=23.0225,72.5714

AMTS Emergency Response Team is on-site providing assistance.

Immediate Action Required,
AMTS Emergency Response Team
-------------------------------------------------------------------------------
Content-Type: text/plain; charset="utf-8"
MIME-Version: 1.0
Content-Transfer-Encoding: 8bit
Subject: 
 =?utf-8?q?=F0=9F=9A=A8_BUS_ACCIDENT_REPORT_-_Bus_45_-_Immediate_Response_Req?=
 =?utf-8?q?uired?=
From: AMTS Emergency <noreply.amts.emergency@gmail.com>
To: emergency@amts.gov.in
Date: Wed, 07 Jan 2026 16:40:41 -0000
Message-ID: <176780404117.12920.13391490761095717189@LAPTOP-7FNM8Q6O>

EMERGENCY INCIDENT REPORT - AMTS

🚨 BUS ACCIDENT DETECTED 🚨

INCIDENT DETAILS:
- Bus Number: 45
- Route: Route 45
- Location: Test Email File Generation (https://www.google.com/maps?q=23.0225,72.5714)
- GPS Coordinates: 23.0225, 72.5714
- Time: 07/01/2026 at 10:10 PM

AFFECTED PASSENGERS: 4 confirmed bookings
EMERGENCY NOTIFICATIONS SENT: 40 family alerts

IMMEDIATE ACTIONS REQUIRED:
1. Dispatch emergency response team
2. Coordinate with local emergency services
3. Set up family assistance center
4. Prepare medical support
5. Notify media relations team

Google Maps Location: https://www.google.com/maps?q=23.0225,72.5714

This is an automated emergency alert from AMTS Safety System.
Please respond immediately.

AMTS Emergency Response System
-------------------------------------------------------------------------------
Content-Type: text/plain; charset="utf-8"
MIME-Version: 1.0
Content-Transfer-Encoding: 8bit
Subject: 
 =?utf-8?q?=F0=9F=9A=A8_BUS_ACCIDENT_REPORT_-_Bus_45_-_Immediate_Response_Req?=
 =?utf-8?q?uired?=
From: AMTS Emergency <noreply.amts.emergency@gmail.com>
To: safety@amts.gov.in
Date: Wed, 07 Jan 2026 16:40:41 -0000
Message-ID: <176780404117.12920.14845201243467248954@LAPTOP-7FNM8Q6O>

EMERGENCY INCIDENT REPORT - AMTS

🚨 BUS ACCIDENT DETECTED 🚨

INCIDENT DETAILS:
- Bus Number: 45
- Route: Route 45
- Location: Test Email File Generation (https://www.google.com/maps?q=23.0225,72.5714)
- GPS Coordinates: 23.0225, 72.5714
- Time: 07/01/2026 at 10:10 PM

AFFECTED PASSENGERS: 4 confirmed bookings
EMERGENCY NOTIFICATIONS SENT: 40 family alerts

IMMEDIATE ACTIONS REQUIRED:
1. Dispatch emergency response team
2. Coordinate with local emergency services
3. Set up family assistance center
4. Prepare medical support
5. Notify media relations team

Google Maps Location: https://www.google.com/maps?q=23.0225,72.5714

This is an automated emergency alert from AMTS Safety System.
Please respond immediately.

AMTS Emergency Response System
-------------------------------------------------------------------------------
