Content-Type: text/plain; charset="utf-8"
MIME-Version: 1.0
Content-Transfer-Encoding: 8bit
Subject: 
 =?utf-8?q?=F0=9F=9A=A8_FAMILY_EMERGENCY=3A_Possible_Bus_Accident_-_Bus_401?=
From: AMTS Emergency <noreply.amts.emergency@gmail.com>
To: testuser20@example.com
Date: Wed, 07 Jan 2026 16:43:55 -0000
Message-ID: <176780423558.12920.13613689482984145973@LAPTOP-7FNM8Q6O>

EMERGENCY NOTIFICATION - AMTS

🚨 FAMILY EMERGENCY ALERT 🚨

An accident involving your family member has occurred.

📍 Location: Live GPS Location - Bus 401 Route (https://www.google.com/maps?q=23.0225,72.5714)
🚌 Bus Number: 401
🛣️ Route: Vasna Terminus ↔ Chandkheda (Sarathi Bunglows)
⏰ Time: 07/01/2026 at 10:13 PM

Please contact emergency services or the AMTS control room immediately:
- Emergency Services: 108
- AMTS Control Room: +91-79-2658-0000
- Police: 100
- Fire: 101

Location on Google Maps: https://www.google.com/maps?q=23.0225,72.5714

AMTS Emergency Response Team is on-site providing assistance.

Immediate Action Required,
AMTS Emergency Response Team
-------------------------------------------------------------------------------
Content-Type: text/plain; charset="utf-8"
MIME-Version: 1.0
Content-Transfer-Encoding: 8bit
Subject: 
 =?utf-8?q?=F0=9F=9A=A8_FAMILY_EMERGENCY=3A_Possible_Bus_Accident_-_Bus_401?=
From: AMTS Emergency <noreply.amts.emergency@gmail.com>
To: jane.smith@example.com
Date: Wed, 07 Jan 2026 16:43:55 -0000
Message-ID: <176780423558.12920.7736403122478799650@LAPTOP-7FNM8Q6O>

EMERGENCY NOTIFICATION - AMTS

🚨 FAMILY EMERGENCY ALERT 🚨

An accident involving your family member has occurred.

📍 Location: Live GPS Location - Bus 401 Route (https://www.google.com/maps?q=23.0225,72.5714)
🚌 Bus Number: 401
🛣️ Route: Vasna Terminus ↔ Chandkheda (Sarathi Bunglows)
⏰ Time: 07/01/2026 at 10:13 PM

Please contact emergency services or the AMTS control room immediately:
- Emergency Services: 108
- AMTS Control Room: +91-79-2658-0000
- Police: 100
- Fire: 101

Location on Google Maps: https://www.google.com/maps?q=23.0225,72.5714

AMTS Emergency Response Team is on-site providing assistance.

Immediate Action Required,
AMTS Emergency Response Team
-------------------------------------------------------------------------------
Content-Type: text/plain; charset="utf-8"
MIME-Version: 1.0
Content-Transfer-Encoding: 8bit
Subject: 
 =?utf-8?q?=F0=9F=9A=A8_FAMILY_EMERGENCY=3A_Possible_Bus_Accident_-_Bus_401?=
From: AMTS Emergency <noreply.amts.emergency@gmail.com>
To: demo@example.com
Date: Wed, 07 Jan 2026 16:43:55 -0000
Message-ID: <176780423559.12920.9162364696946804672@LAPTOP-7FNM8Q6O>

EMERGENCY NOTIFICATION - AMTS

🚨 FAMILY EMERGENCY ALERT 🚨

An accident involving your family member has occurred.

📍 Location: Live GPS Location - Bus 401 Route (https://www.google.com/maps?q=23.0225,72.5714)
🚌 Bus Number: 401
🛣️ Route: Vasna Terminus ↔ Chandkheda (Sarathi Bunglows)
⏰ Time: 07/01/2026 at 10:13 PM

Please contact emergency services or the AMTS control room immediately:
- Emergency Services: 108
- AMTS Control Room: +91-79-2658-0000
- Police: 100
- Fire: 101

Location on Google Maps: https://www.google.com/maps?q=23.0225,72.5714

AMTS Emergency Response Team is on-site providing assistance.

Immediate Action Required,
AMTS Emergency Response Team
-------------------------------------------------------------------------------
Content-Type: text/plain; charset="utf-8"
MIME-Version: 1.0
Content-Transfer-Encoding: 8bit
Subject: 
 =?utf-8?q?=F0=9F=9A=A8_FAMILY_EMERGENCY=3A_Possible_Bus_Accident_-_Bus_401?=
From: AMTS Emergency <noreply.amts.emergency@gmail.com>
To: testuser8@example.com
Date: Wed, 07 Jan 2026 16:43:55 -0000
Message-ID: <176780423560.12920.4553610826450281540@LAPTOP-7FNM8Q6O>

EMERGENCY NOTIFICATION - AMTS

🚨 FAMILY EMERGENCY ALERT 🚨

An accident involving your family member has occurred.

📍 Location: Live GPS Location - Bus 401 Route (https://www.google.com/maps?q=23.0225,72.5714)
🚌 Bus Number: 401
🛣️ Route: Vasna Terminus ↔ Chandkheda (Sarathi Bunglows)
⏰ Time: 07/01/2026 at 10:13 PM

Please contact emergency services or the AMTS control room immediately:
- Emergency Services: 108
- AMTS Control Room: +91-79-2658-0000
- Police: 100
- Fire: 101

Location on Google Maps: https://www.google.com/maps?q=23.0225,72.5714

AMTS Emergency Response Team is on-site providing assistance.

Immediate Action Required,
AMTS Emergency Response Team
-------------------------------------------------------------------------------
Content-Type: text/plain; charset="utf-8"
MIME-Version: 1.0
Content-Transfer-Encoding: 8bit
Subject: 
 =?utf-8?q?=F0=9F=9A=A8_FAMILY_EMERGENCY=3A_Possible_Bus_Accident_-_Bus_401?=
From: AMTS Emergency <noreply.amts.emergency@gmail.com>
To: testuser10@example.com
Date: Wed, 07 Jan 2026 16:43:55 -0000
Message-ID: <176780423560.12920.10089816282681758228@LAPTOP-7FNM8Q6O>

EMERGENCY NOTIFICATION - AMTS

🚨 FAMILY EMERGENCY ALERT 🚨

An accident involving your family member has occurred.

📍 Location: Live GPS Location - Bus 401 Route (https://www.google.com/maps?q=23.0225,72.5714)
🚌 Bus Number: 401
🛣️ Route: Vasna Terminus ↔ Chandkheda (Sarathi Bunglows)
⏰ Time: 07/01/2026 at 10:13 PM

Please contact emergency services or the AMTS control room immediately:
- Emergency Services: 108
- AMTS Control Room: +91-79-2658-0000
- Police: 100
- Fire: 101

Location on Google Maps: https://www.google.com/maps?q=23.0225,72.5714

AMTS Emergency Response Team is on-site providing assistance.

Immediate Action Required,
AMTS Emergency Response Team
-------------------------------------------------------------------------------
Content-Type: text/plain; charset="utf-8"
MIME-Version: 1.0
Content-Transfer-Encoding: 8bit
Subject: 
 =?utf-8?q?=F0=9F=9A=A8_FAMILY_EMERGENCY=3A_Possible_Bus_Accident_-_Bus_401?=
From: AMTS Emergency <noreply.amts.emergency@gmail.com>
To: testuser25@example.com
Date: Wed, 07 Jan 2026 16:43:55 -0000
Message-ID: <176780423560.12920.8022896772964719961@LAPTOP-7FNM8Q6O>

EMERGENCY NOTIFICATION - AMTS

🚨 FAMILY EMERGENCY ALERT 🚨

An accident involving your family member has occurred.

📍 Location: Live GPS Location - Bus 401 Route (https://www.google.com/maps?q=23.0225,72.5714)
🚌 Bus Number: 401
🛣️ Route: Vasna Terminus ↔ Chandkheda (Sarathi Bunglows)
⏰ Time: 07/01/2026 at 10:13 PM

Please contact emergency services or the AMTS control room immediately:
- Emergency Services: 108
- AMTS Control Room: +91-79-2658-0000
- Police: 100
- Fire: 101

Location on Google Maps: https://www.google.com/maps?q=23.0225,72.5714

AMTS Emergency Response Team is on-site providing assistance.

Immediate Action Required,
AMTS Emergency Response Team
-------------------------------------------------------------------------------
Content-Type: text/plain; charset="utf-8"
MIME-Version: 1.0
Content-Transfer-Encoding: 8bit
Subject: 
 =?utf-8?q?=F0=9F=9A=A8_FAMILY_EMERGENCY=3A_Possible_Bus_Accident_-_Bus_401?=
From: AMTS Emergency <noreply.amts.emergency@gmail.com>
To: testuser6@example.com
Date: Wed, 07 Jan 2026 16:43:55 -0000
Message-ID: <176780423561.12920.3326095220943468196@LAPTOP-7FNM8Q6O>

EMERGENCY NOTIFICATION - AMTS

🚨 FAMILY EMERGENCY ALERT 🚨

An accident involving your family member has occurred.

📍 Location: Live GPS Location - Bus 401 Route (https://www.google.com/maps?q=23.0225,72.5714)
🚌 Bus Number: 401
🛣️ Route: Vasna Terminus ↔ Chandkheda (Sarathi Bunglows)
⏰ Time: 07/01/2026 at 10:13 PM

Please contact emergency services or the AMTS control room immediately:
- Emergency Services: 108
- AMTS Control Room: +91-79-2658-0000
- Police: 100
- Fire: 101

Location on Google Maps: https://www.google.com/maps?q=23.0225,72.5714

AMTS Emergency Response Team is on-site providing assistance.

Immediate Action Required,
AMTS Emergency Response Team
-------------------------------------------------------------------------------
Content-Type: text/plain; charset="utf-8"
MIME-Version: 1.0
Content-Transfer-Encoding: 8bit
Subject: 
 =?utf-8?q?=F0=9F=9A=A8_FAMILY_EMERGENCY=3A_Possible_Bus_Accident_-_Bus_401?=
From: AMTS Emergency <noreply.amts.emergency@gmail.com>
To: vaibhavmevada796@gmail.com
Date: Wed, 07 Jan 2026 16:43:55 -0000
Message-ID: <176780423562.12920.16335184786147499231@LAPTOP-7FNM8Q6O>

EMERGENCY NOTIFICATION - AMTS

🚨 FAMILY EMERGENCY ALERT 🚨

An accident involving your family member has occurred.

📍 Location: Live GPS Location - Bus 401 Route (https://www.google.com/maps?q=23.0225,72.5714)
🚌 Bus Number: 401
🛣️ Route: Vasna Terminus ↔ Chandkheda (Sarathi Bunglows)
⏰ Time: 07/01/2026 at 10:13 PM

Please contact emergency services or the AMTS control room immediately:
- Emergency Services: 108
- AMTS Control Room: +91-79-2658-0000
- Police: 100
- Fire: 101

Location on Google Maps: https://www.google.com/maps?q=23.0225,72.5714

AMTS Emergency Response Team is on-site providing assistance.

Immediate Action Required,
AMTS Emergency Response Team
-------------------------------------------------------------------------------
Content-Type: text/plain; charset="utf-8"
MIME-Version: 1.0
Content-Transfer-Encoding: 8bit
Subject: 
 =?utf-8?q?=F0=9F=9A=A8_FAMILY_EMERGENCY=3A_Possible_Bus_Accident_-_Bus_401?=
From: AMTS Emergency <noreply.amts.emergency@gmail.com>
To: dharmitpatel98@gmail.com
Date: Wed, 07 Jan 2026 16:43:55 -0000
Message-ID: <176780423562.12920.9605098867657530323@LAPTOP-7FNM8Q6O>

EMERGENCY NOTIFICATION - AMTS

🚨 FAMILY EMERGENCY ALERT 🚨

An accident involving your family member has occurred.

📍 Location: Live GPS Location - Bus 401 Route (https://www.google.com/maps?q=23.0225,72.5714)
🚌 Bus Number: 401
🛣️ Route: Vasna Terminus ↔ Chandkheda (Sarathi Bunglows)
⏰ Time: 07/01/2026 at 10:13 PM

Please contact emergency services or the AMTS control room immediately:
- Emergency Services: 108
- AMTS Control Room: +91-79-2658-0000
- Police: 100
- Fire: 101

Location on Google Maps: https://www.google.com/maps?q=23.0225,72.5714

AMTS Emergency Response Team is on-site providing assistance.

Immediate Action Required,
AMTS Emergency Response Team
-------------------------------------------------------------------------------
Content-Type: text/plain; charset="utf-8"
MIME-Version: 1.0
Content-Transfer-Encoding: 8bit
Subject: 
 =?utf-8?q?=F0=9F=9A=A8_FAMILY_EMERGENCY=3A_Possible_Bus_Accident_-_Bus_401?=
From: AMTS Emergency <noreply.amts.emergency@gmail.com>
To: testuser3@example.com
Date: Wed, 07 Jan 2026 16:43:55 -0000
Message-ID: <176780423563.12920.15734616549531687132@LAPTOP-7FNM8Q6O>

EMERGENCY NOTIFICATION - AMTS

🚨 FAMILY EMERGENCY ALERT 🚨

An accident involving your family member has occurred.

📍 Location: Live GPS Location - Bus 401 Route (https://www.google.com/maps?q=23.0225,72.5714)
🚌 Bus Number: 401
🛣️ Route: Vasna Terminus ↔ Chandkheda (Sarathi Bunglows)
⏰ Time: 07/01/2026 at 10:13 PM

Please contact emergency services or the AMTS control room immediately:
- Emergency Services: 108
- AMTS Control Room: +91-79-2658-0000
- Police: 100
- Fire: 101

Location on Google Maps: https://www.google.com/maps?q=23.0225,72.5714

AMTS Emergency Response Team is on-site providing assistance.

Immediate Action Required,
AMTS Emergency Response Team
-------------------------------------------------------------------------------
Content-Type: text/plain; charset="utf-8"
MIME-Version: 1.0
Content-Transfer-Encoding: 8bit
Subject: 
 =?utf-8?q?=F0=9F=9A=A8_FAMILY_EMERGENCY=3A_Possible_Bus_Accident_-_Bus_401?=
From: AMTS Emergency <noreply.amts.emergency@gmail.com>
To: vaibhavmevada796@gmail.com
Date: Wed, 07 Jan 2026 16:43:55 -0000
Message-ID: <176780423563.12920.5748757319149405357@LAPTOP-7FNM8Q6O>

EMERGENCY NOTIFICATION - AMTS

🚨 FAMILY EMERGENCY ALERT 🚨

An accident involving your family member has occurred.

📍 Location: Live GPS Location - Bus 401 Route (https://www.google.com/maps?q=23.0225,72.5714)
🚌 Bus Number: 401
🛣️ Route: Vasna Terminus ↔ Chandkheda (Sarathi Bunglows)
⏰ Time: 07/01/2026 at 10:13 PM

Please contact emergency services or the AMTS control room immediately:
- Emergency Services: 108
- AMTS Control Room: +91-79-2658-0000
- Police: 100
- Fire: 101

Location on Google Maps: https://www.google.com/maps?q=23.0225,72.5714

AMTS Emergency Response Team is on-site providing assistance.

Immediate Action Required,
AMTS Emergency Response Team
-------------------------------------------------------------------------------
Content-Type: text/plain; charset="utf-8"
MIME-Version: 1.0
Content-Transfer-Encoding: 8bit
Subject: 
 =?utf-8?q?=F0=9F=9A=A8_FAMILY_EMERGENCY=3A_Possible_Bus_Accident_-_Bus_401?=
From: AMTS Emergency <noreply.amts.emergency@gmail.com>
To: testuser13@example.com
Date: Wed, 07 Jan 2026 16:43:55 -0000
Message-ID: <176780423563.12920.12241755442620971329@LAPTOP-7FNM8Q6O>

EMERGENCY NOTIFICATION - AMTS

🚨 FAMILY EMERGENCY ALERT 🚨

An accident involving your family member has occurred.

📍 Location: Live GPS Location - Bus 401 Route (https://www.google.com/maps?q=23.0225,72.5714)
🚌 Bus Number: 401
🛣️ Route: Vasna Terminus ↔ Chandkheda (Sarathi Bunglows)
⏰ Time: 07/01/2026 at 10:13 PM

Please contact emergency services or the AMTS control room immediately:
- Emergency Services: 108
- AMTS Control Room: +91-79-2658-0000
- Police: 100
- Fire: 101

Location on Google Maps: https://www.google.com/maps?q=23.0225,72.5714

AMTS Emergency Response Team is on-site providing assistance.

Immediate Action Required,
AMTS Emergency Response Team
-------------------------------------------------------------------------------
Content-Type: text/plain; charset="utf-8"
MIME-Version: 1.0
Content-Transfer-Encoding: 8bit
Subject: 
 =?utf-8?q?=F0=9F=9A=A8_FAMILY_EMERGENCY=3A_Possible_Bus_Accident_-_Bus_401?=
From: AMTS Emergency <noreply.amts.emergency@gmail.com>
To: samarthpatel808@gmail.com
Date: Wed, 07 Jan 2026 16:43:55 -0000
Message-ID: <176780423564.12920.12936674256444677294@LAPTOP-7FNM8Q6O>

EMERGENCY NOTIFICATION - AMTS

🚨 FAMILY EMERGENCY ALERT 🚨

An accident involving your family member has occurred.

📍 Location: Live GPS Location - Bus 401 Route (https://www.google.com/maps?q=23.0225,72.5714)
🚌 Bus Number: 401
🛣️ Route: Vasna Terminus ↔ Chandkheda (Sarathi Bunglows)
⏰ Time: 07/01/2026 at 10:13 PM

Please contact emergency services or the AMTS control room immediately:
- Emergency Services: 108
- AMTS Control Room: +91-79-2658-0000
- Police: 100
- Fire: 101

Location on Google Maps: https://www.google.com/maps?q=23.0225,72.5714

AMTS Emergency Response Team is on-site providing assistance.

Immediate Action Required,
AMTS Emergency Response Team
-------------------------------------------------------------------------------
Content-Type: text/plain; charset="utf-8"
MIME-Version: 1.0
Content-Transfer-Encoding: 8bit
Subject: 
 =?utf-8?q?=F0=9F=9A=A8_FAMILY_EMERGENCY=3A_Possible_Bus_Accident_-_Bus_401?=
From: AMTS Emergency <noreply.amts.emergency@gmail.com>
To: testuser26@example.com
Date: Wed, 07 Jan 2026 16:43:55 -0000
Message-ID: <176780423564.12920.16779148228503759053@LAPTOP-7FNM8Q6O>

EMERGENCY NOTIFICATION - AMTS

🚨 FAMILY EMERGENCY ALERT 🚨

An accident involving your family member has occurred.

📍 Location: Live GPS Location - Bus 401 Route (https://www.google.com/maps?q=23.0225,72.5714)
🚌 Bus Number: 401
🛣️ Route: Vasna Terminus ↔ Chandkheda (Sarathi Bunglows)
⏰ Time: 07/01/2026 at 10:13 PM

Please contact emergency services or the AMTS control room immediately:
- Emergency Services: 108
- AMTS Control Room: +91-79-2658-0000
- Police: 100
- Fire: 101

Location on Google Maps: https://www.google.com/maps?q=23.0225,72.5714

AMTS Emergency Response Team is on-site providing assistance.

Immediate Action Required,
AMTS Emergency Response Team
-------------------------------------------------------------------------------
Content-Type: text/plain; charset="utf-8"
MIME-Version: 1.0
Content-Transfer-Encoding: 8bit
Subject: 
 =?utf-8?q?=F0=9F=9A=A8_FAMILY_EMERGENCY=3A_Possible_Bus_Accident_-_Bus_401?=
From: AMTS Emergency <noreply.amts.emergency@gmail.com>
To: test@example.com
Date: Wed, 07 Jan 2026 16:43:55 -0000
Message-ID: <176780423565.12920.11917674781193669208@LAPTOP-7FNM8Q6O>

EMERGENCY NOTIFICATION - AMTS

🚨 FAMILY EMERGENCY ALERT 🚨

An accident involving your family member has occurred.

📍 Location: Live GPS Location - Bus 401 Route (https://www.google.com/maps?q=23.0225,72.5714)
🚌 Bus Number: 401
🛣️ Route: Vasna Terminus ↔ Chandkheda (Sarathi Bunglows)
⏰ Time: 07/01/2026 at 10:13 PM

Please contact emergency services or the AMTS control room immediately:
- Emergency Services: 108
- AMTS Control Room: +91-79-2658-0000
- Police: 100
- Fire: 101

Location on Google Maps: https://www.google.com/maps?q=23.0225,72.5714

AMTS Emergency Response Team is on-site providing assistance.

Immediate Action Required,
AMTS Emergency Response Team
-------------------------------------------------------------------------------
Content-Type: text/plain; charset="utf-8"
MIME-Version: 1.0
Content-Transfer-Encoding: 8bit
Subject: 
 =?utf-8?q?=F0=9F=9A=A8_FAMILY_EMERGENCY=3A_Possible_Bus_Accident_-_Bus_401?=
From: AMTS Emergency <noreply.amts.emergency@gmail.com>
To: pap58942@gmail.com
Date: Wed, 07 Jan 2026 16:43:55 -0000
Message-ID: <176780423565.12920.12875581319454381894@LAPTOP-7FNM8Q6O>

EMERGENCY NOTIFICATION - AMTS

🚨 FAMILY EMERGENCY ALERT 🚨

An accident involving your family member has occurred.

📍 Location: Live GPS Location - Bus 401 Route (https://www.google.com/maps?q=23.0225,72.5714)
🚌 Bus Number: 401
🛣️ Route: Vasna Terminus ↔ Chandkheda (Sarathi Bunglows)
⏰ Time: 07/01/2026 at 10:13 PM

Please contact emergency services or the AMTS control room immediately:
- Emergency Services: 108
- AMTS Control Room: +91-79-2658-0000
- Police: 100
- Fire: 101

Location on Google Maps: https://www.google.com/maps?q=23.0225,72.5714

AMTS Emergency Response Team is on-site providing assistance.

Immediate Action Required,
AMTS Emergency Response Team
-------------------------------------------------------------------------------
Content-Type: text/plain; charset="utf-8"
MIME-Version: 1.0
Content-Transfer-Encoding: 8bit
Subject: 
 =?utf-8?q?=F0=9F=9A=A8_FAMILY_EMERGENCY=3A_Possible_Bus_Accident_-_Bus_401?=
From: AMTS Emergency <noreply.amts.emergency@gmail.com>
To: testuser7@example.com
Date: Wed, 07 Jan 2026 16:43:55 -0000
Message-ID: <176780423565.12920.410362119654278717@LAPTOP-7FNM8Q6O>

EMERGENCY NOTIFICATION - AMTS

🚨 FAMILY EMERGENCY ALERT 🚨

An accident involving your family member has occurred.

📍 Location: Live GPS Location - Bus 401 Route (https://www.google.com/maps?q=23.0225,72.5714)
🚌 Bus Number: 401
🛣️ Route: Vasna Terminus ↔ Chandkheda (Sarathi Bunglows)
⏰ Time: 07/01/2026 at 10:13 PM

Please contact emergency services or the AMTS control room immediately:
- Emergency Services: 108
- AMTS Control Room: +91-79-2658-0000
- Police: 100
- Fire: 101

Location on Google Maps: https://www.google.com/maps?q=23.0225,72.5714

AMTS Emergency Response Team is on-site providing assistance.

Immediate Action Required,
AMTS Emergency Response Team
-------------------------------------------------------------------------------
Content-Type: text/plain; charset="utf-8"
MIME-Version: 1.0
Content-Transfer-Encoding: 8bit
Subject: 
 =?utf-8?q?=F0=9F=9A=A8_FAMILY_EMERGENCY=3A_Possible_Bus_Accident_-_Bus_401?=
From: AMTS Emergency <noreply.amts.emergency@gmail.com>
To: testuser11@example.com
Date: Wed, 07 Jan 2026 16:43:55 -0000
Message-ID: <176780423566.12920.3970896744424282452@LAPTOP-7FNM8Q6O>

EMERGENCY NOTIFICATION - AMTS

🚨 FAMILY EMERGENCY ALERT 🚨

An accident involving your family member has occurred.

📍 Location: Live GPS Location - Bus 401 Route (https://www.google.com/maps?q=23.0225,72.5714)
🚌 Bus Number: 401
🛣️ Route: Vasna Terminus ↔ Chandkheda (Sarathi Bunglows)
⏰ Time: 07/01/2026 at 10:13 PM

Please contact emergency services or the AMTS control room immediately:
- Emergency Services: 108
- AMTS Control Room: +91-79-2658-0000
- Police: 100
- Fire: 101

Location on Google Maps: https://www.google.com/maps?q=23.0225,72.5714

AMTS Emergency Response Team is on-site providing assistance.

Immediate Action Required,
AMTS Emergency Response Team
-------------------------------------------------------------------------------
Content-Type: text/plain; charset="utf-8"
MIME-Version: 1.0
Content-Transfer-Encoding: 8bit
Subject: 
 =?utf-8?q?=F0=9F=9A=A8_FAMILY_EMERGENCY=3A_Possible_Bus_Accident_-_Bus_401?=
From: AMTS Emergency <noreply.amts.emergency@gmail.com>
To: testuser23@example.com
Date: Wed, 07 Jan 2026 16:43:55 -0000
Message-ID: <176780423567.12920.8413548614275347829@LAPTOP-7FNM8Q6O>

EMERGENCY NOTIFICATION - AMTS

🚨 FAMILY EMERGENCY ALERT 🚨

An accident involving your family member has occurred.

📍 Location: Live GPS Location - Bus 401 Route (https://www.google.com/maps?q=23.0225,72.5714)
🚌 Bus Number: 401
🛣️ Route: Vasna Terminus ↔ Chandkheda (Sarathi Bunglows)
⏰ Time: 07/01/2026 at 10:13 PM

Please contact emergency services or the AMTS control room immediately:
- Emergency Services: 108
- AMTS Control Room: +91-79-2658-0000
- Police: 100
- Fire: 101

Location on Google Maps: https://www.google.com/maps?q=23.0225,72.5714

AMTS Emergency Response Team is on-site providing assistance.

Immediate Action Required,
AMTS Emergency Response Team
-------------------------------------------------------------------------------
Content-Type: text/plain; charset="utf-8"
MIME-Version: 1.0
Content-Transfer-Encoding: 8bit
Subject: 
 =?utf-8?q?=F0=9F=9A=A8_FAMILY_EMERGENCY=3A_Possible_Bus_Accident_-_Bus_401?=
From: AMTS Emergency <noreply.amts.emergency@gmail.com>
To: testuser2@example.com
Date: Wed, 07 Jan 2026 16:43:55 -0000
Message-ID: <176780423567.12920.13950306017747740137@LAPTOP-7FNM8Q6O>

EMERGENCY NOTIFICATION - AMTS

🚨 FAMILY EMERGENCY ALERT 🚨

An accident involving your family member has occurred.

📍 Location: Live GPS Location - Bus 401 Route (https://www.google.com/maps?q=23.0225,72.5714)
🚌 Bus Number: 401
🛣️ Route: Vasna Terminus ↔ Chandkheda (Sarathi Bunglows)
⏰ Time: 07/01/2026 at 10:13 PM

Please contact emergency services or the AMTS control room immediately:
- Emergency Services: 108
- AMTS Control Room: +91-79-2658-0000
- Police: 100
- Fire: 101

Location on Google Maps: https://www.google.com/maps?q=23.0225,72.5714

AMTS Emergency Response Team is on-site providing assistance.

Immediate Action Required,
AMTS Emergency Response Team
-------------------------------------------------------------------------------
Content-Type: text/plain; charset="utf-8"
MIME-Version: 1.0
Content-Transfer-Encoding: 8bit
Subject: 
 =?utf-8?q?=F0=9F=9A=A8_BUS_ACCIDENT_REPORT_-_Bus_401_-_Immediate_Response_Re?=
 =?utf-8?q?quired?=
From: AMTS Emergency <noreply.amts.emergency@gmail.com>
To: vaibhavmevada796@gmail.com
Date: Wed, 07 Jan 2026 16:43:55 -0000
Message-ID: <176780423568.12920.2641340379403658329@LAPTOP-7FNM8Q6O>

EMERGENCY INCIDENT REPORT - AMTS

🚨 BUS ACCIDENT DETECTED 🚨

INCIDENT DETAILS:
- Bus Number: 401
- Route: Vasna Terminus ↔ Chandkheda (Sarathi Bunglows)
- Location: Live GPS Location - Bus 401 Route (https://www.google.com/maps?q=23.0225,72.5714)
- GPS Coordinates: 23.0225, 72.5714
- Time: 07/01/2026 at 10:13 PM

AFFECTED PASSENGERS: 1 confirmed bookings
EMERGENCY NOTIFICATIONS SENT: 40 family alerts

IMMEDIATE ACTIONS REQUIRED:
1. Dispatch emergency response team
2. Coordinate with local emergency services
3. Set up family assistance center
4. Prepare medical support
5. Notify media relations team

Google Maps Location: https://www.google.com/maps?q=23.0225,72.5714

This is an automated emergency alert from AMTS Safety System.
Please respond immediately.

AMTS Emergency Response System
-------------------------------------------------------------------------------
Content-Type: text/plain; charset="utf-8"
MIME-Version: 1.0
Content-Transfer-Encoding: 8bit
Subject: 
 =?utf-8?q?=F0=9F=9A=A8_BUS_ACCIDENT_REPORT_-_Bus_401_-_Immediate_Response_Re?=
 =?utf-8?q?quired?=
From: AMTS Emergency <noreply.amts.emergency@gmail.com>
To: control.room@amts.gov.in
Date: Wed, 07 Jan 2026 16:43:55 -0000
Message-ID: <176780423568.12920.399212236753312016@LAPTOP-7FNM8Q6O>

EMERGENCY INCIDENT REPORT - AMTS

🚨 BUS ACCIDENT DETECTED 🚨

INCIDENT DETAILS:
- Bus Number: 401
- Route: Vasna Terminus ↔ Chandkheda (Sarathi Bunglows)
- Location: Live GPS Location - Bus 401 Route (https://www.google.com/maps?q=23.0225,72.5714)
- GPS Coordinates: 23.0225, 72.5714
- Time: 07/01/2026 at 10:13 PM

AFFECTED PASSENGERS: 1 confirmed bookings
EMERGENCY NOTIFICATIONS SENT: 40 family alerts

IMMEDIATE ACTIONS REQUIRED:
1. Dispatch emergency response team
2. Coordinate with local emergency services
3. Set up family assistance center
4. Prepare medical support
5. Notify media relations team

Google Maps Location: https://www.google.com/maps?q=23.0225,72.5714

This is an automated emergency alert from AMTS Safety System.
Please respond immediately.

AMTS Emergency Response System
-------------------------------------------------------------------------------
Content-Type: text/plain; charset="utf-8"
MIME-Version: 1.0
Content-Transfer-Encoding: 8bit
Subject: 
 =?utf-8?q?=F0=9F=9A=A8_BUS_ACCIDENT_REPORT_-_Bus_401_-_Immediate_Response_Re?=
 =?utf-8?q?quired?=
From: AMTS Emergency <noreply.amts.emergency@gmail.com>
To: admin@amts.gov.in
Date: Wed, 07 Jan 2026 16:43:55 -0000
Message-ID: <176780423569.12920.12426981839620619310@LAPTOP-7FNM8Q6O>

EMERGENCY INCIDENT REPORT - AMTS

🚨 BUS ACCIDENT DETECTED 🚨

INCIDENT DETAILS:
- Bus Number: 401
- Route: Vasna Terminus ↔ Chandkheda (Sarathi Bunglows)
- Location: Live GPS Location - Bus 401 Route (https://www.google.com/maps?q=23.0225,72.5714)
- GPS Coordinates: 23.0225, 72.5714
- Time: 07/01/2026 at 10:13 PM

AFFECTED PASSENGERS: 1 confirmed bookings
EMERGENCY NOTIFICATIONS SENT: 40 family alerts

IMMEDIATE ACTIONS REQUIRED:
1. Dispatch emergency response team
2. Coordinate with local emergency services
3. Set up family assistance center
4. Prepare medical support
5. Notify media relations team

Google Maps Location: https://www.google.com/maps?q=23.0225,72.5714

This is an automated emergency alert from AMTS Safety System.
Please respond immediately.

AMTS Emergency Response System
-------------------------------------------------------------------------------
