Content-Type: text/plain; charset="utf-8"
MIME-Version: 1.0
Content-Transfer-Encoding: 8bit
Subject: 
 =?utf-8?q?=F0=9F=9A=A8_FAMILY_EMERGENCY=3A_Possible_Bus_Accident_-_Bus_33?=
From: AMTS Emergency <noreply.amts.emergency@gmail.com>
To: testuser30@example.com
Date: Thu, 08 Jan 2026 08:07:50 -0000
Message-ID: <176785967018.17712.13013710280842206755@Samarth-Elite>

EMERGENCY NOTIFICATION - AMTS

🚨 FAMILY EMERGENCY ALERT 🚨

An accident involving your family member has occurred.

📍 Location: Live GPS Location - Bus 33 Route (https://www.google.com/maps?q=23.0225,72.5714)
🚌 Bus Number: 33
🛣️ Route: Gokul Park ↔ Lal Darwaja
⏰ Time: 08/01/2026 at 01:37 PM

Please contact emergency services or the AMTS control room immediately:
- Emergency Services: 108
- AMTS Control Room: +91-79-2658-0000
- Police: 100
- Fire: 101

Location on Google Maps: https://www.google.com/maps?q=23.0225,72.5714

AMTS Emergency Response Team is on-site providing assistance.

Immediate Action Required,
AMTS Emergency Response Team
-------------------------------------------------------------------------------
Content-Type: text/plain; charset="utf-8"
MIME-Version: 1.0
Content-Transfer-Encoding: 8bit
Subject: 
 =?utf-8?q?=F0=9F=9A=A8_FAMILY_EMERGENCY=3A_Possible_Bus_Accident_-_Bus_33?=
From: AMTS Emergency <noreply.amts.emergency@gmail.com>
To: testuser15@example.com
Date: Thu, 08 Jan 2026 08:07:50 -0000
Message-ID: <176785967018.17712.14771349081194432249@Samarth-Elite>

EMERGENCY NOTIFICATION - AMTS

🚨 FAMILY EMERGENCY ALERT 🚨

An accident involving your family member has occurred.

📍 Location: Live GPS Location - Bus 33 Route (https://www.google.com/maps?q=23.0225,72.5714)
🚌 Bus Number: 33
🛣️ Route: Gokul Park ↔ Lal Darwaja
⏰ Time: 08/01/2026 at 01:37 PM

Please contact emergency services or the AMTS control room immediately:
- Emergency Services: 108
- AMTS Control Room: +91-79-2658-0000
- Police: 100
- Fire: 101

Location on Google Maps: https://www.google.com/maps?q=23.0225,72.5714

AMTS Emergency Response Team is on-site providing assistance.

Immediate Action Required,
AMTS Emergency Response Team
-------------------------------------------------------------------------------
Content-Type: text/plain; charset="utf-8"
MIME-Version: 1.0
Content-Transfer-Encoding: 8bit
Subject: 
 =?utf-8?q?=F0=9F=9A=A8_FAMILY_EMERGENCY=3A_Possible_Bus_Accident_-_Bus_33?=
From: AMTS Emergency <noreply.amts.emergency@gmail.com>
To: testuser26@example.com
Date: Thu, 08 Jan 2026 08:07:50 -0000
Message-ID: <176785967019.17712.9215396436045708401@Samarth-Elite>

EMERGENCY NOTIFICATION - AMTS

🚨 FAMILY EMERGENCY ALERT 🚨

An accident involving your family member has occurred.

📍 Location: Live GPS Location - Bus 33 Route (https://www.google.com/maps?q=23.0225,72.5714)
🚌 Bus Number: 33
🛣️ Route: Gokul Park ↔ Lal Darwaja
⏰ Time: 08/01/2026 at 01:37 PM

Please contact emergency services or the AMTS control room immediately:
- Emergency Services: 108
- AMTS Control Room: +91-79-2658-0000
- Police: 100
- Fire: 101

Location on Google Maps: https://www.google.com/maps?q=23.0225,72.5714

AMTS Emergency Response Team is on-site providing assistance.

Immediate Action Required,
AMTS Emergency Response Team
-------------------------------------------------------------------------------
Content-Type: text/plain; charset="utf-8"
MIME-Version: 1.0
Content-Transfer-Encoding: 8bit
Subject: 
 =?utf-8?q?=F0=9F=9A=A8_FAMILY_EMERGENCY=3A_Possible_Bus_Accident_-_Bus_33?=
From: AMTS Emergency <noreply.amts.emergency@gmail.com>
To: testuser9@example.com
Date: Thu, 08 Jan 2026 08:07:50 -0000
Message-ID: <176785967019.17712.1828211294806245240@Samarth-Elite>

EMERGENCY NOTIFICATION - AMTS

🚨 FAMILY EMERGENCY ALERT 🚨

An accident involving your family member has occurred.

📍 Location: Live GPS Location - Bus 33 Route (https://www.google.com/maps?q=23.0225,72.5714)
🚌 Bus Number: 33
🛣️ Route: Gokul Park ↔ Lal Darwaja
⏰ Time: 08/01/2026 at 01:37 PM

Please contact emergency services or the AMTS control room immediately:
- Emergency Services: 108
- AMTS Control Room: +91-79-2658-0000
- Police: 100
- Fire: 101

Location on Google Maps: https://www.google.com/maps?q=23.0225,72.5714

AMTS Emergency Response Team is on-site providing assistance.

Immediate Action Required,
AMTS Emergency Response Team
-------------------------------------------------------------------------------
Content-Type: text/plain; charset="utf-8"
MIME-Version: 1.0
Content-Transfer-Encoding: 8bit
Subject: 
 =?utf-8?q?=F0=9F=9A=A8_FAMILY_EMERGENCY=3A_Possible_Bus_Accident_-_Bus_33?=
From: AMTS Emergency <noreply.amts.emergency@gmail.com>
To: testuser23@example.com
Date: Thu, 08 Jan 2026 08:07:50 -0000
Message-ID: <176785967020.17712.12508437849528226755@Samarth-Elite>

EMERGENCY NOTIFICATION - AMTS

🚨 FAMILY EMERGENCY ALERT 🚨

An accident involving your family member has occurred.

📍 Location: Live GPS Location - Bus 33 Route (https://www.google.com/maps?q=23.0225,72.5714)
🚌 Bus Number: 33
🛣️ Route: Gokul Park ↔ Lal Darwaja
⏰ Time: 08/01/2026 at 01:37 PM

Please contact emergency services or the AMTS control room immediately:
- Emergency Services: 108
- AMTS Control Room: +91-79-2658-0000
- Police: 100
- Fire: 101

Location on Google Maps: https://www.google.com/maps?q=23.0225,72.5714

AMTS Emergency Response Team is on-site providing assistance.

Immediate Action Required,
AMTS Emergency Response Team
-------------------------------------------------------------------------------
Content-Type: text/plain; charset="utf-8"
MIME-Version: 1.0
Content-Transfer-Encoding: 8bit
Subject: 
 =?utf-8?q?=F0=9F=9A=A8_FAMILY_EMERGENCY=3A_Possible_Bus_Accident_-_Bus_33?=
From: AMTS Emergency <noreply.amts.emergency@gmail.com>
To: testuser28@example.com
Date: Thu, 08 Jan 2026 08:07:50 -0000
Message-ID: <176785967020.17712.1754989430149792984@Samarth-Elite>

EMERGENCY NOTIFICATION - AMTS

🚨 FAMILY EMERGENCY ALERT 🚨

An accident involving your family member has occurred.

📍 Location: Live GPS Location - Bus 33 Route (https://www.google.com/maps?q=23.0225,72.5714)
🚌 Bus Number: 33
🛣️ Route: Gokul Park ↔ Lal Darwaja
⏰ Time: 08/01/2026 at 01:37 PM

Please contact emergency services or the AMTS control room immediately:
- Emergency Services: 108
- AMTS Control Room: +91-79-2658-0000
- Police: 100
- Fire: 101

Location on Google Maps: https://www.google.com/maps?q=23.0225,72.5714

AMTS Emergency Response Team is on-site providing assistance.

Immediate Action Required,
AMTS Emergency Response Team
-------------------------------------------------------------------------------
Content-Type: text/plain; charset="utf-8"
MIME-Version: 1.0
Content-Transfer-Encoding: 8bit
Subject: 
 =?utf-8?q?=F0=9F=9A=A8_FAMILY_EMERGENCY=3A_Possible_Bus_Accident_-_Bus_33?=
From: AMTS Emergency <noreply.amts.emergency@gmail.com>
To: testuser24@example.com
Date: Thu, 08 Jan 2026 08:07:50 -0000
Message-ID: <176785967021.17712.8042500018677897917@Samarth-Elite>

EMERGENCY NOTIFICATION - AMTS

🚨 FAMILY EMERGENCY ALERT 🚨

An accident involving your family member has occurred.

📍 Location: Live GPS Location - Bus 33 Route (https://www.google.com/maps?q=23.0225,72.5714)
🚌 Bus Number: 33
🛣️ Route: Gokul Park ↔ Lal Darwaja
⏰ Time: 08/01/2026 at 01:37 PM

Please contact emergency services or the AMTS control room immediately:
- Emergency Services: 108
- AMTS Control Room: +91-79-2658-0000
- Police: 100
- Fire: 101

Location on Google Maps: https://www.google.com/maps?q=23.0225,72.5714

AMTS Emergency Response Team is on-site providing assistance.

Immediate Action Required,
AMTS Emergency Response Team
-------------------------------------------------------------------------------
Content-Type: text/plain; charset="utf-8"
MIME-Version: 1.0
Content-Transfer-Encoding: 8bit
Subject: 
 =?utf-8?q?=F0=9F=9A=A8_FAMILY_EMERGENCY=3A_Possible_Bus_Accident_-_Bus_33?=
From: AMTS Emergency <noreply.amts.emergency@gmail.com>
To: demo@example.com
Date: Thu, 08 Jan 2026 08:07:50 -0000
Message-ID: <176785967021.17712.12457805878870796423@Samarth-Elite>

EMERGENCY NOTIFICATION - AMTS

🚨 FAMILY EMERGENCY ALERT 🚨

An accident involving your family member has occurred.

📍 Location: Live GPS Location - Bus 33 Route (https://www.google.com/maps?q=23.0225,72.5714)
🚌 Bus Number: 33
🛣️ Route: Gokul Park ↔ Lal Darwaja
⏰ Time: 08/01/2026 at 01:37 PM

Please contact emergency services or the AMTS control room immediately:
- Emergency Services: 108
- AMTS Control Room: +91-79-2658-0000
- Police: 100
- Fire: 101

Location on Google Maps: https://www.google.com/maps?q=23.0225,72.5714

AMTS Emergency Response Team is on-site providing assistance.

Immediate Action Required,
AMTS Emergency Response Team
-------------------------------------------------------------------------------
Content-Type: text/plain; charset="utf-8"
MIME-Version: 1.0
Content-Transfer-Encoding: 8bit
Subject: 
 =?utf-8?q?=F0=9F=9A=A8_FAMILY_EMERGENCY=3A_Possible_Bus_Accident_-_Bus_33?=
From: AMTS Emergency <noreply.amts.emergency@gmail.com>
To: testuser3@example.com
Date: Thu, 08 Jan 2026 08:07:50 -0000
Message-ID: <176785967022.17712.7632358504069657680@Samarth-Elite>

EMERGENCY NOTIFICATION - AMTS

🚨 FAMILY EMERGENCY ALERT 🚨

An accident involving your family member has occurred.

📍 Location: Live GPS Location - Bus 33 Route (https://www.google.com/maps?q=23.0225,72.5714)
🚌 Bus Number: 33
🛣️ Route: Gokul Park ↔ Lal Darwaja
⏰ Time: 08/01/2026 at 01:37 PM

Please contact emergency services or the AMTS control room immediately:
- Emergency Services: 108
- AMTS Control Room: +91-79-2658-0000
- Police: 100
- Fire: 101

Location on Google Maps: https://www.google.com/maps?q=23.0225,72.5714

AMTS Emergency Response Team is on-site providing assistance.

Immediate Action Required,
AMTS Emergency Response Team
-------------------------------------------------------------------------------
Content-Type: text/plain; charset="utf-8"
MIME-Version: 1.0
Content-Transfer-Encoding: 8bit
Subject: 
 =?utf-8?q?=F0=9F=9A=A8_FAMILY_EMERGENCY=3A_Possible_Bus_Accident_-_Bus_33?=
From: AMTS Emergency <noreply.amts.emergency@gmail.com>
To: testuser14@example.com
Date: Thu, 08 Jan 2026 08:07:50 -0000
Message-ID: <176785967023.17712.7059941936960655882@Samarth-Elite>

EMERGENCY NOTIFICATION - AMTS

🚨 FAMILY EMERGENCY ALERT 🚨

An accident involving your family member has occurred.

📍 Location: Live GPS Location - Bus 33 Route (https://www.google.com/maps?q=23.0225,72.5714)
🚌 Bus Number: 33
🛣️ Route: Gokul Park ↔ Lal Darwaja
⏰ Time: 08/01/2026 at 01:37 PM

Please contact emergency services or the AMTS control room immediately:
- Emergency Services: 108
- AMTS Control Room: +91-79-2658-0000
- Police: 100
- Fire: 101

Location on Google Maps: https://www.google.com/maps?q=23.0225,72.5714

AMTS Emergency Response Team is on-site providing assistance.

Immediate Action Required,
AMTS Emergency Response Team
-------------------------------------------------------------------------------
Content-Type: text/plain; charset="utf-8"
MIME-Version: 1.0
Content-Transfer-Encoding: 8bit
Subject: 
 =?utf-8?q?=F0=9F=9A=A8_FAMILY_EMERGENCY=3A_Possible_Bus_Accident_-_Bus_33?=
From: AMTS Emergency <noreply.amts.emergency@gmail.com>
To: testuser10@example.com
Date: Thu, 08 Jan 2026 08:07:50 -0000
Message-ID: <176785967023.17712.3253356658241104915@Samarth-Elite>

EMERGENCY NOTIFICATION - AMTS

🚨 FAMILY EMERGENCY ALERT 🚨

An accident involving your family member has occurred.

📍 Location: Live GPS Location - Bus 33 Route (https://www.google.com/maps?q=23.0225,72.5714)
🚌 Bus Number: 33
🛣️ Route: Gokul Park ↔ Lal Darwaja
⏰ Time: 08/01/2026 at 01:37 PM

Please contact emergency services or the AMTS control room immediately:
- Emergency Services: 108
- AMTS Control Room: +91-79-2658-0000
- Police: 100
- Fire: 101

Location on Google Maps: https://www.google.com/maps?q=23.0225,72.5714

AMTS Emergency Response Team is on-site providing assistance.

Immediate Action Required,
AMTS Emergency Response Team
-------------------------------------------------------------------------------
Content-Type: text/plain; charset="utf-8"
MIME-Version: 1.0
Content-Transfer-Encoding: 8bit
Subject: 
 =?utf-8?q?=F0=9F=9A=A8_FAMILY_EMERGENCY=3A_Possible_Bus_Accident_-_Bus_33?=
From: AMTS Emergency <noreply.amts.emergency@gmail.com>
To: testuser6@example.com
Date: Thu, 08 Jan 2026 08:07:50 -0000
Message-ID: <176785967024.17712.8283365268573395038@Samarth-Elite>

EMERGENCY NOTIFICATION - AMTS

🚨 FAMILY EMERGENCY ALERT 🚨

An accident involving your family member has occurred.

📍 Location: Live GPS Location - Bus 33 Route (https://www.google.com/maps?q=23.0225,72.5714)
🚌 Bus Number: 33
🛣️ Route: Gokul Park ↔ Lal Darwaja
⏰ Time: 08/01/2026 at 01:37 PM

Please contact emergency services or the AMTS control room immediately:
- Emergency Services: 108
- AMTS Control Room: +91-79-2658-0000
- Police: 100
- Fire: 101

Location on Google Maps: https://www.google.com/maps?q=23.0225,72.5714

AMTS Emergency Response Team is on-site providing assistance.

Immediate Action Required,
AMTS Emergency Response Team
-------------------------------------------------------------------------------
Content-Type: text/plain; charset="utf-8"
MIME-Version: 1.0
Content-Transfer-Encoding: 8bit
Subject: 
 =?utf-8?q?=F0=9F=9A=A8_FAMILY_EMERGENCY=3A_Possible_Bus_Accident_-_Bus_33?=
From: AMTS Emergency <noreply.amts.emergency@gmail.com>
To: testuser5@example.com
Date: Thu, 08 Jan 2026 08:07:50 -0000
Message-ID: <176785967025.17712.5507308046055839040@Samarth-Elite>

EMERGENCY NOTIFICATION - AMTS

🚨 FAMILY EMERGENCY ALERT 🚨

An accident involving your family member has occurred.

📍 Location: Live GPS Location - Bus 33 Route (https://www.google.com/maps?q=23.0225,72.5714)
🚌 Bus Number: 33
🛣️ Route: Gokul Park ↔ Lal Darwaja
⏰ Time: 08/01/2026 at 01:37 PM

Please contact emergency services or the AMTS control room immediately:
- Emergency Services: 108
- AMTS Control Room: +91-79-2658-0000
- Police: 100
- Fire: 101

Location on Google Maps: https://www.google.com/maps?q=23.0225,72.5714

AMTS Emergency Response Team is on-site providing assistance.

Immediate Action Required,
AMTS Emergency Response Team
-------------------------------------------------------------------------------
Content-Type: text/plain; charset="utf-8"
MIME-Version: 1.0
Content-Transfer-Encoding: 8bit
Subject: 
 =?utf-8?q?=F0=9F=9A=A8_FAMILY_EMERGENCY=3A_Possible_Bus_Accident_-_Bus_33?=
From: AMTS Emergency <noreply.amts.emergency@gmail.com>
To: ayushgodhani003@gmail.com
Date: Thu, 08 Jan 2026 08:07:50 -0000
Message-ID: <176785967025.17712.666728894826903396@Samarth-Elite>

EMERGENCY NOTIFICATION - AMTS

🚨 FAMILY EMERGENCY ALERT 🚨

An accident involving your family member has occurred.

📍 Location: Live GPS Location - Bus 33 Route (https://www.google.com/maps?q=23.0225,72.5714)
🚌 Bus Number: 33
🛣️ Route: Gokul Park ↔ Lal Darwaja
⏰ Time: 08/01/2026 at 01:37 PM

Please contact emergency services or the AMTS control room immediately:
- Emergency Services: 108
- AMTS Control Room: +91-79-2658-0000
- Police: 100
- Fire: 101

Location on Google Maps: https://www.google.com/maps?q=23.0225,72.5714

AMTS Emergency Response Team is on-site providing assistance.

Immediate Action Required,
AMTS Emergency Response Team
-------------------------------------------------------------------------------
Content-Type: text/plain; charset="utf-8"
MIME-Version: 1.0
Content-Transfer-Encoding: 8bit
Subject: 
 =?utf-8?q?=F0=9F=9A=A8_FAMILY_EMERGENCY=3A_Possible_Bus_Accident_-_Bus_33?=
From: AMTS Emergency <noreply.amts.emergency@gmail.com>
To: testuser18@example.com
Date: Thu, 08 Jan 2026 08:07:50 -0000
Message-ID: <176785967026.17712.10672301689981790111@Samarth-Elite>

EMERGENCY NOTIFICATION - AMTS

🚨 FAMILY EMERGENCY ALERT 🚨

An accident involving your family member has occurred.

📍 Location: Live GPS Location - Bus 33 Route (https://www.google.com/maps?q=23.0225,72.5714)
🚌 Bus Number: 33
🛣️ Route: Gokul Park ↔ Lal Darwaja
⏰ Time: 08/01/2026 at 01:37 PM

Please contact emergency services or the AMTS control room immediately:
- Emergency Services: 108
- AMTS Control Room: +91-79-2658-0000
- Police: 100
- Fire: 101

Location on Google Maps: https://www.google.com/maps?q=23.0225,72.5714

AMTS Emergency Response Team is on-site providing assistance.

Immediate Action Required,
AMTS Emergency Response Team
-------------------------------------------------------------------------------
Content-Type: text/plain; charset="utf-8"
MIME-Version: 1.0
Content-Transfer-Encoding: 8bit
Subject: 
 =?utf-8?q?=F0=9F=9A=A8_FAMILY_EMERGENCY=3A_Possible_Bus_Accident_-_Bus_33?=
From: AMTS Emergency <noreply.amts.emergency@gmail.com>
To: testuser4@example.com
Date: Thu, 08 Jan 2026 08:07:50 -0000
Message-ID: <176785967026.17712.694010317405646661@Samarth-Elite>

EMERGENCY NOTIFICATION - AMTS

🚨 FAMILY EMERGENCY ALERT 🚨

An accident involving your family member has occurred.

📍 Location: Live GPS Location - Bus 33 Route (https://www.google.com/maps?q=23.0225,72.5714)
🚌 Bus Number: 33
🛣️ Route: Gokul Park ↔ Lal Darwaja
⏰ Time: 08/01/2026 at 01:37 PM

Please contact emergency services or the AMTS control room immediately:
- Emergency Services: 108
- AMTS Control Room: +91-79-2658-0000
- Police: 100
- Fire: 101

Location on Google Maps: https://www.google.com/maps?q=23.0225,72.5714

AMTS Emergency Response Team is on-site providing assistance.

Immediate Action Required,
AMTS Emergency Response Team
-------------------------------------------------------------------------------
Content-Type: text/plain; charset="utf-8"
MIME-Version: 1.0
Content-Transfer-Encoding: 8bit
Subject: 
 =?utf-8?q?=F0=9F=9A=A8_FAMILY_EMERGENCY=3A_Possible_Bus_Accident_-_Bus_33?=
From: AMTS Emergency <noreply.amts.emergency@gmail.com>
To: vaibhavmevada796@gmail.com
Date: Thu, 08 Jan 2026 08:07:50 -0000
Message-ID: <176785967027.17712.12502166040667896722@Samarth-Elite>

EMERGENCY NOTIFICATION - AMTS

🚨 FAMILY EMERGENCY ALERT 🚨

An accident involving your family member has occurred.

📍 Location: Live GPS Location - Bus 33 Route (https://www.google.com/maps?q=23.0225,72.5714)
🚌 Bus Number: 33
🛣️ Route: Gokul Park ↔ Lal Darwaja
⏰ Time: 08/01/2026 at 01:37 PM

Please contact emergency services or the AMTS control room immediately:
- Emergency Services: 108
- AMTS Control Room: +91-79-2658-0000
- Police: 100
- Fire: 101

Location on Google Maps: https://www.google.com/maps?q=23.0225,72.5714

AMTS Emergency Response Team is on-site providing assistance.

Immediate Action Required,
AMTS Emergency Response Team
-------------------------------------------------------------------------------
Content-Type: text/plain; charset="utf-8"
MIME-Version: 1.0
Content-Transfer-Encoding: 8bit
Subject: 
 =?utf-8?q?=F0=9F=9A=A8_FAMILY_EMERGENCY=3A_Possible_Bus_Accident_-_Bus_33?=
From: AMTS Emergency <noreply.amts.emergency@gmail.com>
To: testuser1@example.com
Date: Thu, 08 Jan 2026 08:07:50 -0000
Message-ID: <176785967028.17712.8766994366216103221@Samarth-Elite>

EMERGENCY NOTIFICATION - AMTS

🚨 FAMILY EMERGENCY ALERT 🚨

An accident involving your family member has occurred.

📍 Location: Live GPS Location - Bus 33 Route (https://www.google.com/maps?q=23.0225,72.5714)
🚌 Bus Number: 33
🛣️ Route: Gokul Park ↔ Lal Darwaja
⏰ Time: 08/01/2026 at 01:37 PM

Please contact emergency services or the AMTS control room immediately:
- Emergency Services: 108
- AMTS Control Room: +91-79-2658-0000
- Police: 100
- Fire: 101

Location on Google Maps: https://www.google.com/maps?q=23.0225,72.5714

AMTS Emergency Response Team is on-site providing assistance.

Immediate Action Required,
AMTS Emergency Response Team
-------------------------------------------------------------------------------
Content-Type: text/plain; charset="utf-8"
MIME-Version: 1.0
Content-Transfer-Encoding: 8bit
Subject: 
 =?utf-8?q?=F0=9F=9A=A8_FAMILY_EMERGENCY=3A_Possible_Bus_Accident_-_Bus_33?=
From: AMTS Emergency <noreply.amts.emergency@gmail.com>
To: testuser123@example.com
Date: Thu, 08 Jan 2026 08:07:50 -0000
Message-ID: <176785967028.17712.877918977740856846@Samarth-Elite>

EMERGENCY NOTIFICATION - AMTS

🚨 FAMILY EMERGENCY ALERT 🚨

An accident involving your family member has occurred.

📍 Location: Live GPS Location - Bus 33 Route (https://www.google.com/maps?q=23.0225,72.5714)
🚌 Bus Number: 33
🛣️ Route: Gokul Park ↔ Lal Darwaja
⏰ Time: 08/01/2026 at 01:37 PM

Please contact emergency services or the AMTS control room immediately:
- Emergency Services: 108
- AMTS Control Room: +91-79-2658-0000
- Police: 100
- Fire: 101

Location on Google Maps: https://www.google.com/maps?q=23.0225,72.5714

AMTS Emergency Response Team is on-site providing assistance.

Immediate Action Required,
AMTS Emergency Response Team
-------------------------------------------------------------------------------
Content-Type: text/plain; charset="utf-8"
MIME-Version: 1.0
Content-Transfer-Encoding: 8bit
Subject: 
 =?utf-8?q?=F0=9F=9A=A8_FAMILY_EMERGENCY=3A_Possible_Bus_Accident_-_Bus_33?=
From: AMTS Emergency <noreply.amts.emergency@gmail.com>
To: dharmitpatel98@gmail.com
Date: Thu, 08 Jan 2026 08:07:50 -0000
Message-ID: <176785967029.17712.7539620241464013309@Samarth-Elite>

EMERGENCY NOTIFICATION - AMTS

🚨 FAMILY EMERGENCY ALERT 🚨

An accident involving your family member has occurred.

📍 Location: Live GPS Location - Bus 33 Route (https://www.google.com/maps?q=23.0225,72.5714)
🚌 Bus Number: 33
🛣️ Route: Gokul Park ↔ Lal Darwaja
⏰ Time: 08/01/2026 at 01:37 PM

Please contact emergency services or the AMTS control room immediately:
- Emergency Services: 108
- AMTS Control Room: +91-79-2658-0000
- Police: 100
- Fire: 101

Location on Google Maps: https://www.google.com/maps?q=23.0225,72.5714

AMTS Emergency Response Team is on-site providing assistance.

Immediate Action Required,
AMTS Emergency Response Team
-------------------------------------------------------------------------------
Content-Type: text/plain; charset="utf-8"
MIME-Version: 1.0
Content-Transfer-Encoding: 8bit
Subject: 
 =?utf-8?q?=F0=9F=9A=A8_FAMILY_EMERGENCY=3A_Possible_Bus_Accident_-_Bus_33?=
From: AMTS Emergency <noreply.amts.emergency@gmail.com>
To: testuser27@example.com
Date: Thu, 08 Jan 2026 08:07:50 -0000
Message-ID: <176785967029.17712.9387676811786918654@Samarth-Elite>

EMERGENCY NOTIFICATION - AMTS

🚨 FAMILY EMERGENCY ALERT 🚨

An accident involving your family member has occurred.

📍 Location: Live GPS Location - Bus 33 Route (https://www.google.com/maps?q=23.0225,72.5714)
🚌 Bus Number: 33
🛣️ Route: Gokul Park ↔ Lal Darwaja
⏰ Time: 08/01/2026 at 01:37 PM

Please contact emergency services or the AMTS control room immediately:
- Emergency Services: 108
- AMTS Control Room: +91-79-2658-0000
- Police: 100
- Fire: 101

Location on Google Maps: https://www.google.com/maps?q=23.0225,72.5714

AMTS Emergency Response Team is on-site providing assistance.

Immediate Action Required,
AMTS Emergency Response Team
-------------------------------------------------------------------------------
Content-Type: text/plain; charset="utf-8"
MIME-Version: 1.0
Content-Transfer-Encoding: 8bit
Subject: 
 =?utf-8?q?=F0=9F=9A=A8_FAMILY_EMERGENCY=3A_Possible_Bus_Accident_-_Bus_33?=
From: AMTS Emergency <noreply.amts.emergency@gmail.com>
To: pap58942@gmail.com
Date: Thu, 08 Jan 2026 08:07:50 -0000
Message-ID: <176785967029.17712.2607277060075713056@Samarth-Elite>

EMERGENCY NOTIFICATION - AMTS

🚨 FAMILY EMERGENCY ALERT 🚨

An accident involving your family member has occurred.

📍 Location: Live GPS Location - Bus 33 Route (https://www.google.com/maps?q=23.0225,72.5714)
🚌 Bus Number: 33
🛣️ Route: Gokul Park ↔ Lal Darwaja
⏰ Time: 08/01/2026 at 01:37 PM

Please contact emergency services or the AMTS control room immediately:
- Emergency Services: 108
- AMTS Control Room: +91-79-2658-0000
- Police: 100
- Fire: 101

Location on Google Maps: https://www.google.com/maps?q=23.0225,72.5714

AMTS Emergency Response Team is on-site providing assistance.

Immediate Action Required,
AMTS Emergency Response Team
-------------------------------------------------------------------------------
Content-Type: text/plain; charset="utf-8"
MIME-Version: 1.0
Content-Transfer-Encoding: 8bit
Subject: 
 =?utf-8?q?=F0=9F=9A=A8_FAMILY_EMERGENCY=3A_Possible_Bus_Accident_-_Bus_33?=
From: AMTS Emergency <noreply.amts.emergency@gmail.com>
To: testuser8@example.com
Date: Thu, 08 Jan 2026 08:07:50 -0000
Message-ID: <176785967030.17712.12685079412307110288@Samarth-Elite>

EMERGENCY NOTIFICATION - AMTS

🚨 FAMILY EMERGENCY ALERT 🚨

An accident involving your family member has occurred.

📍 Location: Live GPS Location - Bus 33 Route (https://www.google.com/maps?q=23.0225,72.5714)
🚌 Bus Number: 33
🛣️ Route: Gokul Park ↔ Lal Darwaja
⏰ Time: 08/01/2026 at 01:37 PM

Please contact emergency services or the AMTS control room immediately:
- Emergency Services: 108
- AMTS Control Room: +91-79-2658-0000
- Police: 100
- Fire: 101

Location on Google Maps: https://www.google.com/maps?q=23.0225,72.5714

AMTS Emergency Response Team is on-site providing assistance.

Immediate Action Required,
AMTS Emergency Response Team
-------------------------------------------------------------------------------
Content-Type: text/plain; charset="utf-8"
MIME-Version: 1.0
Content-Transfer-Encoding: 8bit
Subject: 
 =?utf-8?q?=F0=9F=9A=A8_FAMILY_EMERGENCY=3A_Possible_Bus_Accident_-_Bus_33?=
From: AMTS Emergency <noreply.amts.emergency@gmail.com>
To: testuser25@example.com
Date: Thu, 08 Jan 2026 08:07:50 -0000
Message-ID: <176785967030.17712.11515400254058948062@Samarth-Elite>

EMERGENCY NOTIFICATION - AMTS

🚨 FAMILY EMERGENCY ALERT 🚨

An accident involving your family member has occurred.

📍 Location: Live GPS Location - Bus 33 Route (https://www.google.com/maps?q=23.0225,72.5714)
🚌 Bus Number: 33
🛣️ Route: Gokul Park ↔ Lal Darwaja
⏰ Time: 08/01/2026 at 01:37 PM

Please contact emergency services or the AMTS control room immediately:
- Emergency Services: 108
- AMTS Control Room: +91-79-2658-0000
- Police: 100
- Fire: 101

Location on Google Maps: https://www.google.com/maps?q=23.0225,72.5714

AMTS Emergency Response Team is on-site providing assistance.

Immediate Action Required,
AMTS Emergency Response Team
-------------------------------------------------------------------------------
Content-Type: text/plain; charset="utf-8"
MIME-Version: 1.0
Content-Transfer-Encoding: 8bit
Subject: 
 =?utf-8?q?=F0=9F=9A=A8_FAMILY_EMERGENCY=3A_Possible_Bus_Accident_-_Bus_33?=
From: AMTS Emergency <noreply.amts.emergency@gmail.com>
To: jane.smith@example.com
Date: Thu, 08 Jan 2026 08:07:50 -0000
Message-ID: <176785967031.17712.17946679985494584572@Samarth-Elite>

EMERGENCY NOTIFICATION - AMTS

🚨 FAMILY EMERGENCY ALERT 🚨

An accident involving your family member has occurred.

📍 Location: Live GPS Location - Bus 33 Route (https://www.google.com/maps?q=23.0225,72.5714)
🚌 Bus Number: 33
🛣️ Route: Gokul Park ↔ Lal Darwaja
⏰ Time: 08/01/2026 at 01:37 PM

Please contact emergency services or the AMTS control room immediately:
- Emergency Services: 108
- AMTS Control Room: +91-79-2658-0000
- Police: 100
- Fire: 101

Location on Google Maps: https://www.google.com/maps?q=23.0225,72.5714

AMTS Emergency Response Team is on-site providing assistance.

Immediate Action Required,
AMTS Emergency Response Team
-------------------------------------------------------------------------------
Content-Type: text/plain; charset="utf-8"
MIME-Version: 1.0
Content-Transfer-Encoding: 8bit
Subject: 
 =?utf-8?q?=F0=9F=9A=A8_FAMILY_EMERGENCY=3A_Possible_Bus_Accident_-_Bus_33?=
From: AMTS Emergency <noreply.amts.emergency@gmail.com>
To: testuser2@example.com
Date: Thu, 08 Jan 2026 08:07:50 -0000
Message-ID: <176785967031.17712.5581399537174328541@Samarth-Elite>

EMERGENCY NOTIFICATION - AMTS

🚨 FAMILY EMERGENCY ALERT 🚨

An accident involving your family member has occurred.

📍 Location: Live GPS Location - Bus 33 Route (https://www.google.com/maps?q=23.0225,72.5714)
🚌 Bus Number: 33
🛣️ Route: Gokul Park ↔ Lal Darwaja
⏰ Time: 08/01/2026 at 01:37 PM

Please contact emergency services or the AMTS control room immediately:
- Emergency Services: 108
- AMTS Control Room: +91-79-2658-0000
- Police: 100
- Fire: 101

Location on Google Maps: https://www.google.com/maps?q=23.0225,72.5714

AMTS Emergency Response Team is on-site providing assistance.

Immediate Action Required,
AMTS Emergency Response Team
-------------------------------------------------------------------------------
Content-Type: text/plain; charset="utf-8"
MIME-Version: 1.0
Content-Transfer-Encoding: 8bit
Subject: 
 =?utf-8?q?=F0=9F=9A=A8_FAMILY_EMERGENCY=3A_Possible_Bus_Accident_-_Bus_33?=
From: AMTS Emergency <noreply.amts.emergency@gmail.com>
To: samarthpatel310106@gmail.com
Date: Thu, 08 Jan 2026 08:07:50 -0000
Message-ID: <176785967031.17712.12703840465850193480@Samarth-Elite>

EMERGENCY NOTIFICATION - AMTS

🚨 FAMILY EMERGENCY ALERT 🚨

An accident involving your family member has occurred.

📍 Location: Live GPS Location - Bus 33 Route (https://www.google.com/maps?q=23.0225,72.5714)
🚌 Bus Number: 33
🛣️ Route: Gokul Park ↔ Lal Darwaja
⏰ Time: 08/01/2026 at 01:37 PM

Please contact emergency services or the AMTS control room immediately:
- Emergency Services: 108
- AMTS Control Room: +91-79-2658-0000
- Police: 100
- Fire: 101

Location on Google Maps: https://www.google.com/maps?q=23.0225,72.5714

AMTS Emergency Response Team is on-site providing assistance.

Immediate Action Required,
AMTS Emergency Response Team
-------------------------------------------------------------------------------
Content-Type: text/plain; charset="utf-8"
MIME-Version: 1.0
Content-Transfer-Encoding: 8bit
Subject: 
 =?utf-8?q?=F0=9F=9A=A8_FAMILY_EMERGENCY=3A_Possible_Bus_Accident_-_Bus_33?=
From: AMTS Emergency <noreply.amts.emergency@gmail.com>
To: testuser32@example.com
Date: Thu, 08 Jan 2026 08:07:50 -0000
Message-ID: <176785967032.17712.10997946506875265276@Samarth-Elite>

EMERGENCY NOTIFICATION - AMTS

🚨 FAMILY EMERGENCY ALERT 🚨

An accident involving your family member has occurred.

📍 Location: Live GPS Location - Bus 33 Route (https://www.google.com/maps?q=23.0225,72.5714)
🚌 Bus Number: 33
🛣️ Route: Gokul Park ↔ Lal Darwaja
⏰ Time: 08/01/2026 at 01:37 PM

Please contact emergency services or the AMTS control room immediately:
- Emergency Services: 108
- AMTS Control Room: +91-79-2658-0000
- Police: 100
- Fire: 101

Location on Google Maps: https://www.google.com/maps?q=23.0225,72.5714

AMTS Emergency Response Team is on-site providing assistance.

Immediate Action Required,
AMTS Emergency Response Team
-------------------------------------------------------------------------------
Content-Type: text/plain; charset="utf-8"
MIME-Version: 1.0
Content-Transfer-Encoding: 8bit
Subject: 
 =?utf-8?q?=F0=9F=9A=A8_FAMILY_EMERGENCY=3A_Possible_Bus_Accident_-_Bus_33?=
From: AMTS Emergency <noreply.amts.emergency@gmail.com>
To: john.doe@example.com
Date: Thu, 08 Jan 2026 08:07:50 -0000
Message-ID: <176785967032.17712.11643587340922252416@Samarth-Elite>

EMERGENCY NOTIFICATION - AMTS

🚨 FAMILY EMERGENCY ALERT 🚨

An accident involving your family member has occurred.

📍 Location: Live GPS Location - Bus 33 Route (https://www.google.com/maps?q=23.0225,72.5714)
🚌 Bus Number: 33
🛣️ Route: Gokul Park ↔ Lal Darwaja
⏰ Time: 08/01/2026 at 01:37 PM

Please contact emergency services or the AMTS control room immediately:
- Emergency Services: 108
- AMTS Control Room: +91-79-2658-0000
- Police: 100
- Fire: 101

Location on Google Maps: https://www.google.com/maps?q=23.0225,72.5714

AMTS Emergency Response Team is on-site providing assistance.

Immediate Action Required,
AMTS Emergency Response Team
-------------------------------------------------------------------------------
Content-Type: text/plain; charset="utf-8"
MIME-Version: 1.0
Content-Transfer-Encoding: 8bit
Subject: 
 =?utf-8?q?=F0=9F=9A=A8_FAMILY_EMERGENCY=3A_Possible_Bus_Accident_-_Bus_33?=
From: AMTS Emergency <noreply.amts.emergency@gmail.com>
To: testuser20@example.com
Date: Thu, 08 Jan 2026 08:07:50 -0000
Message-ID: <176785967033.17712.3410055260567913883@Samarth-Elite>

EMERGENCY NOTIFICATION - AMTS

🚨 FAMILY EMERGENCY ALERT 🚨

An accident involving your family member has occurred.

📍 Location: Live GPS Location - Bus 33 Route (https://www.google.com/maps?q=23.0225,72.5714)
🚌 Bus Number: 33
🛣️ Route: Gokul Park ↔ Lal Darwaja
⏰ Time: 08/01/2026 at 01:37 PM

Please contact emergency services or the AMTS control room immediately:
- Emergency Services: 108
- AMTS Control Room: +91-79-2658-0000
- Police: 100
- Fire: 101

Location on Google Maps: https://www.google.com/maps?q=23.0225,72.5714

AMTS Emergency Response Team is on-site providing assistance.

Immediate Action Required,
AMTS Emergency Response Team
-------------------------------------------------------------------------------
Content-Type: text/plain; charset="utf-8"
MIME-Version: 1.0
Content-Transfer-Encoding: 8bit
Subject: 
 =?utf-8?q?=F0=9F=9A=A8_FAMILY_EMERGENCY=3A_Possible_Bus_Accident_-_Bus_33?=
From: AMTS Emergency <noreply.amts.emergency@gmail.com>
To: testuser7@example.com
Date: Thu, 08 Jan 2026 08:07:50 -0000
Message-ID: <176785967033.17712.4248269358706958209@Samarth-Elite>

EMERGENCY NOTIFICATION - AMTS

🚨 FAMILY EMERGENCY ALERT 🚨

An accident involving your family member has occurred.

📍 Location: Live GPS Location - Bus 33 Route (https://www.google.com/maps?q=23.0225,72.5714)
🚌 Bus Number: 33
🛣️ Route: Gokul Park ↔ Lal Darwaja
⏰ Time: 08/01/2026 at 01:37 PM

Please contact emergency services or the AMTS control room immediately:
- Emergency Services: 108
- AMTS Control Room: +91-79-2658-0000
- Police: 100
- Fire: 101

Location on Google Maps: https://www.google.com/maps?q=23.0225,72.5714

AMTS Emergency Response Team is on-site providing assistance.

Immediate Action Required,
AMTS Emergency Response Team
-------------------------------------------------------------------------------
Content-Type: text/plain; charset="utf-8"
MIME-Version: 1.0
Content-Transfer-Encoding: 8bit
Subject: 
 =?utf-8?q?=F0=9F=9A=A8_FAMILY_EMERGENCY=3A_Possible_Bus_Accident_-_Bus_33?=
From: AMTS Emergency <noreply.amts.emergency@gmail.com>
To: vaibhavmevada796@gmail.com
Date: Thu, 08 Jan 2026 08:07:50 -0000
Message-ID: <176785967033.17712.13070454786770896416@Samarth-Elite>

EMERGENCY NOTIFICATION - AMTS

🚨 FAMILY EMERGENCY ALERT 🚨

An accident involving your family member has occurred.

📍 Location: Live GPS Location - Bus 33 Route (https://www.google.com/maps?q=23.0225,72.5714)
🚌 Bus Number: 33
🛣️ Route: Gokul Park ↔ Lal Darwaja
⏰ Time: 08/01/2026 at 01:37 PM

Please contact emergency services or the AMTS control room immediately:
- Emergency Services: 108
- AMTS Control Room: +91-79-2658-0000
- Police: 100
- Fire: 101

Location on Google Maps: https://www.google.com/maps?q=23.0225,72.5714

AMTS Emergency Response Team is on-site providing assistance.

Immediate Action Required,
AMTS Emergency Response Team
-------------------------------------------------------------------------------
Content-Type: text/plain; charset="utf-8"
MIME-Version: 1.0
Content-Transfer-Encoding: 8bit
Subject: 
 =?utf-8?q?=F0=9F=9A=A8_FAMILY_EMERGENCY=3A_Possible_Bus_Accident_-_Bus_33?=
From: AMTS Emergency <noreply.amts.emergency@gmail.com>
To: testuser22@example.com
Date: Thu, 08 Jan 2026 08:07:50 -0000
Message-ID: <176785967034.17712.13498628564471519354@Samarth-Elite>

EMERGENCY NOTIFICATION - AMTS

🚨 FAMILY EMERGENCY ALERT 🚨

An accident involving your family member has occurred.

📍 Location: Live GPS Location - Bus 33 Route (https://www.google.com/maps?q=23.0225,72.5714)
🚌 Bus Number: 33
🛣️ Route: Gokul Park ↔ Lal Darwaja
⏰ Time: 08/01/2026 at 01:37 PM

Please contact emergency services or the AMTS control room immediately:
- Emergency Services: 108
- AMTS Control Room: +91-79-2658-0000
- Police: 100
- Fire: 101

Location on Google Maps: https://www.google.com/maps?q=23.0225,72.5714

AMTS Emergency Response Team is on-site providing assistance.

Immediate Action Required,
AMTS Emergency Response Team
-------------------------------------------------------------------------------
Content-Type: text/plain; charset="utf-8"
MIME-Version: 1.0
Content-Transfer-Encoding: 8bit
Subject: 
 =?utf-8?q?=F0=9F=9A=A8_FAMILY_EMERGENCY=3A_Possible_Bus_Accident_-_Bus_33?=
From: AMTS Emergency <noreply.amts.emergency@gmail.com>
To: test@example.com
Date: Thu, 08 Jan 2026 08:07:50 -0000
Message-ID: <176785967034.17712.12066083422098334289@Samarth-Elite>

EMERGENCY NOTIFICATION - AMTS

🚨 FAMILY EMERGENCY ALERT 🚨

An accident involving your family member has occurred.

📍 Location: Live GPS Location - Bus 33 Route (https://www.google.com/maps?q=23.0225,72.5714)
🚌 Bus Number: 33
🛣️ Route: Gokul Park ↔ Lal Darwaja
⏰ Time: 08/01/2026 at 01:37 PM

Please contact emergency services or the AMTS control room immediately:
- Emergency Services: 108
- AMTS Control Room: +91-79-2658-0000
- Police: 100
- Fire: 101

Location on Google Maps: https://www.google.com/maps?q=23.0225,72.5714

AMTS Emergency Response Team is on-site providing assistance.

Immediate Action Required,
AMTS Emergency Response Team
-------------------------------------------------------------------------------
Content-Type: text/plain; charset="utf-8"
MIME-Version: 1.0
Content-Transfer-Encoding: 8bit
Subject: 
 =?utf-8?q?=F0=9F=9A=A8_FAMILY_EMERGENCY=3A_Possible_Bus_Accident_-_Bus_33?=
From: AMTS Emergency <noreply.amts.emergency@gmail.com>
To: testuser29@example.com
Date: Thu, 08 Jan 2026 08:07:50 -0000
Message-ID: <176785967035.17712.10603488323384982406@Samarth-Elite>

EMERGENCY NOTIFICATION - AMTS

🚨 FAMILY EMERGENCY ALERT 🚨

An accident involving your family member has occurred.

📍 Location: Live GPS Location - Bus 33 Route (https://www.google.com/maps?q=23.0225,72.5714)
🚌 Bus Number: 33
🛣️ Route: Gokul Park ↔ Lal Darwaja
⏰ Time: 08/01/2026 at 01:37 PM

Please contact emergency services or the AMTS control room immediately:
- Emergency Services: 108
- AMTS Control Room: +91-79-2658-0000
- Police: 100
- Fire: 101

Location on Google Maps: https://www.google.com/maps?q=23.0225,72.5714

AMTS Emergency Response Team is on-site providing assistance.

Immediate Action Required,
AMTS Emergency Response Team
-------------------------------------------------------------------------------
Content-Type: text/plain; charset="utf-8"
MIME-Version: 1.0
Content-Transfer-Encoding: 8bit
Subject: 
 =?utf-8?q?=F0=9F=9A=A8_FAMILY_EMERGENCY=3A_Possible_Bus_Accident_-_Bus_33?=
From: AMTS Emergency <noreply.amts.emergency@gmail.com>
To: raj.patel@example.com
Date: Thu, 08 Jan 2026 08:07:50 -0000
Message-ID: <176785967035.17712.15353165438304513416@Samarth-Elite>

EMERGENCY NOTIFICATION - AMTS

🚨 FAMILY EMERGENCY ALERT 🚨

An accident involving your family member has occurred.

📍 Location: Live GPS Location - Bus 33 Route (https://www.google.com/maps?q=23.0225,72.5714)
🚌 Bus Number: 33
🛣️ Route: Gokul Park ↔ Lal Darwaja
⏰ Time: 08/01/2026 at 01:37 PM

Please contact emergency services or the AMTS control room immediately:
- Emergency Services: 108
- AMTS Control Room: +91-79-2658-0000
- Police: 100
- Fire: 101

Location on Google Maps: https://www.google.com/maps?q=23.0225,72.5714

AMTS Emergency Response Team is on-site providing assistance.

Immediate Action Required,
AMTS Emergency Response Team
-------------------------------------------------------------------------------
Content-Type: text/plain; charset="utf-8"
MIME-Version: 1.0
Content-Transfer-Encoding: 8bit
Subject: 
 =?utf-8?q?=F0=9F=9A=A8_FAMILY_EMERGENCY=3A_Possible_Bus_Accident_-_Bus_33?=
From: AMTS Emergency <noreply.amts.emergency@gmail.com>
To: testuser21@example.com
Date: Thu, 08 Jan 2026 08:07:50 -0000
Message-ID: <176785967035.17712.14704662335636294904@Samarth-Elite>

EMERGENCY NOTIFICATION - AMTS

🚨 FAMILY EMERGENCY ALERT 🚨

An accident involving your family member has occurred.

📍 Location: Live GPS Location - Bus 33 Route (https://www.google.com/maps?q=23.0225,72.5714)
🚌 Bus Number: 33
🛣️ Route: Gokul Park ↔ Lal Darwaja
⏰ Time: 08/01/2026 at 01:37 PM

Please contact emergency services or the AMTS control room immediately:
- Emergency Services: 108
- AMTS Control Room: +91-79-2658-0000
- Police: 100
- Fire: 101

Location on Google Maps: https://www.google.com/maps?q=23.0225,72.5714

AMTS Emergency Response Team is on-site providing assistance.

Immediate Action Required,
AMTS Emergency Response Team
-------------------------------------------------------------------------------
Content-Type: text/plain; charset="utf-8"
MIME-Version: 1.0
Content-Transfer-Encoding: 8bit
Subject: 
 =?utf-8?q?=F0=9F=9A=A8_FAMILY_EMERGENCY=3A_Possible_Bus_Accident_-_Bus_33?=
From: AMTS Emergency <noreply.amts.emergency@gmail.com>
To: manthan07@gmail.com
Date: Thu, 08 Jan 2026 08:07:50 -0000
Message-ID: <176785967036.17712.7960395322968258169@Samarth-Elite>

EMERGENCY NOTIFICATION - AMTS

🚨 FAMILY EMERGENCY ALERT 🚨

An accident involving your family member has occurred.

📍 Location: Live GPS Location - Bus 33 Route (https://www.google.com/maps?q=23.0225,72.5714)
🚌 Bus Number: 33
🛣️ Route: Gokul Park ↔ Lal Darwaja
⏰ Time: 08/01/2026 at 01:37 PM

Please contact emergency services or the AMTS control room immediately:
- Emergency Services: 108
- AMTS Control Room: +91-79-2658-0000
- Police: 100
- Fire: 101

Location on Google Maps: https://www.google.com/maps?q=23.0225,72.5714

AMTS Emergency Response Team is on-site providing assistance.

Immediate Action Required,
AMTS Emergency Response Team
-------------------------------------------------------------------------------
Content-Type: text/plain; charset="utf-8"
MIME-Version: 1.0
Content-Transfer-Encoding: 8bit
Subject: 
 =?utf-8?q?=F0=9F=9A=A8_FAMILY_EMERGENCY=3A_Possible_Bus_Accident_-_Bus_33?=
From: AMTS Emergency <noreply.amts.emergency@gmail.com>
To: testuser12@example.com
Date: Thu, 08 Jan 2026 08:07:50 -0000
Message-ID: <176785967036.17712.17477423744997756957@Samarth-Elite>

EMERGENCY NOTIFICATION - AMTS

🚨 FAMILY EMERGENCY ALERT 🚨

An accident involving your family member has occurred.

📍 Location: Live GPS Location - Bus 33 Route (https://www.google.com/maps?q=23.0225,72.5714)
🚌 Bus Number: 33
🛣️ Route: Gokul Park ↔ Lal Darwaja
⏰ Time: 08/01/2026 at 01:37 PM

Please contact emergency services or the AMTS control room immediately:
- Emergency Services: 108
- AMTS Control Room: +91-79-2658-0000
- Police: 100
- Fire: 101

Location on Google Maps: https://www.google.com/maps?q=23.0225,72.5714

AMTS Emergency Response Team is on-site providing assistance.

Immediate Action Required,
AMTS Emergency Response Team
-------------------------------------------------------------------------------
Content-Type: text/plain; charset="utf-8"
MIME-Version: 1.0
Content-Transfer-Encoding: 8bit
Subject: 
 =?utf-8?q?=F0=9F=9A=A8_FAMILY_EMERGENCY=3A_Possible_Bus_Accident_-_Bus_33?=
From: AMTS Emergency <noreply.amts.emergency@gmail.com>
To: testuser11@example.com
Date: Thu, 08 Jan 2026 08:07:50 -0000
Message-ID: <176785967037.17712.2985599109826054892@Samarth-Elite>

EMERGENCY NOTIFICATION - AMTS

🚨 FAMILY EMERGENCY ALERT 🚨

An accident involving your family member has occurred.

📍 Location: Live GPS Location - Bus 33 Route (https://www.google.com/maps?q=23.0225,72.5714)
🚌 Bus Number: 33
🛣️ Route: Gokul Park ↔ Lal Darwaja
⏰ Time: 08/01/2026 at 01:37 PM

Please contact emergency services or the AMTS control room immediately:
- Emergency Services: 108
- AMTS Control Room: +91-79-2658-0000
- Police: 100
- Fire: 101

Location on Google Maps: https://www.google.com/maps?q=23.0225,72.5714

AMTS Emergency Response Team is on-site providing assistance.

Immediate Action Required,
AMTS Emergency Response Team
-------------------------------------------------------------------------------
Content-Type: text/plain; charset="utf-8"
MIME-Version: 1.0
Content-Transfer-Encoding: 8bit
Subject: 
 =?utf-8?q?=F0=9F=9A=A8_BUS_ACCIDENT_REPORT_-_Bus_33_-_Immediate_Response_Req?=
 =?utf-8?q?uired?=
From: AMTS Emergency <noreply.amts.emergency@gmail.com>
To: vaibhavmevada796@gmail.com
Date: Thu, 08 Jan 2026 08:07:50 -0000
Message-ID: <176785967037.17712.6078325246747934966@Samarth-Elite>

EMERGENCY INCIDENT REPORT - AMTS

🚨 BUS ACCIDENT DETECTED 🚨

INCIDENT DETAILS:
- Bus Number: 33
- Route: Gokul Park ↔ Lal Darwaja
- Location: Live GPS Location - Bus 33 Route (https://www.google.com/maps?q=23.0225,72.5714)
- GPS Coordinates: 23.0225, 72.5714
- Time: 08/01/2026 at 01:37 PM

AFFECTED PASSENGERS: 0 confirmed bookings
EMERGENCY NOTIFICATIONS SENT: 40 family alerts

IMMEDIATE ACTIONS REQUIRED:
1. Dispatch emergency response team
2. Coordinate with local emergency services
3. Set up family assistance center
4. Prepare medical support
5. Notify media relations team

Google Maps Location: https://www.google.com/maps?q=23.0225,72.5714

This is an automated emergency alert from AMTS Safety System.
Please respond immediately.

AMTS Emergency Response System
-------------------------------------------------------------------------------
Content-Type: text/plain; charset="utf-8"
MIME-Version: 1.0
Content-Transfer-Encoding: 8bit
Subject: 
 =?utf-8?q?=F0=9F=9A=A8_BUS_ACCIDENT_REPORT_-_Bus_33_-_Immediate_Response_Req?=
 =?utf-8?q?uired?=
From: AMTS Emergency <noreply.amts.emergency@gmail.com>
To: emergency@amts.gov.in
Date: Thu, 08 Jan 2026 08:07:50 -0000
Message-ID: <176785967039.17712.4279706224072222654@Samarth-Elite>

EMERGENCY INCIDENT REPORT - AMTS

🚨 BUS ACCIDENT DETECTED 🚨

INCIDENT DETAILS:
- Bus Number: 33
- Route: Gokul Park ↔ Lal Darwaja
- Location: Live GPS Location - Bus 33 Route (https://www.google.com/maps?q=23.0225,72.5714)
- GPS Coordinates: 23.0225, 72.5714
- Time: 08/01/2026 at 01:37 PM

AFFECTED PASSENGERS: 0 confirmed bookings
EMERGENCY NOTIFICATIONS SENT: 40 family alerts

IMMEDIATE ACTIONS REQUIRED:
1. Dispatch emergency response team
2. Coordinate with local emergency services
3. Set up family assistance center
4. Prepare medical support
5. Notify media relations team

Google Maps Location: https://www.google.com/maps?q=23.0225,72.5714

This is an automated emergency alert from AMTS Safety System.
Please respond immediately.

AMTS Emergency Response System
-------------------------------------------------------------------------------
Content-Type: text/plain; charset="utf-8"
MIME-Version: 1.0
Content-Transfer-Encoding: 8bit
Subject: 
 =?utf-8?q?=F0=9F=9A=A8_BUS_ACCIDENT_REPORT_-_Bus_33_-_Immediate_Response_Req?=
 =?utf-8?q?uired?=
From: AMTS Emergency <noreply.amts.emergency@gmail.com>
To: control.room@amts.gov.in
Date: Thu, 08 Jan 2026 08:07:50 -0000
Message-ID: <176785967039.17712.1545381642130708534@Samarth-Elite>

EMERGENCY INCIDENT REPORT - AMTS

🚨 BUS ACCIDENT DETECTED 🚨

INCIDENT DETAILS:
- Bus Number: 33
- Route: Gokul Park ↔ Lal Darwaja
- Location: Live GPS Location - Bus 33 Route (https://www.google.com/maps?q=23.0225,72.5714)
- GPS Coordinates: 23.0225, 72.5714
- Time: 08/01/2026 at 01:37 PM

AFFECTED PASSENGERS: 0 confirmed bookings
EMERGENCY NOTIFICATIONS SENT: 40 family alerts

IMMEDIATE ACTIONS REQUIRED:
1. Dispatch emergency response team
2. Coordinate with local emergency services
3. Set up family assistance center
4. Prepare medical support
5. Notify media relations team

Google Maps Location: https://www.google.com/maps?q=23.0225,72.5714

This is an automated emergency alert from AMTS Safety System.
Please respond immediately.

AMTS Emergency Response System
-------------------------------------------------------------------------------
Content-Type: text/plain; charset="utf-8"
MIME-Version: 1.0
Content-Transfer-Encoding: 8bit
Subject: 
 =?utf-8?q?=F0=9F=9A=A8_BUS_ACCIDENT_REPORT_-_Bus_33_-_Immediate_Response_Req?=
 =?utf-8?q?uired?=
From: AMTS Emergency <noreply.amts.emergency@gmail.com>
To: safety@amts.gov.in
Date: Thu, 08 Jan 2026 08:07:50 -0000
Message-ID: <176785967040.17712.6681700787162654356@Samarth-Elite>

EMERGENCY INCIDENT REPORT - AMTS

🚨 BUS ACCIDENT DETECTED 🚨

INCIDENT DETAILS:
- Bus Number: 33
- Route: Gokul Park ↔ Lal Darwaja
- Location: Live GPS Location - Bus 33 Route (https://www.google.com/maps?q=23.0225,72.5714)
- GPS Coordinates: 23.0225, 72.5714
- Time: 08/01/2026 at 01:37 PM

AFFECTED PASSENGERS: 0 confirmed bookings
EMERGENCY NOTIFICATIONS SENT: 40 family alerts

IMMEDIATE ACTIONS REQUIRED:
1. Dispatch emergency response team
2. Coordinate with local emergency services
3. Set up family assistance center
4. Prepare medical support
5. Notify media relations team

Google Maps Location: https://www.google.com/maps?q=23.0225,72.5714

This is an automated emergency alert from AMTS Safety System.
Please respond immediately.

AMTS Emergency Response System
-------------------------------------------------------------------------------
Content-Type: text/plain; charset="utf-8"
MIME-Version: 1.0
Content-Transfer-Encoding: 8bit
Subject: 
 =?utf-8?q?=F0=9F=9A=A8_BUS_ACCIDENT_REPORT_-_Bus_33_-_Immediate_Response_Req?=
 =?utf-8?q?uired?=
From: AMTS Emergency <noreply.amts.emergency@gmail.com>
To: admin@amts.gov.in
Date: Thu, 08 Jan 2026 08:07:50 -0000
Message-ID: <176785967041.17712.4467396512848012530@Samarth-Elite>

EMERGENCY INCIDENT REPORT - AMTS

🚨 BUS ACCIDENT DETECTED 🚨

INCIDENT DETAILS:
- Bus Number: 33
- Route: Gokul Park ↔ Lal Darwaja
- Location: Live GPS Location - Bus 33 Route (https://www.google.com/maps?q=23.0225,72.5714)
- GPS Coordinates: 23.0225, 72.5714
- Time: 08/01/2026 at 01:37 PM

AFFECTED PASSENGERS: 0 confirmed bookings
EMERGENCY NOTIFICATIONS SENT: 40 family alerts

IMMEDIATE ACTIONS REQUIRED:
1. Dispatch emergency response team
2. Coordinate with local emergency services
3. Set up family assistance center
4. Prepare medical support
5. Notify media relations team

Google Maps Location: https://www.google.com/maps?q=23.0225,72.5714

This is an automated emergency alert from AMTS Safety System.
Please respond immediately.

AMTS Emergency Response System
-------------------------------------------------------------------------------
