Content-Type: text/plain; charset="utf-8"
MIME-Version: 1.0
Content-Transfer-Encoding: 8bit
Subject: =?utf-8?q?=F0=9F=9A=A8_URGENT=3A_Bus_Accident_Alert_-_Bus_401?=
From: AMTS Emergency <noreply.amts.emergency@gmail.com>
To: samarthpatel310106@gmail.com
Date: Wed, 07 Jan 2026 16:48:18 -0000
Message-ID: <176780449830.12920.16595107395381520960@LAPTOP-7FNM8Q6O>

EMERGENCY NOTIFICATION - AMTS

🚨 ACCIDENT ALERT 🚨

An accident involving Bus 401 has been reported.

📍 Location: Emergency Simulation - Bus 401 Route (https://www.google.com/maps?q=23.0225,72.5714)
🚌 Bus Number: 401
🛣️ Route: Vasna Terminus ↔ Chandkheda (Sarathi Bunglows)
⏰ Time: 07/01/2026 at 10:18 PM

If you or your family member was traveling on this bus, please:
1. Contact emergency services: 108
2. Call AMTS Control Room: +91-79-2658-0000
3. Visit the accident location if safe to do so

AMTS is coordinating with emergency services for immediate assistance.

Stay safe,
AMTS Emergency Response Team
-------------------------------------------------------------------------------
Content-Type: text/plain; charset="utf-8"
MIME-Version: 1.0
Content-Transfer-Encoding: 8bit
Subject: 
 =?utf-8?q?=F0=9F=9A=A8_FAMILY_EMERGENCY=3A_Possible_Bus_Accident_-_Bus_401?=
From: AMTS Emergency <noreply.amts.emergency@gmail.com>
To: testuser32@example.com
Date: Wed, 07 Jan 2026 16:48:18 -0000
Message-ID: <176780449831.12920.8289864135983067731@LAPTOP-7FNM8Q6O>

EMERGENCY NOTIFICATION - AMTS

🚨 FAMILY EMERGENCY ALERT 🚨

An accident involving your family member has occurred.

📍 Location: Emergency Simulation - Bus 401 Route (https://www.google.com/maps?q=23.0225,72.5714)
🚌 Bus Number: 401
🛣️ Route: Vasna Terminus ↔ Chandkheda (Sarathi Bunglows)
⏰ Time: 07/01/2026 at 10:18 PM

Please contact emergency services or the AMTS control room immediately:
- Emergency Services: 108
- AMTS Control Room: +91-79-2658-0000
- Police: 100
- Fire: 101

Location on Google Maps: https://www.google.com/maps?q=23.0225,72.5714

AMTS Emergency Response Team is on-site providing assistance.

Immediate Action Required,
AMTS Emergency Response Team
-------------------------------------------------------------------------------
Content-Type: text/plain; charset="utf-8"
MIME-Version: 1.0
Content-Transfer-Encoding: 8bit
Subject: 
 =?utf-8?q?=F0=9F=9A=A8_FAMILY_EMERGENCY=3A_Possible_Bus_Accident_-_Bus_401?=
From: AMTS Emergency <noreply.amts.emergency@gmail.com>
To: vaibhavmevada796@gmail.com
Date: Wed, 07 Jan 2026 16:48:18 -0000
Message-ID: <176780449832.12920.17598977449600817941@LAPTOP-7FNM8Q6O>

EMERGENCY NOTIFICATION - AMTS

🚨 FAMILY EMERGENCY ALERT 🚨

An accident involving your family member has occurred.

📍 Location: Emergency Simulation - Bus 401 Route (https://www.google.com/maps?q=23.0225,72.5714)
🚌 Bus Number: 401
🛣️ Route: Vasna Terminus ↔ Chandkheda (Sarathi Bunglows)
⏰ Time: 07/01/2026 at 10:18 PM

Please contact emergency services or the AMTS control room immediately:
- Emergency Services: 108
- AMTS Control Room: +91-79-2658-0000
- Police: 100
- Fire: 101

Location on Google Maps: https://www.google.com/maps?q=23.0225,72.5714

AMTS Emergency Response Team is on-site providing assistance.

Immediate Action Required,
AMTS Emergency Response Team
-------------------------------------------------------------------------------
Content-Type: text/plain; charset="utf-8"
MIME-Version: 1.0
Content-Transfer-Encoding: 8bit
Subject: 
 =?utf-8?q?=F0=9F=9A=A8_FAMILY_EMERGENCY=3A_Possible_Bus_Accident_-_Bus_401?=
From: AMTS Emergency <noreply.amts.emergency@gmail.com>
To: testuser12@example.com
Date: Wed, 07 Jan 2026 16:48:18 -0000
Message-ID: <176780449832.12920.11726052843976019557@LAPTOP-7FNM8Q6O>

EMERGENCY NOTIFICATION - AMTS

🚨 FAMILY EMERGENCY ALERT 🚨

An accident involving your family member has occurred.

📍 Location: Emergency Simulation - Bus 401 Route (https://www.google.com/maps?q=23.0225,72.5714)
🚌 Bus Number: 401
🛣️ Route: Vasna Terminus ↔ Chandkheda (Sarathi Bunglows)
⏰ Time: 07/01/2026 at 10:18 PM

Please contact emergency services or the AMTS control room immediately:
- Emergency Services: 108
- AMTS Control Room: +91-79-2658-0000
- Police: 100
- Fire: 101

Location on Google Maps: https://www.google.com/maps?q=23.0225,72.5714

AMTS Emergency Response Team is on-site providing assistance.

Immediate Action Required,
AMTS Emergency Response Team
-------------------------------------------------------------------------------
Content-Type: text/plain; charset="utf-8"
MIME-Version: 1.0
Content-Transfer-Encoding: 8bit
Subject: 
 =?utf-8?q?=F0=9F=9A=A8_FAMILY_EMERGENCY=3A_Possible_Bus_Accident_-_Bus_401?=
From: AMTS Emergency <noreply.amts.emergency@gmail.com>
To: testuser1@example.com
Date: Wed, 07 Jan 2026 16:48:18 -0000
Message-ID: <176780449833.12920.14258108062409484217@LAPTOP-7FNM8Q6O>

EMERGENCY NOTIFICATION - AMTS

🚨 FAMILY EMERGENCY ALERT 🚨

An accident involving your family member has occurred.

📍 Location: Emergency Simulation - Bus 401 Route (https://www.google.com/maps?q=23.0225,72.5714)
🚌 Bus Number: 401
🛣️ Route: Vasna Terminus ↔ Chandkheda (Sarathi Bunglows)
⏰ Time: 07/01/2026 at 10:18 PM

Please contact emergency services or the AMTS control room immediately:
- Emergency Services: 108
- AMTS Control Room: +91-79-2658-0000
- Police: 100
- Fire: 101

Location on Google Maps: https://www.google.com/maps?q=23.0225,72.5714

AMTS Emergency Response Team is on-site providing assistance.

Immediate Action Required,
AMTS Emergency Response Team
-------------------------------------------------------------------------------
Content-Type: text/plain; charset="utf-8"
MIME-Version: 1.0
Content-Transfer-Encoding: 8bit
Subject: 
 =?utf-8?q?=F0=9F=9A=A8_FAMILY_EMERGENCY=3A_Possible_Bus_Accident_-_Bus_401?=
From: AMTS Emergency <noreply.amts.emergency@gmail.com>
To: testuser3@example.com
Date: Wed, 07 Jan 2026 16:48:18 -0000
Message-ID: <176780449833.12920.15989918932703739438@LAPTOP-7FNM8Q6O>

EMERGENCY NOTIFICATION - AMTS

🚨 FAMILY EMERGENCY ALERT 🚨

An accident involving your family member has occurred.

📍 Location: Emergency Simulation - Bus 401 Route (https://www.google.com/maps?q=23.0225,72.5714)
🚌 Bus Number: 401
🛣️ Route: Vasna Terminus ↔ Chandkheda (Sarathi Bunglows)
⏰ Time: 07/01/2026 at 10:18 PM

Please contact emergency services or the AMTS control room immediately:
- Emergency Services: 108
- AMTS Control Room: +91-79-2658-0000
- Police: 100
- Fire: 101

Location on Google Maps: https://www.google.com/maps?q=23.0225,72.5714

AMTS Emergency Response Team is on-site providing assistance.

Immediate Action Required,
AMTS Emergency Response Team
-------------------------------------------------------------------------------
Content-Type: text/plain; charset="utf-8"
MIME-Version: 1.0
Content-Transfer-Encoding: 8bit
Subject: 
 =?utf-8?q?=F0=9F=9A=A8_FAMILY_EMERGENCY=3A_Possible_Bus_Accident_-_Bus_401?=
From: AMTS Emergency <noreply.amts.emergency@gmail.com>
To: vaibhavmevada796@gmail.com
Date: Wed, 07 Jan 2026 16:48:18 -0000
Message-ID: <176780449833.12920.17413493103842306063@LAPTOP-7FNM8Q6O>

EMERGENCY NOTIFICATION - AMTS

🚨 FAMILY EMERGENCY ALERT 🚨

An accident involving your family member has occurred.

📍 Location: Emergency Simulation - Bus 401 Route (https://www.google.com/maps?q=23.0225,72.5714)
🚌 Bus Number: 401
🛣️ Route: Vasna Terminus ↔ Chandkheda (Sarathi Bunglows)
⏰ Time: 07/01/2026 at 10:18 PM

Please contact emergency services or the AMTS control room immediately:
- Emergency Services: 108
- AMTS Control Room: +91-79-2658-0000
- Police: 100
- Fire: 101

Location on Google Maps: https://www.google.com/maps?q=23.0225,72.5714

AMTS Emergency Response Team is on-site providing assistance.

Immediate Action Required,
AMTS Emergency Response Team
-------------------------------------------------------------------------------
Content-Type: text/plain; charset="utf-8"
MIME-Version: 1.0
Content-Transfer-Encoding: 8bit
Subject: 
 =?utf-8?q?=F0=9F=9A=A8_FAMILY_EMERGENCY=3A_Possible_Bus_Accident_-_Bus_401?=
From: AMTS Emergency <noreply.amts.emergency@gmail.com>
To: testuser30@example.com
Date: Wed, 07 Jan 2026 16:48:18 -0000
Message-ID: <176780449834.12920.15070858460255089095@LAPTOP-7FNM8Q6O>

EMERGENCY NOTIFICATION - AMTS

🚨 FAMILY EMERGENCY ALERT 🚨

An accident involving your family member has occurred.

📍 Location: Emergency Simulation - Bus 401 Route (https://www.google.com/maps?q=23.0225,72.5714)
🚌 Bus Number: 401
🛣️ Route: Vasna Terminus ↔ Chandkheda (Sarathi Bunglows)
⏰ Time: 07/01/2026 at 10:18 PM

Please contact emergency services or the AMTS control room immediately:
- Emergency Services: 108
- AMTS Control Room: +91-79-2658-0000
- Police: 100
- Fire: 101

Location on Google Maps: https://www.google.com/maps?q=23.0225,72.5714

AMTS Emergency Response Team is on-site providing assistance.

Immediate Action Required,
AMTS Emergency Response Team
-------------------------------------------------------------------------------
Content-Type: text/plain; charset="utf-8"
MIME-Version: 1.0
Content-Transfer-Encoding: 8bit
Subject: 
 =?utf-8?q?=F0=9F=9A=A8_FAMILY_EMERGENCY=3A_Possible_Bus_Accident_-_Bus_401?=
From: AMTS Emergency <noreply.amts.emergency@gmail.com>
To: testuser22@example.com
Date: Wed, 07 Jan 2026 16:48:18 -0000
Message-ID: <176780449834.12920.5028538015927704423@LAPTOP-7FNM8Q6O>

EMERGENCY NOTIFICATION - AMTS

🚨 FAMILY EMERGENCY ALERT 🚨

An accident involving your family member has occurred.

📍 Location: Emergency Simulation - Bus 401 Route (https://www.google.com/maps?q=23.0225,72.5714)
🚌 Bus Number: 401
🛣️ Route: Vasna Terminus ↔ Chandkheda (Sarathi Bunglows)
⏰ Time: 07/01/2026 at 10:18 PM

Please contact emergency services or the AMTS control room immediately:
- Emergency Services: 108
- AMTS Control Room: +91-79-2658-0000
- Police: 100
- Fire: 101

Location on Google Maps: https://www.google.com/maps?q=23.0225,72.5714

AMTS Emergency Response Team is on-site providing assistance.

Immediate Action Required,
AMTS Emergency Response Team
-------------------------------------------------------------------------------
Content-Type: text/plain; charset="utf-8"
MIME-Version: 1.0
Content-Transfer-Encoding: 8bit
Subject: 
 =?utf-8?q?=F0=9F=9A=A8_FAMILY_EMERGENCY=3A_Possible_Bus_Accident_-_Bus_401?=
From: AMTS Emergency <noreply.amts.emergency@gmail.com>
To: john.doe@example.com
Date: Wed, 07 Jan 2026 16:48:18 -0000
Message-ID: <176780449834.12920.2824607838681232852@LAPTOP-7FNM8Q6O>

EMERGENCY NOTIFICATION - AMTS

🚨 FAMILY EMERGENCY ALERT 🚨

An accident involving your family member has occurred.

📍 Location: Emergency Simulation - Bus 401 Route (https://www.google.com/maps?q=23.0225,72.5714)
🚌 Bus Number: 401
🛣️ Route: Vasna Terminus ↔ Chandkheda (Sarathi Bunglows)
⏰ Time: 07/01/2026 at 10:18 PM

Please contact emergency services or the AMTS control room immediately:
- Emergency Services: 108
- AMTS Control Room: +91-79-2658-0000
- Police: 100
- Fire: 101

Location on Google Maps: https://www.google.com/maps?q=23.0225,72.5714

AMTS Emergency Response Team is on-site providing assistance.

Immediate Action Required,
AMTS Emergency Response Team
-------------------------------------------------------------------------------
Content-Type: text/plain; charset="utf-8"
MIME-Version: 1.0
Content-Transfer-Encoding: 8bit
Subject: 
 =?utf-8?q?=F0=9F=9A=A8_FAMILY_EMERGENCY=3A_Possible_Bus_Accident_-_Bus_401?=
From: AMTS Emergency <noreply.amts.emergency@gmail.com>
To: test@example.com
Date: Wed, 07 Jan 2026 16:48:18 -0000
Message-ID: <176780449835.12920.18355414000396621173@LAPTOP-7FNM8Q6O>

EMERGENCY NOTIFICATION - AMTS

🚨 FAMILY EMERGENCY ALERT 🚨

An accident involving your family member has occurred.

📍 Location: Emergency Simulation - Bus 401 Route (https://www.google.com/maps?q=23.0225,72.5714)
🚌 Bus Number: 401
🛣️ Route: Vasna Terminus ↔ Chandkheda (Sarathi Bunglows)
⏰ Time: 07/01/2026 at 10:18 PM

Please contact emergency services or the AMTS control room immediately:
- Emergency Services: 108
- AMTS Control Room: +91-79-2658-0000
- Police: 100
- Fire: 101

Location on Google Maps: https://www.google.com/maps?q=23.0225,72.5714

AMTS Emergency Response Team is on-site providing assistance.

Immediate Action Required,
AMTS Emergency Response Team
-------------------------------------------------------------------------------
Content-Type: text/plain; charset="utf-8"
MIME-Version: 1.0
Content-Transfer-Encoding: 8bit
Subject: 
 =?utf-8?q?=F0=9F=9A=A8_FAMILY_EMERGENCY=3A_Possible_Bus_Accident_-_Bus_401?=
From: AMTS Emergency <noreply.amts.emergency@gmail.com>
To: testuser123@example.com
Date: Wed, 07 Jan 2026 16:48:18 -0000
Message-ID: <176780449836.12920.15984376195098799571@LAPTOP-7FNM8Q6O>

EMERGENCY NOTIFICATION - AMTS

🚨 FAMILY EMERGENCY ALERT 🚨

An accident involving your family member has occurred.

📍 Location: Emergency Simulation - Bus 401 Route (https://www.google.com/maps?q=23.0225,72.5714)
🚌 Bus Number: 401
🛣️ Route: Vasna Terminus ↔ Chandkheda (Sarathi Bunglows)
⏰ Time: 07/01/2026 at 10:18 PM

Please contact emergency services or the AMTS control room immediately:
- Emergency Services: 108
- AMTS Control Room: +91-79-2658-0000
- Police: 100
- Fire: 101

Location on Google Maps: https://www.google.com/maps?q=23.0225,72.5714

AMTS Emergency Response Team is on-site providing assistance.

Immediate Action Required,
AMTS Emergency Response Team
-------------------------------------------------------------------------------
Content-Type: text/plain; charset="utf-8"
MIME-Version: 1.0
Content-Transfer-Encoding: 8bit
Subject: 
 =?utf-8?q?=F0=9F=9A=A8_FAMILY_EMERGENCY=3A_Possible_Bus_Accident_-_Bus_401?=
From: AMTS Emergency <noreply.amts.emergency@gmail.com>
To: dharmitpatel98@gmail.com
Date: Wed, 07 Jan 2026 16:48:18 -0000
Message-ID: <176780449836.12920.3667618874532708495@LAPTOP-7FNM8Q6O>

EMERGENCY NOTIFICATION - AMTS

🚨 FAMILY EMERGENCY ALERT 🚨

An accident involving your family member has occurred.

📍 Location: Emergency Simulation - Bus 401 Route (https://www.google.com/maps?q=23.0225,72.5714)
🚌 Bus Number: 401
🛣️ Route: Vasna Terminus ↔ Chandkheda (Sarathi Bunglows)
⏰ Time: 07/01/2026 at 10:18 PM

Please contact emergency services or the AMTS control room immediately:
- Emergency Services: 108
- AMTS Control Room: +91-79-2658-0000
- Police: 100
- Fire: 101

Location on Google Maps: https://www.google.com/maps?q=23.0225,72.5714

AMTS Emergency Response Team is on-site providing assistance.

Immediate Action Required,
AMTS Emergency Response Team
-------------------------------------------------------------------------------
Content-Type: text/plain; charset="utf-8"
MIME-Version: 1.0
Content-Transfer-Encoding: 8bit
Subject: 
 =?utf-8?q?=F0=9F=9A=A8_FAMILY_EMERGENCY=3A_Possible_Bus_Accident_-_Bus_401?=
From: AMTS Emergency <noreply.amts.emergency@gmail.com>
To: testuser21@example.com
Date: Wed, 07 Jan 2026 16:48:18 -0000
Message-ID: <176780449837.12920.17832985789520181074@LAPTOP-7FNM8Q6O>

EMERGENCY NOTIFICATION - AMTS

🚨 FAMILY EMERGENCY ALERT 🚨

An accident involving your family member has occurred.

📍 Location: Emergency Simulation - Bus 401 Route (https://www.google.com/maps?q=23.0225,72.5714)
🚌 Bus Number: 401
🛣️ Route: Vasna Terminus ↔ Chandkheda (Sarathi Bunglows)
⏰ Time: 07/01/2026 at 10:18 PM

Please contact emergency services or the AMTS control room immediately:
- Emergency Services: 108
- AMTS Control Room: +91-79-2658-0000
- Police: 100
- Fire: 101

Location on Google Maps: https://www.google.com/maps?q=23.0225,72.5714

AMTS Emergency Response Team is on-site providing assistance.

Immediate Action Required,
AMTS Emergency Response Team
-------------------------------------------------------------------------------
Content-Type: text/plain; charset="utf-8"
MIME-Version: 1.0
Content-Transfer-Encoding: 8bit
Subject: 
 =?utf-8?q?=F0=9F=9A=A8_FAMILY_EMERGENCY=3A_Possible_Bus_Accident_-_Bus_401?=
From: AMTS Emergency <noreply.amts.emergency@gmail.com>
To: testuser6@example.com
Date: Wed, 07 Jan 2026 16:48:18 -0000
Message-ID: <176780449837.12920.11183350021895377800@LAPTOP-7FNM8Q6O>

EMERGENCY NOTIFICATION - AMTS

🚨 FAMILY EMERGENCY ALERT 🚨

An accident involving your family member has occurred.

📍 Location: Emergency Simulation - Bus 401 Route (https://www.google.com/maps?q=23.0225,72.5714)
🚌 Bus Number: 401
🛣️ Route: Vasna Terminus ↔ Chandkheda (Sarathi Bunglows)
⏰ Time: 07/01/2026 at 10:18 PM

Please contact emergency services or the AMTS control room immediately:
- Emergency Services: 108
- AMTS Control Room: +91-79-2658-0000
- Police: 100
- Fire: 101

Location on Google Maps: https://www.google.com/maps?q=23.0225,72.5714

AMTS Emergency Response Team is on-site providing assistance.

Immediate Action Required,
AMTS Emergency Response Team
-------------------------------------------------------------------------------
Content-Type: text/plain; charset="utf-8"
MIME-Version: 1.0
Content-Transfer-Encoding: 8bit
Subject: 
 =?utf-8?q?=F0=9F=9A=A8_FAMILY_EMERGENCY=3A_Possible_Bus_Accident_-_Bus_401?=
From: AMTS Emergency <noreply.amts.emergency@gmail.com>
To: testuser26@example.com
Date: Wed, 07 Jan 2026 16:48:18 -0000
Message-ID: <176780449837.12920.8646941452466780943@LAPTOP-7FNM8Q6O>

EMERGENCY NOTIFICATION - AMTS

🚨 FAMILY EMERGENCY ALERT 🚨

An accident involving your family member has occurred.

📍 Location: Emergency Simulation - Bus 401 Route (https://www.google.com/maps?q=23.0225,72.5714)
🚌 Bus Number: 401
🛣️ Route: Vasna Terminus ↔ Chandkheda (Sarathi Bunglows)
⏰ Time: 07/01/2026 at 10:18 PM

Please contact emergency services or the AMTS control room immediately:
- Emergency Services: 108
- AMTS Control Room: +91-79-2658-0000
- Police: 100
- Fire: 101

Location on Google Maps: https://www.google.com/maps?q=23.0225,72.5714

AMTS Emergency Response Team is on-site providing assistance.

Immediate Action Required,
AMTS Emergency Response Team
-------------------------------------------------------------------------------
Content-Type: text/plain; charset="utf-8"
MIME-Version: 1.0
Content-Transfer-Encoding: 8bit
Subject: 
 =?utf-8?q?=F0=9F=9A=A8_FAMILY_EMERGENCY=3A_Possible_Bus_Accident_-_Bus_401?=
From: AMTS Emergency <noreply.amts.emergency@gmail.com>
To: testuser5@example.com
Date: Wed, 07 Jan 2026 16:48:18 -0000
Message-ID: <176780449838.12920.7832314374223160336@LAPTOP-7FNM8Q6O>

EMERGENCY NOTIFICATION - AMTS

🚨 FAMILY EMERGENCY ALERT 🚨

An accident involving your family member has occurred.

📍 Location: Emergency Simulation - Bus 401 Route (https://www.google.com/maps?q=23.0225,72.5714)
🚌 Bus Number: 401
🛣️ Route: Vasna Terminus ↔ Chandkheda (Sarathi Bunglows)
⏰ Time: 07/01/2026 at 10:18 PM

Please contact emergency services or the AMTS control room immediately:
- Emergency Services: 108
- AMTS Control Room: +91-79-2658-0000
- Police: 100
- Fire: 101

Location on Google Maps: https://www.google.com/maps?q=23.0225,72.5714

AMTS Emergency Response Team is on-site providing assistance.

Immediate Action Required,
AMTS Emergency Response Team
-------------------------------------------------------------------------------
Content-Type: text/plain; charset="utf-8"
MIME-Version: 1.0
Content-Transfer-Encoding: 8bit
Subject: 
 =?utf-8?q?=F0=9F=9A=A8_FAMILY_EMERGENCY=3A_Possible_Bus_Accident_-_Bus_401?=
From: AMTS Emergency <noreply.amts.emergency@gmail.com>
To: pap58942@gmail.com
Date: Wed, 07 Jan 2026 16:48:18 -0000
Message-ID: <176780449838.12920.4751675711589876010@LAPTOP-7FNM8Q6O>

EMERGENCY NOTIFICATION - AMTS

🚨 FAMILY EMERGENCY ALERT 🚨

An accident involving your family member has occurred.

📍 Location: Emergency Simulation - Bus 401 Route (https://www.google.com/maps?q=23.0225,72.5714)
🚌 Bus Number: 401
🛣️ Route: Vasna Terminus ↔ Chandkheda (Sarathi Bunglows)
⏰ Time: 07/01/2026 at 10:18 PM

Please contact emergency services or the AMTS control room immediately:
- Emergency Services: 108
- AMTS Control Room: +91-79-2658-0000
- Police: 100
- Fire: 101

Location on Google Maps: https://www.google.com/maps?q=23.0225,72.5714

AMTS Emergency Response Team is on-site providing assistance.

Immediate Action Required,
AMTS Emergency Response Team
-------------------------------------------------------------------------------
Content-Type: text/plain; charset="utf-8"
MIME-Version: 1.0
Content-Transfer-Encoding: 8bit
Subject: 
 =?utf-8?q?=F0=9F=9A=A8_FAMILY_EMERGENCY=3A_Possible_Bus_Accident_-_Bus_401?=
From: AMTS Emergency <noreply.amts.emergency@gmail.com>
To: testuser20@example.com
Date: Wed, 07 Jan 2026 16:48:18 -0000
Message-ID: <176780449839.12920.5276500540358160527@LAPTOP-7FNM8Q6O>

EMERGENCY NOTIFICATION - AMTS

🚨 FAMILY EMERGENCY ALERT 🚨

An accident involving your family member has occurred.

📍 Location: Emergency Simulation - Bus 401 Route (https://www.google.com/maps?q=23.0225,72.5714)
🚌 Bus Number: 401
🛣️ Route: Vasna Terminus ↔ Chandkheda (Sarathi Bunglows)
⏰ Time: 07/01/2026 at 10:18 PM

Please contact emergency services or the AMTS control room immediately:
- Emergency Services: 108
- AMTS Control Room: +91-79-2658-0000
- Police: 100
- Fire: 101

Location on Google Maps: https://www.google.com/maps?q=23.0225,72.5714

AMTS Emergency Response Team is on-site providing assistance.

Immediate Action Required,
AMTS Emergency Response Team
-------------------------------------------------------------------------------
Content-Type: text/plain; charset="utf-8"
MIME-Version: 1.0
Content-Transfer-Encoding: 8bit
Subject: 
 =?utf-8?q?=F0=9F=9A=A8_FAMILY_EMERGENCY=3A_Possible_Bus_Accident_-_Bus_401?=
From: AMTS Emergency <noreply.amts.emergency@gmail.com>
To: testuser8@example.com
Date: Wed, 07 Jan 2026 16:48:18 -0000
Message-ID: <176780449839.12920.10148002526194825579@LAPTOP-7FNM8Q6O>

EMERGENCY NOTIFICATION - AMTS

🚨 FAMILY EMERGENCY ALERT 🚨

An accident involving your family member has occurred.

📍 Location: Emergency Simulation - Bus 401 Route (https://www.google.com/maps?q=23.0225,72.5714)
🚌 Bus Number: 401
🛣️ Route: Vasna Terminus ↔ Chandkheda (Sarathi Bunglows)
⏰ Time: 07/01/2026 at 10:18 PM

Please contact emergency services or the AMTS control room immediately:
- Emergency Services: 108
- AMTS Control Room: +91-79-2658-0000
- Police: 100
- Fire: 101

Location on Google Maps: https://www.google.com/maps?q=23.0225,72.5714

AMTS Emergency Response Team is on-site providing assistance.

Immediate Action Required,
AMTS Emergency Response Team
-------------------------------------------------------------------------------
Content-Type: text/plain; charset="utf-8"
MIME-Version: 1.0
Content-Transfer-Encoding: 8bit
Subject: 
 =?utf-8?q?=F0=9F=9A=A8_FAMILY_EMERGENCY=3A_Possible_Bus_Accident_-_Bus_401?=
From: AMTS Emergency <noreply.amts.emergency@gmail.com>
To: testuser16@example.com
Date: Wed, 07 Jan 2026 16:48:18 -0000
Message-ID: <176780449839.12920.4283529642999500044@LAPTOP-7FNM8Q6O>

EMERGENCY NOTIFICATION - AMTS

🚨 FAMILY EMERGENCY ALERT 🚨

An accident involving your family member has occurred.

📍 Location: Emergency Simulation - Bus 401 Route (https://www.google.com/maps?q=23.0225,72.5714)
🚌 Bus Number: 401
🛣️ Route: Vasna Terminus ↔ Chandkheda (Sarathi Bunglows)
⏰ Time: 07/01/2026 at 10:18 PM

Please contact emergency services or the AMTS control room immediately:
- Emergency Services: 108
- AMTS Control Room: +91-79-2658-0000
- Police: 100
- Fire: 101

Location on Google Maps: https://www.google.com/maps?q=23.0225,72.5714

AMTS Emergency Response Team is on-site providing assistance.

Immediate Action Required,
AMTS Emergency Response Team
-------------------------------------------------------------------------------
Content-Type: text/plain; charset="utf-8"
MIME-Version: 1.0
Content-Transfer-Encoding: 8bit
Subject: 
 =?utf-8?q?=F0=9F=9A=A8_BUS_ACCIDENT_REPORT_-_Bus_401_-_Immediate_Response_Re?=
 =?utf-8?q?quired?=
From: AMTS Emergency <noreply.amts.emergency@gmail.com>
To: emergency@amts.gov.in
Date: Wed, 07 Jan 2026 16:48:18 -0000
Message-ID: <176780449840.12920.5850065015943906829@LAPTOP-7FNM8Q6O>

EMERGENCY INCIDENT REPORT - AMTS

🚨 BUS ACCIDENT DETECTED 🚨

INCIDENT DETAILS:
- Bus Number: 401
- Route: Vasna Terminus ↔ Chandkheda (Sarathi Bunglows)
- Location: Emergency Simulation - Bus 401 Route (https://www.google.com/maps?q=23.0225,72.5714)
- GPS Coordinates: 23.0225, 72.5714
- Time: 07/01/2026 at 10:18 PM

AFFECTED PASSENGERS: 1 confirmed bookings
EMERGENCY NOTIFICATIONS SENT: 40 family alerts

IMMEDIATE ACTIONS REQUIRED:
1. Dispatch emergency response team
2. Coordinate with local emergency services
3. Set up family assistance center
4. Prepare medical support
5. Notify media relations team

Google Maps Location: https://www.google.com/maps?q=23.0225,72.5714

This is an automated emergency alert from AMTS Safety System.
Please respond immediately.

AMTS Emergency Response System
-------------------------------------------------------------------------------
Content-Type: text/plain; charset="utf-8"
MIME-Version: 1.0
Content-Transfer-Encoding: 8bit
Subject: 
 =?utf-8?q?=F0=9F=9A=A8_BUS_ACCIDENT_REPORT_-_Bus_401_-_Immediate_Response_Re?=
 =?utf-8?q?quired?=
From: AMTS Emergency <noreply.amts.emergency@gmail.com>
To: safety@amts.gov.in
Date: Wed, 07 Jan 2026 16:48:18 -0000
Message-ID: <176780449840.12920.17581009386958820791@LAPTOP-7FNM8Q6O>

EMERGENCY INCIDENT REPORT - AMTS

🚨 BUS ACCIDENT DETECTED 🚨

INCIDENT DETAILS:
- Bus Number: 401
- Route: Vasna Terminus ↔ Chandkheda (Sarathi Bunglows)
- Location: Emergency Simulation - Bus 401 Route (https://www.google.com/maps?q=23.0225,72.5714)
- GPS Coordinates: 23.0225, 72.5714
- Time: 07/01/2026 at 10:18 PM

AFFECTED PASSENGERS: 1 confirmed bookings
EMERGENCY NOTIFICATIONS SENT: 40 family alerts

IMMEDIATE ACTIONS REQUIRED:
1. Dispatch emergency response team
2. Coordinate with local emergency services
3. Set up family assistance center
4. Prepare medical support
5. Notify media relations team

Google Maps Location: https://www.google.com/maps?q=23.0225,72.5714

This is an automated emergency alert from AMTS Safety System.
Please respond immediately.

AMTS Emergency Response System
-------------------------------------------------------------------------------
