Content-Type: text/plain; charset="utf-8"
MIME-Version: 1.0
Content-Transfer-Encoding: 8bit
Subject: 
 =?utf-8?q?=F0=9F=9A=A8_FAMILY_EMERGENCY=3A_Possible_Bus_Accident_-_Bus_33?=
From: AMTS Emergency <noreply.amts.emergency@gmail.com>
To: testuser31@example.com
Date: Thu, 08 Jan 2026 08:10:13 -0000
Message-ID: <176785981328.17712.15978458033348695870@Samarth-Elite>

EMERGENCY NOTIFICATION - AMTS

🚨 FAMILY EMERGENCY ALERT 🚨

An accident involving your family member has occurred.

📍 Location: Emergency Simulation - Bus 33 Route (https://www.google.com/maps?q=23.0225,72.5714)
🚌 Bus Number: 33
🛣️ Route: Gokul Park ↔ Lal Darwaja
⏰ Time: 08/01/2026 at 01:40 PM

Please contact emergency services or the AMTS control room immediately:
- Emergency Services: 108
- AMTS Control Room: +91-79-2658-0000
- Police: 100
- Fire: 101

Location on Google Maps: https://www.google.com/maps?q=23.0225,72.5714

AMTS Emergency Response Team is on-site providing assistance.

Immediate Action Required,
AMTS Emergency Response Team
-------------------------------------------------------------------------------
Content-Type: text/plain; charset="utf-8"
MIME-Version: 1.0
Content-Transfer-Encoding: 8bit
Subject: 
 =?utf-8?q?=F0=9F=9A=A8_FAMILY_EMERGENCY=3A_Possible_Bus_Accident_-_Bus_33?=
From: AMTS Emergency <noreply.amts.emergency@gmail.com>
To: testuser32@example.com
Date: Thu, 08 Jan 2026 08:10:13 -0000
Message-ID: <176785981328.17712.10277856017604002591@Samarth-Elite>

EMERGENCY NOTIFICATION - AMTS

🚨 FAMILY EMERGENCY ALERT 🚨

An accident involving your family member has occurred.

📍 Location: Emergency Simulation - Bus 33 Route (https://www.google.com/maps?q=23.0225,72.5714)
🚌 Bus Number: 33
🛣️ Route: Gokul Park ↔ Lal Darwaja
⏰ Time: 08/01/2026 at 01:40 PM

Please contact emergency services or the AMTS control room immediately:
- Emergency Services: 108
- AMTS Control Room: +91-79-2658-0000
- Police: 100
- Fire: 101

Location on Google Maps: https://www.google.com/maps?q=23.0225,72.5714

AMTS Emergency Response Team is on-site providing assistance.

Immediate Action Required,
AMTS Emergency Response Team
-------------------------------------------------------------------------------
Content-Type: text/plain; charset="utf-8"
MIME-Version: 1.0
Content-Transfer-Encoding: 8bit
Subject: 
 =?utf-8?q?=F0=9F=9A=A8_FAMILY_EMERGENCY=3A_Possible_Bus_Accident_-_Bus_33?=
From: AMTS Emergency <noreply.amts.emergency@gmail.com>
To: testuser1@example.com
Date: Thu, 08 Jan 2026 08:10:13 -0000
Message-ID: <176785981329.17712.15876119292448736994@Samarth-Elite>

EMERGENCY NOTIFICATION - AMTS

🚨 FAMILY EMERGENCY ALERT 🚨

An accident involving your family member has occurred.

📍 Location: Emergency Simulation - Bus 33 Route (https://www.google.com/maps?q=23.0225,72.5714)
🚌 Bus Number: 33
🛣️ Route: Gokul Park ↔ Lal Darwaja
⏰ Time: 08/01/2026 at 01:40 PM

Please contact emergency services or the AMTS control room immediately:
- Emergency Services: 108
- AMTS Control Room: +91-79-2658-0000
- Police: 100
- Fire: 101

Location on Google Maps: https://www.google.com/maps?q=23.0225,72.5714

AMTS Emergency Response Team is on-site providing assistance.

Immediate Action Required,
AMTS Emergency Response Team
-------------------------------------------------------------------------------
Content-Type: text/plain; charset="utf-8"
MIME-Version: 1.0
Content-Transfer-Encoding: 8bit
Subject: 
 =?utf-8?q?=F0=9F=9A=A8_FAMILY_EMERGENCY=3A_Possible_Bus_Accident_-_Bus_33?=
From: AMTS Emergency <noreply.amts.emergency@gmail.com>
To: john.doe@example.com
Date: Thu, 08 Jan 2026 08:10:13 -0000
Message-ID: <176785981329.17712.17220217562313451471@Samarth-Elite>

EMERGENCY NOTIFICATION - AMTS

🚨 FAMILY EMERGENCY ALERT 🚨

An accident involving your family member has occurred.

📍 Location: Emergency Simulation - Bus 33 Route (https://www.google.com/maps?q=23.0225,72.5714)
🚌 Bus Number: 33
🛣️ Route: Gokul Park ↔ Lal Darwaja
⏰ Time: 08/01/2026 at 01:40 PM

Please contact emergency services or the AMTS control room immediately:
- Emergency Services: 108
- AMTS Control Room: +91-79-2658-0000
- Police: 100
- Fire: 101

Location on Google Maps: https://www.google.com/maps?q=23.0225,72.5714

AMTS Emergency Response Team is on-site providing assistance.

Immediate Action Required,
AMTS Emergency Response Team
-------------------------------------------------------------------------------
Content-Type: text/plain; charset="utf-8"
MIME-Version: 1.0
Content-Transfer-Encoding: 8bit
Subject: 
 =?utf-8?q?=F0=9F=9A=A8_FAMILY_EMERGENCY=3A_Possible_Bus_Accident_-_Bus_33?=
From: AMTS Emergency <noreply.amts.emergency@gmail.com>
To: testuser123@example.com
Date: Thu, 08 Jan 2026 08:10:13 -0000
Message-ID: <176785981329.17712.15991659098652682923@Samarth-Elite>

EMERGENCY NOTIFICATION - AMTS

🚨 FAMILY EMERGENCY ALERT 🚨

An accident involving your family member has occurred.

📍 Location: Emergency Simulation - Bus 33 Route (https://www.google.com/maps?q=23.0225,72.5714)
🚌 Bus Number: 33
🛣️ Route: Gokul Park ↔ Lal Darwaja
⏰ Time: 08/01/2026 at 01:40 PM

Please contact emergency services or the AMTS control room immediately:
- Emergency Services: 108
- AMTS Control Room: +91-79-2658-0000
- Police: 100
- Fire: 101

Location on Google Maps: https://www.google.com/maps?q=23.0225,72.5714

AMTS Emergency Response Team is on-site providing assistance.

Immediate Action Required,
AMTS Emergency Response Team
-------------------------------------------------------------------------------
Content-Type: text/plain; charset="utf-8"
MIME-Version: 1.0
Content-Transfer-Encoding: 8bit
Subject: 
 =?utf-8?q?=F0=9F=9A=A8_FAMILY_EMERGENCY=3A_Possible_Bus_Accident_-_Bus_33?=
From: AMTS Emergency <noreply.amts.emergency@gmail.com>
To: dharmitpatel98@gmail.com
Date: Thu, 08 Jan 2026 08:10:13 -0000
Message-ID: <176785981330.17712.8069917968534599742@Samarth-Elite>

EMERGENCY NOTIFICATION - AMTS

🚨 FAMILY EMERGENCY ALERT 🚨

An accident involving your family member has occurred.

📍 Location: Emergency Simulation - Bus 33 Route (https://www.google.com/maps?q=23.0225,72.5714)
🚌 Bus Number: 33
🛣️ Route: Gokul Park ↔ Lal Darwaja
⏰ Time: 08/01/2026 at 01:40 PM

Please contact emergency services or the AMTS control room immediately:
- Emergency Services: 108
- AMTS Control Room: +91-79-2658-0000
- Police: 100
- Fire: 101

Location on Google Maps: https://www.google.com/maps?q=23.0225,72.5714

AMTS Emergency Response Team is on-site providing assistance.

Immediate Action Required,
AMTS Emergency Response Team
-------------------------------------------------------------------------------
Content-Type: text/plain; charset="utf-8"
MIME-Version: 1.0
Content-Transfer-Encoding: 8bit
Subject: 
 =?utf-8?q?=F0=9F=9A=A8_FAMILY_EMERGENCY=3A_Possible_Bus_Accident_-_Bus_33?=
From: AMTS Emergency <noreply.amts.emergency@gmail.com>
To: vaibhavmevada796@gmail.com
Date: Thu, 08 Jan 2026 08:10:13 -0000
Message-ID: <176785981330.17712.8205464267286750976@Samarth-Elite>

EMERGENCY NOTIFICATION - AMTS

🚨 FAMILY EMERGENCY ALERT 🚨

An accident involving your family member has occurred.

📍 Location: Emergency Simulation - Bus 33 Route (https://www.google.com/maps?q=23.0225,72.5714)
🚌 Bus Number: 33
🛣️ Route: Gokul Park ↔ Lal Darwaja
⏰ Time: 08/01/2026 at 01:40 PM

Please contact emergency services or the AMTS control room immediately:
- Emergency Services: 108
- AMTS Control Room: +91-79-2658-0000
- Police: 100
- Fire: 101

Location on Google Maps: https://www.google.com/maps?q=23.0225,72.5714

AMTS Emergency Response Team is on-site providing assistance.

Immediate Action Required,
AMTS Emergency Response Team
-------------------------------------------------------------------------------
Content-Type: text/plain; charset="utf-8"
MIME-Version: 1.0
Content-Transfer-Encoding: 8bit
Subject: 
 =?utf-8?q?=F0=9F=9A=A8_FAMILY_EMERGENCY=3A_Possible_Bus_Accident_-_Bus_33?=
From: AMTS Emergency <noreply.amts.emergency@gmail.com>
To: testuser18@example.com
Date: Thu, 08 Jan 2026 08:10:13 -0000
Message-ID: <176785981331.17712.2662589050696909450@Samarth-Elite>

EMERGENCY NOTIFICATION - AMTS

🚨 FAMILY EMERGENCY ALERT 🚨

An accident involving your family member has occurred.

📍 Location: Emergency Simulation - Bus 33 Route (https://www.google.com/maps?q=23.0225,72.5714)
🚌 Bus Number: 33
🛣️ Route: Gokul Park ↔ Lal Darwaja
⏰ Time: 08/01/2026 at 01:40 PM

Please contact emergency services or the AMTS control room immediately:
- Emergency Services: 108
- AMTS Control Room: +91-79-2658-0000
- Police: 100
- Fire: 101

Location on Google Maps: https://www.google.com/maps?q=23.0225,72.5714

AMTS Emergency Response Team is on-site providing assistance.

Immediate Action Required,
AMTS Emergency Response Team
-------------------------------------------------------------------------------
Content-Type: text/plain; charset="utf-8"
MIME-Version: 1.0
Content-Transfer-Encoding: 8bit
Subject: 
 =?utf-8?q?=F0=9F=9A=A8_FAMILY_EMERGENCY=3A_Possible_Bus_Accident_-_Bus_33?=
From: AMTS Emergency <noreply.amts.emergency@gmail.com>
To: samarthpatel808@gmail.com
Date: Thu, 08 Jan 2026 08:10:13 -0000
Message-ID: <176785981331.17712.14311719141039263047@Samarth-Elite>

EMERGENCY NOTIFICATION - AMTS

🚨 FAMILY EMERGENCY ALERT 🚨

An accident involving your family member has occurred.

📍 Location: Emergency Simulation - Bus 33 Route (https://www.google.com/maps?q=23.0225,72.5714)
🚌 Bus Number: 33
🛣️ Route: Gokul Park ↔ Lal Darwaja
⏰ Time: 08/01/2026 at 01:40 PM

Please contact emergency services or the AMTS control room immediately:
- Emergency Services: 108
- AMTS Control Room: +91-79-2658-0000
- Police: 100
- Fire: 101

Location on Google Maps: https://www.google.com/maps?q=23.0225,72.5714

AMTS Emergency Response Team is on-site providing assistance.

Immediate Action Required,
AMTS Emergency Response Team
-------------------------------------------------------------------------------
Content-Type: text/plain; charset="utf-8"
MIME-Version: 1.0
Content-Transfer-Encoding: 8bit
Subject: 
 =?utf-8?q?=F0=9F=9A=A8_FAMILY_EMERGENCY=3A_Possible_Bus_Accident_-_Bus_33?=
From: AMTS Emergency <noreply.amts.emergency@gmail.com>
To: testuser7@example.com
Date: Thu, 08 Jan 2026 08:10:13 -0000
Message-ID: <176785981331.17712.5845280081168079935@Samarth-Elite>

EMERGENCY NOTIFICATION - AMTS

🚨 FAMILY EMERGENCY ALERT 🚨

An accident involving your family member has occurred.

📍 Location: Emergency Simulation - Bus 33 Route (https://www.google.com/maps?q=23.0225,72.5714)
🚌 Bus Number: 33
🛣️ Route: Gokul Park ↔ Lal Darwaja
⏰ Time: 08/01/2026 at 01:40 PM

Please contact emergency services or the AMTS control room immediately:
- Emergency Services: 108
- AMTS Control Room: +91-79-2658-0000
- Police: 100
- Fire: 101

Location on Google Maps: https://www.google.com/maps?q=23.0225,72.5714

AMTS Emergency Response Team is on-site providing assistance.

Immediate Action Required,
AMTS Emergency Response Team
-------------------------------------------------------------------------------
Content-Type: text/plain; charset="utf-8"
MIME-Version: 1.0
Content-Transfer-Encoding: 8bit
Subject: 
 =?utf-8?q?=F0=9F=9A=A8_FAMILY_EMERGENCY=3A_Possible_Bus_Accident_-_Bus_33?=
From: AMTS Emergency <noreply.amts.emergency@gmail.com>
To: testuser3@example.com
Date: Thu, 08 Jan 2026 08:10:13 -0000
Message-ID: <176785981332.17712.7030382816318502656@Samarth-Elite>

EMERGENCY NOTIFICATION - AMTS

🚨 FAMILY EMERGENCY ALERT 🚨

An accident involving your family member has occurred.

📍 Location: Emergency Simulation - Bus 33 Route (https://www.google.com/maps?q=23.0225,72.5714)
🚌 Bus Number: 33
🛣️ Route: Gokul Park ↔ Lal Darwaja
⏰ Time: 08/01/2026 at 01:40 PM

Please contact emergency services or the AMTS control room immediately:
- Emergency Services: 108
- AMTS Control Room: +91-79-2658-0000
- Police: 100
- Fire: 101

Location on Google Maps: https://www.google.com/maps?q=23.0225,72.5714

AMTS Emergency Response Team is on-site providing assistance.

Immediate Action Required,
AMTS Emergency Response Team
-------------------------------------------------------------------------------
Content-Type: text/plain; charset="utf-8"
MIME-Version: 1.0
Content-Transfer-Encoding: 8bit
Subject: 
 =?utf-8?q?=F0=9F=9A=A8_FAMILY_EMERGENCY=3A_Possible_Bus_Accident_-_Bus_33?=
From: AMTS Emergency <noreply.amts.emergency@gmail.com>
To: testuser20@example.com
Date: Thu, 08 Jan 2026 08:10:13 -0000
Message-ID: <176785981333.17712.10205524739068483985@Samarth-Elite>

EMERGENCY NOTIFICATION - AMTS

🚨 FAMILY EMERGENCY ALERT 🚨

An accident involving your family member has occurred.

📍 Location: Emergency Simulation - Bus 33 Route (https://www.google.com/maps?q=23.0225,72.5714)
🚌 Bus Number: 33
🛣️ Route: Gokul Park ↔ Lal Darwaja
⏰ Time: 08/01/2026 at 01:40 PM

Please contact emergency services or the AMTS control room immediately:
- Emergency Services: 108
- AMTS Control Room: +91-79-2658-0000
- Police: 100
- Fire: 101

Location on Google Maps: https://www.google.com/maps?q=23.0225,72.5714

AMTS Emergency Response Team is on-site providing assistance.

Immediate Action Required,
AMTS Emergency Response Team
-------------------------------------------------------------------------------
Content-Type: text/plain; charset="utf-8"
MIME-Version: 1.0
Content-Transfer-Encoding: 8bit
Subject: 
 =?utf-8?q?=F0=9F=9A=A8_FAMILY_EMERGENCY=3A_Possible_Bus_Accident_-_Bus_33?=
From: AMTS Emergency <noreply.amts.emergency@gmail.com>
To: testuser29@example.com
Date: Thu, 08 Jan 2026 08:10:13 -0000
Message-ID: <176785981333.17712.8368526832592057947@Samarth-Elite>

EMERGENCY NOTIFICATION - AMTS

🚨 FAMILY EMERGENCY ALERT 🚨

An accident involving your family member has occurred.

📍 Location: Emergency Simulation - Bus 33 Route (https://www.google.com/maps?q=23.0225,72.5714)
🚌 Bus Number: 33
🛣️ Route: Gokul Park ↔ Lal Darwaja
⏰ Time: 08/01/2026 at 01:40 PM

Please contact emergency services or the AMTS control room immediately:
- Emergency Services: 108
- AMTS Control Room: +91-79-2658-0000
- Police: 100
- Fire: 101

Location on Google Maps: https://www.google.com/maps?q=23.0225,72.5714

AMTS Emergency Response Team is on-site providing assistance.

Immediate Action Required,
AMTS Emergency Response Team
-------------------------------------------------------------------------------
Content-Type: text/plain; charset="utf-8"
MIME-Version: 1.0
Content-Transfer-Encoding: 8bit
Subject: 
 =?utf-8?q?=F0=9F=9A=A8_FAMILY_EMERGENCY=3A_Possible_Bus_Accident_-_Bus_33?=
From: AMTS Emergency <noreply.amts.emergency@gmail.com>
To: testuser21@example.com
Date: Thu, 08 Jan 2026 08:10:13 -0000
Message-ID: <176785981333.17712.808355790456379403@Samarth-Elite>

EMERGENCY NOTIFICATION - AMTS

🚨 FAMILY EMERGENCY ALERT 🚨

An accident involving your family member has occurred.

📍 Location: Emergency Simulation - Bus 33 Route (https://www.google.com/maps?q=23.0225,72.5714)
🚌 Bus Number: 33
🛣️ Route: Gokul Park ↔ Lal Darwaja
⏰ Time: 08/01/2026 at 01:40 PM

Please contact emergency services or the AMTS control room immediately:
- Emergency Services: 108
- AMTS Control Room: +91-79-2658-0000
- Police: 100
- Fire: 101

Location on Google Maps: https://www.google.com/maps?q=23.0225,72.5714

AMTS Emergency Response Team is on-site providing assistance.

Immediate Action Required,
AMTS Emergency Response Team
-------------------------------------------------------------------------------
Content-Type: text/plain; charset="utf-8"
MIME-Version: 1.0
Content-Transfer-Encoding: 8bit
Subject: 
 =?utf-8?q?=F0=9F=9A=A8_FAMILY_EMERGENCY=3A_Possible_Bus_Accident_-_Bus_33?=
From: AMTS Emergency <noreply.amts.emergency@gmail.com>
To: testuser26@example.com
Date: Thu, 08 Jan 2026 08:10:13 -0000
Message-ID: <176785981334.17712.18034832398997343530@Samarth-Elite>

EMERGENCY NOTIFICATION - AMTS

🚨 FAMILY EMERGENCY ALERT 🚨

An accident involving your family member has occurred.

📍 Location: Emergency Simulation - Bus 33 Route (https://www.google.com/maps?q=23.0225,72.5714)
🚌 Bus Number: 33
🛣️ Route: Gokul Park ↔ Lal Darwaja
⏰ Time: 08/01/2026 at 01:40 PM

Please contact emergency services or the AMTS control room immediately:
- Emergency Services: 108
- AMTS Control Room: +91-79-2658-0000
- Police: 100
- Fire: 101

Location on Google Maps: https://www.google.com/maps?q=23.0225,72.5714

AMTS Emergency Response Team is on-site providing assistance.

Immediate Action Required,
AMTS Emergency Response Team
-------------------------------------------------------------------------------
Content-Type: text/plain; charset="utf-8"
MIME-Version: 1.0
Content-Transfer-Encoding: 8bit
Subject: 
 =?utf-8?q?=F0=9F=9A=A8_FAMILY_EMERGENCY=3A_Possible_Bus_Accident_-_Bus_33?=
From: AMTS Emergency <noreply.amts.emergency@gmail.com>
To: test@example.com
Date: Thu, 08 Jan 2026 08:10:13 -0000
Message-ID: <176785981334.17712.15325595864539113166@Samarth-Elite>

EMERGENCY NOTIFICATION - AMTS

🚨 FAMILY EMERGENCY ALERT 🚨

An accident involving your family member has occurred.

📍 Location: Emergency Simulation - Bus 33 Route (https://www.google.com/maps?q=23.0225,72.5714)
🚌 Bus Number: 33
🛣️ Route: Gokul Park ↔ Lal Darwaja
⏰ Time: 08/01/2026 at 01:40 PM

Please contact emergency services or the AMTS control room immediately:
- Emergency Services: 108
- AMTS Control Room: +91-79-2658-0000
- Police: 100
- Fire: 101

Location on Google Maps: https://www.google.com/maps?q=23.0225,72.5714

AMTS Emergency Response Team is on-site providing assistance.

Immediate Action Required,
AMTS Emergency Response Team
-------------------------------------------------------------------------------
Content-Type: text/plain; charset="utf-8"
MIME-Version: 1.0
Content-Transfer-Encoding: 8bit
Subject: 
 =?utf-8?q?=F0=9F=9A=A8_FAMILY_EMERGENCY=3A_Possible_Bus_Accident_-_Bus_33?=
From: AMTS Emergency <noreply.amts.emergency@gmail.com>
To: testuser30@example.com
Date: Thu, 08 Jan 2026 08:10:13 -0000
Message-ID: <176785981335.17712.8833889810369424770@Samarth-Elite>

EMERGENCY NOTIFICATION - AMTS

🚨 FAMILY EMERGENCY ALERT 🚨

An accident involving your family member has occurred.

📍 Location: Emergency Simulation - Bus 33 Route (https://www.google.com/maps?q=23.0225,72.5714)
🚌 Bus Number: 33
🛣️ Route: Gokul Park ↔ Lal Darwaja
⏰ Time: 08/01/2026 at 01:40 PM

Please contact emergency services or the AMTS control room immediately:
- Emergency Services: 108
- AMTS Control Room: +91-79-2658-0000
- Police: 100
- Fire: 101

Location on Google Maps: https://www.google.com/maps?q=23.0225,72.5714

AMTS Emergency Response Team is on-site providing assistance.

Immediate Action Required,
AMTS Emergency Response Team
-------------------------------------------------------------------------------
Content-Type: text/plain; charset="utf-8"
MIME-Version: 1.0
Content-Transfer-Encoding: 8bit
Subject: 
 =?utf-8?q?=F0=9F=9A=A8_FAMILY_EMERGENCY=3A_Possible_Bus_Accident_-_Bus_33?=
From: AMTS Emergency <noreply.amts.emergency@gmail.com>
To: ayushgodhani003@gmail.com
Date: Thu, 08 Jan 2026 08:10:13 -0000
Message-ID: <176785981335.17712.14163189846000933836@Samarth-Elite>

EMERGENCY NOTIFICATION - AMTS

🚨 FAMILY EMERGENCY ALERT 🚨

An accident involving your family member has occurred.

📍 Location: Emergency Simulation - Bus 33 Route (https://www.google.com/maps?q=23.0225,72.5714)
🚌 Bus Number: 33
🛣️ Route: Gokul Park ↔ Lal Darwaja
⏰ Time: 08/01/2026 at 01:40 PM

Please contact emergency services or the AMTS control room immediately:
- Emergency Services: 108
- AMTS Control Room: +91-79-2658-0000
- Police: 100
- Fire: 101

Location on Google Maps: https://www.google.com/maps?q=23.0225,72.5714

AMTS Emergency Response Team is on-site providing assistance.

Immediate Action Required,
AMTS Emergency Response Team
-------------------------------------------------------------------------------
Content-Type: text/plain; charset="utf-8"
MIME-Version: 1.0
Content-Transfer-Encoding: 8bit
Subject: 
 =?utf-8?q?=F0=9F=9A=A8_FAMILY_EMERGENCY=3A_Possible_Bus_Accident_-_Bus_33?=
From: AMTS Emergency <noreply.amts.emergency@gmail.com>
To: raj.patel@example.com
Date: Thu, 08 Jan 2026 08:10:13 -0000
Message-ID: <176785981336.17712.8041883860093969661@Samarth-Elite>

EMERGENCY NOTIFICATION - AMTS

🚨 FAMILY EMERGENCY ALERT 🚨

An accident involving your family member has occurred.

📍 Location: Emergency Simulation - Bus 33 Route (https://www.google.com/maps?q=23.0225,72.5714)
🚌 Bus Number: 33
🛣️ Route: Gokul Park ↔ Lal Darwaja
⏰ Time: 08/01/2026 at 01:40 PM

Please contact emergency services or the AMTS control room immediately:
- Emergency Services: 108
- AMTS Control Room: +91-79-2658-0000
- Police: 100
- Fire: 101

Location on Google Maps: https://www.google.com/maps?q=23.0225,72.5714

AMTS Emergency Response Team is on-site providing assistance.

Immediate Action Required,
AMTS Emergency Response Team
-------------------------------------------------------------------------------
Content-Type: text/plain; charset="utf-8"
MIME-Version: 1.0
Content-Transfer-Encoding: 8bit
Subject: 
 =?utf-8?q?=F0=9F=9A=A8_FAMILY_EMERGENCY=3A_Possible_Bus_Accident_-_Bus_33?=
From: AMTS Emergency <noreply.amts.emergency@gmail.com>
To: testuser4@example.com
Date: Thu, 08 Jan 2026 08:10:13 -0000
Message-ID: <176785981336.17712.2592887463804318462@Samarth-Elite>

EMERGENCY NOTIFICATION - AMTS

🚨 FAMILY EMERGENCY ALERT 🚨

An accident involving your family member has occurred.

📍 Location: Emergency Simulation - Bus 33 Route (https://www.google.com/maps?q=23.0225,72.5714)
🚌 Bus Number: 33
🛣️ Route: Gokul Park ↔ Lal Darwaja
⏰ Time: 08/01/2026 at 01:40 PM

Please contact emergency services or the AMTS control room immediately:
- Emergency Services: 108
- AMTS Control Room: +91-79-2658-0000
- Police: 100
- Fire: 101

Location on Google Maps: https://www.google.com/maps?q=23.0225,72.5714

AMTS Emergency Response Team is on-site providing assistance.

Immediate Action Required,
AMTS Emergency Response Team
-------------------------------------------------------------------------------
Content-Type: text/plain; charset="utf-8"
MIME-Version: 1.0
Content-Transfer-Encoding: 8bit
Subject: 
 =?utf-8?q?=F0=9F=9A=A8_FAMILY_EMERGENCY=3A_Possible_Bus_Accident_-_Bus_33?=
From: AMTS Emergency <noreply.amts.emergency@gmail.com>
To: jane.smith@example.com
Date: Thu, 08 Jan 2026 08:10:13 -0000
Message-ID: <176785981336.17712.16737321931232266768@Samarth-Elite>

EMERGENCY NOTIFICATION - AMTS

🚨 FAMILY EMERGENCY ALERT 🚨

An accident involving your family member has occurred.

📍 Location: Emergency Simulation - Bus 33 Route (https://www.google.com/maps?q=23.0225,72.5714)
🚌 Bus Number: 33
🛣️ Route: Gokul Park ↔ Lal Darwaja
⏰ Time: 08/01/2026 at 01:40 PM

Please contact emergency services or the AMTS control room immediately:
- Emergency Services: 108
- AMTS Control Room: +91-79-2658-0000
- Police: 100
- Fire: 101

Location on Google Maps: https://www.google.com/maps?q=23.0225,72.5714

AMTS Emergency Response Team is on-site providing assistance.

Immediate Action Required,
AMTS Emergency Response Team
-------------------------------------------------------------------------------
Content-Type: text/plain; charset="utf-8"
MIME-Version: 1.0
Content-Transfer-Encoding: 8bit
Subject: 
 =?utf-8?q?=F0=9F=9A=A8_FAMILY_EMERGENCY=3A_Possible_Bus_Accident_-_Bus_33?=
From: AMTS Emergency <noreply.amts.emergency@gmail.com>
To: testuser19@example.com
Date: Thu, 08 Jan 2026 08:10:13 -0000
Message-ID: <176785981337.17712.9035139098939929194@Samarth-Elite>

EMERGENCY NOTIFICATION - AMTS

🚨 FAMILY EMERGENCY ALERT 🚨

An accident involving your family member has occurred.

📍 Location: Emergency Simulation - Bus 33 Route (https://www.google.com/maps?q=23.0225,72.5714)
🚌 Bus Number: 33
🛣️ Route: Gokul Park ↔ Lal Darwaja
⏰ Time: 08/01/2026 at 01:40 PM

Please contact emergency services or the AMTS control room immediately:
- Emergency Services: 108
- AMTS Control Room: +91-79-2658-0000
- Police: 100
- Fire: 101

Location on Google Maps: https://www.google.com/maps?q=23.0225,72.5714

AMTS Emergency Response Team is on-site providing assistance.

Immediate Action Required,
AMTS Emergency Response Team
-------------------------------------------------------------------------------
Content-Type: text/plain; charset="utf-8"
MIME-Version: 1.0
Content-Transfer-Encoding: 8bit
Subject: 
 =?utf-8?q?=F0=9F=9A=A8_FAMILY_EMERGENCY=3A_Possible_Bus_Accident_-_Bus_33?=
From: AMTS Emergency <noreply.amts.emergency@gmail.com>
To: testuser25@example.com
Date: Thu, 08 Jan 2026 08:10:13 -0000
Message-ID: <176785981337.17712.15403609914274130152@Samarth-Elite>

EMERGENCY NOTIFICATION - AMTS

🚨 FAMILY EMERGENCY ALERT 🚨

An accident involving your family member has occurred.

📍 Location: Emergency Simulation - Bus 33 Route (https://www.google.com/maps?q=23.0225,72.5714)
🚌 Bus Number: 33
🛣️ Route: Gokul Park ↔ Lal Darwaja
⏰ Time: 08/01/2026 at 01:40 PM

Please contact emergency services or the AMTS control room immediately:
- Emergency Services: 108
- AMTS Control Room: +91-79-2658-0000
- Police: 100
- Fire: 101

Location on Google Maps: https://www.google.com/maps?q=23.0225,72.5714

AMTS Emergency Response Team is on-site providing assistance.

Immediate Action Required,
AMTS Emergency Response Team
-------------------------------------------------------------------------------
Content-Type: text/plain; charset="utf-8"
MIME-Version: 1.0
Content-Transfer-Encoding: 8bit
Subject: 
 =?utf-8?q?=F0=9F=9A=A8_FAMILY_EMERGENCY=3A_Possible_Bus_Accident_-_Bus_33?=
From: AMTS Emergency <noreply.amts.emergency@gmail.com>
To: testuser8@example.com
Date: Thu, 08 Jan 2026 08:10:13 -0000
Message-ID: <176785981338.17712.11571332606527852010@Samarth-Elite>

EMERGENCY NOTIFICATION - AMTS

🚨 FAMILY EMERGENCY ALERT 🚨

An accident involving your family member has occurred.

📍 Location: Emergency Simulation - Bus 33 Route (https://www.google.com/maps?q=23.0225,72.5714)
🚌 Bus Number: 33
🛣️ Route: Gokul Park ↔ Lal Darwaja
⏰ Time: 08/01/2026 at 01:40 PM

Please contact emergency services or the AMTS control room immediately:
- Emergency Services: 108
- AMTS Control Room: +91-79-2658-0000
- Police: 100
- Fire: 101

Location on Google Maps: https://www.google.com/maps?q=23.0225,72.5714

AMTS Emergency Response Team is on-site providing assistance.

Immediate Action Required,
AMTS Emergency Response Team
-------------------------------------------------------------------------------
Content-Type: text/plain; charset="utf-8"
MIME-Version: 1.0
Content-Transfer-Encoding: 8bit
Subject: 
 =?utf-8?q?=F0=9F=9A=A8_FAMILY_EMERGENCY=3A_Possible_Bus_Accident_-_Bus_33?=
From: AMTS Emergency <noreply.amts.emergency@gmail.com>
To: testuser23@example.com
Date: Thu, 08 Jan 2026 08:10:13 -0000
Message-ID: <176785981338.17712.1523411294760441985@Samarth-Elite>

EMERGENCY NOTIFICATION - AMTS

🚨 FAMILY EMERGENCY ALERT 🚨

An accident involving your family member has occurred.

📍 Location: Emergency Simulation - Bus 33 Route (https://www.google.com/maps?q=23.0225,72.5714)
🚌 Bus Number: 33
🛣️ Route: Gokul Park ↔ Lal Darwaja
⏰ Time: 08/01/2026 at 01:40 PM

Please contact emergency services or the AMTS control room immediately:
- Emergency Services: 108
- AMTS Control Room: +91-79-2658-0000
- Police: 100
- Fire: 101

Location on Google Maps: https://www.google.com/maps?q=23.0225,72.5714

AMTS Emergency Response Team is on-site providing assistance.

Immediate Action Required,
AMTS Emergency Response Team
-------------------------------------------------------------------------------
Content-Type: text/plain; charset="utf-8"
MIME-Version: 1.0
Content-Transfer-Encoding: 8bit
Subject: 
 =?utf-8?q?=F0=9F=9A=A8_FAMILY_EMERGENCY=3A_Possible_Bus_Accident_-_Bus_33?=
From: AMTS Emergency <noreply.amts.emergency@gmail.com>
To: testuser24@example.com
Date: Thu, 08 Jan 2026 08:10:13 -0000
Message-ID: <176785981338.17712.292003983199072211@Samarth-Elite>

EMERGENCY NOTIFICATION - AMTS

🚨 FAMILY EMERGENCY ALERT 🚨

An accident involving your family member has occurred.

📍 Location: Emergency Simulation - Bus 33 Route (https://www.google.com/maps?q=23.0225,72.5714)
🚌 Bus Number: 33
🛣️ Route: Gokul Park ↔ Lal Darwaja
⏰ Time: 08/01/2026 at 01:40 PM

Please contact emergency services or the AMTS control room immediately:
- Emergency Services: 108
- AMTS Control Room: +91-79-2658-0000
- Police: 100
- Fire: 101

Location on Google Maps: https://www.google.com/maps?q=23.0225,72.5714

AMTS Emergency Response Team is on-site providing assistance.

Immediate Action Required,
AMTS Emergency Response Team
-------------------------------------------------------------------------------
Content-Type: text/plain; charset="utf-8"
MIME-Version: 1.0
Content-Transfer-Encoding: 8bit
Subject: 
 =?utf-8?q?=F0=9F=9A=A8_FAMILY_EMERGENCY=3A_Possible_Bus_Accident_-_Bus_33?=
From: AMTS Emergency <noreply.amts.emergency@gmail.com>
To: demo@example.com
Date: Thu, 08 Jan 2026 08:10:13 -0000
Message-ID: <176785981339.17712.12225906035928462007@Samarth-Elite>

EMERGENCY NOTIFICATION - AMTS

🚨 FAMILY EMERGENCY ALERT 🚨

An accident involving your family member has occurred.

📍 Location: Emergency Simulation - Bus 33 Route (https://www.google.com/maps?q=23.0225,72.5714)
🚌 Bus Number: 33
🛣️ Route: Gokul Park ↔ Lal Darwaja
⏰ Time: 08/01/2026 at 01:40 PM

Please contact emergency services or the AMTS control room immediately:
- Emergency Services: 108
- AMTS Control Room: +91-79-2658-0000
- Police: 100
- Fire: 101

Location on Google Maps: https://www.google.com/maps?q=23.0225,72.5714

AMTS Emergency Response Team is on-site providing assistance.

Immediate Action Required,
AMTS Emergency Response Team
-------------------------------------------------------------------------------
Content-Type: text/plain; charset="utf-8"
MIME-Version: 1.0
Content-Transfer-Encoding: 8bit
Subject: 
 =?utf-8?q?=F0=9F=9A=A8_FAMILY_EMERGENCY=3A_Possible_Bus_Accident_-_Bus_33?=
From: AMTS Emergency <noreply.amts.emergency@gmail.com>
To: testuser11@example.com
Date: Thu, 08 Jan 2026 08:10:13 -0000
Message-ID: <176785981339.17712.9731149461125394918@Samarth-Elite>

EMERGENCY NOTIFICATION - AMTS

🚨 FAMILY EMERGENCY ALERT 🚨

An accident involving your family member has occurred.

📍 Location: Emergency Simulation - Bus 33 Route (https://www.google.com/maps?q=23.0225,72.5714)
🚌 Bus Number: 33
🛣️ Route: Gokul Park ↔ Lal Darwaja
⏰ Time: 08/01/2026 at 01:40 PM

Please contact emergency services or the AMTS control room immediately:
- Emergency Services: 108
- AMTS Control Room: +91-79-2658-0000
- Police: 100
- Fire: 101

Location on Google Maps: https://www.google.com/maps?q=23.0225,72.5714

AMTS Emergency Response Team is on-site providing assistance.

Immediate Action Required,
AMTS Emergency Response Team
-------------------------------------------------------------------------------
Content-Type: text/plain; charset="utf-8"
MIME-Version: 1.0
Content-Transfer-Encoding: 8bit
Subject: 
 =?utf-8?q?=F0=9F=9A=A8_FAMILY_EMERGENCY=3A_Possible_Bus_Accident_-_Bus_33?=
From: AMTS Emergency <noreply.amts.emergency@gmail.com>
To: testuser5@example.com
Date: Thu, 08 Jan 2026 08:10:13 -0000
Message-ID: <176785981340.17712.14334704912533546140@Samarth-Elite>

EMERGENCY NOTIFICATION - AMTS

🚨 FAMILY EMERGENCY ALERT 🚨

An accident involving your family member has occurred.

📍 Location: Emergency Simulation - Bus 33 Route (https://www.google.com/maps?q=23.0225,72.5714)
🚌 Bus Number: 33
🛣️ Route: Gokul Park ↔ Lal Darwaja
⏰ Time: 08/01/2026 at 01:40 PM

Please contact emergency services or the AMTS control room immediately:
- Emergency Services: 108
- AMTS Control Room: +91-79-2658-0000
- Police: 100
- Fire: 101

Location on Google Maps: https://www.google.com/maps?q=23.0225,72.5714

AMTS Emergency Response Team is on-site providing assistance.

Immediate Action Required,
AMTS Emergency Response Team
-------------------------------------------------------------------------------
Content-Type: text/plain; charset="utf-8"
MIME-Version: 1.0
Content-Transfer-Encoding: 8bit
Subject: 
 =?utf-8?q?=F0=9F=9A=A8_FAMILY_EMERGENCY=3A_Possible_Bus_Accident_-_Bus_33?=
From: AMTS Emergency <noreply.amts.emergency@gmail.com>
To: pap58942@gmail.com
Date: Thu, 08 Jan 2026 08:10:13 -0000
Message-ID: <176785981340.17712.7895171304363827615@Samarth-Elite>

EMERGENCY NOTIFICATION - AMTS

🚨 FAMILY EMERGENCY ALERT 🚨

An accident involving your family member has occurred.

📍 Location: Emergency Simulation - Bus 33 Route (https://www.google.com/maps?q=23.0225,72.5714)
🚌 Bus Number: 33
🛣️ Route: Gokul Park ↔ Lal Darwaja
⏰ Time: 08/01/2026 at 01:40 PM

Please contact emergency services or the AMTS control room immediately:
- Emergency Services: 108
- AMTS Control Room: +91-79-2658-0000
- Police: 100
- Fire: 101

Location on Google Maps: https://www.google.com/maps?q=23.0225,72.5714

AMTS Emergency Response Team is on-site providing assistance.

Immediate Action Required,
AMTS Emergency Response Team
-------------------------------------------------------------------------------
Content-Type: text/plain; charset="utf-8"
MIME-Version: 1.0
Content-Transfer-Encoding: 8bit
Subject: 
 =?utf-8?q?=F0=9F=9A=A8_FAMILY_EMERGENCY=3A_Possible_Bus_Accident_-_Bus_33?=
From: AMTS Emergency <noreply.amts.emergency@gmail.com>
To: testuser12@example.com
Date: Thu, 08 Jan 2026 08:10:13 -0000
Message-ID: <176785981341.17712.9255353792140797125@Samarth-Elite>

EMERGENCY NOTIFICATION - AMTS

🚨 FAMILY EMERGENCY ALERT 🚨

An accident involving your family member has occurred.

📍 Location: Emergency Simulation - Bus 33 Route (https://www.google.com/maps?q=23.0225,72.5714)
🚌 Bus Number: 33
🛣️ Route: Gokul Park ↔ Lal Darwaja
⏰ Time: 08/01/2026 at 01:40 PM

Please contact emergency services or the AMTS control room immediately:
- Emergency Services: 108
- AMTS Control Room: +91-79-2658-0000
- Police: 100
- Fire: 101

Location on Google Maps: https://www.google.com/maps?q=23.0225,72.5714

AMTS Emergency Response Team is on-site providing assistance.

Immediate Action Required,
AMTS Emergency Response Team
-------------------------------------------------------------------------------
Content-Type: text/plain; charset="utf-8"
MIME-Version: 1.0
Content-Transfer-Encoding: 8bit
Subject: 
 =?utf-8?q?=F0=9F=9A=A8_FAMILY_EMERGENCY=3A_Possible_Bus_Accident_-_Bus_33?=
From: AMTS Emergency <noreply.amts.emergency@gmail.com>
To: samarthpatel310106@gmail.com
Date: Thu, 08 Jan 2026 08:10:13 -0000
Message-ID: <176785981341.17712.12407966028357968116@Samarth-Elite>

EMERGENCY NOTIFICATION - AMTS

🚨 FAMILY EMERGENCY ALERT 🚨

An accident involving your family member has occurred.

📍 Location: Emergency Simulation - Bus 33 Route (https://www.google.com/maps?q=23.0225,72.5714)
🚌 Bus Number: 33
🛣️ Route: Gokul Park ↔ Lal Darwaja
⏰ Time: 08/01/2026 at 01:40 PM

Please contact emergency services or the AMTS control room immediately:
- Emergency Services: 108
- AMTS Control Room: +91-79-2658-0000
- Police: 100
- Fire: 101

Location on Google Maps: https://www.google.com/maps?q=23.0225,72.5714

AMTS Emergency Response Team is on-site providing assistance.

Immediate Action Required,
AMTS Emergency Response Team
-------------------------------------------------------------------------------
Content-Type: text/plain; charset="utf-8"
MIME-Version: 1.0
Content-Transfer-Encoding: 8bit
Subject: 
 =?utf-8?q?=F0=9F=9A=A8_FAMILY_EMERGENCY=3A_Possible_Bus_Accident_-_Bus_33?=
From: AMTS Emergency <noreply.amts.emergency@gmail.com>
To: testuser6@example.com
Date: Thu, 08 Jan 2026 08:10:13 -0000
Message-ID: <176785981342.17712.8974179616743316635@Samarth-Elite>

EMERGENCY NOTIFICATION - AMTS

🚨 FAMILY EMERGENCY ALERT 🚨

An accident involving your family member has occurred.

📍 Location: Emergency Simulation - Bus 33 Route (https://www.google.com/maps?q=23.0225,72.5714)
🚌 Bus Number: 33
🛣️ Route: Gokul Park ↔ Lal Darwaja
⏰ Time: 08/01/2026 at 01:40 PM

Please contact emergency services or the AMTS control room immediately:
- Emergency Services: 108
- AMTS Control Room: +91-79-2658-0000
- Police: 100
- Fire: 101

Location on Google Maps: https://www.google.com/maps?q=23.0225,72.5714

AMTS Emergency Response Team is on-site providing assistance.

Immediate Action Required,
AMTS Emergency Response Team
-------------------------------------------------------------------------------
Content-Type: text/plain; charset="utf-8"
MIME-Version: 1.0
Content-Transfer-Encoding: 8bit
Subject: 
 =?utf-8?q?=F0=9F=9A=A8_FAMILY_EMERGENCY=3A_Possible_Bus_Accident_-_Bus_33?=
From: AMTS Emergency <noreply.amts.emergency@gmail.com>
To: testuser22@example.com
Date: Thu, 08 Jan 2026 08:10:13 -0000
Message-ID: <176785981342.17712.9152924675402606088@Samarth-Elite>

EMERGENCY NOTIFICATION - AMTS

🚨 FAMILY EMERGENCY ALERT 🚨

An accident involving your family member has occurred.

📍 Location: Emergency Simulation - Bus 33 Route (https://www.google.com/maps?q=23.0225,72.5714)
🚌 Bus Number: 33
🛣️ Route: Gokul Park ↔ Lal Darwaja
⏰ Time: 08/01/2026 at 01:40 PM

Please contact emergency services or the AMTS control room immediately:
- Emergency Services: 108
- AMTS Control Room: +91-79-2658-0000
- Police: 100
- Fire: 101

Location on Google Maps: https://www.google.com/maps?q=23.0225,72.5714

AMTS Emergency Response Team is on-site providing assistance.

Immediate Action Required,
AMTS Emergency Response Team
-------------------------------------------------------------------------------
Content-Type: text/plain; charset="utf-8"
MIME-Version: 1.0
Content-Transfer-Encoding: 8bit
Subject: 
 =?utf-8?q?=F0=9F=9A=A8_FAMILY_EMERGENCY=3A_Possible_Bus_Accident_-_Bus_33?=
From: AMTS Emergency <noreply.amts.emergency@gmail.com>
To: testuser2@example.com
Date: Thu, 08 Jan 2026 08:10:13 -0000
Message-ID: <176785981343.17712.9291951570858180267@Samarth-Elite>

EMERGENCY NOTIFICATION - AMTS

🚨 FAMILY EMERGENCY ALERT 🚨

An accident involving your family member has occurred.

📍 Location: Emergency Simulation - Bus 33 Route (https://www.google.com/maps?q=23.0225,72.5714)
🚌 Bus Number: 33
🛣️ Route: Gokul Park ↔ Lal Darwaja
⏰ Time: 08/01/2026 at 01:40 PM

Please contact emergency services or the AMTS control room immediately:
- Emergency Services: 108
- AMTS Control Room: +91-79-2658-0000
- Police: 100
- Fire: 101

Location on Google Maps: https://www.google.com/maps?q=23.0225,72.5714

AMTS Emergency Response Team is on-site providing assistance.

Immediate Action Required,
AMTS Emergency Response Team
-------------------------------------------------------------------------------
Content-Type: text/plain; charset="utf-8"
MIME-Version: 1.0
Content-Transfer-Encoding: 8bit
Subject: 
 =?utf-8?q?=F0=9F=9A=A8_FAMILY_EMERGENCY=3A_Possible_Bus_Accident_-_Bus_33?=
From: AMTS Emergency <noreply.amts.emergency@gmail.com>
To: testuser28@example.com
Date: Thu, 08 Jan 2026 08:10:13 -0000
Message-ID: <176785981343.17712.2260603419431590476@Samarth-Elite>

EMERGENCY NOTIFICATION - AMTS

🚨 FAMILY EMERGENCY ALERT 🚨

An accident involving your family member has occurred.

📍 Location: Emergency Simulation - Bus 33 Route (https://www.google.com/maps?q=23.0225,72.5714)
🚌 Bus Number: 33
🛣️ Route: Gokul Park ↔ Lal Darwaja
⏰ Time: 08/01/2026 at 01:40 PM

Please contact emergency services or the AMTS control room immediately:
- Emergency Services: 108
- AMTS Control Room: +91-79-2658-0000
- Police: 100
- Fire: 101

Location on Google Maps: https://www.google.com/maps?q=23.0225,72.5714

AMTS Emergency Response Team is on-site providing assistance.

Immediate Action Required,
AMTS Emergency Response Team
-------------------------------------------------------------------------------
Content-Type: text/plain; charset="utf-8"
MIME-Version: 1.0
Content-Transfer-Encoding: 8bit
Subject: 
 =?utf-8?q?=F0=9F=9A=A8_FAMILY_EMERGENCY=3A_Possible_Bus_Accident_-_Bus_33?=
From: AMTS Emergency <noreply.amts.emergency@gmail.com>
To: testuser10@example.com
Date: Thu, 08 Jan 2026 08:10:13 -0000
Message-ID: <176785981344.17712.3509642760301881517@Samarth-Elite>

EMERGENCY NOTIFICATION - AMTS

🚨 FAMILY EMERGENCY ALERT 🚨

An accident involving your family member has occurred.

📍 Location: Emergency Simulation - Bus 33 Route (https://www.google.com/maps?q=23.0225,72.5714)
🚌 Bus Number: 33
🛣️ Route: Gokul Park ↔ Lal Darwaja
⏰ Time: 08/01/2026 at 01:40 PM

Please contact emergency services or the AMTS control room immediately:
- Emergency Services: 108
- AMTS Control Room: +91-79-2658-0000
- Police: 100
- Fire: 101

Location on Google Maps: https://www.google.com/maps?q=23.0225,72.5714

AMTS Emergency Response Team is on-site providing assistance.

Immediate Action Required,
AMTS Emergency Response Team
-------------------------------------------------------------------------------
Content-Type: text/plain; charset="utf-8"
MIME-Version: 1.0
Content-Transfer-Encoding: 8bit
Subject: 
 =?utf-8?q?=F0=9F=9A=A8_FAMILY_EMERGENCY=3A_Possible_Bus_Accident_-_Bus_33?=
From: AMTS Emergency <noreply.amts.emergency@gmail.com>
To: vaibhavmevada796@gmail.com
Date: Thu, 08 Jan 2026 08:10:13 -0000
Message-ID: <176785981344.17712.13737354330287036330@Samarth-Elite>

EMERGENCY NOTIFICATION - AMTS

🚨 FAMILY EMERGENCY ALERT 🚨

An accident involving your family member has occurred.

📍 Location: Emergency Simulation - Bus 33 Route (https://www.google.com/maps?q=23.0225,72.5714)
🚌 Bus Number: 33
🛣️ Route: Gokul Park ↔ Lal Darwaja
⏰ Time: 08/01/2026 at 01:40 PM

Please contact emergency services or the AMTS control room immediately:
- Emergency Services: 108
- AMTS Control Room: +91-79-2658-0000
- Police: 100
- Fire: 101

Location on Google Maps: https://www.google.com/maps?q=23.0225,72.5714

AMTS Emergency Response Team is on-site providing assistance.

Immediate Action Required,
AMTS Emergency Response Team
-------------------------------------------------------------------------------
Content-Type: text/plain; charset="utf-8"
MIME-Version: 1.0
Content-Transfer-Encoding: 8bit
Subject: 
 =?utf-8?q?=F0=9F=9A=A8_FAMILY_EMERGENCY=3A_Possible_Bus_Accident_-_Bus_33?=
From: AMTS Emergency <noreply.amts.emergency@gmail.com>
To: testuser9@example.com
Date: Thu, 08 Jan 2026 08:10:13 -0000
Message-ID: <176785981345.17712.737170852138451412@Samarth-Elite>

EMERGENCY NOTIFICATION - AMTS

🚨 FAMILY EMERGENCY ALERT 🚨

An accident involving your family member has occurred.

📍 Location: Emergency Simulation - Bus 33 Route (https://www.google.com/maps?q=23.0225,72.5714)
🚌 Bus Number: 33
🛣️ Route: Gokul Park ↔ Lal Darwaja
⏰ Time: 08/01/2026 at 01:40 PM

Please contact emergency services or the AMTS control room immediately:
- Emergency Services: 108
- AMTS Control Room: +91-79-2658-0000
- Police: 100
- Fire: 101

Location on Google Maps: https://www.google.com/maps?q=23.0225,72.5714

AMTS Emergency Response Team is on-site providing assistance.

Immediate Action Required,
AMTS Emergency Response Team
-------------------------------------------------------------------------------
Content-Type: text/plain; charset="utf-8"
MIME-Version: 1.0
Content-Transfer-Encoding: 8bit
Subject: 
 =?utf-8?q?=F0=9F=9A=A8_FAMILY_EMERGENCY=3A_Possible_Bus_Accident_-_Bus_33?=
From: AMTS Emergency <noreply.amts.emergency@gmail.com>
To: testuser15@example.com
Date: Thu, 08 Jan 2026 08:10:13 -0000
Message-ID: <176785981345.17712.4957506400164211172@Samarth-Elite>

EMERGENCY NOTIFICATION - AMTS

🚨 FAMILY EMERGENCY ALERT 🚨

An accident involving your family member has occurred.

📍 Location: Emergency Simulation - Bus 33 Route (https://www.google.com/maps?q=23.0225,72.5714)
🚌 Bus Number: 33
🛣️ Route: Gokul Park ↔ Lal Darwaja
⏰ Time: 08/01/2026 at 01:40 PM

Please contact emergency services or the AMTS control room immediately:
- Emergency Services: 108
- AMTS Control Room: +91-79-2658-0000
- Police: 100
- Fire: 101

Location on Google Maps: https://www.google.com/maps?q=23.0225,72.5714

AMTS Emergency Response Team is on-site providing assistance.

Immediate Action Required,
AMTS Emergency Response Team
-------------------------------------------------------------------------------
Content-Type: text/plain; charset="utf-8"
MIME-Version: 1.0
Content-Transfer-Encoding: 8bit
Subject: 
 =?utf-8?q?=F0=9F=9A=A8_BUS_ACCIDENT_REPORT_-_Bus_33_-_Immediate_Response_Req?=
 =?utf-8?q?uired?=
From: AMTS Emergency <noreply.amts.emergency@gmail.com>
To: vaibhavmevada796@gmail.com
Date: Thu, 08 Jan 2026 08:10:13 -0000
Message-ID: <176785981345.17712.12222008341949786842@Samarth-Elite>

EMERGENCY INCIDENT REPORT - AMTS

🚨 BUS ACCIDENT DETECTED 🚨

INCIDENT DETAILS:
- Bus Number: 33
- Route: Gokul Park ↔ Lal Darwaja
- Location: Emergency Simulation - Bus 33 Route (https://www.google.com/maps?q=23.0225,72.5714)
- GPS Coordinates: 23.0225, 72.5714
- Time: 08/01/2026 at 01:40 PM

AFFECTED PASSENGERS: 0 confirmed bookings
EMERGENCY NOTIFICATIONS SENT: 40 family alerts

IMMEDIATE ACTIONS REQUIRED:
1. Dispatch emergency response team
2. Coordinate with local emergency services
3. Set up family assistance center
4. Prepare medical support
5. Notify media relations team

Google Maps Location: https://www.google.com/maps?q=23.0225,72.5714

This is an automated emergency alert from AMTS Safety System.
Please respond immediately.

AMTS Emergency Response System
-------------------------------------------------------------------------------
Content-Type: text/plain; charset="utf-8"
MIME-Version: 1.0
Content-Transfer-Encoding: 8bit
Subject: 
 =?utf-8?q?=F0=9F=9A=A8_BUS_ACCIDENT_REPORT_-_Bus_33_-_Immediate_Response_Req?=
 =?utf-8?q?uired?=
From: AMTS Emergency <noreply.amts.emergency@gmail.com>
To: emergency@amts.gov.in
Date: Thu, 08 Jan 2026 08:10:13 -0000
Message-ID: <176785981346.17712.16750245347690335971@Samarth-Elite>

EMERGENCY INCIDENT REPORT - AMTS

🚨 BUS ACCIDENT DETECTED 🚨

INCIDENT DETAILS:
- Bus Number: 33
- Route: Gokul Park ↔ Lal Darwaja
- Location: Emergency Simulation - Bus 33 Route (https://www.google.com/maps?q=23.0225,72.5714)
- GPS Coordinates: 23.0225, 72.5714
- Time: 08/01/2026 at 01:40 PM

AFFECTED PASSENGERS: 0 confirmed bookings
EMERGENCY NOTIFICATIONS SENT: 40 family alerts

IMMEDIATE ACTIONS REQUIRED:
1. Dispatch emergency response team
2. Coordinate with local emergency services
3. Set up family assistance center
4. Prepare medical support
5. Notify media relations team

Google Maps Location: https://www.google.com/maps?q=23.0225,72.5714

This is an automated emergency alert from AMTS Safety System.
Please respond immediately.

AMTS Emergency Response System
-------------------------------------------------------------------------------
Content-Type: text/plain; charset="utf-8"
MIME-Version: 1.0
Content-Transfer-Encoding: 8bit
Subject: 
 =?utf-8?q?=F0=9F=9A=A8_BUS_ACCIDENT_REPORT_-_Bus_33_-_Immediate_Response_Req?=
 =?utf-8?q?uired?=
From: AMTS Emergency <noreply.amts.emergency@gmail.com>
To: control.room@amts.gov.in
Date: Thu, 08 Jan 2026 08:10:13 -0000
Message-ID: <176785981347.17712.32483905944981311@Samarth-Elite>

EMERGENCY INCIDENT REPORT - AMTS

🚨 BUS ACCIDENT DETECTED 🚨

INCIDENT DETAILS:
- Bus Number: 33
- Route: Gokul Park ↔ Lal Darwaja
- Location: Emergency Simulation - Bus 33 Route (https://www.google.com/maps?q=23.0225,72.5714)
- GPS Coordinates: 23.0225, 72.5714
- Time: 08/01/2026 at 01:40 PM

AFFECTED PASSENGERS: 0 confirmed bookings
EMERGENCY NOTIFICATIONS SENT: 40 family alerts

IMMEDIATE ACTIONS REQUIRED:
1. Dispatch emergency response team
2. Coordinate with local emergency services
3. Set up family assistance center
4. Prepare medical support
5. Notify media relations team

Google Maps Location: https://www.google.com/maps?q=23.0225,72.5714

This is an automated emergency alert from AMTS Safety System.
Please respond immediately.

AMTS Emergency Response System
-------------------------------------------------------------------------------
Content-Type: text/plain; charset="utf-8"
MIME-Version: 1.0
Content-Transfer-Encoding: 8bit
Subject: 
 =?utf-8?q?=F0=9F=9A=A8_BUS_ACCIDENT_REPORT_-_Bus_33_-_Immediate_Response_Req?=
 =?utf-8?q?uired?=
From: AMTS Emergency <noreply.amts.emergency@gmail.com>
To: safety@amts.gov.in
Date: Thu, 08 Jan 2026 08:10:13 -0000
Message-ID: <176785981347.17712.1810106506174218991@Samarth-Elite>

EMERGENCY INCIDENT REPORT - AMTS

🚨 BUS ACCIDENT DETECTED 🚨

INCIDENT DETAILS:
- Bus Number: 33
- Route: Gokul Park ↔ Lal Darwaja
- Location: Emergency Simulation - Bus 33 Route (https://www.google.com/maps?q=23.0225,72.5714)
- GPS Coordinates: 23.0225, 72.5714
- Time: 08/01/2026 at 01:40 PM

AFFECTED PASSENGERS: 0 confirmed bookings
EMERGENCY NOTIFICATIONS SENT: 40 family alerts

IMMEDIATE ACTIONS REQUIRED:
1. Dispatch emergency response team
2. Coordinate with local emergency services
3. Set up family assistance center
4. Prepare medical support
5. Notify media relations team

Google Maps Location: https://www.google.com/maps?q=23.0225,72.5714

This is an automated emergency alert from AMTS Safety System.
Please respond immediately.

AMTS Emergency Response System
-------------------------------------------------------------------------------
Content-Type: text/plain; charset="utf-8"
MIME-Version: 1.0
Content-Transfer-Encoding: 8bit
Subject: 
 =?utf-8?q?=F0=9F=9A=A8_BUS_ACCIDENT_REPORT_-_Bus_33_-_Immediate_Response_Req?=
 =?utf-8?q?uired?=
From: AMTS Emergency <noreply.amts.emergency@gmail.com>
To: admin@amts.gov.in
Date: Thu, 08 Jan 2026 08:10:13 -0000
Message-ID: <176785981347.17712.4542828607764300659@Samarth-Elite>

EMERGENCY INCIDENT REPORT - AMTS

🚨 BUS ACCIDENT DETECTED 🚨

INCIDENT DETAILS:
- Bus Number: 33
- Route: Gokul Park ↔ Lal Darwaja
- Location: Emergency Simulation - Bus 33 Route (https://www.google.com/maps?q=23.0225,72.5714)
- GPS Coordinates: 23.0225, 72.5714
- Time: 08/01/2026 at 01:40 PM

AFFECTED PASSENGERS: 0 confirmed bookings
EMERGENCY NOTIFICATIONS SENT: 40 family alerts

IMMEDIATE ACTIONS REQUIRED:
1. Dispatch emergency response team
2. Coordinate with local emergency services
3. Set up family assistance center
4. Prepare medical support
5. Notify media relations team

Google Maps Location: https://www.google.com/maps?q=23.0225,72.5714

This is an automated emergency alert from AMTS Safety System.
Please respond immediately.

AMTS Emergency Response System
-------------------------------------------------------------------------------
