Content-Type: text/plain; charset="utf-8"
MIME-Version: 1.0
Content-Transfer-Encoding: 8bit
Subject: =?utf-8?q?=F0=9F=9A=A8_URGENT=3A_Bus_Accident_Alert_-_Bus_45?=
From: AMTS Emergency <noreply.amts.emergency@gmail.com>
To: john.doe@example.com
Date: Wed, 07 Jan 2026 16:40:41 -0000
Message-ID: <176780404113.12920.8484752652493594639@LAPTOP-7FNM8Q6O>

EMERGENCY NOTIFICATION - AMTS

🚨 ACCIDENT ALERT 🚨

An accident involving Bus 45 has been reported.

📍 Location: Test Email File Generation (https://www.google.com/maps?q=23.0225,72.5714)
🚌 Bus Number: 45
🛣️ Route: Route 45
⏰ Time: 07/01/2026 at 10:10 PM

If you or your family member was traveling on this bus, please:
1. Contact emergency services: 108
2. Call AMTS Control Room: +91-79-2658-0000
3. Visit the accident location if safe to do so

AMTS is coordinating with emergency services for immediate assistance.

Stay safe,
AMTS Emergency Response Team
-------------------------------------------------------------------------------
Content-Type: text/plain; charset="utf-8"
MIME-Version: 1.0
Content-Transfer-Encoding: 8bit
Subject: =?utf-8?q?=F0=9F=9A=A8_URGENT=3A_Bus_Accident_Alert_-_Bus_45?=
From: AMTS Emergency <noreply.amts.emergency@gmail.com>
To: raj.patel@example.com
Date: Wed, 07 Jan 2026 16:40:41 -0000
Message-ID: <176780404114.12920.4343049721663238552@LAPTOP-7FNM8Q6O>

EMERGENCY NOTIFICATION - AMTS

🚨 ACCIDENT ALERT 🚨

An accident involving Bus 45 has been reported.

📍 Location: Test Email File Generation (https://www.google.com/maps?q=23.0225,72.5714)
🚌 Bus Number: 45
🛣️ Route: Route 45
⏰ Time: 07/01/2026 at 10:10 PM

If you or your family member was traveling on this bus, please:
1. Contact emergency services: 108
2. Call AMTS Control Room: +91-79-2658-0000
3. Visit the accident location if safe to do so

AMTS is coordinating with emergency services for immediate assistance.

Stay safe,
AMTS Emergency Response Team
-------------------------------------------------------------------------------
Content-Type: text/plain; charset="utf-8"
MIME-Version: 1.0
Content-Transfer-Encoding: 8bit
Subject: 
 =?utf-8?q?=F0=9F=9A=A8_FAMILY_EMERGENCY=3A_Possible_Bus_Accident_-_Bus_45?=
From: AMTS Emergency <noreply.amts.emergency@gmail.com>
To: testuser14@example.com
Date: Wed, 07 Jan 2026 16:40:41 -0000
Message-ID: <176780404114.12920.119906261245373836@LAPTOP-7FNM8Q6O>

EMERGENCY NOTIFICATION - AMTS

🚨 FAMILY EMERGENCY ALERT 🚨

An accident involving your family member has occurred.

📍 Location: Test Email File Generation (https://www.google.com/maps?q=23.0225,72.5714)
🚌 Bus Number: 45
🛣️ Route: Route 45
⏰ Time: 07/01/2026 at 10:10 PM

Please contact emergency services or the AMTS control room immediately:
- Emergency Services: 108
- AMTS Control Room: +91-79-2658-0000
- Police: 100
- Fire: 101

Location on Google Maps: https://www.google.com/maps?q=23.0225,72.5714

AMTS Emergency Response Team is on-site providing assistance.

Immediate Action Required,
AMTS Emergency Response Team
-------------------------------------------------------------------------------
Content-Type: text/plain; charset="utf-8"
MIME-Version: 1.0
Content-Transfer-Encoding: 8bit
Subject: 
 =?utf-8?q?=F0=9F=9A=A8_FAMILY_EMERGENCY=3A_Possible_Bus_Accident_-_Bus_45?=
From: AMTS Emergency <noreply.amts.emergency@gmail.com>
To: testuser11@example.com
Date: Wed, 07 Jan 2026 16:40:41 -0000
Message-ID: <176780404114.12920.11993378067346433110@LAPTOP-7FNM8Q6O>

EMERGENCY NOTIFICATION - AMTS

🚨 FAMILY EMERGENCY ALERT 🚨

An accident involving your family member has occurred.

📍 Location: Test Email File Generation (https://www.google.com/maps?q=23.0225,72.5714)
🚌 Bus Number: 45
🛣️ Route: Route 45
⏰ Time: 07/01/2026 at 10:10 PM

Please contact emergency services or the AMTS control room immediately:
- Emergency Services: 108
- AMTS Control Room: +91-79-2658-0000
- Police: 100
- Fire: 101

Location on Google Maps: https://www.google.com/maps?q=23.0225,72.5714

AMTS Emergency Response Team is on-site providing assistance.

Immediate Action Required,
AMTS Emergency Response Team
-------------------------------------------------------------------------------
Content-Type: text/plain; charset="utf-8"
MIME-Version: 1.0
Content-Transfer-Encoding: 8bit
Subject: 
 =?utf-8?q?=F0=9F=9A=A8_FAMILY_EMERGENCY=3A_Possible_Bus_Accident_-_Bus_45?=
From: AMTS Emergency <noreply.amts.emergency@gmail.com>
To: testuser5@example.com
Date: Wed, 07 Jan 2026 16:40:41 -0000
Message-ID: <176780404114.12920.18333360157580359745@LAPTOP-7FNM8Q6O>

EMERGENCY NOTIFICATION - AMTS

🚨 FAMILY EMERGENCY ALERT 🚨

An accident involving your family member has occurred.

📍 Location: Test Email File Generation (https://www.google.com/maps?q=23.0225,72.5714)
🚌 Bus Number: 45
🛣️ Route: Route 45
⏰ Time: 07/01/2026 at 10:10 PM

Please contact emergency services or the AMTS control room immediately:
- Emergency Services: 108
- AMTS Control Room: +91-79-2658-0000
- Police: 100
- Fire: 101

Location on Google Maps: https://www.google.com/maps?q=23.0225,72.5714

AMTS Emergency Response Team is on-site providing assistance.

Immediate Action Required,
AMTS Emergency Response Team
-------------------------------------------------------------------------------
Content-Type: text/plain; charset="utf-8"
MIME-Version: 1.0
Content-Transfer-Encoding: 8bit
Subject: 
 =?utf-8?q?=F0=9F=9A=A8_FAMILY_EMERGENCY=3A_Possible_Bus_Accident_-_Bus_45?=
From: AMTS Emergency <noreply.amts.emergency@gmail.com>
To: testuser27@example.com
Date: Wed, 07 Jan 2026 16:40:41 -0000
Message-ID: <176780404115.12920.6508798259610247241@LAPTOP-7FNM8Q6O>

EMERGENCY NOTIFICATION - AMTS

🚨 FAMILY EMERGENCY ALERT 🚨

An accident involving your family member has occurred.

📍 Location: Test Email File Generation (https://www.google.com/maps?q=23.0225,72.5714)
🚌 Bus Number: 45
🛣️ Route: Route 45
⏰ Time: 07/01/2026 at 10:10 PM

Please contact emergency services or the AMTS control room immediately:
- Emergency Services: 108
- AMTS Control Room: +91-79-2658-0000
- Police: 100
- Fire: 101

Location on Google Maps: https://www.google.com/maps?q=23.0225,72.5714

AMTS Emergency Response Team is on-site providing assistance.

Immediate Action Required,
AMTS Emergency Response Team
-------------------------------------------------------------------------------
Content-Type: text/plain; charset="utf-8"
MIME-Version: 1.0
Content-Transfer-Encoding: 8bit
Subject: 
 =?utf-8?q?=F0=9F=9A=A8_FAMILY_EMERGENCY=3A_Possible_Bus_Accident_-_Bus_45?=
From: AMTS Emergency <noreply.amts.emergency@gmail.com>
To: testuser9@example.com
Date: Wed, 07 Jan 2026 16:40:41 -0000
Message-ID: <176780404115.12920.8259261316630100157@LAPTOP-7FNM8Q6O>

EMERGENCY NOTIFICATION - AMTS

🚨 FAMILY EMERGENCY ALERT 🚨

An accident involving your family member has occurred.

📍 Location: Test Email File Generation (https://www.google.com/maps?q=23.0225,72.5714)
🚌 Bus Number: 45
🛣️ Route: Route 45
⏰ Time: 07/01/2026 at 10:10 PM

Please contact emergency services or the AMTS control room immediately:
- Emergency Services: 108
- AMTS Control Room: +91-79-2658-0000
- Police: 100
- Fire: 101

Location on Google Maps: https://www.google.com/maps?q=23.0225,72.5714

AMTS Emergency Response Team is on-site providing assistance.

Immediate Action Required,
AMTS Emergency Response Team
-------------------------------------------------------------------------------
Content-Type: text/plain; charset="utf-8"
MIME-Version: 1.0
Content-Transfer-Encoding: 8bit
Subject: 
 =?utf-8?q?=F0=9F=9A=A8_FAMILY_EMERGENCY=3A_Possible_Bus_Accident_-_Bus_45?=
From: AMTS Emergency <noreply.amts.emergency@gmail.com>
To: testuser29@example.com
Date: Wed, 07 Jan 2026 16:40:41 -0000
Message-ID: <176780404115.12920.1399626192638007932@LAPTOP-7FNM8Q6O>

EMERGENCY NOTIFICATION - AMTS

🚨 FAMILY EMERGENCY ALERT 🚨

An accident involving your family member has occurred.

📍 Location: Test Email File Generation (https://www.google.com/maps?q=23.0225,72.5714)
🚌 Bus Number: 45
🛣️ Route: Route 45
⏰ Time: 07/01/2026 at 10:10 PM

Please contact emergency services or the AMTS control room immediately:
- Emergency Services: 108
- AMTS Control Room: +91-79-2658-0000
- Police: 100
- Fire: 101

Location on Google Maps: https://www.google.com/maps?q=23.0225,72.5714

AMTS Emergency Response Team is on-site providing assistance.

Immediate Action Required,
AMTS Emergency Response Team
-------------------------------------------------------------------------------
Content-Type: text/plain; charset="utf-8"
MIME-Version: 1.0
Content-Transfer-Encoding: 8bit
Subject: 
 =?utf-8?q?=F0=9F=9A=A8_FAMILY_EMERGENCY=3A_Possible_Bus_Accident_-_Bus_45?=
From: AMTS Emergency <noreply.amts.emergency@gmail.com>
To: dharmitpatel98@gmail.com
Date: Wed, 07 Jan 2026 16:40:41 -0000
Message-ID: <176780404115.12920.2317273462971031424@LAPTOP-7FNM8Q6O>

EMERGENCY NOTIFICATION - AMTS

🚨 FAMILY EMERGENCY ALERT 🚨

An accident involving your family member has occurred.

📍 Location: Test Email File Generation (https://www.google.com/maps?q=23.0225,72.5714)
🚌 Bus Number: 45
🛣️ Route: Route 45
⏰ Time: 07/01/2026 at 10:10 PM

Please contact emergency services or the AMTS control room immediately:
- Emergency Services: 108
- AMTS Control Room: +91-79-2658-0000
- Police: 100
- Fire: 101

Location on Google Maps: https://www.google.com/maps?q=23.0225,72.5714

AMTS Emergency Response Team is on-site providing assistance.

Immediate Action Required,
AMTS Emergency Response Team
-------------------------------------------------------------------------------
Content-Type: text/plain; charset="utf-8"
MIME-Version: 1.0
Content-Transfer-Encoding: 8bit
Subject: 
 =?utf-8?q?=F0=9F=9A=A8_FAMILY_EMERGENCY=3A_Possible_Bus_Accident_-_Bus_45?=
From: AMTS Emergency <noreply.amts.emergency@gmail.com>
To: testuser1@example.com
Date: Wed, 07 Jan 2026 16:40:41 -0000
Message-ID: <176780404115.12920.15625306554749377397@LAPTOP-7FNM8Q6O>

EMERGENCY NOTIFICATION - AMTS

🚨 FAMILY EMERGENCY ALERT 🚨

An accident involving your family member has occurred.

📍 Location: Test Email File Generation (https://www.google.com/maps?q=23.0225,72.5714)
🚌 Bus Number: 45
🛣️ Route: Route 45
⏰ Time: 07/01/2026 at 10:10 PM

Please contact emergency services or the AMTS control room immediately:
- Emergency Services: 108
- AMTS Control Room: +91-79-2658-0000
- Police: 100
- Fire: 101

Location on Google Maps: https://www.google.com/maps?q=23.0225,72.5714

AMTS Emergency Response Team is on-site providing assistance.

Immediate Action Required,
AMTS Emergency Response Team
-------------------------------------------------------------------------------
Content-Type: text/plain; charset="utf-8"
MIME-Version: 1.0
Content-Transfer-Encoding: 8bit
Subject: 
 =?utf-8?q?=F0=9F=9A=A8_FAMILY_EMERGENCY=3A_Possible_Bus_Accident_-_Bus_45?=
From: AMTS Emergency <noreply.amts.emergency@gmail.com>
To: testuser6@example.com
Date: Wed, 07 Jan 2026 16:40:41 -0000
Message-ID: <176780404115.12920.16843662279728778575@LAPTOP-7FNM8Q6O>

EMERGENCY NOTIFICATION - AMTS

🚨 FAMILY EMERGENCY ALERT 🚨

An accident involving your family member has occurred.

📍 Location: Test Email File Generation (https://www.google.com/maps?q=23.0225,72.5714)
🚌 Bus Number: 45
🛣️ Route: Route 45
⏰ Time: 07/01/2026 at 10:10 PM

Please contact emergency services or the AMTS control room immediately:
- Emergency Services: 108
- AMTS Control Room: +91-79-2658-0000
- Police: 100
- Fire: 101

Location on Google Maps: https://www.google.com/maps?q=23.0225,72.5714

AMTS Emergency Response Team is on-site providing assistance.

Immediate Action Required,
AMTS Emergency Response Team
-------------------------------------------------------------------------------
Content-Type: text/plain; charset="utf-8"
MIME-Version: 1.0
Content-Transfer-Encoding: 8bit
Subject: 
 =?utf-8?q?=F0=9F=9A=A8_FAMILY_EMERGENCY=3A_Possible_Bus_Accident_-_Bus_45?=
From: AMTS Emergency <noreply.amts.emergency@gmail.com>
To: testuser20@example.com
Date: Wed, 07 Jan 2026 16:40:41 -0000
Message-ID: <176780404116.12920.16823218454789252821@LAPTOP-7FNM8Q6O>

EMERGENCY NOTIFICATION - AMTS

🚨 FAMILY EMERGENCY ALERT 🚨

An accident involving your family member has occurred.

📍 Location: Test Email File Generation (https://www.google.com/maps?q=23.0225,72.5714)
🚌 Bus Number: 45
🛣️ Route: Route 45
⏰ Time: 07/01/2026 at 10:10 PM

Please contact emergency services or the AMTS control room immediately:
- Emergency Services: 108
- AMTS Control Room: +91-79-2658-0000
- Police: 100
- Fire: 101

Location on Google Maps: https://www.google.com/maps?q=23.0225,72.5714

AMTS Emergency Response Team is on-site providing assistance.

Immediate Action Required,
AMTS Emergency Response Team
-------------------------------------------------------------------------------
Content-Type: text/plain; charset="utf-8"
MIME-Version: 1.0
Content-Transfer-Encoding: 8bit
Subject: 
 =?utf-8?q?=F0=9F=9A=A8_FAMILY_EMERGENCY=3A_Possible_Bus_Accident_-_Bus_45?=
From: AMTS Emergency <noreply.amts.emergency@gmail.com>
To: testuser25@example.com
Date: Wed, 07 Jan 2026 16:40:41 -0000
Message-ID: <176780404116.12920.11182583582013425087@LAPTOP-7FNM8Q6O>

EMERGENCY NOTIFICATION - AMTS

🚨 FAMILY EMERGENCY ALERT 🚨

An accident involving your family member has occurred.

📍 Location: Test Email File Generation (https://www.google.com/maps?q=23.0225,72.5714)
🚌 Bus Number: 45
🛣️ Route: Route 45
⏰ Time: 07/01/2026 at 10:10 PM

Please contact emergency services or the AMTS control room immediately:
- Emergency Services: 108
- AMTS Control Room: +91-79-2658-0000
- Police: 100
- Fire: 101

Location on Google Maps: https://www.google.com/maps?q=23.0225,72.5714

AMTS Emergency Response Team is on-site providing assistance.

Immediate Action Required,
AMTS Emergency Response Team
-------------------------------------------------------------------------------
Content-Type: text/plain; charset="utf-8"
MIME-Version: 1.0
Content-Transfer-Encoding: 8bit
Subject: 
 =?utf-8?q?=F0=9F=9A=A8_FAMILY_EMERGENCY=3A_Possible_Bus_Accident_-_Bus_45?=
From: AMTS Emergency <noreply.amts.emergency@gmail.com>
To: testuser7@example.com
Date: Wed, 07 Jan 2026 16:40:41 -0000
Message-ID: <176780404116.12920.14412681022399590509@LAPTOP-7FNM8Q6O>

EMERGENCY NOTIFICATION - AMTS

🚨 FAMILY EMERGENCY ALERT 🚨

An accident involving your family member has occurred.

📍 Location: Test Email File Generation (https://www.google.com/maps?q=23.0225,72.5714)
🚌 Bus Number: 45
🛣️ Route: Route 45
⏰ Time: 07/01/2026 at 10:10 PM

Please contact emergency services or the AMTS control room immediately:
- Emergency Services: 108
- AMTS Control Room: +91-79-2658-0000
- Police: 100
- Fire: 101

Location on Google Maps: https://www.google.com/maps?q=23.0225,72.5714

AMTS Emergency Response Team is on-site providing assistance.

Immediate Action Required,
AMTS Emergency Response Team
-------------------------------------------------------------------------------
Content-Type: text/plain; charset="utf-8"
MIME-Version: 1.0
Content-Transfer-Encoding: 8bit
Subject: 
 =?utf-8?q?=F0=9F=9A=A8_FAMILY_EMERGENCY=3A_Possible_Bus_Accident_-_Bus_45?=
From: AMTS Emergency <noreply.amts.emergency@gmail.com>
To: testuser8@example.com
Date: Wed, 07 Jan 2026 16:40:41 -0000
Message-ID: <176780404116.12920.13378380242530337139@LAPTOP-7FNM8Q6O>

EMERGENCY NOTIFICATION - AMTS

🚨 FAMILY EMERGENCY ALERT 🚨

An accident involving your family member has occurred.

📍 Location: Test Email File Generation (https://www.google.com/maps?q=23.0225,72.5714)
🚌 Bus Number: 45
🛣️ Route: Route 45
⏰ Time: 07/01/2026 at 10:10 PM

Please contact emergency services or the AMTS control room immediately:
- Emergency Services: 108
- AMTS Control Room: +91-79-2658-0000
- Police: 100
- Fire: 101

Location on Google Maps: https://www.google.com/maps?q=23.0225,72.5714

AMTS Emergency Response Team is on-site providing assistance.

Immediate Action Required,
AMTS Emergency Response Team
-------------------------------------------------------------------------------
Content-Type: text/plain; charset="utf-8"
MIME-Version: 1.0
Content-Transfer-Encoding: 8bit
Subject: 
 =?utf-8?q?=F0=9F=9A=A8_FAMILY_EMERGENCY=3A_Possible_Bus_Accident_-_Bus_45?=
From: AMTS Emergency <noreply.amts.emergency@gmail.com>
To: ayushgodhani003@gmail.com
Date: Wed, 07 Jan 2026 16:40:41 -0000
Message-ID: <176780404116.12920.13102476256995458289@LAPTOP-7FNM8Q6O>

EMERGENCY NOTIFICATION - AMTS

🚨 FAMILY EMERGENCY ALERT 🚨

An accident involving your family member has occurred.

📍 Location: Test Email File Generation (https://www.google.com/maps?q=23.0225,72.5714)
🚌 Bus Number: 45
🛣️ Route: Route 45
⏰ Time: 07/01/2026 at 10:10 PM

Please contact emergency services or the AMTS control room immediately:
- Emergency Services: 108
- AMTS Control Room: +91-79-2658-0000
- Police: 100
- Fire: 101

Location on Google Maps: https://www.google.com/maps?q=23.0225,72.5714

AMTS Emergency Response Team is on-site providing assistance.

Immediate Action Required,
AMTS Emergency Response Team
-------------------------------------------------------------------------------
Content-Type: text/plain; charset="utf-8"
MIME-Version: 1.0
Content-Transfer-Encoding: 8bit
Subject: 
 =?utf-8?q?=F0=9F=9A=A8_FAMILY_EMERGENCY=3A_Possible_Bus_Accident_-_Bus_45?=
From: AMTS Emergency <noreply.amts.emergency@gmail.com>
To: testuser30@example.com
Date: Wed, 07 Jan 2026 16:40:41 -0000
Message-ID: <176780404117.12920.8524185651987397140@LAPTOP-7FNM8Q6O>

EMERGENCY NOTIFICATION - AMTS

🚨 FAMILY EMERGENCY ALERT 🚨

An accident involving your family member has occurred.

📍 Location: Test Email File Generation (https://www.google.com/maps?q=23.0225,72.5714)
🚌 Bus Number: 45
🛣️ Route: Route 45
⏰ Time: 07/01/2026 at 10:10 PM

Please contact emergency services or the AMTS control room immediately:
- Emergency Services: 108
- AMTS Control Room: +91-79-2658-0000
- Police: 100
- Fire: 101

Location on Google Maps: https://www.google.com/maps?q=23.0225,72.5714

AMTS Emergency Response Team is on-site providing assistance.

Immediate Action Required,
AMTS Emergency Response Team
-------------------------------------------------------------------------------
Content-Type: text/plain; charset="utf-8"
MIME-Version: 1.0
Content-Transfer-Encoding: 8bit
Subject: 
 =?utf-8?q?=F0=9F=9A=A8_FAMILY_EMERGENCY=3A_Possible_Bus_Accident_-_Bus_45?=
From: AMTS Emergency <noreply.amts.emergency@gmail.com>
To: jane.smith@example.com
Date: Wed, 07 Jan 2026 16:40:41 -0000
Message-ID: <176780404117.12920.8341799856114532276@LAPTOP-7FNM8Q6O>

EMERGENCY NOTIFICATION - AMTS

🚨 FAMILY EMERGENCY ALERT 🚨

An accident involving your family member has occurred.

📍 Location: Test Email File Generation (https://www.google.com/maps?q=23.0225,72.5714)
🚌 Bus Number: 45
🛣️ Route: Route 45
⏰ Time: 07/01/2026 at 10:10 PM

Please contact emergency services or the AMTS control room immediately:
- Emergency Services: 108
- AMTS Control Room: +91-79-2658-0000
- Police: 100
- Fire: 101

Location on Google Maps: https://www.google.com/maps?q=23.0225,72.5714

AMTS Emergency Response Team is on-site providing assistance.

Immediate Action Required,
AMTS Emergency Response Team
-------------------------------------------------------------------------------
Content-Type: text/plain; charset="utf-8"
MIME-Version: 1.0
Content-Transfer-Encoding: 8bit
Subject: 
 =?utf-8?q?=F0=9F=9A=A8_FAMILY_EMERGENCY=3A_Possible_Bus_Accident_-_Bus_45?=
From: AMTS Emergency <noreply.amts.emergency@gmail.com>
To: testuser26@example.com
Date: Wed, 07 Jan 2026 16:40:41 -0000
Message-ID: <176780404117.12920.1740321093768621867@LAPTOP-7FNM8Q6O>

EMERGENCY NOTIFICATION - AMTS

🚨 FAMILY EMERGENCY ALERT 🚨

An accident involving your family member has occurred.

📍 Location: Test Email File Generation (https://www.google.com/maps?q=23.0225,72.5714)
🚌 Bus Number: 45
🛣️ Route: Route 45
⏰ Time: 07/01/2026 at 10:10 PM

Please contact emergency services or the AMTS control room immediately:
- Emergency Services: 108
- AMTS Control Room: +91-79-2658-0000
- Police: 100
- Fire: 101

Location on Google Maps: https://www.google.com/maps?q=23.0225,72.5714

AMTS Emergency Response Team is on-site providing assistance.

Immediate Action Required,
AMTS Emergency Response Team
-------------------------------------------------------------------------------
Content-Type: text/plain; charset="utf-8"
MIME-Version: 1.0
Content-Transfer-Encoding: 8bit
Subject: 
 =?utf-8?q?=F0=9F=9A=A8_FAMILY_EMERGENCY=3A_Possible_Bus_Accident_-_Bus_45?=
From: AMTS Emergency <noreply.amts.emergency@gmail.com>
To: testuser22@example.com
Date: Wed, 07 Jan 2026 16:40:41 -0000
Message-ID: <176780404117.12920.86090199518678557@LAPTOP-7FNM8Q6O>

EMERGENCY NOTIFICATION - AMTS

🚨 FAMILY EMERGENCY ALERT 🚨

An accident involving your family member has occurred.

📍 Location: Test Email File Generation (https://www.google.com/maps?q=23.0225,72.5714)
🚌 Bus Number: 45
🛣️ Route: Route 45
⏰ Time: 07/01/2026 at 10:10 PM

Please contact emergency services or the AMTS control room immediately:
- Emergency Services: 108
- AMTS Control Room: +91-79-2658-0000
- Police: 100
- Fire: 101

Location on Google Maps: https://www.google.com/maps?q=23.0225,72.5714

AMTS Emergency Response Team is on-site providing assistance.

Immediate Action Required,
AMTS Emergency Response Team
-------------------------------------------------------------------------------
Content-Type: text/plain; charset="utf-8"
MIME-Version: 1.0
Content-Transfer-Encoding: 8bit
Subject: 
 =?utf-8?q?=F0=9F=9A=A8_FAMILY_EMERGENCY=3A_Possible_Bus_Accident_-_Bus_45?=
From: AMTS Emergency <noreply.amts.emergency@gmail.com>
To: testuser12@example.com
Date: Wed, 07 Jan 2026 16:40:41 -0000
Message-ID: <176780404117.12920.14161812881183523154@LAPTOP-7FNM8Q6O>

EMERGENCY NOTIFICATION - AMTS

🚨 FAMILY EMERGENCY ALERT 🚨

An accident involving your family member has occurred.

📍 Location: Test Email File Generation (https://www.google.com/maps?q=23.0225,72.5714)
🚌 Bus Number: 45
🛣️ Route: Route 45
⏰ Time: 07/01/2026 at 10:10 PM

Please contact emergency services or the AMTS control room immediately:
- Emergency Services: 108
- AMTS Control Room: +91-79-2658-0000
- Police: 100
- Fire: 101

Location on Google Maps: https://www.google.com/maps?q=23.0225,72.5714

AMTS Emergency Response Team is on-site providing assistance.

Immediate Action Required,
AMTS Emergency Response Team
-------------------------------------------------------------------------------
Content-Type: text/plain; charset="utf-8"
MIME-Version: 1.0
Content-Transfer-Encoding: 8bit
Subject: 
 =?utf-8?q?=F0=9F=9A=A8_FAMILY_EMERGENCY=3A_Possible_Bus_Accident_-_Bus_45?=
From: AMTS Emergency <noreply.amts.emergency@gmail.com>
To: testuser24@example.com
Date: Wed, 07 Jan 2026 16:40:41 -0000
Message-ID: <176780404117.12920.9757481032121001728@LAPTOP-7FNM8Q6O>

EMERGENCY NOTIFICATION - AMTS

🚨 FAMILY EMERGENCY ALERT 🚨

An accident involving your family member has occurred.

📍 Location: Test Email File Generation (https://www.google.com/maps?q=23.0225,72.5714)
🚌 Bus Number: 45
🛣️ Route: Route 45
⏰ Time: 07/01/2026 at 10:10 PM

Please contact emergency services or the AMTS control room immediately:
- Emergency Services: 108
- AMTS Control Room: +91-79-2658-0000
- Police: 100
- Fire: 101

Location on Google Maps: https://www.google.com/maps?q=23.0225,72.5714

AMTS Emergency Response Team is on-site providing assistance.

Immediate Action Required,
AMTS Emergency Response Team
-------------------------------------------------------------------------------
Content-Type: text/plain; charset="utf-8"
MIME-Version: 1.0
Content-Transfer-Encoding: 8bit
Subject: 
 =?utf-8?q?=F0=9F=9A=A8_BUS_ACCIDENT_REPORT_-_Bus_45_-_Immediate_Response_Req?=
 =?utf-8?q?uired?=
From: AMTS Emergency <noreply.amts.emergency@gmail.com>
To: vaibhavmevada796@gmail.com
Date: Wed, 07 Jan 2026 16:40:41 -0000
Message-ID: <176780404117.12920.2891678083185272869@LAPTOP-7FNM8Q6O>

EMERGENCY INCIDENT REPORT - AMTS

🚨 BUS ACCIDENT DETECTED 🚨

INCIDENT DETAILS:
- Bus Number: 45
- Route: Route 45
- Location: Test Email File Generation (https://www.google.com/maps?q=23.0225,72.5714)
- GPS Coordinates: 23.0225, 72.5714
- Time: 07/01/2026 at 10:10 PM

AFFECTED PASSENGERS: 4 confirmed bookings
EMERGENCY NOTIFICATIONS SENT: 40 family alerts

IMMEDIATE ACTIONS REQUIRED:
1. Dispatch emergency response team
2. Coordinate with local emergency services
3. Set up family assistance center
4. Prepare medical support
5. Notify media relations team

Google Maps Location: https://www.google.com/maps?q=23.0225,72.5714

This is an automated emergency alert from AMTS Safety System.
Please respond immediately.

AMTS Emergency Response System
-------------------------------------------------------------------------------
Content-Type: text/plain; charset="utf-8"
MIME-Version: 1.0
Content-Transfer-Encoding: 8bit
Subject: 
 =?utf-8?q?=F0=9F=9A=A8_BUS_ACCIDENT_REPORT_-_Bus_45_-_Immediate_Response_Req?=
 =?utf-8?q?uired?=
From: AMTS Emergency <noreply.amts.emergency@gmail.com>
To: control.room@amts.gov.in
Date: Wed, 07 Jan 2026 16:40:41 -0000
Message-ID: <176780404117.12920.12093272344358763725@LAPTOP-7FNM8Q6O>

EMERGENCY INCIDENT REPORT - AMTS

🚨 BUS ACCIDENT DETECTED 🚨

INCIDENT DETAILS:
- Bus Number: 45
- Route: Route 45
- Location: Test Email File Generation (https://www.google.com/maps?q=23.0225,72.5714)
- GPS Coordinates: 23.0225, 72.5714
- Time: 07/01/2026 at 10:10 PM

AFFECTED PASSENGERS: 4 confirmed bookings
EMERGENCY NOTIFICATIONS SENT: 40 family alerts

IMMEDIATE ACTIONS REQUIRED:
1. Dispatch emergency response team
2. Coordinate with local emergency services
3. Set up family assistance center
4. Prepare medical support
5. Notify media relations team

Google Maps Location: https://www.google.com/maps?q=23.0225,72.5714

This is an automated emergency alert from AMTS Safety System.
Please respond immediately.

AMTS Emergency Response System
-------------------------------------------------------------------------------
Content-Type: text/plain; charset="utf-8"
MIME-Version: 1.0
Content-Transfer-Encoding: 8bit
Subject: 
 =?utf-8?q?=F0=9F=9A=A8_BUS_ACCIDENT_REPORT_-_Bus_45_-_Immediate_Response_Req?=
 =?utf-8?q?uired?=
From: AMTS Emergency <noreply.amts.emergency@gmail.com>
To: admin@amts.gov.in
Date: Wed, 07 Jan 2026 16:40:41 -0000
Message-ID: <176780404117.12920.1569190048761503175@LAPTOP-7FNM8Q6O>

EMERGENCY INCIDENT REPORT - AMTS

🚨 BUS ACCIDENT DETECTED 🚨

INCIDENT DETAILS:
- Bus Number: 45
- Route: Route 45
- Location: Test Email File Generation (https://www.google.com/maps?q=23.0225,72.5714)
- GPS Coordinates: 23.0225, 72.5714
- Time: 07/01/2026 at 10:10 PM

AFFECTED PASSENGERS: 4 confirmed bookings
EMERGENCY NOTIFICATIONS SENT: 40 family alerts

IMMEDIATE ACTIONS REQUIRED:
1. Dispatch emergency response team
2. Coordinate with local emergency services
3. Set up family assistance center
4. Prepare medical support
5. Notify media relations team

Google Maps Location: https://www.google.com/maps?q=23.0225,72.5714

This is an automated emergency alert from AMTS Safety System.
Please respond immediately.

AMTS Emergency Response System
-------------------------------------------------------------------------------
