Content-Type: text/plain; charset="utf-8"
MIME-Version: 1.0
Content-Transfer-Encoding: 8bit
Subject: 
 =?utf-8?q?=F0=9F=9A=A8_FAMILY_EMERGENCY=3A_Possible_Bus_Accident_-_Bus_45?=
From: AMTS Emergency <noreply.amts.emergency@gmail.com>
To: testuser27@example.com
Date: Thu, 08 Jan 2026 08:09:27 -0000
Message-ID: <176785976764.17712.8959135082189939699@Samarth-Elite>

EMERGENCY NOTIFICATION - AMTS

🚨 FAMILY EMERGENCY ALERT 🚨

An accident involving your family member has occurred.

📍 Location: Near Paldi Bus Stop, Ahmedabad (https://www.google.com/maps?q=23.0225,72.5714)
🚌 Bus Number: 45
🛣️ Route: Route 45
⏰ Time: 08/01/2026 at 01:39 PM

Please contact emergency services or the AMTS control room immediately:
- Emergency Services: 108
- AMTS Control Room: +91-79-2658-0000
- Police: 100
- Fire: 101

Location on Google Maps: https://www.google.com/maps?q=23.0225,72.5714

AMTS Emergency Response Team is on-site providing assistance.

Immediate Action Required,
AMTS Emergency Response Team
-------------------------------------------------------------------------------
Content-Type: text/plain; charset="utf-8"
MIME-Version: 1.0
Content-Transfer-Encoding: 8bit
Subject: 
 =?utf-8?q?=F0=9F=9A=A8_FAMILY_EMERGENCY=3A_Possible_Bus_Accident_-_Bus_45?=
From: AMTS Emergency <noreply.amts.emergency@gmail.com>
To: testuser8@example.com
Date: Thu, 08 Jan 2026 08:09:27 -0000
Message-ID: <176785976764.17712.8557916164530306187@Samarth-Elite>

EMERGENCY NOTIFICATION - AMTS

🚨 FAMILY EMERGENCY ALERT 🚨

An accident involving your family member has occurred.

📍 Location: Near Paldi Bus Stop, Ahmedabad (https://www.google.com/maps?q=23.0225,72.5714)
🚌 Bus Number: 45
🛣️ Route: Route 45
⏰ Time: 08/01/2026 at 01:39 PM

Please contact emergency services or the AMTS control room immediately:
- Emergency Services: 108
- AMTS Control Room: +91-79-2658-0000
- Police: 100
- Fire: 101

Location on Google Maps: https://www.google.com/maps?q=23.0225,72.5714

AMTS Emergency Response Team is on-site providing assistance.

Immediate Action Required,
AMTS Emergency Response Team
-------------------------------------------------------------------------------
Content-Type: text/plain; charset="utf-8"
MIME-Version: 1.0
Content-Transfer-Encoding: 8bit
Subject: 
 =?utf-8?q?=F0=9F=9A=A8_FAMILY_EMERGENCY=3A_Possible_Bus_Accident_-_Bus_45?=
From: AMTS Emergency <noreply.amts.emergency@gmail.com>
To: testuser15@example.com
Date: Thu, 08 Jan 2026 08:09:27 -0000
Message-ID: <176785976765.17712.6757739410899981347@Samarth-Elite>

EMERGENCY NOTIFICATION - AMTS

🚨 FAMILY EMERGENCY ALERT 🚨

An accident involving your family member has occurred.

📍 Location: Near Paldi Bus Stop, Ahmedabad (https://www.google.com/maps?q=23.0225,72.5714)
🚌 Bus Number: 45
🛣️ Route: Route 45
⏰ Time: 08/01/2026 at 01:39 PM

Please contact emergency services or the AMTS control room immediately:
- Emergency Services: 108
- AMTS Control Room: +91-79-2658-0000
- Police: 100
- Fire: 101

Location on Google Maps: https://www.google.com/maps?q=23.0225,72.5714

AMTS Emergency Response Team is on-site providing assistance.

Immediate Action Required,
AMTS Emergency Response Team
-------------------------------------------------------------------------------
Content-Type: text/plain; charset="utf-8"
MIME-Version: 1.0
Content-Transfer-Encoding: 8bit
Subject: 
 =?utf-8?q?=F0=9F=9A=A8_FAMILY_EMERGENCY=3A_Possible_Bus_Accident_-_Bus_45?=
From: AMTS Emergency <noreply.amts.emergency@gmail.com>
To: pap58942@gmail.com
Date: Thu, 08 Jan 2026 08:09:27 -0000
Message-ID: <176785976765.17712.14136538496154298932@Samarth-Elite>

EMERGENCY NOTIFICATION - AMTS

🚨 FAMILY EMERGENCY ALERT 🚨

An accident involving your family member has occurred.

📍 Location: Near Paldi Bus Stop, Ahmedabad (https://www.google.com/maps?q=23.0225,72.5714)
🚌 Bus Number: 45
🛣️ Route: Route 45
⏰ Time: 08/01/2026 at 01:39 PM

Please contact emergency services or the AMTS control room immediately:
- Emergency Services: 108
- AMTS Control Room: +91-79-2658-0000
- Police: 100
- Fire: 101

Location on Google Maps: https://www.google.com/maps?q=23.0225,72.5714

AMTS Emergency Response Team is on-site providing assistance.

Immediate Action Required,
AMTS Emergency Response Team
-------------------------------------------------------------------------------
Content-Type: text/plain; charset="utf-8"
MIME-Version: 1.0
Content-Transfer-Encoding: 8bit
Subject: 
 =?utf-8?q?=F0=9F=9A=A8_FAMILY_EMERGENCY=3A_Possible_Bus_Accident_-_Bus_45?=
From: AMTS Emergency <noreply.amts.emergency@gmail.com>
To: testuser10@example.com
Date: Thu, 08 Jan 2026 08:09:27 -0000
Message-ID: <176785976766.17712.2675789033494475535@Samarth-Elite>

EMERGENCY NOTIFICATION - AMTS

🚨 FAMILY EMERGENCY ALERT 🚨

An accident involving your family member has occurred.

📍 Location: Near Paldi Bus Stop, Ahmedabad (https://www.google.com/maps?q=23.0225,72.5714)
🚌 Bus Number: 45
🛣️ Route: Route 45
⏰ Time: 08/01/2026 at 01:39 PM

Please contact emergency services or the AMTS control room immediately:
- Emergency Services: 108
- AMTS Control Room: +91-79-2658-0000
- Police: 100
- Fire: 101

Location on Google Maps: https://www.google.com/maps?q=23.0225,72.5714

AMTS Emergency Response Team is on-site providing assistance.

Immediate Action Required,
AMTS Emergency Response Team
-------------------------------------------------------------------------------
Content-Type: text/plain; charset="utf-8"
MIME-Version: 1.0
Content-Transfer-Encoding: 8bit
Subject: 
 =?utf-8?q?=F0=9F=9A=A8_FAMILY_EMERGENCY=3A_Possible_Bus_Accident_-_Bus_45?=
From: AMTS Emergency <noreply.amts.emergency@gmail.com>
To: samarthpatel310106@gmail.com
Date: Thu, 08 Jan 2026 08:09:27 -0000
Message-ID: <176785976766.17712.14926071747202524421@Samarth-Elite>

EMERGENCY NOTIFICATION - AMTS

🚨 FAMILY EMERGENCY ALERT 🚨

An accident involving your family member has occurred.

📍 Location: Near Paldi Bus Stop, Ahmedabad (https://www.google.com/maps?q=23.0225,72.5714)
🚌 Bus Number: 45
🛣️ Route: Route 45
⏰ Time: 08/01/2026 at 01:39 PM

Please contact emergency services or the AMTS control room immediately:
- Emergency Services: 108
- AMTS Control Room: +91-79-2658-0000
- Police: 100
- Fire: 101

Location on Google Maps: https://www.google.com/maps?q=23.0225,72.5714

AMTS Emergency Response Team is on-site providing assistance.

Immediate Action Required,
AMTS Emergency Response Team
-------------------------------------------------------------------------------
Content-Type: text/plain; charset="utf-8"
MIME-Version: 1.0
Content-Transfer-Encoding: 8bit
Subject: 
 =?utf-8?q?=F0=9F=9A=A8_FAMILY_EMERGENCY=3A_Possible_Bus_Accident_-_Bus_45?=
From: AMTS Emergency <noreply.amts.emergency@gmail.com>
To: demo@example.com
Date: Thu, 08 Jan 2026 08:09:27 -0000
Message-ID: <176785976766.17712.1443110068917845161@Samarth-Elite>

EMERGENCY NOTIFICATION - AMTS

🚨 FAMILY EMERGENCY ALERT 🚨

An accident involving your family member has occurred.

📍 Location: Near Paldi Bus Stop, Ahmedabad (https://www.google.com/maps?q=23.0225,72.5714)
🚌 Bus Number: 45
🛣️ Route: Route 45
⏰ Time: 08/01/2026 at 01:39 PM

Please contact emergency services or the AMTS control room immediately:
- Emergency Services: 108
- AMTS Control Room: +91-79-2658-0000
- Police: 100
- Fire: 101

Location on Google Maps: https://www.google.com/maps?q=23.0225,72.5714

AMTS Emergency Response Team is on-site providing assistance.

Immediate Action Required,
AMTS Emergency Response Team
-------------------------------------------------------------------------------
Content-Type: text/plain; charset="utf-8"
MIME-Version: 1.0
Content-Transfer-Encoding: 8bit
Subject: 
 =?utf-8?q?=F0=9F=9A=A8_FAMILY_EMERGENCY=3A_Possible_Bus_Accident_-_Bus_45?=
From: AMTS Emergency <noreply.amts.emergency@gmail.com>
To: testuser14@example.com
Date: Thu, 08 Jan 2026 08:09:27 -0000
Message-ID: <176785976767.17712.6129602639123592657@Samarth-Elite>

EMERGENCY NOTIFICATION - AMTS

🚨 FAMILY EMERGENCY ALERT 🚨

An accident involving your family member has occurred.

📍 Location: Near Paldi Bus Stop, Ahmedabad (https://www.google.com/maps?q=23.0225,72.5714)
🚌 Bus Number: 45
🛣️ Route: Route 45
⏰ Time: 08/01/2026 at 01:39 PM

Please contact emergency services or the AMTS control room immediately:
- Emergency Services: 108
- AMTS Control Room: +91-79-2658-0000
- Police: 100
- Fire: 101

Location on Google Maps: https://www.google.com/maps?q=23.0225,72.5714

AMTS Emergency Response Team is on-site providing assistance.

Immediate Action Required,
AMTS Emergency Response Team
-------------------------------------------------------------------------------
Content-Type: text/plain; charset="utf-8"
MIME-Version: 1.0
Content-Transfer-Encoding: 8bit
Subject: 
 =?utf-8?q?=F0=9F=9A=A8_FAMILY_EMERGENCY=3A_Possible_Bus_Accident_-_Bus_45?=
From: AMTS Emergency <noreply.amts.emergency@gmail.com>
To: testuser31@example.com
Date: Thu, 08 Jan 2026 08:09:27 -0000
Message-ID: <176785976767.17712.17513599120478828010@Samarth-Elite>

EMERGENCY NOTIFICATION - AMTS

🚨 FAMILY EMERGENCY ALERT 🚨

An accident involving your family member has occurred.

📍 Location: Near Paldi Bus Stop, Ahmedabad (https://www.google.com/maps?q=23.0225,72.5714)
🚌 Bus Number: 45
🛣️ Route: Route 45
⏰ Time: 08/01/2026 at 01:39 PM

Please contact emergency services or the AMTS control room immediately:
- Emergency Services: 108
- AMTS Control Room: +91-79-2658-0000
- Police: 100
- Fire: 101

Location on Google Maps: https://www.google.com/maps?q=23.0225,72.5714

AMTS Emergency Response Team is on-site providing assistance.

Immediate Action Required,
AMTS Emergency Response Team
-------------------------------------------------------------------------------
Content-Type: text/plain; charset="utf-8"
MIME-Version: 1.0
Content-Transfer-Encoding: 8bit
Subject: 
 =?utf-8?q?=F0=9F=9A=A8_FAMILY_EMERGENCY=3A_Possible_Bus_Accident_-_Bus_45?=
From: AMTS Emergency <noreply.amts.emergency@gmail.com>
To: testuser17@example.com
Date: Thu, 08 Jan 2026 08:09:27 -0000
Message-ID: <176785976767.17712.16884411353331174804@Samarth-Elite>

EMERGENCY NOTIFICATION - AMTS

🚨 FAMILY EMERGENCY ALERT 🚨

An accident involving your family member has occurred.

📍 Location: Near Paldi Bus Stop, Ahmedabad (https://www.google.com/maps?q=23.0225,72.5714)
🚌 Bus Number: 45
🛣️ Route: Route 45
⏰ Time: 08/01/2026 at 01:39 PM

Please contact emergency services or the AMTS control room immediately:
- Emergency Services: 108
- AMTS Control Room: +91-79-2658-0000
- Police: 100
- Fire: 101

Location on Google Maps: https://www.google.com/maps?q=23.0225,72.5714

AMTS Emergency Response Team is on-site providing assistance.

Immediate Action Required,
AMTS Emergency Response Team
-------------------------------------------------------------------------------
Content-Type: text/plain; charset="utf-8"
MIME-Version: 1.0
Content-Transfer-Encoding: 8bit
Subject: 
 =?utf-8?q?=F0=9F=9A=A8_FAMILY_EMERGENCY=3A_Possible_Bus_Accident_-_Bus_45?=
From: AMTS Emergency <noreply.amts.emergency@gmail.com>
To: manthan07@gmail.com
Date: Thu, 08 Jan 2026 08:09:27 -0000
Message-ID: <176785976768.17712.2346692713177049895@Samarth-Elite>

EMERGENCY NOTIFICATION - AMTS

🚨 FAMILY EMERGENCY ALERT 🚨

An accident involving your family member has occurred.

📍 Location: Near Paldi Bus Stop, Ahmedabad (https://www.google.com/maps?q=23.0225,72.5714)
🚌 Bus Number: 45
🛣️ Route: Route 45
⏰ Time: 08/01/2026 at 01:39 PM

Please contact emergency services or the AMTS control room immediately:
- Emergency Services: 108
- AMTS Control Room: +91-79-2658-0000
- Police: 100
- Fire: 101

Location on Google Maps: https://www.google.com/maps?q=23.0225,72.5714

AMTS Emergency Response Team is on-site providing assistance.

Immediate Action Required,
AMTS Emergency Response Team
-------------------------------------------------------------------------------
Content-Type: text/plain; charset="utf-8"
MIME-Version: 1.0
Content-Transfer-Encoding: 8bit
Subject: 
 =?utf-8?q?=F0=9F=9A=A8_FAMILY_EMERGENCY=3A_Possible_Bus_Accident_-_Bus_45?=
From: AMTS Emergency <noreply.amts.emergency@gmail.com>
To: testuser18@example.com
Date: Thu, 08 Jan 2026 08:09:27 -0000
Message-ID: <176785976768.17712.5025403977526913774@Samarth-Elite>

EMERGENCY NOTIFICATION - AMTS

🚨 FAMILY EMERGENCY ALERT 🚨

An accident involving your family member has occurred.

📍 Location: Near Paldi Bus Stop, Ahmedabad (https://www.google.com/maps?q=23.0225,72.5714)
🚌 Bus Number: 45
🛣️ Route: Route 45
⏰ Time: 08/01/2026 at 01:39 PM

Please contact emergency services or the AMTS control room immediately:
- Emergency Services: 108
- AMTS Control Room: +91-79-2658-0000
- Police: 100
- Fire: 101

Location on Google Maps: https://www.google.com/maps?q=23.0225,72.5714

AMTS Emergency Response Team is on-site providing assistance.

Immediate Action Required,
AMTS Emergency Response Team
-------------------------------------------------------------------------------
Content-Type: text/plain; charset="utf-8"
MIME-Version: 1.0
Content-Transfer-Encoding: 8bit
Subject: 
 =?utf-8?q?=F0=9F=9A=A8_FAMILY_EMERGENCY=3A_Possible_Bus_Accident_-_Bus_45?=
From: AMTS Emergency <noreply.amts.emergency@gmail.com>
To: testuser23@example.com
Date: Thu, 08 Jan 2026 08:09:27 -0000
Message-ID: <176785976768.17712.6473453295752812647@Samarth-Elite>

EMERGENCY NOTIFICATION - AMTS

🚨 FAMILY EMERGENCY ALERT 🚨

An accident involving your family member has occurred.

📍 Location: Near Paldi Bus Stop, Ahmedabad (https://www.google.com/maps?q=23.0225,72.5714)
🚌 Bus Number: 45
🛣️ Route: Route 45
⏰ Time: 08/01/2026 at 01:39 PM

Please contact emergency services or the AMTS control room immediately:
- Emergency Services: 108
- AMTS Control Room: +91-79-2658-0000
- Police: 100
- Fire: 101

Location on Google Maps: https://www.google.com/maps?q=23.0225,72.5714

AMTS Emergency Response Team is on-site providing assistance.

Immediate Action Required,
AMTS Emergency Response Team
-------------------------------------------------------------------------------
Content-Type: text/plain; charset="utf-8"
MIME-Version: 1.0
Content-Transfer-Encoding: 8bit
Subject: 
 =?utf-8?q?=F0=9F=9A=A8_FAMILY_EMERGENCY=3A_Possible_Bus_Accident_-_Bus_45?=
From: AMTS Emergency <noreply.amts.emergency@gmail.com>
To: testuser16@example.com
Date: Thu, 08 Jan 2026 08:09:27 -0000
Message-ID: <176785976769.17712.16560519846557183940@Samarth-Elite>

EMERGENCY NOTIFICATION - AMTS

🚨 FAMILY EMERGENCY ALERT 🚨

An accident involving your family member has occurred.

📍 Location: Near Paldi Bus Stop, Ahmedabad (https://www.google.com/maps?q=23.0225,72.5714)
🚌 Bus Number: 45
🛣️ Route: Route 45
⏰ Time: 08/01/2026 at 01:39 PM

Please contact emergency services or the AMTS control room immediately:
- Emergency Services: 108
- AMTS Control Room: +91-79-2658-0000
- Police: 100
- Fire: 101

Location on Google Maps: https://www.google.com/maps?q=23.0225,72.5714

AMTS Emergency Response Team is on-site providing assistance.

Immediate Action Required,
AMTS Emergency Response Team
-------------------------------------------------------------------------------
Content-Type: text/plain; charset="utf-8"
MIME-Version: 1.0
Content-Transfer-Encoding: 8bit
Subject: 
 =?utf-8?q?=F0=9F=9A=A8_FAMILY_EMERGENCY=3A_Possible_Bus_Accident_-_Bus_45?=
From: AMTS Emergency <noreply.amts.emergency@gmail.com>
To: dharmitpatel98@gmail.com
Date: Thu, 08 Jan 2026 08:09:27 -0000
Message-ID: <176785976769.17712.13824952451548310170@Samarth-Elite>

EMERGENCY NOTIFICATION - AMTS

🚨 FAMILY EMERGENCY ALERT 🚨

An accident involving your family member has occurred.

📍 Location: Near Paldi Bus Stop, Ahmedabad (https://www.google.com/maps?q=23.0225,72.5714)
🚌 Bus Number: 45
🛣️ Route: Route 45
⏰ Time: 08/01/2026 at 01:39 PM

Please contact emergency services or the AMTS control room immediately:
- Emergency Services: 108
- AMTS Control Room: +91-79-2658-0000
- Police: 100
- Fire: 101

Location on Google Maps: https://www.google.com/maps?q=23.0225,72.5714

AMTS Emergency Response Team is on-site providing assistance.

Immediate Action Required,
AMTS Emergency Response Team
-------------------------------------------------------------------------------
Content-Type: text/plain; charset="utf-8"
MIME-Version: 1.0
Content-Transfer-Encoding: 8bit
Subject: 
 =?utf-8?q?=F0=9F=9A=A8_FAMILY_EMERGENCY=3A_Possible_Bus_Accident_-_Bus_45?=
From: AMTS Emergency <noreply.amts.emergency@gmail.com>
To: test@example.com
Date: Thu, 08 Jan 2026 08:09:27 -0000
Message-ID: <176785976770.17712.1172807056149524175@Samarth-Elite>

EMERGENCY NOTIFICATION - AMTS

🚨 FAMILY EMERGENCY ALERT 🚨

An accident involving your family member has occurred.

📍 Location: Near Paldi Bus Stop, Ahmedabad (https://www.google.com/maps?q=23.0225,72.5714)
🚌 Bus Number: 45
🛣️ Route: Route 45
⏰ Time: 08/01/2026 at 01:39 PM

Please contact emergency services or the AMTS control room immediately:
- Emergency Services: 108
- AMTS Control Room: +91-79-2658-0000
- Police: 100
- Fire: 101

Location on Google Maps: https://www.google.com/maps?q=23.0225,72.5714

AMTS Emergency Response Team is on-site providing assistance.

Immediate Action Required,
AMTS Emergency Response Team
-------------------------------------------------------------------------------
Content-Type: text/plain; charset="utf-8"
MIME-Version: 1.0
Content-Transfer-Encoding: 8bit
Subject: 
 =?utf-8?q?=F0=9F=9A=A8_FAMILY_EMERGENCY=3A_Possible_Bus_Accident_-_Bus_45?=
From: AMTS Emergency <noreply.amts.emergency@gmail.com>
To: john.doe@example.com
Date: Thu, 08 Jan 2026 08:09:27 -0000
Message-ID: <176785976770.17712.16406490345293881081@Samarth-Elite>

EMERGENCY NOTIFICATION - AMTS

🚨 FAMILY EMERGENCY ALERT 🚨

An accident involving your family member has occurred.

📍 Location: Near Paldi Bus Stop, Ahmedabad (https://www.google.com/maps?q=23.0225,72.5714)
🚌 Bus Number: 45
🛣️ Route: Route 45
⏰ Time: 08/01/2026 at 01:39 PM

Please contact emergency services or the AMTS control room immediately:
- Emergency Services: 108
- AMTS Control Room: +91-79-2658-0000
- Police: 100
- Fire: 101

Location on Google Maps: https://www.google.com/maps?q=23.0225,72.5714

AMTS Emergency Response Team is on-site providing assistance.

Immediate Action Required,
AMTS Emergency Response Team
-------------------------------------------------------------------------------
Content-Type: text/plain; charset="utf-8"
MIME-Version: 1.0
Content-Transfer-Encoding: 8bit
Subject: 
 =?utf-8?q?=F0=9F=9A=A8_FAMILY_EMERGENCY=3A_Possible_Bus_Accident_-_Bus_45?=
From: AMTS Emergency <noreply.amts.emergency@gmail.com>
To: vaibhavmevada796@gmail.com
Date: Thu, 08 Jan 2026 08:09:27 -0000
Message-ID: <176785976770.17712.819539959308908844@Samarth-Elite>

EMERGENCY NOTIFICATION - AMTS

🚨 FAMILY EMERGENCY ALERT 🚨

An accident involving your family member has occurred.

📍 Location: Near Paldi Bus Stop, Ahmedabad (https://www.google.com/maps?q=23.0225,72.5714)
🚌 Bus Number: 45
🛣️ Route: Route 45
⏰ Time: 08/01/2026 at 01:39 PM

Please contact emergency services or the AMTS control room immediately:
- Emergency Services: 108
- AMTS Control Room: +91-79-2658-0000
- Police: 100
- Fire: 101

Location on Google Maps: https://www.google.com/maps?q=23.0225,72.5714

AMTS Emergency Response Team is on-site providing assistance.

Immediate Action Required,
AMTS Emergency Response Team
-------------------------------------------------------------------------------
Content-Type: text/plain; charset="utf-8"
MIME-Version: 1.0
Content-Transfer-Encoding: 8bit
Subject: 
 =?utf-8?q?=F0=9F=9A=A8_FAMILY_EMERGENCY=3A_Possible_Bus_Accident_-_Bus_45?=
From: AMTS Emergency <noreply.amts.emergency@gmail.com>
To: testuser11@example.com
Date: Thu, 08 Jan 2026 08:09:27 -0000
Message-ID: <176785976771.17712.8337434206816458302@Samarth-Elite>

EMERGENCY NOTIFICATION - AMTS

🚨 FAMILY EMERGENCY ALERT 🚨

An accident involving your family member has occurred.

📍 Location: Near Paldi Bus Stop, Ahmedabad (https://www.google.com/maps?q=23.0225,72.5714)
🚌 Bus Number: 45
🛣️ Route: Route 45
⏰ Time: 08/01/2026 at 01:39 PM

Please contact emergency services or the AMTS control room immediately:
- Emergency Services: 108
- AMTS Control Room: +91-79-2658-0000
- Police: 100
- Fire: 101

Location on Google Maps: https://www.google.com/maps?q=23.0225,72.5714

AMTS Emergency Response Team is on-site providing assistance.

Immediate Action Required,
AMTS Emergency Response Team
-------------------------------------------------------------------------------
Content-Type: text/plain; charset="utf-8"
MIME-Version: 1.0
Content-Transfer-Encoding: 8bit
Subject: 
 =?utf-8?q?=F0=9F=9A=A8_FAMILY_EMERGENCY=3A_Possible_Bus_Accident_-_Bus_45?=
From: AMTS Emergency <noreply.amts.emergency@gmail.com>
To: testuser9@example.com
Date: Thu, 08 Jan 2026 08:09:27 -0000
Message-ID: <176785976771.17712.17669507799807917077@Samarth-Elite>

EMERGENCY NOTIFICATION - AMTS

🚨 FAMILY EMERGENCY ALERT 🚨

An accident involving your family member has occurred.

📍 Location: Near Paldi Bus Stop, Ahmedabad (https://www.google.com/maps?q=23.0225,72.5714)
🚌 Bus Number: 45
🛣️ Route: Route 45
⏰ Time: 08/01/2026 at 01:39 PM

Please contact emergency services or the AMTS control room immediately:
- Emergency Services: 108
- AMTS Control Room: +91-79-2658-0000
- Police: 100
- Fire: 101

Location on Google Maps: https://www.google.com/maps?q=23.0225,72.5714

AMTS Emergency Response Team is on-site providing assistance.

Immediate Action Required,
AMTS Emergency Response Team
-------------------------------------------------------------------------------
Content-Type: text/plain; charset="utf-8"
MIME-Version: 1.0
Content-Transfer-Encoding: 8bit
Subject: 
 =?utf-8?q?=F0=9F=9A=A8_FAMILY_EMERGENCY=3A_Possible_Bus_Accident_-_Bus_45?=
From: AMTS Emergency <noreply.amts.emergency@gmail.com>
To: testuser24@example.com
Date: Thu, 08 Jan 2026 08:09:27 -0000
Message-ID: <176785976772.17712.4545330222888644341@Samarth-Elite>

EMERGENCY NOTIFICATION - AMTS

🚨 FAMILY EMERGENCY ALERT 🚨

An accident involving your family member has occurred.

📍 Location: Near Paldi Bus Stop, Ahmedabad (https://www.google.com/maps?q=23.0225,72.5714)
🚌 Bus Number: 45
🛣️ Route: Route 45
⏰ Time: 08/01/2026 at 01:39 PM

Please contact emergency services or the AMTS control room immediately:
- Emergency Services: 108
- AMTS Control Room: +91-79-2658-0000
- Police: 100
- Fire: 101

Location on Google Maps: https://www.google.com/maps?q=23.0225,72.5714

AMTS Emergency Response Team is on-site providing assistance.

Immediate Action Required,
AMTS Emergency Response Team
-------------------------------------------------------------------------------
Content-Type: text/plain; charset="utf-8"
MIME-Version: 1.0
Content-Transfer-Encoding: 8bit
Subject: 
 =?utf-8?q?=F0=9F=9A=A8_FAMILY_EMERGENCY=3A_Possible_Bus_Accident_-_Bus_45?=
From: AMTS Emergency <noreply.amts.emergency@gmail.com>
To: testuser5@example.com
Date: Thu, 08 Jan 2026 08:09:27 -0000
Message-ID: <176785976772.17712.17909462877504294986@Samarth-Elite>

EMERGENCY NOTIFICATION - AMTS

🚨 FAMILY EMERGENCY ALERT 🚨

An accident involving your family member has occurred.

📍 Location: Near Paldi Bus Stop, Ahmedabad (https://www.google.com/maps?q=23.0225,72.5714)
🚌 Bus Number: 45
🛣️ Route: Route 45
⏰ Time: 08/01/2026 at 01:39 PM

Please contact emergency services or the AMTS control room immediately:
- Emergency Services: 108
- AMTS Control Room: +91-79-2658-0000
- Police: 100
- Fire: 101

Location on Google Maps: https://www.google.com/maps?q=23.0225,72.5714

AMTS Emergency Response Team is on-site providing assistance.

Immediate Action Required,
AMTS Emergency Response Team
-------------------------------------------------------------------------------
Content-Type: text/plain; charset="utf-8"
MIME-Version: 1.0
Content-Transfer-Encoding: 8bit
Subject: 
 =?utf-8?q?=F0=9F=9A=A8_FAMILY_EMERGENCY=3A_Possible_Bus_Accident_-_Bus_45?=
From: AMTS Emergency <noreply.amts.emergency@gmail.com>
To: raj.patel@example.com
Date: Thu, 08 Jan 2026 08:09:27 -0000
Message-ID: <176785976772.17712.17101115512076316506@Samarth-Elite>

EMERGENCY NOTIFICATION - AMTS

🚨 FAMILY EMERGENCY ALERT 🚨

An accident involving your family member has occurred.

📍 Location: Near Paldi Bus Stop, Ahmedabad (https://www.google.com/maps?q=23.0225,72.5714)
🚌 Bus Number: 45
🛣️ Route: Route 45
⏰ Time: 08/01/2026 at 01:39 PM

Please contact emergency services or the AMTS control room immediately:
- Emergency Services: 108
- AMTS Control Room: +91-79-2658-0000
- Police: 100
- Fire: 101

Location on Google Maps: https://www.google.com/maps?q=23.0225,72.5714

AMTS Emergency Response Team is on-site providing assistance.

Immediate Action Required,
AMTS Emergency Response Team
-------------------------------------------------------------------------------
Content-Type: text/plain; charset="utf-8"
MIME-Version: 1.0
Content-Transfer-Encoding: 8bit
Subject: 
 =?utf-8?q?=F0=9F=9A=A8_FAMILY_EMERGENCY=3A_Possible_Bus_Accident_-_Bus_45?=
From: AMTS Emergency <noreply.amts.emergency@gmail.com>
To: vaibhavmevada796@gmail.com
Date: Thu, 08 Jan 2026 08:09:27 -0000
Message-ID: <176785976773.17712.3185931156969010215@Samarth-Elite>

EMERGENCY NOTIFICATION - AMTS

🚨 FAMILY EMERGENCY ALERT 🚨

An accident involving your family member has occurred.

📍 Location: Near Paldi Bus Stop, Ahmedabad (https://www.google.com/maps?q=23.0225,72.5714)
🚌 Bus Number: 45
🛣️ Route: Route 45
⏰ Time: 08/01/2026 at 01:39 PM

Please contact emergency services or the AMTS control room immediately:
- Emergency Services: 108
- AMTS Control Room: +91-79-2658-0000
- Police: 100
- Fire: 101

Location on Google Maps: https://www.google.com/maps?q=23.0225,72.5714

AMTS Emergency Response Team is on-site providing assistance.

Immediate Action Required,
AMTS Emergency Response Team
-------------------------------------------------------------------------------
Content-Type: text/plain; charset="utf-8"
MIME-Version: 1.0
Content-Transfer-Encoding: 8bit
Subject: 
 =?utf-8?q?=F0=9F=9A=A8_FAMILY_EMERGENCY=3A_Possible_Bus_Accident_-_Bus_45?=
From: AMTS Emergency <noreply.amts.emergency@gmail.com>
To: testuser21@example.com
Date: Thu, 08 Jan 2026 08:09:27 -0000
Message-ID: <176785976773.17712.3052390685873618730@Samarth-Elite>

EMERGENCY NOTIFICATION - AMTS

🚨 FAMILY EMERGENCY ALERT 🚨

An accident involving your family member has occurred.

📍 Location: Near Paldi Bus Stop, Ahmedabad (https://www.google.com/maps?q=23.0225,72.5714)
🚌 Bus Number: 45
🛣️ Route: Route 45
⏰ Time: 08/01/2026 at 01:39 PM

Please contact emergency services or the AMTS control room immediately:
- Emergency Services: 108
- AMTS Control Room: +91-79-2658-0000
- Police: 100
- Fire: 101

Location on Google Maps: https://www.google.com/maps?q=23.0225,72.5714

AMTS Emergency Response Team is on-site providing assistance.

Immediate Action Required,
AMTS Emergency Response Team
-------------------------------------------------------------------------------
Content-Type: text/plain; charset="utf-8"
MIME-Version: 1.0
Content-Transfer-Encoding: 8bit
Subject: 
 =?utf-8?q?=F0=9F=9A=A8_FAMILY_EMERGENCY=3A_Possible_Bus_Accident_-_Bus_45?=
From: AMTS Emergency <noreply.amts.emergency@gmail.com>
To: testuser1@example.com
Date: Thu, 08 Jan 2026 08:09:27 -0000
Message-ID: <176785976774.17712.2075919843979668482@Samarth-Elite>

EMERGENCY NOTIFICATION - AMTS

🚨 FAMILY EMERGENCY ALERT 🚨

An accident involving your family member has occurred.

📍 Location: Near Paldi Bus Stop, Ahmedabad (https://www.google.com/maps?q=23.0225,72.5714)
🚌 Bus Number: 45
🛣️ Route: Route 45
⏰ Time: 08/01/2026 at 01:39 PM

Please contact emergency services or the AMTS control room immediately:
- Emergency Services: 108
- AMTS Control Room: +91-79-2658-0000
- Police: 100
- Fire: 101

Location on Google Maps: https://www.google.com/maps?q=23.0225,72.5714

AMTS Emergency Response Team is on-site providing assistance.

Immediate Action Required,
AMTS Emergency Response Team
-------------------------------------------------------------------------------
Content-Type: text/plain; charset="utf-8"
MIME-Version: 1.0
Content-Transfer-Encoding: 8bit
Subject: 
 =?utf-8?q?=F0=9F=9A=A8_FAMILY_EMERGENCY=3A_Possible_Bus_Accident_-_Bus_45?=
From: AMTS Emergency <noreply.amts.emergency@gmail.com>
To: testuser26@example.com
Date: Thu, 08 Jan 2026 08:09:27 -0000
Message-ID: <176785976774.17712.5451322566791306576@Samarth-Elite>

EMERGENCY NOTIFICATION - AMTS

🚨 FAMILY EMERGENCY ALERT 🚨

An accident involving your family member has occurred.

📍 Location: Near Paldi Bus Stop, Ahmedabad (https://www.google.com/maps?q=23.0225,72.5714)
🚌 Bus Number: 45
🛣️ Route: Route 45
⏰ Time: 08/01/2026 at 01:39 PM

Please contact emergency services or the AMTS control room immediately:
- Emergency Services: 108
- AMTS Control Room: +91-79-2658-0000
- Police: 100
- Fire: 101

Location on Google Maps: https://www.google.com/maps?q=23.0225,72.5714

AMTS Emergency Response Team is on-site providing assistance.

Immediate Action Required,
AMTS Emergency Response Team
-------------------------------------------------------------------------------
Content-Type: text/plain; charset="utf-8"
MIME-Version: 1.0
Content-Transfer-Encoding: 8bit
Subject: 
 =?utf-8?q?=F0=9F=9A=A8_FAMILY_EMERGENCY=3A_Possible_Bus_Accident_-_Bus_45?=
From: AMTS Emergency <noreply.amts.emergency@gmail.com>
To: testuser22@example.com
Date: Thu, 08 Jan 2026 08:09:27 -0000
Message-ID: <176785976774.17712.7431560712141918919@Samarth-Elite>

EMERGENCY NOTIFICATION - AMTS

🚨 FAMILY EMERGENCY ALERT 🚨

An accident involving your family member has occurred.

📍 Location: Near Paldi Bus Stop, Ahmedabad (https://www.google.com/maps?q=23.0225,72.5714)
🚌 Bus Number: 45
🛣️ Route: Route 45
⏰ Time: 08/01/2026 at 01:39 PM

Please contact emergency services or the AMTS control room immediately:
- Emergency Services: 108
- AMTS Control Room: +91-79-2658-0000
- Police: 100
- Fire: 101

Location on Google Maps: https://www.google.com/maps?q=23.0225,72.5714

AMTS Emergency Response Team is on-site providing assistance.

Immediate Action Required,
AMTS Emergency Response Team
-------------------------------------------------------------------------------
Content-Type: text/plain; charset="utf-8"
MIME-Version: 1.0
Content-Transfer-Encoding: 8bit
Subject: 
 =?utf-8?q?=F0=9F=9A=A8_FAMILY_EMERGENCY=3A_Possible_Bus_Accident_-_Bus_45?=
From: AMTS Emergency <noreply.amts.emergency@gmail.com>
To: testuser32@example.com
Date: Thu, 08 Jan 2026 08:09:27 -0000
Message-ID: <176785976775.17712.16757772508234688021@Samarth-Elite>

EMERGENCY NOTIFICATION - AMTS

🚨 FAMILY EMERGENCY ALERT 🚨

An accident involving your family member has occurred.

📍 Location: Near Paldi Bus Stop, Ahmedabad (https://www.google.com/maps?q=23.0225,72.5714)
🚌 Bus Number: 45
🛣️ Route: Route 45
⏰ Time: 08/01/2026 at 01:39 PM

Please contact emergency services or the AMTS control room immediately:
- Emergency Services: 108
- AMTS Control Room: +91-79-2658-0000
- Police: 100
- Fire: 101

Location on Google Maps: https://www.google.com/maps?q=23.0225,72.5714

AMTS Emergency Response Team is on-site providing assistance.

Immediate Action Required,
AMTS Emergency Response Team
-------------------------------------------------------------------------------
Content-Type: text/plain; charset="utf-8"
MIME-Version: 1.0
Content-Transfer-Encoding: 8bit
Subject: 
 =?utf-8?q?=F0=9F=9A=A8_FAMILY_EMERGENCY=3A_Possible_Bus_Accident_-_Bus_45?=
From: AMTS Emergency <noreply.amts.emergency@gmail.com>
To: testuser7@example.com
Date: Thu, 08 Jan 2026 08:09:27 -0000
Message-ID: <176785976775.17712.17447905433621871425@Samarth-Elite>

EMERGENCY NOTIFICATION - AMTS

🚨 FAMILY EMERGENCY ALERT 🚨

An accident involving your family member has occurred.

📍 Location: Near Paldi Bus Stop, Ahmedabad (https://www.google.com/maps?q=23.0225,72.5714)
🚌 Bus Number: 45
🛣️ Route: Route 45
⏰ Time: 08/01/2026 at 01:39 PM

Please contact emergency services or the AMTS control room immediately:
- Emergency Services: 108
- AMTS Control Room: +91-79-2658-0000
- Police: 100
- Fire: 101

Location on Google Maps: https://www.google.com/maps?q=23.0225,72.5714

AMTS Emergency Response Team is on-site providing assistance.

Immediate Action Required,
AMTS Emergency Response Team
-------------------------------------------------------------------------------
Content-Type: text/plain; charset="utf-8"
MIME-Version: 1.0
Content-Transfer-Encoding: 8bit
Subject: 
 =?utf-8?q?=F0=9F=9A=A8_FAMILY_EMERGENCY=3A_Possible_Bus_Accident_-_Bus_45?=
From: AMTS Emergency <noreply.amts.emergency@gmail.com>
To: testuser28@example.com
Date: Thu, 08 Jan 2026 08:09:27 -0000
Message-ID: <176785976776.17712.5342795325228044717@Samarth-Elite>

EMERGENCY NOTIFICATION - AMTS

🚨 FAMILY EMERGENCY ALERT 🚨

An accident involving your family member has occurred.

📍 Location: Near Paldi Bus Stop, Ahmedabad (https://www.google.com/maps?q=23.0225,72.5714)
🚌 Bus Number: 45
🛣️ Route: Route 45
⏰ Time: 08/01/2026 at 01:39 PM

Please contact emergency services or the AMTS control room immediately:
- Emergency Services: 108
- AMTS Control Room: +91-79-2658-0000
- Police: 100
- Fire: 101

Location on Google Maps: https://www.google.com/maps?q=23.0225,72.5714

AMTS Emergency Response Team is on-site providing assistance.

Immediate Action Required,
AMTS Emergency Response Team
-------------------------------------------------------------------------------
Content-Type: text/plain; charset="utf-8"
MIME-Version: 1.0
Content-Transfer-Encoding: 8bit
Subject: 
 =?utf-8?q?=F0=9F=9A=A8_FAMILY_EMERGENCY=3A_Possible_Bus_Accident_-_Bus_45?=
From: AMTS Emergency <noreply.amts.emergency@gmail.com>
To: testuser2@example.com
Date: Thu, 08 Jan 2026 08:09:27 -0000
Message-ID: <176785976776.17712.3802233186679046606@Samarth-Elite>

EMERGENCY NOTIFICATION - AMTS

🚨 FAMILY EMERGENCY ALERT 🚨

An accident involving your family member has occurred.

📍 Location: Near Paldi Bus Stop, Ahmedabad (https://www.google.com/maps?q=23.0225,72.5714)
🚌 Bus Number: 45
🛣️ Route: Route 45
⏰ Time: 08/01/2026 at 01:39 PM

Please contact emergency services or the AMTS control room immediately:
- Emergency Services: 108
- AMTS Control Room: +91-79-2658-0000
- Police: 100
- Fire: 101

Location on Google Maps: https://www.google.com/maps?q=23.0225,72.5714

AMTS Emergency Response Team is on-site providing assistance.

Immediate Action Required,
AMTS Emergency Response Team
-------------------------------------------------------------------------------
Content-Type: text/plain; charset="utf-8"
MIME-Version: 1.0
Content-Transfer-Encoding: 8bit
Subject: 
 =?utf-8?q?=F0=9F=9A=A8_FAMILY_EMERGENCY=3A_Possible_Bus_Accident_-_Bus_45?=
From: AMTS Emergency <noreply.amts.emergency@gmail.com>
To: testuser6@example.com
Date: Thu, 08 Jan 2026 08:09:27 -0000
Message-ID: <176785976776.17712.8025223301456903490@Samarth-Elite>

EMERGENCY NOTIFICATION - AMTS

🚨 FAMILY EMERGENCY ALERT 🚨

An accident involving your family member has occurred.

📍 Location: Near Paldi Bus Stop, Ahmedabad (https://www.google.com/maps?q=23.0225,72.5714)
🚌 Bus Number: 45
🛣️ Route: Route 45
⏰ Time: 08/01/2026 at 01:39 PM

Please contact emergency services or the AMTS control room immediately:
- Emergency Services: 108
- AMTS Control Room: +91-79-2658-0000
- Police: 100
- Fire: 101

Location on Google Maps: https://www.google.com/maps?q=23.0225,72.5714

AMTS Emergency Response Team is on-site providing assistance.

Immediate Action Required,
AMTS Emergency Response Team
-------------------------------------------------------------------------------
Content-Type: text/plain; charset="utf-8"
MIME-Version: 1.0
Content-Transfer-Encoding: 8bit
Subject: 
 =?utf-8?q?=F0=9F=9A=A8_FAMILY_EMERGENCY=3A_Possible_Bus_Accident_-_Bus_45?=
From: AMTS Emergency <noreply.amts.emergency@gmail.com>
To: testuser4@example.com
Date: Thu, 08 Jan 2026 08:09:27 -0000
Message-ID: <176785976777.17712.18220789642180917555@Samarth-Elite>

EMERGENCY NOTIFICATION - AMTS

🚨 FAMILY EMERGENCY ALERT 🚨

An accident involving your family member has occurred.

📍 Location: Near Paldi Bus Stop, Ahmedabad (https://www.google.com/maps?q=23.0225,72.5714)
🚌 Bus Number: 45
🛣️ Route: Route 45
⏰ Time: 08/01/2026 at 01:39 PM

Please contact emergency services or the AMTS control room immediately:
- Emergency Services: 108
- AMTS Control Room: +91-79-2658-0000
- Police: 100
- Fire: 101

Location on Google Maps: https://www.google.com/maps?q=23.0225,72.5714

AMTS Emergency Response Team is on-site providing assistance.

Immediate Action Required,
AMTS Emergency Response Team
-------------------------------------------------------------------------------
Content-Type: text/plain; charset="utf-8"
MIME-Version: 1.0
Content-Transfer-Encoding: 8bit
Subject: 
 =?utf-8?q?=F0=9F=9A=A8_FAMILY_EMERGENCY=3A_Possible_Bus_Accident_-_Bus_45?=
From: AMTS Emergency <noreply.amts.emergency@gmail.com>
To: jane.smith@example.com
Date: Thu, 08 Jan 2026 08:09:27 -0000
Message-ID: <176785976777.17712.5927371559783503640@Samarth-Elite>

EMERGENCY NOTIFICATION - AMTS

🚨 FAMILY EMERGENCY ALERT 🚨

An accident involving your family member has occurred.

📍 Location: Near Paldi Bus Stop, Ahmedabad (https://www.google.com/maps?q=23.0225,72.5714)
🚌 Bus Number: 45
🛣️ Route: Route 45
⏰ Time: 08/01/2026 at 01:39 PM

Please contact emergency services or the AMTS control room immediately:
- Emergency Services: 108
- AMTS Control Room: +91-79-2658-0000
- Police: 100
- Fire: 101

Location on Google Maps: https://www.google.com/maps?q=23.0225,72.5714

AMTS Emergency Response Team is on-site providing assistance.

Immediate Action Required,
AMTS Emergency Response Team
-------------------------------------------------------------------------------
Content-Type: text/plain; charset="utf-8"
MIME-Version: 1.0
Content-Transfer-Encoding: 8bit
Subject: 
 =?utf-8?q?=F0=9F=9A=A8_FAMILY_EMERGENCY=3A_Possible_Bus_Accident_-_Bus_45?=
From: AMTS Emergency <noreply.amts.emergency@gmail.com>
To: testuser19@example.com
Date: Thu, 08 Jan 2026 08:09:27 -0000
Message-ID: <176785976778.17712.15486854770430352401@Samarth-Elite>

EMERGENCY NOTIFICATION - AMTS

🚨 FAMILY EMERGENCY ALERT 🚨

An accident involving your family member has occurred.

📍 Location: Near Paldi Bus Stop, Ahmedabad (https://www.google.com/maps?q=23.0225,72.5714)
🚌 Bus Number: 45
🛣️ Route: Route 45
⏰ Time: 08/01/2026 at 01:39 PM

Please contact emergency services or the AMTS control room immediately:
- Emergency Services: 108
- AMTS Control Room: +91-79-2658-0000
- Police: 100
- Fire: 101

Location on Google Maps: https://www.google.com/maps?q=23.0225,72.5714

AMTS Emergency Response Team is on-site providing assistance.

Immediate Action Required,
AMTS Emergency Response Team
-------------------------------------------------------------------------------
Content-Type: text/plain; charset="utf-8"
MIME-Version: 1.0
Content-Transfer-Encoding: 8bit
Subject: 
 =?utf-8?q?=F0=9F=9A=A8_FAMILY_EMERGENCY=3A_Possible_Bus_Accident_-_Bus_45?=
From: AMTS Emergency <noreply.amts.emergency@gmail.com>
To: testuser12@example.com
Date: Thu, 08 Jan 2026 08:09:27 -0000
Message-ID: <176785976778.17712.13556833308566078918@Samarth-Elite>

EMERGENCY NOTIFICATION - AMTS

🚨 FAMILY EMERGENCY ALERT 🚨

An accident involving your family member has occurred.

📍 Location: Near Paldi Bus Stop, Ahmedabad (https://www.google.com/maps?q=23.0225,72.5714)
🚌 Bus Number: 45
🛣️ Route: Route 45
⏰ Time: 08/01/2026 at 01:39 PM

Please contact emergency services or the AMTS control room immediately:
- Emergency Services: 108
- AMTS Control Room: +91-79-2658-0000
- Police: 100
- Fire: 101

Location on Google Maps: https://www.google.com/maps?q=23.0225,72.5714

AMTS Emergency Response Team is on-site providing assistance.

Immediate Action Required,
AMTS Emergency Response Team
-------------------------------------------------------------------------------
Content-Type: text/plain; charset="utf-8"
MIME-Version: 1.0
Content-Transfer-Encoding: 8bit
Subject: 
 =?utf-8?q?=F0=9F=9A=A8_FAMILY_EMERGENCY=3A_Possible_Bus_Accident_-_Bus_45?=
From: AMTS Emergency <noreply.amts.emergency@gmail.com>
To: testuser20@example.com
Date: Thu, 08 Jan 2026 08:09:27 -0000
Message-ID: <176785976779.17712.4241480197240775877@Samarth-Elite>

EMERGENCY NOTIFICATION - AMTS

🚨 FAMILY EMERGENCY ALERT 🚨

An accident involving your family member has occurred.

📍 Location: Near Paldi Bus Stop, Ahmedabad (https://www.google.com/maps?q=23.0225,72.5714)
🚌 Bus Number: 45
🛣️ Route: Route 45
⏰ Time: 08/01/2026 at 01:39 PM

Please contact emergency services or the AMTS control room immediately:
- Emergency Services: 108
- AMTS Control Room: +91-79-2658-0000
- Police: 100
- Fire: 101

Location on Google Maps: https://www.google.com/maps?q=23.0225,72.5714

AMTS Emergency Response Team is on-site providing assistance.

Immediate Action Required,
AMTS Emergency Response Team
-------------------------------------------------------------------------------
Content-Type: text/plain; charset="utf-8"
MIME-Version: 1.0
Content-Transfer-Encoding: 8bit
Subject: 
 =?utf-8?q?=F0=9F=9A=A8_FAMILY_EMERGENCY=3A_Possible_Bus_Accident_-_Bus_45?=
From: AMTS Emergency <noreply.amts.emergency@gmail.com>
To: testuser3@example.com
Date: Thu, 08 Jan 2026 08:09:27 -0000
Message-ID: <176785976779.17712.2738214037514900500@Samarth-Elite>

EMERGENCY NOTIFICATION - AMTS

🚨 FAMILY EMERGENCY ALERT 🚨

An accident involving your family member has occurred.

📍 Location: Near Paldi Bus Stop, Ahmedabad (https://www.google.com/maps?q=23.0225,72.5714)
🚌 Bus Number: 45
🛣️ Route: Route 45
⏰ Time: 08/01/2026 at 01:39 PM

Please contact emergency services or the AMTS control room immediately:
- Emergency Services: 108
- AMTS Control Room: +91-79-2658-0000
- Police: 100
- Fire: 101

Location on Google Maps: https://www.google.com/maps?q=23.0225,72.5714

AMTS Emergency Response Team is on-site providing assistance.

Immediate Action Required,
AMTS Emergency Response Team
-------------------------------------------------------------------------------
Content-Type: text/plain; charset="utf-8"
MIME-Version: 1.0
Content-Transfer-Encoding: 8bit
Subject: 
 =?utf-8?q?=F0=9F=9A=A8_FAMILY_EMERGENCY=3A_Possible_Bus_Accident_-_Bus_45?=
From: AMTS Emergency <noreply.amts.emergency@gmail.com>
To: testuser13@example.com
Date: Thu, 08 Jan 2026 08:09:27 -0000
Message-ID: <176785976780.17712.16209932726718122160@Samarth-Elite>

EMERGENCY NOTIFICATION - AMTS

🚨 FAMILY EMERGENCY ALERT 🚨

An accident involving your family member has occurred.

📍 Location: Near Paldi Bus Stop, Ahmedabad (https://www.google.com/maps?q=23.0225,72.5714)
🚌 Bus Number: 45
🛣️ Route: Route 45
⏰ Time: 08/01/2026 at 01:39 PM

Please contact emergency services or the AMTS control room immediately:
- Emergency Services: 108
- AMTS Control Room: +91-79-2658-0000
- Police: 100
- Fire: 101

Location on Google Maps: https://www.google.com/maps?q=23.0225,72.5714

AMTS Emergency Response Team is on-site providing assistance.

Immediate Action Required,
AMTS Emergency Response Team
-------------------------------------------------------------------------------
Content-Type: text/plain; charset="utf-8"
MIME-Version: 1.0
Content-Transfer-Encoding: 8bit
Subject: 
 =?utf-8?q?=F0=9F=9A=A8_BUS_ACCIDENT_REPORT_-_Bus_45_-_Immediate_Response_Req?=
 =?utf-8?q?uired?=
From: AMTS Emergency <noreply.amts.emergency@gmail.com>
To: vaibhavmevada796@gmail.com
Date: Thu, 08 Jan 2026 08:09:27 -0000
Message-ID: <176785976780.17712.10413850458647636036@Samarth-Elite>

EMERGENCY INCIDENT REPORT - AMTS

🚨 BUS ACCIDENT DETECTED 🚨

INCIDENT DETAILS:
- Bus Number: 45
- Route: Route 45
- Location: Near Paldi Bus Stop, Ahmedabad (https://www.google.com/maps?q=23.0225,72.5714)
- GPS Coordinates: 23.0225, 72.5714
- Time: 08/01/2026 at 01:39 PM

AFFECTED PASSENGERS: 0 confirmed bookings
EMERGENCY NOTIFICATIONS SENT: 40 family alerts

IMMEDIATE ACTIONS REQUIRED:
1. Dispatch emergency response team
2. Coordinate with local emergency services
3. Set up family assistance center
4. Prepare medical support
5. Notify media relations team

Google Maps Location: https://www.google.com/maps?q=23.0225,72.5714

This is an automated emergency alert from AMTS Safety System.
Please respond immediately.

AMTS Emergency Response System
-------------------------------------------------------------------------------
Content-Type: text/plain; charset="utf-8"
MIME-Version: 1.0
Content-Transfer-Encoding: 8bit
Subject: 
 =?utf-8?q?=F0=9F=9A=A8_BUS_ACCIDENT_REPORT_-_Bus_45_-_Immediate_Response_Req?=
 =?utf-8?q?uired?=
From: AMTS Emergency <noreply.amts.emergency@gmail.com>
To: emergency@amts.gov.in
Date: Thu, 08 Jan 2026 08:09:27 -0000
Message-ID: <176785976780.17712.2444175579719256158@Samarth-Elite>

EMERGENCY INCIDENT REPORT - AMTS

🚨 BUS ACCIDENT DETECTED 🚨

INCIDENT DETAILS:
- Bus Number: 45
- Route: Route 45
- Location: Near Paldi Bus Stop, Ahmedabad (https://www.google.com/maps?q=23.0225,72.5714)
- GPS Coordinates: 23.0225, 72.5714
- Time: 08/01/2026 at 01:39 PM

AFFECTED PASSENGERS: 0 confirmed bookings
EMERGENCY NOTIFICATIONS SENT: 40 family alerts

IMMEDIATE ACTIONS REQUIRED:
1. Dispatch emergency response team
2. Coordinate with local emergency services
3. Set up family assistance center
4. Prepare medical support
5. Notify media relations team

Google Maps Location: https://www.google.com/maps?q=23.0225,72.5714

This is an automated emergency alert from AMTS Safety System.
Please respond immediately.

AMTS Emergency Response System
-------------------------------------------------------------------------------
Content-Type: text/plain; charset="utf-8"
MIME-Version: 1.0
Content-Transfer-Encoding: 8bit
Subject: 
 =?utf-8?q?=F0=9F=9A=A8_BUS_ACCIDENT_REPORT_-_Bus_45_-_Immediate_Response_Req?=
 =?utf-8?q?uired?=
From: AMTS Emergency <noreply.amts.emergency@gmail.com>
To: control.room@amts.gov.in
Date: Thu, 08 Jan 2026 08:09:27 -0000
Message-ID: <176785976781.17712.984428903521777890@Samarth-Elite>

EMERGENCY INCIDENT REPORT - AMTS

🚨 BUS ACCIDENT DETECTED 🚨

INCIDENT DETAILS:
- Bus Number: 45
- Route: Route 45
- Location: Near Paldi Bus Stop, Ahmedabad (https://www.google.com/maps?q=23.0225,72.5714)
- GPS Coordinates: 23.0225, 72.5714
- Time: 08/01/2026 at 01:39 PM

AFFECTED PASSENGERS: 0 confirmed bookings
EMERGENCY NOTIFICATIONS SENT: 40 family alerts

IMMEDIATE ACTIONS REQUIRED:
1. Dispatch emergency response team
2. Coordinate with local emergency services
3. Set up family assistance center
4. Prepare medical support
5. Notify media relations team

Google Maps Location: https://www.google.com/maps?q=23.0225,72.5714

This is an automated emergency alert from AMTS Safety System.
Please respond immediately.

AMTS Emergency Response System
-------------------------------------------------------------------------------
Content-Type: text/plain; charset="utf-8"
MIME-Version: 1.0
Content-Transfer-Encoding: 8bit
Subject: 
 =?utf-8?q?=F0=9F=9A=A8_BUS_ACCIDENT_REPORT_-_Bus_45_-_Immediate_Response_Req?=
 =?utf-8?q?uired?=
From: AMTS Emergency <noreply.amts.emergency@gmail.com>
To: safety@amts.gov.in
Date: Thu, 08 Jan 2026 08:09:27 -0000
Message-ID: <176785976781.17712.6671321292410741551@Samarth-Elite>

EMERGENCY INCIDENT REPORT - AMTS

🚨 BUS ACCIDENT DETECTED 🚨

INCIDENT DETAILS:
- Bus Number: 45
- Route: Route 45
- Location: Near Paldi Bus Stop, Ahmedabad (https://www.google.com/maps?q=23.0225,72.5714)
- GPS Coordinates: 23.0225, 72.5714
- Time: 08/01/2026 at 01:39 PM

AFFECTED PASSENGERS: 0 confirmed bookings
EMERGENCY NOTIFICATIONS SENT: 40 family alerts

IMMEDIATE ACTIONS REQUIRED:
1. Dispatch emergency response team
2. Coordinate with local emergency services
3. Set up family assistance center
4. Prepare medical support
5. Notify media relations team

Google Maps Location: https://www.google.com/maps?q=23.0225,72.5714

This is an automated emergency alert from AMTS Safety System.
Please respond immediately.

AMTS Emergency Response System
-------------------------------------------------------------------------------
Content-Type: text/plain; charset="utf-8"
MIME-Version: 1.0
Content-Transfer-Encoding: 8bit
Subject: 
 =?utf-8?q?=F0=9F=9A=A8_BUS_ACCIDENT_REPORT_-_Bus_45_-_Immediate_Response_Req?=
 =?utf-8?q?uired?=
From: AMTS Emergency <noreply.amts.emergency@gmail.com>
To: admin@amts.gov.in
Date: Thu, 08 Jan 2026 08:09:27 -0000
Message-ID: <176785976782.17712.15497772309205050772@Samarth-Elite>

EMERGENCY INCIDENT REPORT - AMTS

🚨 BUS ACCIDENT DETECTED 🚨

INCIDENT DETAILS:
- Bus Number: 45
- Route: Route 45
- Location: Near Paldi Bus Stop, Ahmedabad (https://www.google.com/maps?q=23.0225,72.5714)
- GPS Coordinates: 23.0225, 72.5714
- Time: 08/01/2026 at 01:39 PM

AFFECTED PASSENGERS: 0 confirmed bookings
EMERGENCY NOTIFICATIONS SENT: 40 family alerts

IMMEDIATE ACTIONS REQUIRED:
1. Dispatch emergency response team
2. Coordinate with local emergency services
3. Set up family assistance center
4. Prepare medical support
5. Notify media relations team

Google Maps Location: https://www.google.com/maps?q=23.0225,72.5714

This is an automated emergency alert from AMTS Safety System.
Please respond immediately.

AMTS Emergency Response System
-------------------------------------------------------------------------------
