Content-Type: text/plain; charset="utf-8"
MIME-Version: 1.0
Content-Transfer-Encoding: 8bit
Subject: 
 =?utf-8?q?=F0=9F=9A=A8_FAMILY_EMERGENCY=3A_Possible_Bus_Accident_-_Bus_45?=
From: AMTS Emergency <noreply.amts.emergency@gmail.com>
To: testuser2@example.com
Date: Thu, 08 Jan 2026 08:09:07 -0000
Message-ID: <176785974749.17712.17923083425148530473@Samarth-Elite>

EMERGENCY NOTIFICATION - AMTS

🚨 FAMILY EMERGENCY ALERT 🚨

An accident involving your family member has occurred.

📍 Location: n (https://www.google.com/maps?q=23,72)
🚌 Bus Number: 45
🛣️ Route: Route 45
⏰ Time: 08/01/2026 at 01:39 PM

Please contact emergency services or the AMTS control room immediately:
- Emergency Services: 108
- AMTS Control Room: +91-79-2658-0000
- Police: 100
- Fire: 101

Location on Google Maps: https://www.google.com/maps?q=23,72

AMTS Emergency Response Team is on-site providing assistance.

Immediate Action Required,
AMTS Emergency Response Team
-------------------------------------------------------------------------------
Content-Type: text/plain; charset="utf-8"
MIME-Version: 1.0
Content-Transfer-Encoding: 8bit
Subject: 
 =?utf-8?q?=F0=9F=9A=A8_FAMILY_EMERGENCY=3A_Possible_Bus_Accident_-_Bus_45?=
From: AMTS Emergency <noreply.amts.emergency@gmail.com>
To: testuser27@example.com
Date: Thu, 08 Jan 2026 08:09:07 -0000
Message-ID: <176785974749.17712.9843755317165580415@Samarth-Elite>

EMERGENCY NOTIFICATION - AMTS

🚨 FAMILY EMERGENCY ALERT 🚨

An accident involving your family member has occurred.

📍 Location: n (https://www.google.com/maps?q=23,72)
🚌 Bus Number: 45
🛣️ Route: Route 45
⏰ Time: 08/01/2026 at 01:39 PM

Please contact emergency services or the AMTS control room immediately:
- Emergency Services: 108
- AMTS Control Room: +91-79-2658-0000
- Police: 100
- Fire: 101

Location on Google Maps: https://www.google.com/maps?q=23,72

AMTS Emergency Response Team is on-site providing assistance.

Immediate Action Required,
AMTS Emergency Response Team
-------------------------------------------------------------------------------
Content-Type: text/plain; charset="utf-8"
MIME-Version: 1.0
Content-Transfer-Encoding: 8bit
Subject: 
 =?utf-8?q?=F0=9F=9A=A8_FAMILY_EMERGENCY=3A_Possible_Bus_Accident_-_Bus_45?=
From: AMTS Emergency <noreply.amts.emergency@gmail.com>
To: testuser9@example.com
Date: Thu, 08 Jan 2026 08:09:07 -0000
Message-ID: <176785974750.17712.18016735402812415677@Samarth-Elite>

EMERGENCY NOTIFICATION - AMTS

🚨 FAMILY EMERGENCY ALERT 🚨

An accident involving your family member has occurred.

📍 Location: n (https://www.google.com/maps?q=23,72)
🚌 Bus Number: 45
🛣️ Route: Route 45
⏰ Time: 08/01/2026 at 01:39 PM

Please contact emergency services or the AMTS control room immediately:
- Emergency Services: 108
- AMTS Control Room: +91-79-2658-0000
- Police: 100
- Fire: 101

Location on Google Maps: https://www.google.com/maps?q=23,72

AMTS Emergency Response Team is on-site providing assistance.

Immediate Action Required,
AMTS Emergency Response Team
-------------------------------------------------------------------------------
Content-Type: text/plain; charset="utf-8"
MIME-Version: 1.0
Content-Transfer-Encoding: 8bit
Subject: 
 =?utf-8?q?=F0=9F=9A=A8_FAMILY_EMERGENCY=3A_Possible_Bus_Accident_-_Bus_45?=
From: AMTS Emergency <noreply.amts.emergency@gmail.com>
To: demo@example.com
Date: Thu, 08 Jan 2026 08:09:07 -0000
Message-ID: <176785974751.17712.5130674718368237324@Samarth-Elite>

EMERGENCY NOTIFICATION - AMTS

🚨 FAMILY EMERGENCY ALERT 🚨

An accident involving your family member has occurred.

📍 Location: n (https://www.google.com/maps?q=23,72)
🚌 Bus Number: 45
🛣️ Route: Route 45
⏰ Time: 08/01/2026 at 01:39 PM

Please contact emergency services or the AMTS control room immediately:
- Emergency Services: 108
- AMTS Control Room: +91-79-2658-0000
- Police: 100
- Fire: 101

Location on Google Maps: https://www.google.com/maps?q=23,72

AMTS Emergency Response Team is on-site providing assistance.

Immediate Action Required,
AMTS Emergency Response Team
-------------------------------------------------------------------------------
Content-Type: text/plain; charset="utf-8"
MIME-Version: 1.0
Content-Transfer-Encoding: 8bit
Subject: 
 =?utf-8?q?=F0=9F=9A=A8_FAMILY_EMERGENCY=3A_Possible_Bus_Accident_-_Bus_45?=
From: AMTS Emergency <noreply.amts.emergency@gmail.com>
To: vaibhavmevada796@gmail.com
Date: Thu, 08 Jan 2026 08:09:07 -0000
Message-ID: <176785974752.17712.14665733510997729683@Samarth-Elite>

EMERGENCY NOTIFICATION - AMTS

🚨 FAMILY EMERGENCY ALERT 🚨

An accident involving your family member has occurred.

📍 Location: n (https://www.google.com/maps?q=23,72)
🚌 Bus Number: 45
🛣️ Route: Route 45
⏰ Time: 08/01/2026 at 01:39 PM

Please contact emergency services or the AMTS control room immediately:
- Emergency Services: 108
- AMTS Control Room: +91-79-2658-0000
- Police: 100
- Fire: 101

Location on Google Maps: https://www.google.com/maps?q=23,72

AMTS Emergency Response Team is on-site providing assistance.

Immediate Action Required,
AMTS Emergency Response Team
-------------------------------------------------------------------------------
Content-Type: text/plain; charset="utf-8"
MIME-Version: 1.0
Content-Transfer-Encoding: 8bit
Subject: 
 =?utf-8?q?=F0=9F=9A=A8_FAMILY_EMERGENCY=3A_Possible_Bus_Accident_-_Bus_45?=
From: AMTS Emergency <noreply.amts.emergency@gmail.com>
To: testuser11@example.com
Date: Thu, 08 Jan 2026 08:09:07 -0000
Message-ID: <176785974753.17712.14021296200323798644@Samarth-Elite>

EMERGENCY NOTIFICATION - AMTS

🚨 FAMILY EMERGENCY ALERT 🚨

An accident involving your family member has occurred.

📍 Location: n (https://www.google.com/maps?q=23,72)
🚌 Bus Number: 45
🛣️ Route: Route 45
⏰ Time: 08/01/2026 at 01:39 PM

Please contact emergency services or the AMTS control room immediately:
- Emergency Services: 108
- AMTS Control Room: +91-79-2658-0000
- Police: 100
- Fire: 101

Location on Google Maps: https://www.google.com/maps?q=23,72

AMTS Emergency Response Team is on-site providing assistance.

Immediate Action Required,
AMTS Emergency Response Team
-------------------------------------------------------------------------------
Content-Type: text/plain; charset="utf-8"
MIME-Version: 1.0
Content-Transfer-Encoding: 8bit
Subject: 
 =?utf-8?q?=F0=9F=9A=A8_FAMILY_EMERGENCY=3A_Possible_Bus_Accident_-_Bus_45?=
From: AMTS Emergency <noreply.amts.emergency@gmail.com>
To: raj.patel@example.com
Date: Thu, 08 Jan 2026 08:09:07 -0000
Message-ID: <176785974754.17712.78166711778700270@Samarth-Elite>

EMERGENCY NOTIFICATION - AMTS

🚨 FAMILY EMERGENCY ALERT 🚨

An accident involving your family member has occurred.

📍 Location: n (https://www.google.com/maps?q=23,72)
🚌 Bus Number: 45
🛣️ Route: Route 45
⏰ Time: 08/01/2026 at 01:39 PM

Please contact emergency services or the AMTS control room immediately:
- Emergency Services: 108
- AMTS Control Room: +91-79-2658-0000
- Police: 100
- Fire: 101

Location on Google Maps: https://www.google.com/maps?q=23,72

AMTS Emergency Response Team is on-site providing assistance.

Immediate Action Required,
AMTS Emergency Response Team
-------------------------------------------------------------------------------
Content-Type: text/plain; charset="utf-8"
MIME-Version: 1.0
Content-Transfer-Encoding: 8bit
Subject: 
 =?utf-8?q?=F0=9F=9A=A8_FAMILY_EMERGENCY=3A_Possible_Bus_Accident_-_Bus_45?=
From: AMTS Emergency <noreply.amts.emergency@gmail.com>
To: dharmitpatel98@gmail.com
Date: Thu, 08 Jan 2026 08:09:07 -0000
Message-ID: <176785974754.17712.7064499423981690586@Samarth-Elite>

EMERGENCY NOTIFICATION - AMTS

🚨 FAMILY EMERGENCY ALERT 🚨

An accident involving your family member has occurred.

📍 Location: n (https://www.google.com/maps?q=23,72)
🚌 Bus Number: 45
🛣️ Route: Route 45
⏰ Time: 08/01/2026 at 01:39 PM

Please contact emergency services or the AMTS control room immediately:
- Emergency Services: 108
- AMTS Control Room: +91-79-2658-0000
- Police: 100
- Fire: 101

Location on Google Maps: https://www.google.com/maps?q=23,72

AMTS Emergency Response Team is on-site providing assistance.

Immediate Action Required,
AMTS Emergency Response Team
-------------------------------------------------------------------------------
Content-Type: text/plain; charset="utf-8"
MIME-Version: 1.0
Content-Transfer-Encoding: 8bit
Subject: 
 =?utf-8?q?=F0=9F=9A=A8_FAMILY_EMERGENCY=3A_Possible_Bus_Accident_-_Bus_45?=
From: AMTS Emergency <noreply.amts.emergency@gmail.com>
To: testuser20@example.com
Date: Thu, 08 Jan 2026 08:09:07 -0000
Message-ID: <176785974755.17712.7190715527232832876@Samarth-Elite>

EMERGENCY NOTIFICATION - AMTS

🚨 FAMILY EMERGENCY ALERT 🚨

An accident involving your family member has occurred.

📍 Location: n (https://www.google.com/maps?q=23,72)
🚌 Bus Number: 45
🛣️ Route: Route 45
⏰ Time: 08/01/2026 at 01:39 PM

Please contact emergency services or the AMTS control room immediately:
- Emergency Services: 108
- AMTS Control Room: +91-79-2658-0000
- Police: 100
- Fire: 101

Location on Google Maps: https://www.google.com/maps?q=23,72

AMTS Emergency Response Team is on-site providing assistance.

Immediate Action Required,
AMTS Emergency Response Team
-------------------------------------------------------------------------------
Content-Type: text/plain; charset="utf-8"
MIME-Version: 1.0
Content-Transfer-Encoding: 8bit
Subject: 
 =?utf-8?q?=F0=9F=9A=A8_FAMILY_EMERGENCY=3A_Possible_Bus_Accident_-_Bus_45?=
From: AMTS Emergency <noreply.amts.emergency@gmail.com>
To: testuser6@example.com
Date: Thu, 08 Jan 2026 08:09:07 -0000
Message-ID: <176785974756.17712.5502156838943563996@Samarth-Elite>

EMERGENCY NOTIFICATION - AMTS

🚨 FAMILY EMERGENCY ALERT 🚨

An accident involving your family member has occurred.

📍 Location: n (https://www.google.com/maps?q=23,72)
🚌 Bus Number: 45
🛣️ Route: Route 45
⏰ Time: 08/01/2026 at 01:39 PM

Please contact emergency services or the AMTS control room immediately:
- Emergency Services: 108
- AMTS Control Room: +91-79-2658-0000
- Police: 100
- Fire: 101

Location on Google Maps: https://www.google.com/maps?q=23,72

AMTS Emergency Response Team is on-site providing assistance.

Immediate Action Required,
AMTS Emergency Response Team
-------------------------------------------------------------------------------
Content-Type: text/plain; charset="utf-8"
MIME-Version: 1.0
Content-Transfer-Encoding: 8bit
Subject: 
 =?utf-8?q?=F0=9F=9A=A8_FAMILY_EMERGENCY=3A_Possible_Bus_Accident_-_Bus_45?=
From: AMTS Emergency <noreply.amts.emergency@gmail.com>
To: testuser8@example.com
Date: Thu, 08 Jan 2026 08:09:07 -0000
Message-ID: <176785974757.17712.11315128439301465331@Samarth-Elite>

EMERGENCY NOTIFICATION - AMTS

🚨 FAMILY EMERGENCY ALERT 🚨

An accident involving your family member has occurred.

📍 Location: n (https://www.google.com/maps?q=23,72)
🚌 Bus Number: 45
🛣️ Route: Route 45
⏰ Time: 08/01/2026 at 01:39 PM

Please contact emergency services or the AMTS control room immediately:
- Emergency Services: 108
- AMTS Control Room: +91-79-2658-0000
- Police: 100
- Fire: 101

Location on Google Maps: https://www.google.com/maps?q=23,72

AMTS Emergency Response Team is on-site providing assistance.

Immediate Action Required,
AMTS Emergency Response Team
-------------------------------------------------------------------------------
Content-Type: text/plain; charset="utf-8"
MIME-Version: 1.0
Content-Transfer-Encoding: 8bit
Subject: 
 =?utf-8?q?=F0=9F=9A=A8_FAMILY_EMERGENCY=3A_Possible_Bus_Accident_-_Bus_45?=
From: AMTS Emergency <noreply.amts.emergency@gmail.com>
To: testuser31@example.com
Date: Thu, 08 Jan 2026 08:09:07 -0000
Message-ID: <176785974758.17712.1353407814259799597@Samarth-Elite>

EMERGENCY NOTIFICATION - AMTS

🚨 FAMILY EMERGENCY ALERT 🚨

An accident involving your family member has occurred.

📍 Location: n (https://www.google.com/maps?q=23,72)
🚌 Bus Number: 45
🛣️ Route: Route 45
⏰ Time: 08/01/2026 at 01:39 PM

Please contact emergency services or the AMTS control room immediately:
- Emergency Services: 108
- AMTS Control Room: +91-79-2658-0000
- Police: 100
- Fire: 101

Location on Google Maps: https://www.google.com/maps?q=23,72

AMTS Emergency Response Team is on-site providing assistance.

Immediate Action Required,
AMTS Emergency Response Team
-------------------------------------------------------------------------------
Content-Type: text/plain; charset="utf-8"
MIME-Version: 1.0
Content-Transfer-Encoding: 8bit
Subject: 
 =?utf-8?q?=F0=9F=9A=A8_FAMILY_EMERGENCY=3A_Possible_Bus_Accident_-_Bus_45?=
From: AMTS Emergency <noreply.amts.emergency@gmail.com>
To: john.doe@example.com
Date: Thu, 08 Jan 2026 08:09:07 -0000
Message-ID: <176785974759.17712.14492186486648609625@Samarth-Elite>

EMERGENCY NOTIFICATION - AMTS

🚨 FAMILY EMERGENCY ALERT 🚨

An accident involving your family member has occurred.

📍 Location: n (https://www.google.com/maps?q=23,72)
🚌 Bus Number: 45
🛣️ Route: Route 45
⏰ Time: 08/01/2026 at 01:39 PM

Please contact emergency services or the AMTS control room immediately:
- Emergency Services: 108
- AMTS Control Room: +91-79-2658-0000
- Police: 100
- Fire: 101

Location on Google Maps: https://www.google.com/maps?q=23,72

AMTS Emergency Response Team is on-site providing assistance.

Immediate Action Required,
AMTS Emergency Response Team
-------------------------------------------------------------------------------
Content-Type: text/plain; charset="utf-8"
MIME-Version: 1.0
Content-Transfer-Encoding: 8bit
Subject: 
 =?utf-8?q?=F0=9F=9A=A8_FAMILY_EMERGENCY=3A_Possible_Bus_Accident_-_Bus_45?=
From: AMTS Emergency <noreply.amts.emergency@gmail.com>
To: testuser19@example.com
Date: Thu, 08 Jan 2026 08:09:07 -0000
Message-ID: <176785974760.17712.4566507846141380351@Samarth-Elite>

EMERGENCY NOTIFICATION - AMTS

🚨 FAMILY EMERGENCY ALERT 🚨

An accident involving your family member has occurred.

📍 Location: n (https://www.google.com/maps?q=23,72)
🚌 Bus Number: 45
🛣️ Route: Route 45
⏰ Time: 08/01/2026 at 01:39 PM

Please contact emergency services or the AMTS control room immediately:
- Emergency Services: 108
- AMTS Control Room: +91-79-2658-0000
- Police: 100
- Fire: 101

Location on Google Maps: https://www.google.com/maps?q=23,72

AMTS Emergency Response Team is on-site providing assistance.

Immediate Action Required,
AMTS Emergency Response Team
-------------------------------------------------------------------------------
Content-Type: text/plain; charset="utf-8"
MIME-Version: 1.0
Content-Transfer-Encoding: 8bit
Subject: 
 =?utf-8?q?=F0=9F=9A=A8_FAMILY_EMERGENCY=3A_Possible_Bus_Accident_-_Bus_45?=
From: AMTS Emergency <noreply.amts.emergency@gmail.com>
To: testuser3@example.com
Date: Thu, 08 Jan 2026 08:09:07 -0000
Message-ID: <176785974760.17712.3184625903963748660@Samarth-Elite>

EMERGENCY NOTIFICATION - AMTS

🚨 FAMILY EMERGENCY ALERT 🚨

An accident involving your family member has occurred.

📍 Location: n (https://www.google.com/maps?q=23,72)
🚌 Bus Number: 45
🛣️ Route: Route 45
⏰ Time: 08/01/2026 at 01:39 PM

Please contact emergency services or the AMTS control room immediately:
- Emergency Services: 108
- AMTS Control Room: +91-79-2658-0000
- Police: 100
- Fire: 101

Location on Google Maps: https://www.google.com/maps?q=23,72

AMTS Emergency Response Team is on-site providing assistance.

Immediate Action Required,
AMTS Emergency Response Team
-------------------------------------------------------------------------------
Content-Type: text/plain; charset="utf-8"
MIME-Version: 1.0
Content-Transfer-Encoding: 8bit
Subject: 
 =?utf-8?q?=F0=9F=9A=A8_FAMILY_EMERGENCY=3A_Possible_Bus_Accident_-_Bus_45?=
From: AMTS Emergency <noreply.amts.emergency@gmail.com>
To: vaibhavmevada796@gmail.com
Date: Thu, 08 Jan 2026 08:09:07 -0000
Message-ID: <176785974761.17712.16515567498963613606@Samarth-Elite>

EMERGENCY NOTIFICATION - AMTS

🚨 FAMILY EMERGENCY ALERT 🚨

An accident involving your family member has occurred.

📍 Location: n (https://www.google.com/maps?q=23,72)
🚌 Bus Number: 45
🛣️ Route: Route 45
⏰ Time: 08/01/2026 at 01:39 PM

Please contact emergency services or the AMTS control room immediately:
- Emergency Services: 108
- AMTS Control Room: +91-79-2658-0000
- Police: 100
- Fire: 101

Location on Google Maps: https://www.google.com/maps?q=23,72

AMTS Emergency Response Team is on-site providing assistance.

Immediate Action Required,
AMTS Emergency Response Team
-------------------------------------------------------------------------------
Content-Type: text/plain; charset="utf-8"
MIME-Version: 1.0
Content-Transfer-Encoding: 8bit
Subject: 
 =?utf-8?q?=F0=9F=9A=A8_FAMILY_EMERGENCY=3A_Possible_Bus_Accident_-_Bus_45?=
From: AMTS Emergency <noreply.amts.emergency@gmail.com>
To: testuser1@example.com
Date: Thu, 08 Jan 2026 08:09:07 -0000
Message-ID: <176785974761.17712.8642770181751748535@Samarth-Elite>

EMERGENCY NOTIFICATION - AMTS

🚨 FAMILY EMERGENCY ALERT 🚨

An accident involving your family member has occurred.

📍 Location: n (https://www.google.com/maps?q=23,72)
🚌 Bus Number: 45
🛣️ Route: Route 45
⏰ Time: 08/01/2026 at 01:39 PM

Please contact emergency services or the AMTS control room immediately:
- Emergency Services: 108
- AMTS Control Room: +91-79-2658-0000
- Police: 100
- Fire: 101

Location on Google Maps: https://www.google.com/maps?q=23,72

AMTS Emergency Response Team is on-site providing assistance.

Immediate Action Required,
AMTS Emergency Response Team
-------------------------------------------------------------------------------
Content-Type: text/plain; charset="utf-8"
MIME-Version: 1.0
Content-Transfer-Encoding: 8bit
Subject: 
 =?utf-8?q?=F0=9F=9A=A8_FAMILY_EMERGENCY=3A_Possible_Bus_Accident_-_Bus_45?=
From: AMTS Emergency <noreply.amts.emergency@gmail.com>
To: manthan07@gmail.com
Date: Thu, 08 Jan 2026 08:09:07 -0000
Message-ID: <176785974762.17712.4793627801234426220@Samarth-Elite>

EMERGENCY NOTIFICATION - AMTS

🚨 FAMILY EMERGENCY ALERT 🚨

An accident involving your family member has occurred.

📍 Location: n (https://www.google.com/maps?q=23,72)
🚌 Bus Number: 45
🛣️ Route: Route 45
⏰ Time: 08/01/2026 at 01:39 PM

Please contact emergency services or the AMTS control room immediately:
- Emergency Services: 108
- AMTS Control Room: +91-79-2658-0000
- Police: 100
- Fire: 101

Location on Google Maps: https://www.google.com/maps?q=23,72

AMTS Emergency Response Team is on-site providing assistance.

Immediate Action Required,
AMTS Emergency Response Team
-------------------------------------------------------------------------------
Content-Type: text/plain; charset="utf-8"
MIME-Version: 1.0
Content-Transfer-Encoding: 8bit
Subject: 
 =?utf-8?q?=F0=9F=9A=A8_FAMILY_EMERGENCY=3A_Possible_Bus_Accident_-_Bus_45?=
From: AMTS Emergency <noreply.amts.emergency@gmail.com>
To: testuser16@example.com
Date: Thu, 08 Jan 2026 08:09:07 -0000
Message-ID: <176785974762.17712.14344578635286937137@Samarth-Elite>

EMERGENCY NOTIFICATION - AMTS

🚨 FAMILY EMERGENCY ALERT 🚨

An accident involving your family member has occurred.

📍 Location: n (https://www.google.com/maps?q=23,72)
🚌 Bus Number: 45
🛣️ Route: Route 45
⏰ Time: 08/01/2026 at 01:39 PM

Please contact emergency services or the AMTS control room immediately:
- Emergency Services: 108
- AMTS Control Room: +91-79-2658-0000
- Police: 100
- Fire: 101

Location on Google Maps: https://www.google.com/maps?q=23,72

AMTS Emergency Response Team is on-site providing assistance.

Immediate Action Required,
AMTS Emergency Response Team
-------------------------------------------------------------------------------
Content-Type: text/plain; charset="utf-8"
MIME-Version: 1.0
Content-Transfer-Encoding: 8bit
Subject: 
 =?utf-8?q?=F0=9F=9A=A8_FAMILY_EMERGENCY=3A_Possible_Bus_Accident_-_Bus_45?=
From: AMTS Emergency <noreply.amts.emergency@gmail.com>
To: ayushgodhani003@gmail.com
Date: Thu, 08 Jan 2026 08:09:07 -0000
Message-ID: <176785974762.17712.1002895424785696909@Samarth-Elite>

EMERGENCY NOTIFICATION - AMTS

🚨 FAMILY EMERGENCY ALERT 🚨

An accident involving your family member has occurred.

📍 Location: n (https://www.google.com/maps?q=23,72)
🚌 Bus Number: 45
🛣️ Route: Route 45
⏰ Time: 08/01/2026 at 01:39 PM

Please contact emergency services or the AMTS control room immediately:
- Emergency Services: 108
- AMTS Control Room: +91-79-2658-0000
- Police: 100
- Fire: 101

Location on Google Maps: https://www.google.com/maps?q=23,72

AMTS Emergency Response Team is on-site providing assistance.

Immediate Action Required,
AMTS Emergency Response Team
-------------------------------------------------------------------------------
Content-Type: text/plain; charset="utf-8"
MIME-Version: 1.0
Content-Transfer-Encoding: 8bit
Subject: 
 =?utf-8?q?=F0=9F=9A=A8_FAMILY_EMERGENCY=3A_Possible_Bus_Accident_-_Bus_45?=
From: AMTS Emergency <noreply.amts.emergency@gmail.com>
To: testuser18@example.com
Date: Thu, 08 Jan 2026 08:09:07 -0000
Message-ID: <176785974763.17712.10060458459857003582@Samarth-Elite>

EMERGENCY NOTIFICATION - AMTS

🚨 FAMILY EMERGENCY ALERT 🚨

An accident involving your family member has occurred.

📍 Location: n (https://www.google.com/maps?q=23,72)
🚌 Bus Number: 45
🛣️ Route: Route 45
⏰ Time: 08/01/2026 at 01:39 PM

Please contact emergency services or the AMTS control room immediately:
- Emergency Services: 108
- AMTS Control Room: +91-79-2658-0000
- Police: 100
- Fire: 101

Location on Google Maps: https://www.google.com/maps?q=23,72

AMTS Emergency Response Team is on-site providing assistance.

Immediate Action Required,
AMTS Emergency Response Team
-------------------------------------------------------------------------------
Content-Type: text/plain; charset="utf-8"
MIME-Version: 1.0
Content-Transfer-Encoding: 8bit
Subject: 
 =?utf-8?q?=F0=9F=9A=A8_FAMILY_EMERGENCY=3A_Possible_Bus_Accident_-_Bus_45?=
From: AMTS Emergency <noreply.amts.emergency@gmail.com>
To: testuser22@example.com
Date: Thu, 08 Jan 2026 08:09:07 -0000
Message-ID: <176785974763.17712.981641706426471788@Samarth-Elite>

EMERGENCY NOTIFICATION - AMTS

🚨 FAMILY EMERGENCY ALERT 🚨

An accident involving your family member has occurred.

📍 Location: n (https://www.google.com/maps?q=23,72)
🚌 Bus Number: 45
🛣️ Route: Route 45
⏰ Time: 08/01/2026 at 01:39 PM

Please contact emergency services or the AMTS control room immediately:
- Emergency Services: 108
- AMTS Control Room: +91-79-2658-0000
- Police: 100
- Fire: 101

Location on Google Maps: https://www.google.com/maps?q=23,72

AMTS Emergency Response Team is on-site providing assistance.

Immediate Action Required,
AMTS Emergency Response Team
-------------------------------------------------------------------------------
Content-Type: text/plain; charset="utf-8"
MIME-Version: 1.0
Content-Transfer-Encoding: 8bit
Subject: 
 =?utf-8?q?=F0=9F=9A=A8_FAMILY_EMERGENCY=3A_Possible_Bus_Accident_-_Bus_45?=
From: AMTS Emergency <noreply.amts.emergency@gmail.com>
To: testuser15@example.com
Date: Thu, 08 Jan 2026 08:09:07 -0000
Message-ID: <176785974764.17712.3522528154058095951@Samarth-Elite>

EMERGENCY NOTIFICATION - AMTS

🚨 FAMILY EMERGENCY ALERT 🚨

An accident involving your family member has occurred.

📍 Location: n (https://www.google.com/maps?q=23,72)
🚌 Bus Number: 45
🛣️ Route: Route 45
⏰ Time: 08/01/2026 at 01:39 PM

Please contact emergency services or the AMTS control room immediately:
- Emergency Services: 108
- AMTS Control Room: +91-79-2658-0000
- Police: 100
- Fire: 101

Location on Google Maps: https://www.google.com/maps?q=23,72

AMTS Emergency Response Team is on-site providing assistance.

Immediate Action Required,
AMTS Emergency Response Team
-------------------------------------------------------------------------------
Content-Type: text/plain; charset="utf-8"
MIME-Version: 1.0
Content-Transfer-Encoding: 8bit
Subject: 
 =?utf-8?q?=F0=9F=9A=A8_FAMILY_EMERGENCY=3A_Possible_Bus_Accident_-_Bus_45?=
From: AMTS Emergency <noreply.amts.emergency@gmail.com>
To: testuser123@example.com
Date: Thu, 08 Jan 2026 08:09:07 -0000
Message-ID: <176785974764.17712.7154854289848427946@Samarth-Elite>

EMERGENCY NOTIFICATION - AMTS

🚨 FAMILY EMERGENCY ALERT 🚨

An accident involving your family member has occurred.

📍 Location: n (https://www.google.com/maps?q=23,72)
🚌 Bus Number: 45
🛣️ Route: Route 45
⏰ Time: 08/01/2026 at 01:39 PM

Please contact emergency services or the AMTS control room immediately:
- Emergency Services: 108
- AMTS Control Room: +91-79-2658-0000
- Police: 100
- Fire: 101

Location on Google Maps: https://www.google.com/maps?q=23,72

AMTS Emergency Response Team is on-site providing assistance.

Immediate Action Required,
AMTS Emergency Response Team
-------------------------------------------------------------------------------
Content-Type: text/plain; charset="utf-8"
MIME-Version: 1.0
Content-Transfer-Encoding: 8bit
Subject: 
 =?utf-8?q?=F0=9F=9A=A8_FAMILY_EMERGENCY=3A_Possible_Bus_Accident_-_Bus_45?=
From: AMTS Emergency <noreply.amts.emergency@gmail.com>
To: testuser14@example.com
Date: Thu, 08 Jan 2026 08:09:07 -0000
Message-ID: <176785974764.17712.16774998955647785833@Samarth-Elite>

EMERGENCY NOTIFICATION - AMTS

🚨 FAMILY EMERGENCY ALERT 🚨

An accident involving your family member has occurred.

📍 Location: n (https://www.google.com/maps?q=23,72)
🚌 Bus Number: 45
🛣️ Route: Route 45
⏰ Time: 08/01/2026 at 01:39 PM

Please contact emergency services or the AMTS control room immediately:
- Emergency Services: 108
- AMTS Control Room: +91-79-2658-0000
- Police: 100
- Fire: 101

Location on Google Maps: https://www.google.com/maps?q=23,72

AMTS Emergency Response Team is on-site providing assistance.

Immediate Action Required,
AMTS Emergency Response Team
-------------------------------------------------------------------------------
Content-Type: text/plain; charset="utf-8"
MIME-Version: 1.0
Content-Transfer-Encoding: 8bit
Subject: 
 =?utf-8?q?=F0=9F=9A=A8_FAMILY_EMERGENCY=3A_Possible_Bus_Accident_-_Bus_45?=
From: AMTS Emergency <noreply.amts.emergency@gmail.com>
To: testuser23@example.com
Date: Thu, 08 Jan 2026 08:09:07 -0000
Message-ID: <176785974765.17712.13378175102047049209@Samarth-Elite>

EMERGENCY NOTIFICATION - AMTS

🚨 FAMILY EMERGENCY ALERT 🚨

An accident involving your family member has occurred.

📍 Location: n (https://www.google.com/maps?q=23,72)
🚌 Bus Number: 45
🛣️ Route: Route 45
⏰ Time: 08/01/2026 at 01:39 PM

Please contact emergency services or the AMTS control room immediately:
- Emergency Services: 108
- AMTS Control Room: +91-79-2658-0000
- Police: 100
- Fire: 101

Location on Google Maps: https://www.google.com/maps?q=23,72

AMTS Emergency Response Team is on-site providing assistance.

Immediate Action Required,
AMTS Emergency Response Team
-------------------------------------------------------------------------------
Content-Type: text/plain; charset="utf-8"
MIME-Version: 1.0
Content-Transfer-Encoding: 8bit
Subject: 
 =?utf-8?q?=F0=9F=9A=A8_FAMILY_EMERGENCY=3A_Possible_Bus_Accident_-_Bus_45?=
From: AMTS Emergency <noreply.amts.emergency@gmail.com>
To: testuser7@example.com
Date: Thu, 08 Jan 2026 08:09:07 -0000
Message-ID: <176785974765.17712.12435679747527879785@Samarth-Elite>

EMERGENCY NOTIFICATION - AMTS

🚨 FAMILY EMERGENCY ALERT 🚨

An accident involving your family member has occurred.

📍 Location: n (https://www.google.com/maps?q=23,72)
🚌 Bus Number: 45
🛣️ Route: Route 45
⏰ Time: 08/01/2026 at 01:39 PM

Please contact emergency services or the AMTS control room immediately:
- Emergency Services: 108
- AMTS Control Room: +91-79-2658-0000
- Police: 100
- Fire: 101

Location on Google Maps: https://www.google.com/maps?q=23,72

AMTS Emergency Response Team is on-site providing assistance.

Immediate Action Required,
AMTS Emergency Response Team
-------------------------------------------------------------------------------
Content-Type: text/plain; charset="utf-8"
MIME-Version: 1.0
Content-Transfer-Encoding: 8bit
Subject: 
 =?utf-8?q?=F0=9F=9A=A8_FAMILY_EMERGENCY=3A_Possible_Bus_Accident_-_Bus_45?=
From: AMTS Emergency <noreply.amts.emergency@gmail.com>
To: testuser5@example.com
Date: Thu, 08 Jan 2026 08:09:07 -0000
Message-ID: <176785974766.17712.2285118756617525543@Samarth-Elite>

EMERGENCY NOTIFICATION - AMTS

🚨 FAMILY EMERGENCY ALERT 🚨

An accident involving your family member has occurred.

📍 Location: n (https://www.google.com/maps?q=23,72)
🚌 Bus Number: 45
🛣️ Route: Route 45
⏰ Time: 08/01/2026 at 01:39 PM

Please contact emergency services or the AMTS control room immediately:
- Emergency Services: 108
- AMTS Control Room: +91-79-2658-0000
- Police: 100
- Fire: 101

Location on Google Maps: https://www.google.com/maps?q=23,72

AMTS Emergency Response Team is on-site providing assistance.

Immediate Action Required,
AMTS Emergency Response Team
-------------------------------------------------------------------------------
Content-Type: text/plain; charset="utf-8"
MIME-Version: 1.0
Content-Transfer-Encoding: 8bit
Subject: 
 =?utf-8?q?=F0=9F=9A=A8_FAMILY_EMERGENCY=3A_Possible_Bus_Accident_-_Bus_45?=
From: AMTS Emergency <noreply.amts.emergency@gmail.com>
To: testuser32@example.com
Date: Thu, 08 Jan 2026 08:09:07 -0000
Message-ID: <176785974766.17712.5024731050737483320@Samarth-Elite>

EMERGENCY NOTIFICATION - AMTS

🚨 FAMILY EMERGENCY ALERT 🚨

An accident involving your family member has occurred.

📍 Location: n (https://www.google.com/maps?q=23,72)
🚌 Bus Number: 45
🛣️ Route: Route 45
⏰ Time: 08/01/2026 at 01:39 PM

Please contact emergency services or the AMTS control room immediately:
- Emergency Services: 108
- AMTS Control Room: +91-79-2658-0000
- Police: 100
- Fire: 101

Location on Google Maps: https://www.google.com/maps?q=23,72

AMTS Emergency Response Team is on-site providing assistance.

Immediate Action Required,
AMTS Emergency Response Team
-------------------------------------------------------------------------------
Content-Type: text/plain; charset="utf-8"
MIME-Version: 1.0
Content-Transfer-Encoding: 8bit
Subject: 
 =?utf-8?q?=F0=9F=9A=A8_FAMILY_EMERGENCY=3A_Possible_Bus_Accident_-_Bus_45?=
From: AMTS Emergency <noreply.amts.emergency@gmail.com>
To: testuser10@example.com
Date: Thu, 08 Jan 2026 08:09:07 -0000
Message-ID: <176785974766.17712.6499439423779862116@Samarth-Elite>

EMERGENCY NOTIFICATION - AMTS

🚨 FAMILY EMERGENCY ALERT 🚨

An accident involving your family member has occurred.

📍 Location: n (https://www.google.com/maps?q=23,72)
🚌 Bus Number: 45
🛣️ Route: Route 45
⏰ Time: 08/01/2026 at 01:39 PM

Please contact emergency services or the AMTS control room immediately:
- Emergency Services: 108
- AMTS Control Room: +91-79-2658-0000
- Police: 100
- Fire: 101

Location on Google Maps: https://www.google.com/maps?q=23,72

AMTS Emergency Response Team is on-site providing assistance.

Immediate Action Required,
AMTS Emergency Response Team
-------------------------------------------------------------------------------
Content-Type: text/plain; charset="utf-8"
MIME-Version: 1.0
Content-Transfer-Encoding: 8bit
Subject: 
 =?utf-8?q?=F0=9F=9A=A8_FAMILY_EMERGENCY=3A_Possible_Bus_Accident_-_Bus_45?=
From: AMTS Emergency <noreply.amts.emergency@gmail.com>
To: samarthpatel808@gmail.com
Date: Thu, 08 Jan 2026 08:09:07 -0000
Message-ID: <176785974767.17712.9770099534064306931@Samarth-Elite>

EMERGENCY NOTIFICATION - AMTS

🚨 FAMILY EMERGENCY ALERT 🚨

An accident involving your family member has occurred.

📍 Location: n (https://www.google.com/maps?q=23,72)
🚌 Bus Number: 45
🛣️ Route: Route 45
⏰ Time: 08/01/2026 at 01:39 PM

Please contact emergency services or the AMTS control room immediately:
- Emergency Services: 108
- AMTS Control Room: +91-79-2658-0000
- Police: 100
- Fire: 101

Location on Google Maps: https://www.google.com/maps?q=23,72

AMTS Emergency Response Team is on-site providing assistance.

Immediate Action Required,
AMTS Emergency Response Team
-------------------------------------------------------------------------------
Content-Type: text/plain; charset="utf-8"
MIME-Version: 1.0
Content-Transfer-Encoding: 8bit
Subject: 
 =?utf-8?q?=F0=9F=9A=A8_FAMILY_EMERGENCY=3A_Possible_Bus_Accident_-_Bus_45?=
From: AMTS Emergency <noreply.amts.emergency@gmail.com>
To: testuser24@example.com
Date: Thu, 08 Jan 2026 08:09:07 -0000
Message-ID: <176785974767.17712.12325753490662415961@Samarth-Elite>

EMERGENCY NOTIFICATION - AMTS

🚨 FAMILY EMERGENCY ALERT 🚨

An accident involving your family member has occurred.

📍 Location: n (https://www.google.com/maps?q=23,72)
🚌 Bus Number: 45
🛣️ Route: Route 45
⏰ Time: 08/01/2026 at 01:39 PM

Please contact emergency services or the AMTS control room immediately:
- Emergency Services: 108
- AMTS Control Room: +91-79-2658-0000
- Police: 100
- Fire: 101

Location on Google Maps: https://www.google.com/maps?q=23,72

AMTS Emergency Response Team is on-site providing assistance.

Immediate Action Required,
AMTS Emergency Response Team
-------------------------------------------------------------------------------
Content-Type: text/plain; charset="utf-8"
MIME-Version: 1.0
Content-Transfer-Encoding: 8bit
Subject: 
 =?utf-8?q?=F0=9F=9A=A8_FAMILY_EMERGENCY=3A_Possible_Bus_Accident_-_Bus_45?=
From: AMTS Emergency <noreply.amts.emergency@gmail.com>
To: testuser12@example.com
Date: Thu, 08 Jan 2026 08:09:07 -0000
Message-ID: <176785974767.17712.1253112930916410977@Samarth-Elite>

EMERGENCY NOTIFICATION - AMTS

🚨 FAMILY EMERGENCY ALERT 🚨

An accident involving your family member has occurred.

📍 Location: n (https://www.google.com/maps?q=23,72)
🚌 Bus Number: 45
🛣️ Route: Route 45
⏰ Time: 08/01/2026 at 01:39 PM

Please contact emergency services or the AMTS control room immediately:
- Emergency Services: 108
- AMTS Control Room: +91-79-2658-0000
- Police: 100
- Fire: 101

Location on Google Maps: https://www.google.com/maps?q=23,72

AMTS Emergency Response Team is on-site providing assistance.

Immediate Action Required,
AMTS Emergency Response Team
-------------------------------------------------------------------------------
Content-Type: text/plain; charset="utf-8"
MIME-Version: 1.0
Content-Transfer-Encoding: 8bit
Subject: 
 =?utf-8?q?=F0=9F=9A=A8_FAMILY_EMERGENCY=3A_Possible_Bus_Accident_-_Bus_45?=
From: AMTS Emergency <noreply.amts.emergency@gmail.com>
To: testuser29@example.com
Date: Thu, 08 Jan 2026 08:09:07 -0000
Message-ID: <176785974768.17712.17240404447111189670@Samarth-Elite>

EMERGENCY NOTIFICATION - AMTS

🚨 FAMILY EMERGENCY ALERT 🚨

An accident involving your family member has occurred.

📍 Location: n (https://www.google.com/maps?q=23,72)
🚌 Bus Number: 45
🛣️ Route: Route 45
⏰ Time: 08/01/2026 at 01:39 PM

Please contact emergency services or the AMTS control room immediately:
- Emergency Services: 108
- AMTS Control Room: +91-79-2658-0000
- Police: 100
- Fire: 101

Location on Google Maps: https://www.google.com/maps?q=23,72

AMTS Emergency Response Team is on-site providing assistance.

Immediate Action Required,
AMTS Emergency Response Team
-------------------------------------------------------------------------------
Content-Type: text/plain; charset="utf-8"
MIME-Version: 1.0
Content-Transfer-Encoding: 8bit
Subject: 
 =?utf-8?q?=F0=9F=9A=A8_FAMILY_EMERGENCY=3A_Possible_Bus_Accident_-_Bus_45?=
From: AMTS Emergency <noreply.amts.emergency@gmail.com>
To: testuser13@example.com
Date: Thu, 08 Jan 2026 08:09:07 -0000
Message-ID: <176785974768.17712.3423707668452400781@Samarth-Elite>

EMERGENCY NOTIFICATION - AMTS

🚨 FAMILY EMERGENCY ALERT 🚨

An accident involving your family member has occurred.

📍 Location: n (https://www.google.com/maps?q=23,72)
🚌 Bus Number: 45
🛣️ Route: Route 45
⏰ Time: 08/01/2026 at 01:39 PM

Please contact emergency services or the AMTS control room immediately:
- Emergency Services: 108
- AMTS Control Room: +91-79-2658-0000
- Police: 100
- Fire: 101

Location on Google Maps: https://www.google.com/maps?q=23,72

AMTS Emergency Response Team is on-site providing assistance.

Immediate Action Required,
AMTS Emergency Response Team
-------------------------------------------------------------------------------
Content-Type: text/plain; charset="utf-8"
MIME-Version: 1.0
Content-Transfer-Encoding: 8bit
Subject: 
 =?utf-8?q?=F0=9F=9A=A8_FAMILY_EMERGENCY=3A_Possible_Bus_Accident_-_Bus_45?=
From: AMTS Emergency <noreply.amts.emergency@gmail.com>
To: testuser4@example.com
Date: Thu, 08 Jan 2026 08:09:07 -0000
Message-ID: <176785974768.17712.15426297468883627910@Samarth-Elite>

EMERGENCY NOTIFICATION - AMTS

🚨 FAMILY EMERGENCY ALERT 🚨

An accident involving your family member has occurred.

📍 Location: n (https://www.google.com/maps?q=23,72)
🚌 Bus Number: 45
🛣️ Route: Route 45
⏰ Time: 08/01/2026 at 01:39 PM

Please contact emergency services or the AMTS control room immediately:
- Emergency Services: 108
- AMTS Control Room: +91-79-2658-0000
- Police: 100
- Fire: 101

Location on Google Maps: https://www.google.com/maps?q=23,72

AMTS Emergency Response Team is on-site providing assistance.

Immediate Action Required,
AMTS Emergency Response Team
-------------------------------------------------------------------------------
Content-Type: text/plain; charset="utf-8"
MIME-Version: 1.0
Content-Transfer-Encoding: 8bit
Subject: 
 =?utf-8?q?=F0=9F=9A=A8_FAMILY_EMERGENCY=3A_Possible_Bus_Accident_-_Bus_45?=
From: AMTS Emergency <noreply.amts.emergency@gmail.com>
To: testuser25@example.com
Date: Thu, 08 Jan 2026 08:09:07 -0000
Message-ID: <176785974769.17712.14017707858651564265@Samarth-Elite>

EMERGENCY NOTIFICATION - AMTS

🚨 FAMILY EMERGENCY ALERT 🚨

An accident involving your family member has occurred.

📍 Location: n (https://www.google.com/maps?q=23,72)
🚌 Bus Number: 45
🛣️ Route: Route 45
⏰ Time: 08/01/2026 at 01:39 PM

Please contact emergency services or the AMTS control room immediately:
- Emergency Services: 108
- AMTS Control Room: +91-79-2658-0000
- Police: 100
- Fire: 101

Location on Google Maps: https://www.google.com/maps?q=23,72

AMTS Emergency Response Team is on-site providing assistance.

Immediate Action Required,
AMTS Emergency Response Team
-------------------------------------------------------------------------------
Content-Type: text/plain; charset="utf-8"
MIME-Version: 1.0
Content-Transfer-Encoding: 8bit
Subject: 
 =?utf-8?q?=F0=9F=9A=A8_FAMILY_EMERGENCY=3A_Possible_Bus_Accident_-_Bus_45?=
From: AMTS Emergency <noreply.amts.emergency@gmail.com>
To: testuser17@example.com
Date: Thu, 08 Jan 2026 08:09:07 -0000
Message-ID: <176785974769.17712.13864936645549234675@Samarth-Elite>

EMERGENCY NOTIFICATION - AMTS

🚨 FAMILY EMERGENCY ALERT 🚨

An accident involving your family member has occurred.

📍 Location: n (https://www.google.com/maps?q=23,72)
🚌 Bus Number: 45
🛣️ Route: Route 45
⏰ Time: 08/01/2026 at 01:39 PM

Please contact emergency services or the AMTS control room immediately:
- Emergency Services: 108
- AMTS Control Room: +91-79-2658-0000
- Police: 100
- Fire: 101

Location on Google Maps: https://www.google.com/maps?q=23,72

AMTS Emergency Response Team is on-site providing assistance.

Immediate Action Required,
AMTS Emergency Response Team
-------------------------------------------------------------------------------
Content-Type: text/plain; charset="utf-8"
MIME-Version: 1.0
Content-Transfer-Encoding: 8bit
Subject: 
 =?utf-8?q?=F0=9F=9A=A8_FAMILY_EMERGENCY=3A_Possible_Bus_Accident_-_Bus_45?=
From: AMTS Emergency <noreply.amts.emergency@gmail.com>
To: testuser28@example.com
Date: Thu, 08 Jan 2026 08:09:07 -0000
Message-ID: <176785974769.17712.13786097312225604236@Samarth-Elite>

EMERGENCY NOTIFICATION - AMTS

🚨 FAMILY EMERGENCY ALERT 🚨

An accident involving your family member has occurred.

📍 Location: n (https://www.google.com/maps?q=23,72)
🚌 Bus Number: 45
🛣️ Route: Route 45
⏰ Time: 08/01/2026 at 01:39 PM

Please contact emergency services or the AMTS control room immediately:
- Emergency Services: 108
- AMTS Control Room: +91-79-2658-0000
- Police: 100
- Fire: 101

Location on Google Maps: https://www.google.com/maps?q=23,72

AMTS Emergency Response Team is on-site providing assistance.

Immediate Action Required,
AMTS Emergency Response Team
-------------------------------------------------------------------------------
Content-Type: text/plain; charset="utf-8"
MIME-Version: 1.0
Content-Transfer-Encoding: 8bit
Subject: 
 =?utf-8?q?=F0=9F=9A=A8_BUS_ACCIDENT_REPORT_-_Bus_45_-_Immediate_Response_Req?=
 =?utf-8?q?uired?=
From: AMTS Emergency <noreply.amts.emergency@gmail.com>
To: vaibhavmevada796@gmail.com
Date: Thu, 08 Jan 2026 08:09:07 -0000
Message-ID: <176785974770.17712.9751718723311136886@Samarth-Elite>

EMERGENCY INCIDENT REPORT - AMTS

🚨 BUS ACCIDENT DETECTED 🚨

INCIDENT DETAILS:
- Bus Number: 45
- Route: Route 45
- Location: n (https://www.google.com/maps?q=23,72)
- GPS Coordinates: 23, 72
- Time: 08/01/2026 at 01:39 PM

AFFECTED PASSENGERS: 0 confirmed bookings
EMERGENCY NOTIFICATIONS SENT: 40 family alerts

IMMEDIATE ACTIONS REQUIRED:
1. Dispatch emergency response team
2. Coordinate with local emergency services
3. Set up family assistance center
4. Prepare medical support
5. Notify media relations team

Google Maps Location: https://www.google.com/maps?q=23,72

This is an automated emergency alert from AMTS Safety System.
Please respond immediately.

AMTS Emergency Response System
-------------------------------------------------------------------------------
Content-Type: text/plain; charset="utf-8"
MIME-Version: 1.0
Content-Transfer-Encoding: 8bit
Subject: 
 =?utf-8?q?=F0=9F=9A=A8_BUS_ACCIDENT_REPORT_-_Bus_45_-_Immediate_Response_Req?=
 =?utf-8?q?uired?=
From: AMTS Emergency <noreply.amts.emergency@gmail.com>
To: emergency@amts.gov.in
Date: Thu, 08 Jan 2026 08:09:07 -0000
Message-ID: <176785974770.17712.7110791335652942927@Samarth-Elite>

EMERGENCY INCIDENT REPORT - AMTS

🚨 BUS ACCIDENT DETECTED 🚨

INCIDENT DETAILS:
- Bus Number: 45
- Route: Route 45
- Location: n (https://www.google.com/maps?q=23,72)
- GPS Coordinates: 23, 72
- Time: 08/01/2026 at 01:39 PM

AFFECTED PASSENGERS: 0 confirmed bookings
EMERGENCY NOTIFICATIONS SENT: 40 family alerts

IMMEDIATE ACTIONS REQUIRED:
1. Dispatch emergency response team
2. Coordinate with local emergency services
3. Set up family assistance center
4. Prepare medical support
5. Notify media relations team

Google Maps Location: https://www.google.com/maps?q=23,72

This is an automated emergency alert from AMTS Safety System.
Please respond immediately.

AMTS Emergency Response System
-------------------------------------------------------------------------------
Content-Type: text/plain; charset="utf-8"
MIME-Version: 1.0
Content-Transfer-Encoding: 8bit
Subject: 
 =?utf-8?q?=F0=9F=9A=A8_BUS_ACCIDENT_REPORT_-_Bus_45_-_Immediate_Response_Req?=
 =?utf-8?q?uired?=
From: AMTS Emergency <noreply.amts.emergency@gmail.com>
To: control.room@amts.gov.in
Date: Thu, 08 Jan 2026 08:09:07 -0000
Message-ID: <176785974770.17712.13333767443186283627@Samarth-Elite>

EMERGENCY INCIDENT REPORT - AMTS

🚨 BUS ACCIDENT DETECTED 🚨

INCIDENT DETAILS:
- Bus Number: 45
- Route: Route 45
- Location: n (https://www.google.com/maps?q=23,72)
- GPS Coordinates: 23, 72
- Time: 08/01/2026 at 01:39 PM

AFFECTED PASSENGERS: 0 confirmed bookings
EMERGENCY NOTIFICATIONS SENT: 40 family alerts

IMMEDIATE ACTIONS REQUIRED:
1. Dispatch emergency response team
2. Coordinate with local emergency services
3. Set up family assistance center
4. Prepare medical support
5. Notify media relations team

Google Maps Location: https://www.google.com/maps?q=23,72

This is an automated emergency alert from AMTS Safety System.
Please respond immediately.

AMTS Emergency Response System
-------------------------------------------------------------------------------
Content-Type: text/plain; charset="utf-8"
MIME-Version: 1.0
Content-Transfer-Encoding: 8bit
Subject: 
 =?utf-8?q?=F0=9F=9A=A8_BUS_ACCIDENT_REPORT_-_Bus_45_-_Immediate_Response_Req?=
 =?utf-8?q?uired?=
From: AMTS Emergency <noreply.amts.emergency@gmail.com>
To: safety@amts.gov.in
Date: Thu, 08 Jan 2026 08:09:07 -0000
Message-ID: <176785974771.17712.12950475558618321245@Samarth-Elite>

EMERGENCY INCIDENT REPORT - AMTS

🚨 BUS ACCIDENT DETECTED 🚨

INCIDENT DETAILS:
- Bus Number: 45
- Route: Route 45
- Location: n (https://www.google.com/maps?q=23,72)
- GPS Coordinates: 23, 72
- Time: 08/01/2026 at 01:39 PM

AFFECTED PASSENGERS: 0 confirmed bookings
EMERGENCY NOTIFICATIONS SENT: 40 family alerts

IMMEDIATE ACTIONS REQUIRED:
1. Dispatch emergency response team
2. Coordinate with local emergency services
3. Set up family assistance center
4. Prepare medical support
5. Notify media relations team

Google Maps Location: https://www.google.com/maps?q=23,72

This is an automated emergency alert from AMTS Safety System.
Please respond immediately.

AMTS Emergency Response System
-------------------------------------------------------------------------------
Content-Type: text/plain; charset="utf-8"
MIME-Version: 1.0
Content-Transfer-Encoding: 8bit
Subject: 
 =?utf-8?q?=F0=9F=9A=A8_BUS_ACCIDENT_REPORT_-_Bus_45_-_Immediate_Response_Req?=
 =?utf-8?q?uired?=
From: AMTS Emergency <noreply.amts.emergency@gmail.com>
To: admin@amts.gov.in
Date: Thu, 08 Jan 2026 08:09:07 -0000
Message-ID: <176785974771.17712.14724019221142999291@Samarth-Elite>

EMERGENCY INCIDENT REPORT - AMTS

🚨 BUS ACCIDENT DETECTED 🚨

INCIDENT DETAILS:
- Bus Number: 45
- Route: Route 45
- Location: n (https://www.google.com/maps?q=23,72)
- GPS Coordinates: 23, 72
- Time: 08/01/2026 at 01:39 PM

AFFECTED PASSENGERS: 0 confirmed bookings
EMERGENCY NOTIFICATIONS SENT: 40 family alerts

IMMEDIATE ACTIONS REQUIRED:
1. Dispatch emergency response team
2. Coordinate with local emergency services
3. Set up family assistance center
4. Prepare medical support
5. Notify media relations team

Google Maps Location: https://www.google.com/maps?q=23,72

This is an automated emergency alert from AMTS Safety System.
Please respond immediately.

AMTS Emergency Response System
-------------------------------------------------------------------------------
