Content-Type: text/plain; charset="utf-8"
MIME-Version: 1.0
Content-Transfer-Encoding: 8bit
Subject: =?utf-8?q?=F0=9F=9A=A8_URGENT=3A_Bus_Accident_Alert_-_Bus_401?=
From: AMTS Emergency <noreply.amts.emergency@gmail.com>
To: samarthpatel310106@gmail.com
Date: Wed, 07 Jan 2026 16:43:55 -0000
Message-ID: <176780423557.12920.16995081825089519269@LAPTOP-7FNM8Q6O>

EMERGENCY NOTIFICATION - AMTS

🚨 ACCIDENT ALERT 🚨

An accident involving Bus 401 has been reported.

📍 Location: Live GPS Location - Bus 401 Route (https://www.google.com/maps?q=23.0225,72.5714)
🚌 Bus Number: 401
🛣️ Route: Vasna Terminus ↔ Chandkheda (Sarathi Bunglows)
⏰ Time: 07/01/2026 at 10:13 PM

If you or your family member was traveling on this bus, please:
1. Contact emergency services: 108
2. Call AMTS Control Room: +91-79-2658-0000
3. Visit the accident location if safe to do so

AMTS is coordinating with emergency services for immediate assistance.

Stay safe,
AMTS Emergency Response Team
-------------------------------------------------------------------------------
Content-Type: text/plain; charset="utf-8"
MIME-Version: 1.0
Content-Transfer-Encoding: 8bit
Subject: 
 =?utf-8?q?=F0=9F=9A=A8_FAMILY_EMERGENCY=3A_Possible_Bus_Accident_-_Bus_401?=
From: AMTS Emergency <noreply.amts.emergency@gmail.com>
To: testuser30@example.com
Date: Wed, 07 Jan 2026 16:43:55 -0000
Message-ID: <176780423558.12920.14878707402193904476@LAPTOP-7FNM8Q6O>

EMERGENCY NOTIFICATION - AMTS

🚨 FAMILY EMERGENCY ALERT 🚨

An accident involving your family member has occurred.

📍 Location: Live GPS Location - Bus 401 Route (https://www.google.com/maps?q=23.0225,72.5714)
🚌 Bus Number: 401
🛣️ Route: Vasna Terminus ↔ Chandkheda (Sarathi Bunglows)
⏰ Time: 07/01/2026 at 10:13 PM

Please contact emergency services or the AMTS control room immediately:
- Emergency Services: 108
- AMTS Control Room: +91-79-2658-0000
- Police: 100
- Fire: 101

Location on Google Maps: https://www.google.com/maps?q=23.0225,72.5714

AMTS Emergency Response Team is on-site providing assistance.

Immediate Action Required,
AMTS Emergency Response Team
-------------------------------------------------------------------------------
Content-Type: text/plain; charset="utf-8"
MIME-Version: 1.0
Content-Transfer-Encoding: 8bit
Subject: 
 =?utf-8?q?=F0=9F=9A=A8_FAMILY_EMERGENCY=3A_Possible_Bus_Accident_-_Bus_401?=
From: AMTS Emergency <noreply.amts.emergency@gmail.com>
To: testuser19@example.com
Date: Wed, 07 Jan 2026 16:43:55 -0000
Message-ID: <176780423559.12920.17646716795386833799@LAPTOP-7FNM8Q6O>

EMERGENCY NOTIFICATION - AMTS

🚨 FAMILY EMERGENCY ALERT 🚨

An accident involving your family member has occurred.

📍 Location: Live GPS Location - Bus 401 Route (https://www.google.com/maps?q=23.0225,72.5714)
🚌 Bus Number: 401
🛣️ Route: Vasna Terminus ↔ Chandkheda (Sarathi Bunglows)
⏰ Time: 07/01/2026 at 10:13 PM

Please contact emergency services or the AMTS control room immediately:
- Emergency Services: 108
- AMTS Control Room: +91-79-2658-0000
- Police: 100
- Fire: 101

Location on Google Maps: https://www.google.com/maps?q=23.0225,72.5714

AMTS Emergency Response Team is on-site providing assistance.

Immediate Action Required,
AMTS Emergency Response Team
-------------------------------------------------------------------------------
Content-Type: text/plain; charset="utf-8"
MIME-Version: 1.0
Content-Transfer-Encoding: 8bit
Subject: 
 =?utf-8?q?=F0=9F=9A=A8_FAMILY_EMERGENCY=3A_Possible_Bus_Accident_-_Bus_401?=
From: AMTS Emergency <noreply.amts.emergency@gmail.com>
To: testuser4@example.com
Date: Wed, 07 Jan 2026 16:43:55 -0000
Message-ID: <176780423559.12920.11867838050194486533@LAPTOP-7FNM8Q6O>

EMERGENCY NOTIFICATION - AMTS

🚨 FAMILY EMERGENCY ALERT 🚨

An accident involving your family member has occurred.

📍 Location: Live GPS Location - Bus 401 Route (https://www.google.com/maps?q=23.0225,72.5714)
🚌 Bus Number: 401
🛣️ Route: Vasna Terminus ↔ Chandkheda (Sarathi Bunglows)
⏰ Time: 07/01/2026 at 10:13 PM

Please contact emergency services or the AMTS control room immediately:
- Emergency Services: 108
- AMTS Control Room: +91-79-2658-0000
- Police: 100
- Fire: 101

Location on Google Maps: https://www.google.com/maps?q=23.0225,72.5714

AMTS Emergency Response Team is on-site providing assistance.

Immediate Action Required,
AMTS Emergency Response Team
-------------------------------------------------------------------------------
Content-Type: text/plain; charset="utf-8"
MIME-Version: 1.0
Content-Transfer-Encoding: 8bit
Subject: 
 =?utf-8?q?=F0=9F=9A=A8_FAMILY_EMERGENCY=3A_Possible_Bus_Accident_-_Bus_401?=
From: AMTS Emergency <noreply.amts.emergency@gmail.com>
To: testuser123@example.com
Date: Wed, 07 Jan 2026 16:43:55 -0000
Message-ID: <176780423560.12920.3956038668026538763@LAPTOP-7FNM8Q6O>

EMERGENCY NOTIFICATION - AMTS

🚨 FAMILY EMERGENCY ALERT 🚨

An accident involving your family member has occurred.

📍 Location: Live GPS Location - Bus 401 Route (https://www.google.com/maps?q=23.0225,72.5714)
🚌 Bus Number: 401
🛣️ Route: Vasna Terminus ↔ Chandkheda (Sarathi Bunglows)
⏰ Time: 07/01/2026 at 10:13 PM

Please contact emergency services or the AMTS control room immediately:
- Emergency Services: 108
- AMTS Control Room: +91-79-2658-0000
- Police: 100
- Fire: 101

Location on Google Maps: https://www.google.com/maps?q=23.0225,72.5714

AMTS Emergency Response Team is on-site providing assistance.

Immediate Action Required,
AMTS Emergency Response Team
-------------------------------------------------------------------------------
Content-Type: text/plain; charset="utf-8"
MIME-Version: 1.0
Content-Transfer-Encoding: 8bit
Subject: 
 =?utf-8?q?=F0=9F=9A=A8_FAMILY_EMERGENCY=3A_Possible_Bus_Accident_-_Bus_401?=
From: AMTS Emergency <noreply.amts.emergency@gmail.com>
To: testuser16@example.com
Date: Wed, 07 Jan 2026 16:43:55 -0000
Message-ID: <176780423560.12920.1495023406871263273@LAPTOP-7FNM8Q6O>

EMERGENCY NOTIFICATION - AMTS

🚨 FAMILY EMERGENCY ALERT 🚨

An accident involving your family member has occurred.

📍 Location: Live GPS Location - Bus 401 Route (https://www.google.com/maps?q=23.0225,72.5714)
🚌 Bus Number: 401
🛣️ Route: Vasna Terminus ↔ Chandkheda (Sarathi Bunglows)
⏰ Time: 07/01/2026 at 10:13 PM

Please contact emergency services or the AMTS control room immediately:
- Emergency Services: 108
- AMTS Control Room: +91-79-2658-0000
- Police: 100
- Fire: 101

Location on Google Maps: https://www.google.com/maps?q=23.0225,72.5714

AMTS Emergency Response Team is on-site providing assistance.

Immediate Action Required,
AMTS Emergency Response Team
-------------------------------------------------------------------------------
Content-Type: text/plain; charset="utf-8"
MIME-Version: 1.0
Content-Transfer-Encoding: 8bit
Subject: 
 =?utf-8?q?=F0=9F=9A=A8_FAMILY_EMERGENCY=3A_Possible_Bus_Accident_-_Bus_401?=
From: AMTS Emergency <noreply.amts.emergency@gmail.com>
To: testuser31@example.com
Date: Wed, 07 Jan 2026 16:43:55 -0000
Message-ID: <176780423561.12920.9484613243609191137@LAPTOP-7FNM8Q6O>

EMERGENCY NOTIFICATION - AMTS

🚨 FAMILY EMERGENCY ALERT 🚨

An accident involving your family member has occurred.

📍 Location: Live GPS Location - Bus 401 Route (https://www.google.com/maps?q=23.0225,72.5714)
🚌 Bus Number: 401
🛣️ Route: Vasna Terminus ↔ Chandkheda (Sarathi Bunglows)
⏰ Time: 07/01/2026 at 10:13 PM

Please contact emergency services or the AMTS control room immediately:
- Emergency Services: 108
- AMTS Control Room: +91-79-2658-0000
- Police: 100
- Fire: 101

Location on Google Maps: https://www.google.com/maps?q=23.0225,72.5714

AMTS Emergency Response Team is on-site providing assistance.

Immediate Action Required,
AMTS Emergency Response Team
-------------------------------------------------------------------------------
Content-Type: text/plain; charset="utf-8"
MIME-Version: 1.0
Content-Transfer-Encoding: 8bit
Subject: 
 =?utf-8?q?=F0=9F=9A=A8_FAMILY_EMERGENCY=3A_Possible_Bus_Accident_-_Bus_401?=
From: AMTS Emergency <noreply.amts.emergency@gmail.com>
To: testuser32@example.com
Date: Wed, 07 Jan 2026 16:43:55 -0000
Message-ID: <176780423561.12920.11431120097101300116@LAPTOP-7FNM8Q6O>

EMERGENCY NOTIFICATION - AMTS

🚨 FAMILY EMERGENCY ALERT 🚨

An accident involving your family member has occurred.

📍 Location: Live GPS Location - Bus 401 Route (https://www.google.com/maps?q=23.0225,72.5714)
🚌 Bus Number: 401
🛣️ Route: Vasna Terminus ↔ Chandkheda (Sarathi Bunglows)
⏰ Time: 07/01/2026 at 10:13 PM

Please contact emergency services or the AMTS control room immediately:
- Emergency Services: 108
- AMTS Control Room: +91-79-2658-0000
- Police: 100
- Fire: 101

Location on Google Maps: https://www.google.com/maps?q=23.0225,72.5714

AMTS Emergency Response Team is on-site providing assistance.

Immediate Action Required,
AMTS Emergency Response Team
-------------------------------------------------------------------------------
Content-Type: text/plain; charset="utf-8"
MIME-Version: 1.0
Content-Transfer-Encoding: 8bit
Subject: 
 =?utf-8?q?=F0=9F=9A=A8_FAMILY_EMERGENCY=3A_Possible_Bus_Accident_-_Bus_401?=
From: AMTS Emergency <noreply.amts.emergency@gmail.com>
To: testuser14@example.com
Date: Wed, 07 Jan 2026 16:43:55 -0000
Message-ID: <176780423562.12920.17538292313005198019@LAPTOP-7FNM8Q6O>

EMERGENCY NOTIFICATION - AMTS

🚨 FAMILY EMERGENCY ALERT 🚨

An accident involving your family member has occurred.

📍 Location: Live GPS Location - Bus 401 Route (https://www.google.com/maps?q=23.0225,72.5714)
🚌 Bus Number: 401
🛣️ Route: Vasna Terminus ↔ Chandkheda (Sarathi Bunglows)
⏰ Time: 07/01/2026 at 10:13 PM

Please contact emergency services or the AMTS control room immediately:
- Emergency Services: 108
- AMTS Control Room: +91-79-2658-0000
- Police: 100
- Fire: 101

Location on Google Maps: https://www.google.com/maps?q=23.0225,72.5714

AMTS Emergency Response Team is on-site providing assistance.

Immediate Action Required,
AMTS Emergency Response Team
-------------------------------------------------------------------------------
Content-Type: text/plain; charset="utf-8"
MIME-Version: 1.0
Content-Transfer-Encoding: 8bit
Subject: 
 =?utf-8?q?=F0=9F=9A=A8_FAMILY_EMERGENCY=3A_Possible_Bus_Accident_-_Bus_401?=
From: AMTS Emergency <noreply.amts.emergency@gmail.com>
To: testuser1@example.com
Date: Wed, 07 Jan 2026 16:43:55 -0000
Message-ID: <176780423562.12920.13654599776971398033@LAPTOP-7FNM8Q6O>

EMERGENCY NOTIFICATION - AMTS

🚨 FAMILY EMERGENCY ALERT 🚨

An accident involving your family member has occurred.

📍 Location: Live GPS Location - Bus 401 Route (https://www.google.com/maps?q=23.0225,72.5714)
🚌 Bus Number: 401
🛣️ Route: Vasna Terminus ↔ Chandkheda (Sarathi Bunglows)
⏰ Time: 07/01/2026 at 10:13 PM

Please contact emergency services or the AMTS control room immediately:
- Emergency Services: 108
- AMTS Control Room: +91-79-2658-0000
- Police: 100
- Fire: 101

Location on Google Maps: https://www.google.com/maps?q=23.0225,72.5714

AMTS Emergency Response Team is on-site providing assistance.

Immediate Action Required,
AMTS Emergency Response Team
-------------------------------------------------------------------------------
Content-Type: text/plain; charset="utf-8"
MIME-Version: 1.0
Content-Transfer-Encoding: 8bit
Subject: 
 =?utf-8?q?=F0=9F=9A=A8_FAMILY_EMERGENCY=3A_Possible_Bus_Accident_-_Bus_401?=
From: AMTS Emergency <noreply.amts.emergency@gmail.com>
To: samarthpatel310106@gmail.com
Date: Wed, 07 Jan 2026 16:43:55 -0000
Message-ID: <176780423563.12920.13397313257520834768@LAPTOP-7FNM8Q6O>

EMERGENCY NOTIFICATION - AMTS

🚨 FAMILY EMERGENCY ALERT 🚨

An accident involving your family member has occurred.

📍 Location: Live GPS Location - Bus 401 Route (https://www.google.com/maps?q=23.0225,72.5714)
🚌 Bus Number: 401
🛣️ Route: Vasna Terminus ↔ Chandkheda (Sarathi Bunglows)
⏰ Time: 07/01/2026 at 10:13 PM

Please contact emergency services or the AMTS control room immediately:
- Emergency Services: 108
- AMTS Control Room: +91-79-2658-0000
- Police: 100
- Fire: 101

Location on Google Maps: https://www.google.com/maps?q=23.0225,72.5714

AMTS Emergency Response Team is on-site providing assistance.

Immediate Action Required,
AMTS Emergency Response Team
-------------------------------------------------------------------------------
Content-Type: text/plain; charset="utf-8"
MIME-Version: 1.0
Content-Transfer-Encoding: 8bit
Subject: 
 =?utf-8?q?=F0=9F=9A=A8_FAMILY_EMERGENCY=3A_Possible_Bus_Accident_-_Bus_401?=
From: AMTS Emergency <noreply.amts.emergency@gmail.com>
To: testuser29@example.com
Date: Wed, 07 Jan 2026 16:43:55 -0000
Message-ID: <176780423563.12920.9837562048042269986@LAPTOP-7FNM8Q6O>

EMERGENCY NOTIFICATION - AMTS

🚨 FAMILY EMERGENCY ALERT 🚨

An accident involving your family member has occurred.

📍 Location: Live GPS Location - Bus 401 Route (https://www.google.com/maps?q=23.0225,72.5714)
🚌 Bus Number: 401
🛣️ Route: Vasna Terminus ↔ Chandkheda (Sarathi Bunglows)
⏰ Time: 07/01/2026 at 10:13 PM

Please contact emergency services or the AMTS control room immediately:
- Emergency Services: 108
- AMTS Control Room: +91-79-2658-0000
- Police: 100
- Fire: 101

Location on Google Maps: https://www.google.com/maps?q=23.0225,72.5714

AMTS Emergency Response Team is on-site providing assistance.

Immediate Action Required,
AMTS Emergency Response Team
-------------------------------------------------------------------------------
Content-Type: text/plain; charset="utf-8"
MIME-Version: 1.0
Content-Transfer-Encoding: 8bit
Subject: 
 =?utf-8?q?=F0=9F=9A=A8_FAMILY_EMERGENCY=3A_Possible_Bus_Accident_-_Bus_401?=
From: AMTS Emergency <noreply.amts.emergency@gmail.com>
To: john.doe@example.com
Date: Wed, 07 Jan 2026 16:43:55 -0000
Message-ID: <176780423564.12920.1055329141118872686@LAPTOP-7FNM8Q6O>

EMERGENCY NOTIFICATION - AMTS

🚨 FAMILY EMERGENCY ALERT 🚨

An accident involving your family member has occurred.

📍 Location: Live GPS Location - Bus 401 Route (https://www.google.com/maps?q=23.0225,72.5714)
🚌 Bus Number: 401
🛣️ Route: Vasna Terminus ↔ Chandkheda (Sarathi Bunglows)
⏰ Time: 07/01/2026 at 10:13 PM

Please contact emergency services or the AMTS control room immediately:
- Emergency Services: 108
- AMTS Control Room: +91-79-2658-0000
- Police: 100
- Fire: 101

Location on Google Maps: https://www.google.com/maps?q=23.0225,72.5714

AMTS Emergency Response Team is on-site providing assistance.

Immediate Action Required,
AMTS Emergency Response Team
-------------------------------------------------------------------------------
Content-Type: text/plain; charset="utf-8"
MIME-Version: 1.0
Content-Transfer-Encoding: 8bit
Subject: 
 =?utf-8?q?=F0=9F=9A=A8_FAMILY_EMERGENCY=3A_Possible_Bus_Accident_-_Bus_401?=
From: AMTS Emergency <noreply.amts.emergency@gmail.com>
To: testuser17@example.com
Date: Wed, 07 Jan 2026 16:43:55 -0000
Message-ID: <176780423564.12920.5943938578630171946@LAPTOP-7FNM8Q6O>

EMERGENCY NOTIFICATION - AMTS

🚨 FAMILY EMERGENCY ALERT 🚨

An accident involving your family member has occurred.

📍 Location: Live GPS Location - Bus 401 Route (https://www.google.com/maps?q=23.0225,72.5714)
🚌 Bus Number: 401
🛣️ Route: Vasna Terminus ↔ Chandkheda (Sarathi Bunglows)
⏰ Time: 07/01/2026 at 10:13 PM

Please contact emergency services or the AMTS control room immediately:
- Emergency Services: 108
- AMTS Control Room: +91-79-2658-0000
- Police: 100
- Fire: 101

Location on Google Maps: https://www.google.com/maps?q=23.0225,72.5714

AMTS Emergency Response Team is on-site providing assistance.

Immediate Action Required,
AMTS Emergency Response Team
-------------------------------------------------------------------------------
Content-Type: text/plain; charset="utf-8"
MIME-Version: 1.0
Content-Transfer-Encoding: 8bit
Subject: 
 =?utf-8?q?=F0=9F=9A=A8_FAMILY_EMERGENCY=3A_Possible_Bus_Accident_-_Bus_401?=
From: AMTS Emergency <noreply.amts.emergency@gmail.com>
To: testuser5@example.com
Date: Wed, 07 Jan 2026 16:43:55 -0000
Message-ID: <176780423565.12920.5117595705619964883@LAPTOP-7FNM8Q6O>

EMERGENCY NOTIFICATION - AMTS

🚨 FAMILY EMERGENCY ALERT 🚨

An accident involving your family member has occurred.

📍 Location: Live GPS Location - Bus 401 Route (https://www.google.com/maps?q=23.0225,72.5714)
🚌 Bus Number: 401
🛣️ Route: Vasna Terminus ↔ Chandkheda (Sarathi Bunglows)
⏰ Time: 07/01/2026 at 10:13 PM

Please contact emergency services or the AMTS control room immediately:
- Emergency Services: 108
- AMTS Control Room: +91-79-2658-0000
- Police: 100
- Fire: 101

Location on Google Maps: https://www.google.com/maps?q=23.0225,72.5714

AMTS Emergency Response Team is on-site providing assistance.

Immediate Action Required,
AMTS Emergency Response Team
-------------------------------------------------------------------------------
Content-Type: text/plain; charset="utf-8"
MIME-Version: 1.0
Content-Transfer-Encoding: 8bit
Subject: 
 =?utf-8?q?=F0=9F=9A=A8_FAMILY_EMERGENCY=3A_Possible_Bus_Accident_-_Bus_401?=
From: AMTS Emergency <noreply.amts.emergency@gmail.com>
To: testuser21@example.com
Date: Wed, 07 Jan 2026 16:43:55 -0000
Message-ID: <176780423565.12920.13710330320481562862@LAPTOP-7FNM8Q6O>

EMERGENCY NOTIFICATION - AMTS

🚨 FAMILY EMERGENCY ALERT 🚨

An accident involving your family member has occurred.

📍 Location: Live GPS Location - Bus 401 Route (https://www.google.com/maps?q=23.0225,72.5714)
🚌 Bus Number: 401
🛣️ Route: Vasna Terminus ↔ Chandkheda (Sarathi Bunglows)
⏰ Time: 07/01/2026 at 10:13 PM

Please contact emergency services or the AMTS control room immediately:
- Emergency Services: 108
- AMTS Control Room: +91-79-2658-0000
- Police: 100
- Fire: 101

Location on Google Maps: https://www.google.com/maps?q=23.0225,72.5714

AMTS Emergency Response Team is on-site providing assistance.

Immediate Action Required,
AMTS Emergency Response Team
-------------------------------------------------------------------------------
Content-Type: text/plain; charset="utf-8"
MIME-Version: 1.0
Content-Transfer-Encoding: 8bit
Subject: 
 =?utf-8?q?=F0=9F=9A=A8_FAMILY_EMERGENCY=3A_Possible_Bus_Accident_-_Bus_401?=
From: AMTS Emergency <noreply.amts.emergency@gmail.com>
To: testuser22@example.com
Date: Wed, 07 Jan 2026 16:43:55 -0000
Message-ID: <176780423565.12920.14180369949329071605@LAPTOP-7FNM8Q6O>

EMERGENCY NOTIFICATION - AMTS

🚨 FAMILY EMERGENCY ALERT 🚨

An accident involving your family member has occurred.

📍 Location: Live GPS Location - Bus 401 Route (https://www.google.com/maps?q=23.0225,72.5714)
🚌 Bus Number: 401
🛣️ Route: Vasna Terminus ↔ Chandkheda (Sarathi Bunglows)
⏰ Time: 07/01/2026 at 10:13 PM

Please contact emergency services or the AMTS control room immediately:
- Emergency Services: 108
- AMTS Control Room: +91-79-2658-0000
- Police: 100
- Fire: 101

Location on Google Maps: https://www.google.com/maps?q=23.0225,72.5714

AMTS Emergency Response Team is on-site providing assistance.

Immediate Action Required,
AMTS Emergency Response Team
-------------------------------------------------------------------------------
Content-Type: text/plain; charset="utf-8"
MIME-Version: 1.0
Content-Transfer-Encoding: 8bit
Subject: 
 =?utf-8?q?=F0=9F=9A=A8_FAMILY_EMERGENCY=3A_Possible_Bus_Accident_-_Bus_401?=
From: AMTS Emergency <noreply.amts.emergency@gmail.com>
To: testuser24@example.com
Date: Wed, 07 Jan 2026 16:43:55 -0000
Message-ID: <176780423566.12920.8021763277480248737@LAPTOP-7FNM8Q6O>

EMERGENCY NOTIFICATION - AMTS

🚨 FAMILY EMERGENCY ALERT 🚨

An accident involving your family member has occurred.

📍 Location: Live GPS Location - Bus 401 Route (https://www.google.com/maps?q=23.0225,72.5714)
🚌 Bus Number: 401
🛣️ Route: Vasna Terminus ↔ Chandkheda (Sarathi Bunglows)
⏰ Time: 07/01/2026 at 10:13 PM

Please contact emergency services or the AMTS control room immediately:
- Emergency Services: 108
- AMTS Control Room: +91-79-2658-0000
- Police: 100
- Fire: 101

Location on Google Maps: https://www.google.com/maps?q=23.0225,72.5714

AMTS Emergency Response Team is on-site providing assistance.

Immediate Action Required,
AMTS Emergency Response Team
-------------------------------------------------------------------------------
Content-Type: text/plain; charset="utf-8"
MIME-Version: 1.0
Content-Transfer-Encoding: 8bit
Subject: 
 =?utf-8?q?=F0=9F=9A=A8_FAMILY_EMERGENCY=3A_Possible_Bus_Accident_-_Bus_401?=
From: AMTS Emergency <noreply.amts.emergency@gmail.com>
To: manthan07@gmail.com
Date: Wed, 07 Jan 2026 16:43:55 -0000
Message-ID: <176780423566.12920.9913196109897046299@LAPTOP-7FNM8Q6O>

EMERGENCY NOTIFICATION - AMTS

🚨 FAMILY EMERGENCY ALERT 🚨

An accident involving your family member has occurred.

📍 Location: Live GPS Location - Bus 401 Route (https://www.google.com/maps?q=23.0225,72.5714)
🚌 Bus Number: 401
🛣️ Route: Vasna Terminus ↔ Chandkheda (Sarathi Bunglows)
⏰ Time: 07/01/2026 at 10:13 PM

Please contact emergency services or the AMTS control room immediately:
- Emergency Services: 108
- AMTS Control Room: +91-79-2658-0000
- Police: 100
- Fire: 101

Location on Google Maps: https://www.google.com/maps?q=23.0225,72.5714

AMTS Emergency Response Team is on-site providing assistance.

Immediate Action Required,
AMTS Emergency Response Team
-------------------------------------------------------------------------------
Content-Type: text/plain; charset="utf-8"
MIME-Version: 1.0
Content-Transfer-Encoding: 8bit
Subject: 
 =?utf-8?q?=F0=9F=9A=A8_FAMILY_EMERGENCY=3A_Possible_Bus_Accident_-_Bus_401?=
From: AMTS Emergency <noreply.amts.emergency@gmail.com>
To: testuser15@example.com
Date: Wed, 07 Jan 2026 16:43:55 -0000
Message-ID: <176780423567.12920.11124149951167752866@LAPTOP-7FNM8Q6O>

EMERGENCY NOTIFICATION - AMTS

🚨 FAMILY EMERGENCY ALERT 🚨

An accident involving your family member has occurred.

📍 Location: Live GPS Location - Bus 401 Route (https://www.google.com/maps?q=23.0225,72.5714)
🚌 Bus Number: 401
🛣️ Route: Vasna Terminus ↔ Chandkheda (Sarathi Bunglows)
⏰ Time: 07/01/2026 at 10:13 PM

Please contact emergency services or the AMTS control room immediately:
- Emergency Services: 108
- AMTS Control Room: +91-79-2658-0000
- Police: 100
- Fire: 101

Location on Google Maps: https://www.google.com/maps?q=23.0225,72.5714

AMTS Emergency Response Team is on-site providing assistance.

Immediate Action Required,
AMTS Emergency Response Team
-------------------------------------------------------------------------------
Content-Type: text/plain; charset="utf-8"
MIME-Version: 1.0
Content-Transfer-Encoding: 8bit
Subject: 
 =?utf-8?q?=F0=9F=9A=A8_FAMILY_EMERGENCY=3A_Possible_Bus_Accident_-_Bus_401?=
From: AMTS Emergency <noreply.amts.emergency@gmail.com>
To: testuser27@example.com
Date: Wed, 07 Jan 2026 16:43:55 -0000
Message-ID: <176780423567.12920.3129354156058539955@LAPTOP-7FNM8Q6O>

EMERGENCY NOTIFICATION - AMTS

🚨 FAMILY EMERGENCY ALERT 🚨

An accident involving your family member has occurred.

📍 Location: Live GPS Location - Bus 401 Route (https://www.google.com/maps?q=23.0225,72.5714)
🚌 Bus Number: 401
🛣️ Route: Vasna Terminus ↔ Chandkheda (Sarathi Bunglows)
⏰ Time: 07/01/2026 at 10:13 PM

Please contact emergency services or the AMTS control room immediately:
- Emergency Services: 108
- AMTS Control Room: +91-79-2658-0000
- Police: 100
- Fire: 101

Location on Google Maps: https://www.google.com/maps?q=23.0225,72.5714

AMTS Emergency Response Team is on-site providing assistance.

Immediate Action Required,
AMTS Emergency Response Team
-------------------------------------------------------------------------------
Content-Type: text/plain; charset="utf-8"
MIME-Version: 1.0
Content-Transfer-Encoding: 8bit
Subject: 
 =?utf-8?q?=F0=9F=9A=A8_BUS_ACCIDENT_REPORT_-_Bus_401_-_Immediate_Response_Re?=
 =?utf-8?q?quired?=
From: AMTS Emergency <noreply.amts.emergency@gmail.com>
To: emergency@amts.gov.in
Date: Wed, 07 Jan 2026 16:43:55 -0000
Message-ID: <176780423568.12920.16819651447187132830@LAPTOP-7FNM8Q6O>

EMERGENCY INCIDENT REPORT - AMTS

🚨 BUS ACCIDENT DETECTED 🚨

INCIDENT DETAILS:
- Bus Number: 401
- Route: Vasna Terminus ↔ Chandkheda (Sarathi Bunglows)
- Location: Live GPS Location - Bus 401 Route (https://www.google.com/maps?q=23.0225,72.5714)
- GPS Coordinates: 23.0225, 72.5714
- Time: 07/01/2026 at 10:13 PM

AFFECTED PASSENGERS: 1 confirmed bookings
EMERGENCY NOTIFICATIONS SENT: 40 family alerts

IMMEDIATE ACTIONS REQUIRED:
1. Dispatch emergency response team
2. Coordinate with local emergency services
3. Set up family assistance center
4. Prepare medical support
5. Notify media relations team

Google Maps Location: https://www.google.com/maps?q=23.0225,72.5714

This is an automated emergency alert from AMTS Safety System.
Please respond immediately.

AMTS Emergency Response System
-------------------------------------------------------------------------------
Content-Type: text/plain; charset="utf-8"
MIME-Version: 1.0
Content-Transfer-Encoding: 8bit
Subject: 
 =?utf-8?q?=F0=9F=9A=A8_BUS_ACCIDENT_REPORT_-_Bus_401_-_Immediate_Response_Re?=
 =?utf-8?q?quired?=
From: AMTS Emergency <noreply.amts.emergency@gmail.com>
To: safety@amts.gov.in
Date: Wed, 07 Jan 2026 16:43:55 -0000
Message-ID: <176780423568.12920.14678443101649728192@LAPTOP-7FNM8Q6O>

EMERGENCY INCIDENT REPORT - AMTS

🚨 BUS ACCIDENT DETECTED 🚨

INCIDENT DETAILS:
- Bus Number: 401
- Route: Vasna Terminus ↔ Chandkheda (Sarathi Bunglows)
- Location: Live GPS Location - Bus 401 Route (https://www.google.com/maps?q=23.0225,72.5714)
- GPS Coordinates: 23.0225, 72.5714
- Time: 07/01/2026 at 10:13 PM

AFFECTED PASSENGERS: 1 confirmed bookings
EMERGENCY NOTIFICATIONS SENT: 40 family alerts

IMMEDIATE ACTIONS REQUIRED:
1. Dispatch emergency response team
2. Coordinate with local emergency services
3. Set up family assistance center
4. Prepare medical support
5. Notify media relations team

Google Maps Location: https://www.google.com/maps?q=23.0225,72.5714

This is an automated emergency alert from AMTS Safety System.
Please respond immediately.

AMTS Emergency Response System
-------------------------------------------------------------------------------
