
EMERGENCY NOTIFICATION LOG
========================
Time: 2026-01-07 21:56:38
Bus Number: 45
GPS Location: 23.0225, 72.5714
Affected Passengers: 0
Family Alerts Sent: 40
Total Emails Sent: 44
Failed Emails: 0
Failed Recipients: None
========================


EMERGENCY NOTIFICATION LOG
========================
Time: 2026-01-07 21:57:38
Bus Number: 45
GPS Location: 23.0358, 72.6044
Affected Passengers: 3
Family Alerts Sent: 40
Total Emails Sent: 47
Failed Emails: 0
Failed Recipients: None
========================


EMERGENCY NOTIFICATION LOG
========================
Time: 2026-01-07 22:00:16
Bus Number: 45
GPS Location: 23.0225, 72.5714
Affected Passengers: 4
Family Alerts Sent: 40
Total Emails Sent: 49
Failed Emails: 0
Failed Recipients: None
========================


EMERGENCY NOTIFICATION LOG
========================
Time: 2026-01-07 22:02:41
Bus Number: 101
GPS Location: 23.005, 72.15
Affected Passengers: 0
Family Alerts Sent: 40
Total Emails Sent: 45
Failed Emails: 0
Failed Recipients: None
========================


EMERGENCY NOTIFICATION LOG
========================
Time: 2026-01-07 22:03:20
Bus Number: 45
GPS Location: 23.0225, 72.5714
Affected Passengers: 4
Family Alerts Sent: 40
Total Emails Sent: 49
Failed Emails: 0
Failed Recipients: None
========================


EMERGENCY NOTIFICATION LOG
========================
Time: 2026-01-07 22:06:25
Bus Number: 45
GPS Location: 23.0225, 72.5714
Affected Passengers: 4
Family Alerts Sent: 40
Total Emails Sent: 49
Failed Emails: 0
Failed Recipients: None
========================


EMERGENCY NOTIFICATION LOG
========================
Time: 2026-01-07 22:08:08
Bus Number: 401
GPS Location: 23.0225, 72.5714
Affected Passengers: 1
Family Alerts Sent: 40
Total Emails Sent: 46
Failed Emails: 0
Failed Recipients: None
========================


EMERGENCY NOTIFICATION LOG
========================
Time: 2026-01-07 22:08:43
Bus Number: 401
GPS Location: 23.0225, 72.5714
Affected Passengers: 1
Family Alerts Sent: 40
Total Emails Sent: 46
Failed Emails: 0
Failed Recipients: None
========================


EMERGENCY NOTIFICATION LOG
========================
Time: 2026-01-07 22:10:41
Bus Number: 45
GPS Location: 23.0225, 72.5714
Affected Passengers: 4
Family Alerts Sent: 40
Total Emails Sent: 49
Failed Emails: 0
Failed Recipients: None
========================


EMERGENCY NOTIFICATION LOG
========================
Time: 2026-01-07 22:13:55
Bus Number: 401
GPS Location: 23.0225, 72.5714
Affected Passengers: 1
Family Alerts Sent: 40
Total Emails Sent: 46
Failed Emails: 0
Failed Recipients: None
========================


EMERGENCY NOTIFICATION LOG
========================
Time: 2026-01-07 22:18:18
Bus Number: 401
GPS Location: 23.0225, 72.5714
Affected Passengers: 1
Family Alerts Sent: 40
Total Emails Sent: 46
Failed Emails: 0
Failed Recipients: None
========================

